running egg_info
creating ../../build/ur_control/ur_control.egg-info
writing ../../build/ur_control/ur_control.egg-info/PKG-INFO
writing dependency_links to ../../build/ur_control/ur_control.egg-info/dependency_links.txt
writing entry points to ../../build/ur_control/ur_control.egg-info/entry_points.txt
writing requirements to ../../build/ur_control/ur_control.egg-info/requires.txt
writing top-level names to ../../build/ur_control/ur_control.egg-info/top_level.txt
writing manifest file '../../build/ur_control/ur_control.egg-info/SOURCES.txt'
reading manifest file '../../build/ur_control/ur_control.egg-info/SOURCES.txt'
writing manifest file '../../build/ur_control/ur_control.egg-info/SOURCES.txt'
running build
running build_py
creating /home/projet-echo/Projet_indus/build/ur_control/build
creating /home/projet-echo/Projet_indus/build/ur_control/build/lib
creating /home/projet-echo/Projet_indus/build/ur_control/build/lib/ur_control
copying ur_control/ur3e.py -> /home/projet-echo/Projet_indus/build/ur_control/build/lib/ur_control
copying ur_control/__init__.py -> /home/projet-echo/Projet_indus/build/ur_control/build/lib/ur_control
running install
running install_lib
creating /home/projet-echo/Projet_indus/install/ur_control/lib/python3.10/site-packages/ur_control
copying /home/projet-echo/Projet_indus/build/ur_control/build/lib/ur_control/ur3e.py -> /home/projet-echo/Projet_indus/install/ur_control/lib/python3.10/site-packages/ur_control
copying /home/projet-echo/Projet_indus/build/ur_control/build/lib/ur_control/__init__.py -> /home/projet-echo/Projet_indus/install/ur_control/lib/python3.10/site-packages/ur_control
byte-compiling /home/projet-echo/Projet_indus/install/ur_control/lib/python3.10/site-packages/ur_control/ur3e.py to ur3e.cpython-310.pyc
byte-compiling /home/projet-echo/Projet_indus/install/ur_control/lib/python3.10/site-packages/ur_control/__init__.py to __init__.cpython-310.pyc
running install_data
creating /home/projet-echo/Projet_indus/install/ur_control/share/ament_index
creating /home/projet-echo/Projet_indus/install/ur_control/share/ament_index/resource_index
creating /home/projet-echo/Projet_indus/install/ur_control/share/ament_index/resource_index/packages
copying resource/ur_control -> /home/projet-echo/Projet_indus/install/ur_control/share/ament_index/resource_index/packages
copying package.xml -> /home/projet-echo/Projet_indus/install/ur_control/share/ur_control
running install_egg_info
Copying ../../build/ur_control/ur_control.egg-info to /home/projet-echo/Projet_indus/install/ur_control/lib/python3.10/site-packages/ur_control-0.0.0-py3.10.egg-info
running install_scripts
Installing ur3e script to /home/projet-echo/Projet_indus/install/ur_control/lib/ur_control
writing list of installed files to '/home/projet-echo/Projet_indus/build/ur_control/install.log'
