[0.009s] Invoking command in '/home/projet-echo/Projet_indus/build/ur_to_touch_haptic_teleoperation': AMENT_PREFIX_PATH=/home/projet-echo/Projet_indus/install/omni_common:${AMENT_PREFIX_PATH} CMAKE_PREFIX_PATH=/home/projet-echo/Projet_indus/install/omni_common:/opt/ros/humble:/home/projet-echo/Projet_indus/install/omni_msgs:${CMAKE_PREFIX_PATH} LD_LIBRARY_PATH=/home/projet-echo/Projet_indus/install/omni_msgs/lib:${LD_LIBRARY_PATH} PKG_CONFIG_PATH=/home/projet-echo/Projet_indus/install/omni_msgs/lib/x86_64-linux-gnu/pkgconfig:/home/projet-echo/Projet_indus/install/omni_msgs/lib/pkgconfig:${PKG_CONFIG_PATH} PYTHONPATH=/home/projet-echo/Projet_indus/install/omni_msgs/local/lib/python3.10/dist-packages:${PYTHONPATH} ROS_PACKAGE_PATH=/home/projet-echo/Projet_indus/install/omni_msgs/share:${ROS_PACKAGE_PATH} /usr/bin/cmake /home/projet-echo/Projet_indus/src/ur_to_touch_haptic_teleoperation -DCMAKE_INSTALL_PREFIX=/home/projet-echo/Projet_indus/install/ur_to_touch_haptic_teleoperation
[0.048s] -- The C compiler identification is GNU 11.4.0
[0.085s] -- The CXX compiler identification is GNU 11.4.0
[0.090s] -- Detecting C compiler ABI info
[0.139s] -- Detecting C compiler ABI info - done
[0.143s] -- Check for working C compiler: /usr/bin/cc - skipped
[0.144s] -- Detecting C compile features
[0.144s] -- Detecting C compile features - done
[0.146s] -- Detecting CXX compiler ABI info
[0.199s] -- Detecting CXX compiler ABI info - done
[0.203s] -- Check for working CXX compiler: /usr/bin/c++ - skipped
[0.203s] -- Detecting CXX compile features
[0.203s] -- Detecting CXX compile features - done
[0.205s] -- Found ament_cmake: 1.3.11 (/opt/ros/humble/share/ament_cmake/cmake)
[0.308s] -- Found Python3: /usr/bin/python3 (found version "3.10.12") found components: Interpreter 
[0.363s] -- Found rclcpp: 16.0.11 (/opt/ros/humble/share/rclcpp/cmake)
[0.388s] -- Found rosidl_generator_c: 3.1.6 (/opt/ros/humble/share/rosidl_generator_c/cmake)
[0.390s] -- Found rosidl_adapter: 3.1.6 (/opt/ros/humble/share/rosidl_adapter/cmake)
[0.395s] -- Found rosidl_generator_cpp: 3.1.6 (/opt/ros/humble/share/rosidl_generator_cpp/cmake)
[0.402s] -- Using all available rosidl_typesupport_c: rosidl_typesupport_fastrtps_c;rosidl_typesupport_introspection_c
[0.412s] -- Using all available rosidl_typesupport_cpp: rosidl_typesupport_fastrtps_cpp;rosidl_typesupport_introspection_cpp
[0.436s] -- Found rmw_implementation_cmake: 6.1.2 (/opt/ros/humble/share/rmw_implementation_cmake/cmake)
[0.437s] -- Found rmw_fastrtps_cpp: 6.2.7 (/opt/ros/humble/share/rmw_fastrtps_cpp/cmake)
[0.501s] -- Found OpenSSL: /usr/lib/x86_64-linux-gnu/libcrypto.so (found version "3.0.2")  
[0.521s] -- Found FastRTPS: /opt/ros/humble/include  
[0.549s] -- Using RMW implementation 'rmw_fastrtps_cpp' as default
[0.554s] -- Looking for pthread.h
[0.606s] -- Looking for pthread.h - found
[0.606s] -- Performing Test CMAKE_HAVE_LIBC_PTHREAD
[0.661s] -- Performing Test CMAKE_HAVE_LIBC_PTHREAD - Success
[0.662s] -- Found Threads: TRUE  
[0.693s] -- Found geometry_msgs: 4.2.4 (/opt/ros/humble/share/geometry_msgs/cmake)
[0.708s] -- Found Boost: /usr/lib/x86_64-linux-gnu/cmake/Boost-1.74.0/BoostConfig.cmake (found version "1.74.0") found components: system 
[0.711s] -- Found omni_msgs: 0.0.0 (/home/projet-echo/Projet_indus/install/omni_msgs/share/omni_msgs/cmake)
[0.774s] -- Configuring done
[0.806s] -- Generating done
[0.810s] -- Build files have been written to: /home/projet-echo/Projet_indus/build/ur_to_touch_haptic_teleoperation
[0.816s] Invoked command in '/home/projet-echo/Projet_indus/build/ur_to_touch_haptic_teleoperation' returned '0': AMENT_PREFIX_PATH=/home/projet-echo/Projet_indus/install/omni_common:${AMENT_PREFIX_PATH} CMAKE_PREFIX_PATH=/home/projet-echo/Projet_indus/install/omni_common:/opt/ros/humble:/home/projet-echo/Projet_indus/install/omni_msgs:${CMAKE_PREFIX_PATH} LD_LIBRARY_PATH=/home/projet-echo/Projet_indus/install/omni_msgs/lib:${LD_LIBRARY_PATH} PKG_CONFIG_PATH=/home/projet-echo/Projet_indus/install/omni_msgs/lib/x86_64-linux-gnu/pkgconfig:/home/projet-echo/Projet_indus/install/omni_msgs/lib/pkgconfig:${PKG_CONFIG_PATH} PYTHONPATH=/home/projet-echo/Projet_indus/install/omni_msgs/local/lib/python3.10/dist-packages:${PYTHONPATH} ROS_PACKAGE_PATH=/home/projet-echo/Projet_indus/install/omni_msgs/share:${ROS_PACKAGE_PATH} /usr/bin/cmake /home/projet-echo/Projet_indus/src/ur_to_touch_haptic_teleoperation -DCMAKE_INSTALL_PREFIX=/home/projet-echo/Projet_indus/install/ur_to_touch_haptic_teleoperation
[0.817s] Invoking command in '/home/projet-echo/Projet_indus/build/ur_to_touch_haptic_teleoperation': AMENT_PREFIX_PATH=/home/projet-echo/Projet_indus/install/omni_common:${AMENT_PREFIX_PATH} CMAKE_PREFIX_PATH=/home/projet-echo/Projet_indus/install/omni_common:/opt/ros/humble:/home/projet-echo/Projet_indus/install/omni_msgs:${CMAKE_PREFIX_PATH} LD_LIBRARY_PATH=/home/projet-echo/Projet_indus/install/omni_msgs/lib:${LD_LIBRARY_PATH} PKG_CONFIG_PATH=/home/projet-echo/Projet_indus/install/omni_msgs/lib/x86_64-linux-gnu/pkgconfig:/home/projet-echo/Projet_indus/install/omni_msgs/lib/pkgconfig:${PKG_CONFIG_PATH} PYTHONPATH=/home/projet-echo/Projet_indus/install/omni_msgs/local/lib/python3.10/dist-packages:${PYTHONPATH} ROS_PACKAGE_PATH=/home/projet-echo/Projet_indus/install/omni_msgs/share:${ROS_PACKAGE_PATH} /usr/bin/cmake --build /home/projet-echo/Projet_indus/build/ur_to_touch_haptic_teleoperation -- -j20 -l20
[0.853s] [ 25%] [32mBuilding CXX object CMakeFiles/ur_to_touch_haptic_teleoperation_teleop_node.dir/src/teleoperate.cpp.o[0m
[0.853s] [ 50%] [32mBuilding CXX object CMakeFiles/ur_to_touch_haptic_teleoperation_haptic_node.dir/src/haptic_feedback.cpp.o[0m
[6.651s] [ 75%] [32m[1mLinking CXX executable ur_to_touch_haptic_teleoperation_haptic_node[0m
[6.682s] [100%] [32m[1mLinking CXX executable ur_to_touch_haptic_teleoperation_teleop_node[0m
[7.225s] [100%] Built target ur_to_touch_haptic_teleoperation_haptic_node
[7.235s] [100%] Built target ur_to_touch_haptic_teleoperation_teleop_node
[7.242s] Invoked command in '/home/projet-echo/Projet_indus/build/ur_to_touch_haptic_teleoperation' returned '0': AMENT_PREFIX_PATH=/home/projet-echo/Projet_indus/install/omni_common:${AMENT_PREFIX_PATH} CMAKE_PREFIX_PATH=/home/projet-echo/Projet_indus/install/omni_common:/opt/ros/humble:/home/projet-echo/Projet_indus/install/omni_msgs:${CMAKE_PREFIX_PATH} LD_LIBRARY_PATH=/home/projet-echo/Projet_indus/install/omni_msgs/lib:${LD_LIBRARY_PATH} PKG_CONFIG_PATH=/home/projet-echo/Projet_indus/install/omni_msgs/lib/x86_64-linux-gnu/pkgconfig:/home/projet-echo/Projet_indus/install/omni_msgs/lib/pkgconfig:${PKG_CONFIG_PATH} PYTHONPATH=/home/projet-echo/Projet_indus/install/omni_msgs/local/lib/python3.10/dist-packages:${PYTHONPATH} ROS_PACKAGE_PATH=/home/projet-echo/Projet_indus/install/omni_msgs/share:${ROS_PACKAGE_PATH} /usr/bin/cmake --build /home/projet-echo/Projet_indus/build/ur_to_touch_haptic_teleoperation -- -j20 -l20
[7.243s] Invoking command in '/home/projet-echo/Projet_indus/build/ur_to_touch_haptic_teleoperation': AMENT_PREFIX_PATH=/home/projet-echo/Projet_indus/install/omni_common:${AMENT_PREFIX_PATH} CMAKE_PREFIX_PATH=/home/projet-echo/Projet_indus/install/omni_common:/opt/ros/humble:/home/projet-echo/Projet_indus/install/omni_msgs:${CMAKE_PREFIX_PATH} LD_LIBRARY_PATH=/home/projet-echo/Projet_indus/install/omni_msgs/lib:${LD_LIBRARY_PATH} PKG_CONFIG_PATH=/home/projet-echo/Projet_indus/install/omni_msgs/lib/x86_64-linux-gnu/pkgconfig:/home/projet-echo/Projet_indus/install/omni_msgs/lib/pkgconfig:${PKG_CONFIG_PATH} PYTHONPATH=/home/projet-echo/Projet_indus/install/omni_msgs/local/lib/python3.10/dist-packages:${PYTHONPATH} ROS_PACKAGE_PATH=/home/projet-echo/Projet_indus/install/omni_msgs/share:${ROS_PACKAGE_PATH} /usr/bin/cmake --install /home/projet-echo/Projet_indus/build/ur_to_touch_haptic_teleoperation
[7.248s] -- Install configuration: ""
[7.248s] -- Installing: /home/projet-echo/Projet_indus/install/ur_to_touch_haptic_teleoperation/lib/ur_to_touch_haptic_teleoperation/ur_to_touch_haptic_teleoperation_teleop_node
[7.250s] -- Set runtime path of "/home/projet-echo/Projet_indus/install/ur_to_touch_haptic_teleoperation/lib/ur_to_touch_haptic_teleoperation/ur_to_touch_haptic_teleoperation_teleop_node" to ""
[7.250s] -- Installing: /home/projet-echo/Projet_indus/install/ur_to_touch_haptic_teleoperation/lib/ur_to_touch_haptic_teleoperation/ur_to_touch_haptic_teleoperation_haptic_node
[7.253s] -- Set runtime path of "/home/projet-echo/Projet_indus/install/ur_to_touch_haptic_teleoperation/lib/ur_to_touch_haptic_teleoperation/ur_to_touch_haptic_teleoperation_haptic_node" to ""
[7.253s] -- Installing: /home/projet-echo/Projet_indus/install/ur_to_touch_haptic_teleoperation/share/ur_to_touch_haptic_teleoperation/launch
[7.253s] -- Installing: /home/projet-echo/Projet_indus/install/ur_to_touch_haptic_teleoperation/share/ur_to_touch_haptic_teleoperation/launch/servo_simple_launch.py
[7.253s] -- Installing: /home/projet-echo/Projet_indus/install/ur_to_touch_haptic_teleoperation/share/ur_to_touch_haptic_teleoperation/launch/ur_norobot_test.py
[7.253s] -- Installing: /home/projet-echo/Projet_indus/install/ur_to_touch_haptic_teleoperation/share/ur_to_touch_haptic_teleoperation/launch/script_joint.launch.py
[7.253s] -- Installing: /home/projet-echo/Projet_indus/install/ur_to_touch_haptic_teleoperation/share/ur_to_touch_haptic_teleoperation/launch/ur_to_touch_haptic_teleoperation_launch.py
[7.253s] -- Installing: /home/projet-echo/Projet_indus/install/ur_to_touch_haptic_teleoperation/share/ur_to_touch_haptic_teleoperation/config
[7.253s] -- Installing: /home/projet-echo/Projet_indus/install/ur_to_touch_haptic_teleoperation/share/ur_to_touch_haptic_teleoperation/config/my_robot_calibration.yaml
[7.253s] -- Installing: /home/projet-echo/Projet_indus/install/ur_to_touch_haptic_teleoperation/share/ur_to_touch_haptic_teleoperation/config/servo_config.yaml
[7.253s] -- Installing: /home/projet-echo/Projet_indus/install/ur_to_touch_haptic_teleoperation/share/ur_to_touch_haptic_teleoperation/config/teleop_config.yaml
[7.253s] -- Installing: /home/projet-echo/Projet_indus/install/ur_to_touch_haptic_teleoperation/share/ament_index/resource_index/package_run_dependencies/ur_to_touch_haptic_teleoperation
[7.253s] -- Installing: /home/projet-echo/Projet_indus/install/ur_to_touch_haptic_teleoperation/share/ament_index/resource_index/parent_prefix_path/ur_to_touch_haptic_teleoperation
[7.253s] -- Installing: /home/projet-echo/Projet_indus/install/ur_to_touch_haptic_teleoperation/share/ur_to_touch_haptic_teleoperation/environment/ament_prefix_path.sh
[7.253s] -- Installing: /home/projet-echo/Projet_indus/install/ur_to_touch_haptic_teleoperation/share/ur_to_touch_haptic_teleoperation/environment/ament_prefix_path.dsv
[7.253s] -- Installing: /home/projet-echo/Projet_indus/install/ur_to_touch_haptic_teleoperation/share/ur_to_touch_haptic_teleoperation/environment/path.sh
[7.253s] -- Installing: /home/projet-echo/Projet_indus/install/ur_to_touch_haptic_teleoperation/share/ur_to_touch_haptic_teleoperation/environment/path.dsv
[7.253s] -- Installing: /home/projet-echo/Projet_indus/install/ur_to_touch_haptic_teleoperation/share/ur_to_touch_haptic_teleoperation/local_setup.bash
[7.253s] -- Installing: /home/projet-echo/Projet_indus/install/ur_to_touch_haptic_teleoperation/share/ur_to_touch_haptic_teleoperation/local_setup.sh
[7.253s] -- Installing: /home/projet-echo/Projet_indus/install/ur_to_touch_haptic_teleoperation/share/ur_to_touch_haptic_teleoperation/local_setup.zsh
[7.253s] -- Installing: /home/projet-echo/Projet_indus/install/ur_to_touch_haptic_teleoperation/share/ur_to_touch_haptic_teleoperation/local_setup.dsv
[7.253s] -- Installing: /home/projet-echo/Projet_indus/install/ur_to_touch_haptic_teleoperation/share/ur_to_touch_haptic_teleoperation/package.dsv
[7.253s] -- Installing: /home/projet-echo/Projet_indus/install/ur_to_touch_haptic_teleoperation/share/ament_index/resource_index/packages/ur_to_touch_haptic_teleoperation
[7.253s] -- Installing: /home/projet-echo/Projet_indus/install/ur_to_touch_haptic_teleoperation/share/ur_to_touch_haptic_teleoperation/cmake/ur_to_touch_haptic_teleoperationConfig.cmake
[7.253s] -- Installing: /home/projet-echo/Projet_indus/install/ur_to_touch_haptic_teleoperation/share/ur_to_touch_haptic_teleoperation/cmake/ur_to_touch_haptic_teleoperationConfig-version.cmake
[7.253s] -- Installing: /home/projet-echo/Projet_indus/install/ur_to_touch_haptic_teleoperation/share/ur_to_touch_haptic_teleoperation/package.xml
[7.255s] Invoked command in '/home/projet-echo/Projet_indus/build/ur_to_touch_haptic_teleoperation' returned '0': AMENT_PREFIX_PATH=/home/projet-echo/Projet_indus/install/omni_common:${AMENT_PREFIX_PATH} CMAKE_PREFIX_PATH=/home/projet-echo/Projet_indus/install/omni_common:/opt/ros/humble:/home/projet-echo/Projet_indus/install/omni_msgs:${CMAKE_PREFIX_PATH} LD_LIBRARY_PATH=/home/projet-echo/Projet_indus/install/omni_msgs/lib:${LD_LIBRARY_PATH} PKG_CONFIG_PATH=/home/projet-echo/Projet_indus/install/omni_msgs/lib/x86_64-linux-gnu/pkgconfig:/home/projet-echo/Projet_indus/install/omni_msgs/lib/pkgconfig:${PKG_CONFIG_PATH} PYTHONPATH=/home/projet-echo/Projet_indus/install/omni_msgs/local/lib/python3.10/dist-packages:${PYTHONPATH} ROS_PACKAGE_PATH=/home/projet-echo/Projet_indus/install/omni_msgs/share:${ROS_PACKAGE_PATH} /usr/bin/cmake --install /home/projet-echo/Projet_indus/build/ur_to_touch_haptic_teleoperation
