[0.013s] Invoking command in '/home/projet-echo/Projet_indus/build/omni_msgs': /usr/bin/cmake --build /home/projet-echo/Projet_indus/build/omni_msgs -- -j20 -l20
[0.098s] [  2%] Built target omni_msgs__cpp
[0.105s] [ 12%] Built target omni_msgs__rosidl_generator_c
[0.123s] [ 12%] Built target ament_cmake_python_copy_omni_msgs
[0.150s] [ 23%] Built target omni_msgs__rosidl_typesupport_c
[0.155s] [ 34%] Built target omni_msgs__rosidl_typesupport_fastrtps_cpp
[0.156s] [ 53%] Built target omni_msgs__rosidl_typesupport_introspection_c
[0.158s] [ 55%] Built target omni_msgs__rosidl_typesupport_introspection_cpp
[0.159s] [ 65%] Built target omni_msgs__rosidl_typesupport_cpp
[0.165s] [ 76%] Built target omni_msgs__rosidl_typesupport_fastrtps_c
[0.201s] [ 76%] Built target omni_msgs
[0.245s] [ 78%] Built target omni_msgs__py
[0.290s] [ 87%] Built target omni_msgs__rosidl_generator_py
[0.312s] [ 91%] Built target omni_msgs__rosidl_typesupport_fastrtps_c__pyext
[0.315s] [100%] Built target omni_msgs__rosidl_typesupport_introspection_c__pyext
[0.315s] [100%] Built target omni_msgs__rosidl_typesupport_c__pyext
[0.376s] running egg_info
[0.376s] writing omni_msgs.egg-info/PKG-INFO
[0.377s] writing dependency_links to omni_msgs.egg-info/dependency_links.txt
[0.377s] writing top-level names to omni_msgs.egg-info/top_level.txt
[0.379s] reading manifest file 'omni_msgs.egg-info/SOURCES.txt'
[0.379s] writing manifest file 'omni_msgs.egg-info/SOURCES.txt'
[0.399s] [100%] Built target ament_cmake_python_build_omni_msgs_egg
[0.410s] Invoked command in '/home/projet-echo/Projet_indus/build/omni_msgs' returned '0': /usr/bin/cmake --build /home/projet-echo/Projet_indus/build/omni_msgs -- -j20 -l20
[0.412s] Invoking command in '/home/projet-echo/Projet_indus/build/omni_msgs': /usr/bin/cmake --install /home/projet-echo/Projet_indus/build/omni_msgs
[0.421s] -- Install configuration: ""
[0.421s] -- Up-to-date: /home/projet-echo/Projet_indus/install/omni_msgs/share/ament_index/resource_index/rosidl_interfaces/omni_msgs
[0.421s] -- Up-to-date: /home/projet-echo/Projet_indus/install/omni_msgs/include/omni_msgs/omni_msgs
[0.422s] -- Up-to-date: /home/projet-echo/Projet_indus/install/omni_msgs/include/omni_msgs/omni_msgs/msg
[0.422s] -- Up-to-date: /home/projet-echo/Projet_indus/install/omni_msgs/include/omni_msgs/omni_msgs/msg/detail
[0.422s] -- Up-to-date: /home/projet-echo/Projet_indus/install/omni_msgs/include/omni_msgs/omni_msgs/msg/detail/omni_button_event__functions.c
[0.422s] -- Up-to-date: /home/projet-echo/Projet_indus/install/omni_msgs/include/omni_msgs/omni_msgs/msg/detail/omni_state__functions.c
[0.422s] -- Up-to-date: /home/projet-echo/Projet_indus/install/omni_msgs/include/omni_msgs/omni_msgs/msg/detail/omni_button_event__type_support.h
[0.422s] -- Up-to-date: /home/projet-echo/Projet_indus/install/omni_msgs/include/omni_msgs/omni_msgs/msg/detail/omni_state__struct.h
[0.422s] -- Up-to-date: /home/projet-echo/Projet_indus/install/omni_msgs/include/omni_msgs/omni_msgs/msg/detail/omni_state__type_support.h
[0.422s] -- Up-to-date: /home/projet-echo/Projet_indus/install/omni_msgs/include/omni_msgs/omni_msgs/msg/detail/omni_feedback__functions.h
[0.422s] -- Up-to-date: /home/projet-echo/Projet_indus/install/omni_msgs/include/omni_msgs/omni_msgs/msg/detail/omni_feedback__type_support.h
[0.422s] -- Up-to-date: /home/projet-echo/Projet_indus/install/omni_msgs/include/omni_msgs/omni_msgs/msg/detail/omni_state__functions.h
[0.422s] -- Up-to-date: /home/projet-echo/Projet_indus/install/omni_msgs/include/omni_msgs/omni_msgs/msg/detail/omni_button_event__functions.h
[0.423s] -- Up-to-date: /home/projet-echo/Projet_indus/install/omni_msgs/include/omni_msgs/omni_msgs/msg/detail/omni_feedback__functions.c
[0.423s] -- Up-to-date: /home/projet-echo/Projet_indus/install/omni_msgs/include/omni_msgs/omni_msgs/msg/detail/omni_feedback__struct.h
[0.423s] -- Up-to-date: /home/projet-echo/Projet_indus/install/omni_msgs/include/omni_msgs/omni_msgs/msg/detail/omni_button_event__struct.h
[0.423s] -- Up-to-date: /home/projet-echo/Projet_indus/install/omni_msgs/include/omni_msgs/omni_msgs/msg/omni_state.h
[0.423s] -- Up-to-date: /home/projet-echo/Projet_indus/install/omni_msgs/include/omni_msgs/omni_msgs/msg/rosidl_generator_c__visibility_control.h
[0.423s] -- Up-to-date: /home/projet-echo/Projet_indus/install/omni_msgs/include/omni_msgs/omni_msgs/msg/omni_feedback.h
[0.423s] -- Up-to-date: /home/projet-echo/Projet_indus/install/omni_msgs/include/omni_msgs/omni_msgs/msg/omni_button_event.h
[0.423s] -- Up-to-date: /home/projet-echo/Projet_indus/install/omni_msgs/share/omni_msgs/environment/library_path.sh
[0.423s] -- Up-to-date: /home/projet-echo/Projet_indus/install/omni_msgs/share/omni_msgs/environment/library_path.dsv
[0.423s] -- Up-to-date: /home/projet-echo/Projet_indus/install/omni_msgs/lib/libomni_msgs__rosidl_generator_c.so
[0.423s] -- Up-to-date: /home/projet-echo/Projet_indus/install/omni_msgs/include/omni_msgs/omni_msgs
[0.423s] -- Up-to-date: /home/projet-echo/Projet_indus/install/omni_msgs/include/omni_msgs/omni_msgs/msg
[0.423s] -- Up-to-date: /home/projet-echo/Projet_indus/install/omni_msgs/include/omni_msgs/omni_msgs/msg/rosidl_typesupport_fastrtps_c__visibility_control.h
[0.424s] -- Up-to-date: /home/projet-echo/Projet_indus/install/omni_msgs/include/omni_msgs/omni_msgs/msg/detail
[0.424s] -- Up-to-date: /home/projet-echo/Projet_indus/install/omni_msgs/include/omni_msgs/omni_msgs/msg/detail/omni_button_event__rosidl_typesupport_fastrtps_c.h
[0.424s] -- Up-to-date: /home/projet-echo/Projet_indus/install/omni_msgs/include/omni_msgs/omni_msgs/msg/detail/omni_state__rosidl_typesupport_fastrtps_c.h
[0.424s] -- Up-to-date: /home/projet-echo/Projet_indus/install/omni_msgs/include/omni_msgs/omni_msgs/msg/detail/omni_feedback__rosidl_typesupport_fastrtps_c.h
[0.424s] -- Up-to-date: /home/projet-echo/Projet_indus/install/omni_msgs/lib/libomni_msgs__rosidl_typesupport_fastrtps_c.so
[0.424s] -- Up-to-date: /home/projet-echo/Projet_indus/install/omni_msgs/include/omni_msgs/omni_msgs
[0.424s] -- Up-to-date: /home/projet-echo/Projet_indus/install/omni_msgs/include/omni_msgs/omni_msgs/msg
[0.424s] -- Up-to-date: /home/projet-echo/Projet_indus/install/omni_msgs/include/omni_msgs/omni_msgs/msg/detail
[0.424s] -- Up-to-date: /home/projet-echo/Projet_indus/install/omni_msgs/include/omni_msgs/omni_msgs/msg/detail/omni_state__rosidl_typesupport_introspection_c.h
[0.424s] -- Up-to-date: /home/projet-echo/Projet_indus/install/omni_msgs/include/omni_msgs/omni_msgs/msg/detail/omni_state__type_support.c
[0.424s] -- Up-to-date: /home/projet-echo/Projet_indus/install/omni_msgs/include/omni_msgs/omni_msgs/msg/detail/omni_feedback__type_support.c
[0.424s] -- Up-to-date: /home/projet-echo/Projet_indus/install/omni_msgs/include/omni_msgs/omni_msgs/msg/detail/omni_button_event__rosidl_typesupport_introspection_c.h
[0.425s] -- Up-to-date: /home/projet-echo/Projet_indus/install/omni_msgs/include/omni_msgs/omni_msgs/msg/detail/omni_feedback__rosidl_typesupport_introspection_c.h
[0.425s] -- Up-to-date: /home/projet-echo/Projet_indus/install/omni_msgs/include/omni_msgs/omni_msgs/msg/detail/omni_button_event__type_support.c
[0.425s] -- Up-to-date: /home/projet-echo/Projet_indus/install/omni_msgs/include/omni_msgs/omni_msgs/msg/rosidl_typesupport_introspection_c__visibility_control.h
[0.425s] -- Up-to-date: /home/projet-echo/Projet_indus/install/omni_msgs/lib/libomni_msgs__rosidl_typesupport_introspection_c.so
[0.425s] -- Up-to-date: /home/projet-echo/Projet_indus/install/omni_msgs/lib/libomni_msgs__rosidl_typesupport_c.so
[0.425s] -- Up-to-date: /home/projet-echo/Projet_indus/install/omni_msgs/include/omni_msgs/omni_msgs
[0.425s] -- Up-to-date: /home/projet-echo/Projet_indus/install/omni_msgs/include/omni_msgs/omni_msgs/msg
[0.425s] -- Up-to-date: /home/projet-echo/Projet_indus/install/omni_msgs/include/omni_msgs/omni_msgs/msg/detail
[0.425s] -- Up-to-date: /home/projet-echo/Projet_indus/install/omni_msgs/include/omni_msgs/omni_msgs/msg/detail/omni_state__struct.hpp
[0.425s] -- Up-to-date: /home/projet-echo/Projet_indus/install/omni_msgs/include/omni_msgs/omni_msgs/msg/detail/omni_button_event__builder.hpp
[0.425s] -- Up-to-date: /home/projet-echo/Projet_indus/install/omni_msgs/include/omni_msgs/omni_msgs/msg/detail/omni_feedback__type_support.hpp
[0.425s] -- Up-to-date: /home/projet-echo/Projet_indus/install/omni_msgs/include/omni_msgs/omni_msgs/msg/detail/omni_button_event__type_support.hpp
[0.425s] -- Up-to-date: /home/projet-echo/Projet_indus/install/omni_msgs/include/omni_msgs/omni_msgs/msg/detail/omni_state__builder.hpp
[0.425s] -- Up-to-date: /home/projet-echo/Projet_indus/install/omni_msgs/include/omni_msgs/omni_msgs/msg/detail/omni_feedback__struct.hpp
[0.425s] -- Up-to-date: /home/projet-echo/Projet_indus/install/omni_msgs/include/omni_msgs/omni_msgs/msg/detail/omni_button_event__struct.hpp
[0.427s] -- Up-to-date: /home/projet-echo/Projet_indus/install/omni_msgs/include/omni_msgs/omni_msgs/msg/detail/omni_button_event__traits.hpp
[0.427s] -- Up-to-date: /home/projet-echo/Projet_indus/install/omni_msgs/include/omni_msgs/omni_msgs/msg/detail/omni_feedback__builder.hpp
[0.427s] -- Up-to-date: /home/projet-echo/Projet_indus/install/omni_msgs/include/omni_msgs/omni_msgs/msg/detail/omni_state__type_support.hpp
[0.427s] -- Up-to-date: /home/projet-echo/Projet_indus/install/omni_msgs/include/omni_msgs/omni_msgs/msg/detail/omni_feedback__traits.hpp
[0.427s] -- Up-to-date: /home/projet-echo/Projet_indus/install/omni_msgs/include/omni_msgs/omni_msgs/msg/detail/omni_state__traits.hpp
[0.427s] -- Up-to-date: /home/projet-echo/Projet_indus/install/omni_msgs/include/omni_msgs/omni_msgs/msg/omni_state.hpp
[0.427s] -- Up-to-date: /home/projet-echo/Projet_indus/install/omni_msgs/include/omni_msgs/omni_msgs/msg/rosidl_generator_cpp__visibility_control.hpp
[0.427s] -- Up-to-date: /home/projet-echo/Projet_indus/install/omni_msgs/include/omni_msgs/omni_msgs/msg/omni_feedback.hpp
[0.427s] -- Up-to-date: /home/projet-echo/Projet_indus/install/omni_msgs/include/omni_msgs/omni_msgs/msg/omni_button_event.hpp
[0.427s] -- Up-to-date: /home/projet-echo/Projet_indus/install/omni_msgs/include/omni_msgs/omni_msgs
[0.427s] -- Up-to-date: /home/projet-echo/Projet_indus/install/omni_msgs/include/omni_msgs/omni_msgs/msg
[0.427s] -- Up-to-date: /home/projet-echo/Projet_indus/install/omni_msgs/include/omni_msgs/omni_msgs/msg/detail
[0.428s] -- Up-to-date: /home/projet-echo/Projet_indus/install/omni_msgs/include/omni_msgs/omni_msgs/msg/detail/omni_state__rosidl_typesupport_fastrtps_cpp.hpp
[0.428s] -- Up-to-date: /home/projet-echo/Projet_indus/install/omni_msgs/include/omni_msgs/omni_msgs/msg/detail/omni_feedback__rosidl_typesupport_fastrtps_cpp.hpp
[0.428s] -- Up-to-date: /home/projet-echo/Projet_indus/install/omni_msgs/include/omni_msgs/omni_msgs/msg/detail/omni_button_event__rosidl_typesupport_fastrtps_cpp.hpp
[0.428s] -- Up-to-date: /home/projet-echo/Projet_indus/install/omni_msgs/include/omni_msgs/omni_msgs/msg/detail/dds_fastrtps
[0.428s] -- Up-to-date: /home/projet-echo/Projet_indus/install/omni_msgs/include/omni_msgs/omni_msgs/msg/rosidl_typesupport_fastrtps_cpp__visibility_control.h
[0.428s] -- Up-to-date: /home/projet-echo/Projet_indus/install/omni_msgs/lib/libomni_msgs__rosidl_typesupport_fastrtps_cpp.so
[0.428s] -- Up-to-date: /home/projet-echo/Projet_indus/install/omni_msgs/include/omni_msgs/omni_msgs
[0.428s] -- Up-to-date: /home/projet-echo/Projet_indus/install/omni_msgs/include/omni_msgs/omni_msgs/msg
[0.428s] -- Up-to-date: /home/projet-echo/Projet_indus/install/omni_msgs/include/omni_msgs/omni_msgs/msg/detail
[0.428s] -- Up-to-date: /home/projet-echo/Projet_indus/install/omni_msgs/include/omni_msgs/omni_msgs/msg/detail/omni_button_event__type_support.cpp
[0.428s] -- Up-to-date: /home/projet-echo/Projet_indus/install/omni_msgs/include/omni_msgs/omni_msgs/msg/detail/omni_state__type_support.cpp
[0.428s] -- Up-to-date: /home/projet-echo/Projet_indus/install/omni_msgs/include/omni_msgs/omni_msgs/msg/detail/omni_state__rosidl_typesupport_introspection_cpp.hpp
[0.428s] -- Up-to-date: /home/projet-echo/Projet_indus/install/omni_msgs/include/omni_msgs/omni_msgs/msg/detail/omni_feedback__rosidl_typesupport_introspection_cpp.hpp
[0.428s] -- Up-to-date: /home/projet-echo/Projet_indus/install/omni_msgs/include/omni_msgs/omni_msgs/msg/detail/omni_feedback__type_support.cpp
[0.428s] -- Up-to-date: /home/projet-echo/Projet_indus/install/omni_msgs/include/omni_msgs/omni_msgs/msg/detail/omni_button_event__rosidl_typesupport_introspection_cpp.hpp
[0.428s] -- Up-to-date: /home/projet-echo/Projet_indus/install/omni_msgs/lib/libomni_msgs__rosidl_typesupport_introspection_cpp.so
[0.429s] -- Up-to-date: /home/projet-echo/Projet_indus/install/omni_msgs/lib/libomni_msgs__rosidl_typesupport_cpp.so
[0.429s] -- Up-to-date: /home/projet-echo/Projet_indus/install/omni_msgs/share/omni_msgs/environment/pythonpath.sh
[0.429s] -- Up-to-date: /home/projet-echo/Projet_indus/install/omni_msgs/share/omni_msgs/environment/pythonpath.dsv
[0.429s] -- Up-to-date: /home/projet-echo/Projet_indus/install/omni_msgs/local/lib/python3.10/dist-packages/omni_msgs-0.0.0-py3.10.egg-info
[0.429s] -- Installing: /home/projet-echo/Projet_indus/install/omni_msgs/local/lib/python3.10/dist-packages/omni_msgs-0.0.0-py3.10.egg-info/SOURCES.txt
[0.429s] -- Installing: /home/projet-echo/Projet_indus/install/omni_msgs/local/lib/python3.10/dist-packages/omni_msgs-0.0.0-py3.10.egg-info/PKG-INFO
[0.429s] -- Installing: /home/projet-echo/Projet_indus/install/omni_msgs/local/lib/python3.10/dist-packages/omni_msgs-0.0.0-py3.10.egg-info/top_level.txt
[0.429s] -- Installing: /home/projet-echo/Projet_indus/install/omni_msgs/local/lib/python3.10/dist-packages/omni_msgs-0.0.0-py3.10.egg-info/dependency_links.txt
[0.429s] -- Up-to-date: /home/projet-echo/Projet_indus/install/omni_msgs/local/lib/python3.10/dist-packages/omni_msgs
[0.429s] -- Up-to-date: /home/projet-echo/Projet_indus/install/omni_msgs/local/lib/python3.10/dist-packages/omni_msgs/msg
[0.429s] -- Up-to-date: /home/projet-echo/Projet_indus/install/omni_msgs/local/lib/python3.10/dist-packages/omni_msgs/msg/_omni_state_s.c
[0.429s] -- Up-to-date: /home/projet-echo/Projet_indus/install/omni_msgs/local/lib/python3.10/dist-packages/omni_msgs/msg/_omni_button_event_s.c
[0.429s] -- Up-to-date: /home/projet-echo/Projet_indus/install/omni_msgs/local/lib/python3.10/dist-packages/omni_msgs/msg/_omni_feedback.py
[0.429s] -- Up-to-date: /home/projet-echo/Projet_indus/install/omni_msgs/local/lib/python3.10/dist-packages/omni_msgs/msg/_omni_feedback_s.c
[0.429s] -- Up-to-date: /home/projet-echo/Projet_indus/install/omni_msgs/local/lib/python3.10/dist-packages/omni_msgs/msg/_omni_button_event.py
[0.429s] -- Up-to-date: /home/projet-echo/Projet_indus/install/omni_msgs/local/lib/python3.10/dist-packages/omni_msgs/msg/_omni_state.py
[0.429s] -- Up-to-date: /home/projet-echo/Projet_indus/install/omni_msgs/local/lib/python3.10/dist-packages/omni_msgs/msg/__init__.py
[0.429s] -- Up-to-date: /home/projet-echo/Projet_indus/install/omni_msgs/local/lib/python3.10/dist-packages/omni_msgs/_omni_msgs_s.ep.rosidl_typesupport_fastrtps_c.c
[0.429s] -- Up-to-date: /home/projet-echo/Projet_indus/install/omni_msgs/local/lib/python3.10/dist-packages/omni_msgs/_omni_msgs_s.ep.rosidl_typesupport_c.c
[0.429s] -- Up-to-date: /home/projet-echo/Projet_indus/install/omni_msgs/local/lib/python3.10/dist-packages/omni_msgs/libomni_msgs__rosidl_generator_py.so
[0.429s] -- Up-to-date: /home/projet-echo/Projet_indus/install/omni_msgs/local/lib/python3.10/dist-packages/omni_msgs/omni_msgs_s__rosidl_typesupport_introspection_c.cpython-310-x86_64-linux-gnu.so
[0.429s] -- Up-to-date: /home/projet-echo/Projet_indus/install/omni_msgs/local/lib/python3.10/dist-packages/omni_msgs/_omni_msgs_s.ep.rosidl_typesupport_introspection_c.c
[0.429s] -- Up-to-date: /home/projet-echo/Projet_indus/install/omni_msgs/local/lib/python3.10/dist-packages/omni_msgs/omni_msgs_s__rosidl_typesupport_c.cpython-310-x86_64-linux-gnu.so
[0.429s] -- Up-to-date: /home/projet-echo/Projet_indus/install/omni_msgs/local/lib/python3.10/dist-packages/omni_msgs/__init__.py
[0.429s] -- Up-to-date: /home/projet-echo/Projet_indus/install/omni_msgs/local/lib/python3.10/dist-packages/omni_msgs/omni_msgs_s__rosidl_typesupport_fastrtps_c.cpython-310-x86_64-linux-gnu.so
[0.481s] Listing '/home/projet-echo/Projet_indus/install/omni_msgs/local/lib/python3.10/dist-packages/omni_msgs'...
[0.481s] Listing '/home/projet-echo/Projet_indus/install/omni_msgs/local/lib/python3.10/dist-packages/omni_msgs/msg'...
[0.490s] -- Up-to-date: /home/projet-echo/Projet_indus/install/omni_msgs/local/lib/python3.10/dist-packages/omni_msgs/omni_msgs_s__rosidl_typesupport_fastrtps_c.cpython-310-x86_64-linux-gnu.so
[0.490s] -- Up-to-date: /home/projet-echo/Projet_indus/install/omni_msgs/local/lib/python3.10/dist-packages/omni_msgs/omni_msgs_s__rosidl_typesupport_introspection_c.cpython-310-x86_64-linux-gnu.so
[0.490s] -- Up-to-date: /home/projet-echo/Projet_indus/install/omni_msgs/local/lib/python3.10/dist-packages/omni_msgs/omni_msgs_s__rosidl_typesupport_c.cpython-310-x86_64-linux-gnu.so
[0.491s] -- Up-to-date: /home/projet-echo/Projet_indus/install/omni_msgs/lib/libomni_msgs__rosidl_generator_py.so
[0.491s] -- Up-to-date: /home/projet-echo/Projet_indus/install/omni_msgs/share/omni_msgs/msg/OmniFeedback.idl
[0.491s] -- Up-to-date: /home/projet-echo/Projet_indus/install/omni_msgs/share/omni_msgs/msg/OmniButtonEvent.idl
[0.492s] -- Up-to-date: /home/projet-echo/Projet_indus/install/omni_msgs/share/omni_msgs/msg/OmniState.idl
[0.492s] -- Up-to-date: /home/projet-echo/Projet_indus/install/omni_msgs/share/omni_msgs/msg/OmniFeedback.msg
[0.492s] -- Up-to-date: /home/projet-echo/Projet_indus/install/omni_msgs/share/omni_msgs/msg/OmniButtonEvent.msg
[0.492s] -- Up-to-date: /home/projet-echo/Projet_indus/install/omni_msgs/share/omni_msgs/msg/OmniState.msg
[0.492s] -- Up-to-date: /home/projet-echo/Projet_indus/install/omni_msgs/share/ament_index/resource_index/package_run_dependencies/omni_msgs
[0.493s] -- Up-to-date: /home/projet-echo/Projet_indus/install/omni_msgs/share/ament_index/resource_index/parent_prefix_path/omni_msgs
[0.493s] -- Up-to-date: /home/projet-echo/Projet_indus/install/omni_msgs/share/omni_msgs/environment/ament_prefix_path.sh
[0.493s] -- Up-to-date: /home/projet-echo/Projet_indus/install/omni_msgs/share/omni_msgs/environment/ament_prefix_path.dsv
[0.493s] -- Up-to-date: /home/projet-echo/Projet_indus/install/omni_msgs/share/omni_msgs/environment/path.sh
[0.493s] -- Up-to-date: /home/projet-echo/Projet_indus/install/omni_msgs/share/omni_msgs/environment/path.dsv
[0.494s] -- Up-to-date: /home/projet-echo/Projet_indus/install/omni_msgs/share/omni_msgs/local_setup.bash
[0.494s] -- Up-to-date: /home/projet-echo/Projet_indus/install/omni_msgs/share/omni_msgs/local_setup.sh
[0.494s] -- Up-to-date: /home/projet-echo/Projet_indus/install/omni_msgs/share/omni_msgs/local_setup.zsh
[0.494s] -- Up-to-date: /home/projet-echo/Projet_indus/install/omni_msgs/share/omni_msgs/local_setup.dsv
[0.494s] -- Installing: /home/projet-echo/Projet_indus/install/omni_msgs/share/omni_msgs/package.dsv
[0.494s] -- Up-to-date: /home/projet-echo/Projet_indus/install/omni_msgs/share/ament_index/resource_index/packages/omni_msgs
[0.494s] -- Up-to-date: /home/projet-echo/Projet_indus/install/omni_msgs/share/omni_msgs/cmake/export_omni_msgs__rosidl_generator_cExport.cmake
[0.495s] -- Up-to-date: /home/projet-echo/Projet_indus/install/omni_msgs/share/omni_msgs/cmake/export_omni_msgs__rosidl_generator_cExport-noconfig.cmake
[0.495s] -- Up-to-date: /home/projet-echo/Projet_indus/install/omni_msgs/share/omni_msgs/cmake/export_omni_msgs__rosidl_typesupport_fastrtps_cExport.cmake
[0.495s] -- Up-to-date: /home/projet-echo/Projet_indus/install/omni_msgs/share/omni_msgs/cmake/export_omni_msgs__rosidl_typesupport_fastrtps_cExport-noconfig.cmake
[0.495s] -- Up-to-date: /home/projet-echo/Projet_indus/install/omni_msgs/share/omni_msgs/cmake/omni_msgs__rosidl_typesupport_introspection_cExport.cmake
[0.495s] -- Up-to-date: /home/projet-echo/Projet_indus/install/omni_msgs/share/omni_msgs/cmake/omni_msgs__rosidl_typesupport_introspection_cExport-noconfig.cmake
[0.496s] -- Up-to-date: /home/projet-echo/Projet_indus/install/omni_msgs/share/omni_msgs/cmake/omni_msgs__rosidl_typesupport_cExport.cmake
[0.496s] -- Up-to-date: /home/projet-echo/Projet_indus/install/omni_msgs/share/omni_msgs/cmake/omni_msgs__rosidl_typesupport_cExport-noconfig.cmake
[0.496s] -- Up-to-date: /home/projet-echo/Projet_indus/install/omni_msgs/share/omni_msgs/cmake/export_omni_msgs__rosidl_generator_cppExport.cmake
[0.496s] -- Up-to-date: /home/projet-echo/Projet_indus/install/omni_msgs/share/omni_msgs/cmake/export_omni_msgs__rosidl_typesupport_fastrtps_cppExport.cmake
[0.496s] -- Up-to-date: /home/projet-echo/Projet_indus/install/omni_msgs/share/omni_msgs/cmake/export_omni_msgs__rosidl_typesupport_fastrtps_cppExport-noconfig.cmake
[0.496s] -- Up-to-date: /home/projet-echo/Projet_indus/install/omni_msgs/share/omni_msgs/cmake/omni_msgs__rosidl_typesupport_introspection_cppExport.cmake
[0.497s] -- Up-to-date: /home/projet-echo/Projet_indus/install/omni_msgs/share/omni_msgs/cmake/omni_msgs__rosidl_typesupport_introspection_cppExport-noconfig.cmake
[0.500s] -- Up-to-date: /home/projet-echo/Projet_indus/install/omni_msgs/share/omni_msgs/cmake/omni_msgs__rosidl_typesupport_cppExport.cmake
[0.500s] -- Up-to-date: /home/projet-echo/Projet_indus/install/omni_msgs/share/omni_msgs/cmake/omni_msgs__rosidl_typesupport_cppExport-noconfig.cmake
[0.501s] -- Up-to-date: /home/projet-echo/Projet_indus/install/omni_msgs/share/omni_msgs/cmake/export_omni_msgs__rosidl_generator_pyExport.cmake
[0.501s] -- Up-to-date: /home/projet-echo/Projet_indus/install/omni_msgs/share/omni_msgs/cmake/export_omni_msgs__rosidl_generator_pyExport-noconfig.cmake
[0.502s] -- Up-to-date: /home/projet-echo/Projet_indus/install/omni_msgs/share/omni_msgs/cmake/rosidl_cmake-extras.cmake
[0.503s] -- Up-to-date: /home/projet-echo/Projet_indus/install/omni_msgs/share/omni_msgs/cmake/ament_cmake_export_dependencies-extras.cmake
[0.503s] -- Up-to-date: /home/projet-echo/Projet_indus/install/omni_msgs/share/omni_msgs/cmake/ament_cmake_export_include_directories-extras.cmake
[0.503s] -- Up-to-date: /home/projet-echo/Projet_indus/install/omni_msgs/share/omni_msgs/cmake/ament_cmake_export_libraries-extras.cmake
[0.503s] -- Up-to-date: /home/projet-echo/Projet_indus/install/omni_msgs/share/omni_msgs/cmake/ament_cmake_export_targets-extras.cmake
[0.504s] -- Up-to-date: /home/projet-echo/Projet_indus/install/omni_msgs/share/omni_msgs/cmake/rosidl_cmake_export_typesupport_targets-extras.cmake
[0.505s] -- Up-to-date: /home/projet-echo/Projet_indus/install/omni_msgs/share/omni_msgs/cmake/rosidl_cmake_export_typesupport_libraries-extras.cmake
[0.505s] -- Up-to-date: /home/projet-echo/Projet_indus/install/omni_msgs/share/omni_msgs/cmake/omni_msgsConfig.cmake
[0.506s] -- Up-to-date: /home/projet-echo/Projet_indus/install/omni_msgs/share/omni_msgs/cmake/omni_msgsConfig-version.cmake
[0.506s] -- Up-to-date: /home/projet-echo/Projet_indus/install/omni_msgs/share/omni_msgs/package.xml
[0.507s] Invoked command in '/home/projet-echo/Projet_indus/build/omni_msgs' returned '0': /usr/bin/cmake --install /home/projet-echo/Projet_indus/build/omni_msgs
