[0.018s] Invoking command in '/home/dilhan/ros2_ws/build/omni_msgs': CMAKE_PREFIX_PATH=${CMAKE_PREFIX_PATH}:/home/dilhan/moveit_ws/install/moveit_configs_utils:/home/dilhan/moveit_ws/install/launch_param_builder:/opt/ros/humble /usr/bin/cmake /home/dilhan/ros2_ws/src/Geomagic_Touch_ROS2/omni_msgs -DCMAKE_INSTALL_PREFIX=/home/dilhan/ros2_ws/install/omni_msgs
[0.121s] -- The C compiler identification is GNU 11.4.0
[0.195s] -- The CXX compiler identification is GNU 11.4.0
[0.204s] -- Detecting C compiler ABI info
[0.284s] -- Detecting C compiler ABI info - done
[0.289s] -- Check for working C compiler: /usr/bin/cc - skipped
[0.290s] -- Detecting C compile features
[0.290s] -- Detecting C compile features - done
[0.293s] -- Detecting CXX compiler ABI info
[0.382s] -- Detecting CXX compiler ABI info - done
[0.388s] -- Check for working CXX compiler: /usr/bin/c++ - skipped
[0.388s] -- Detecting CXX compile features
[0.388s] -- Detecting CXX compile features - done
[0.399s] -- Found ament_cmake: 1.3.11 (/opt/ros/humble/share/ament_cmake/cmake)
[0.547s] -- Found Python3: /usr/bin/python3 (found version "3.10.12") found components: Interpreter 
[0.711s] -- Found rosidl_default_generators: 1.2.0 (/opt/ros/humble/share/rosidl_default_generators/cmake)
[0.727s] -- Using all available rosidl_typesupport_c: rosidl_typesupport_fastrtps_c;rosidl_typesupport_introspection_c
[0.751s] -- Found rosidl_adapter: 3.1.6 (/opt/ros/humble/share/rosidl_adapter/cmake)
[0.849s] -- Using all available rosidl_typesupport_cpp: rosidl_typesupport_fastrtps_cpp;rosidl_typesupport_introspection_cpp
[0.922s] -- Found geometry_msgs: 4.2.4 (/opt/ros/humble/share/geometry_msgs/cmake)
[1.228s] -- Found ament_cmake_ros: 0.10.0 (/opt/ros/humble/share/ament_cmake_ros/cmake)
[1.455s] -- Using all available rosidl_typesupport_c: rosidl_typesupport_fastrtps_c;rosidl_typesupport_introspection_c
[1.724s] -- Using all available rosidl_typesupport_cpp: rosidl_typesupport_fastrtps_cpp;rosidl_typesupport_introspection_cpp
[1.746s] -- Found PythonInterp: /usr/bin/python3 (found suitable version "3.10.12", minimum required is "3.6") 
[1.753s] -- Found python_cmake_module: 0.10.0 (/opt/ros/humble/share/python_cmake_module/cmake)
[1.784s] -- Found PythonLibs: /usr/lib/x86_64-linux-gnu/libpython3.10.so (found suitable version "3.10.12", minimum required is "3.5") 
[1.784s] -- Using PYTHON_EXECUTABLE: /usr/bin/python3
[1.784s] -- Using PYTHON_INCLUDE_DIRS: /usr/include/python3.10
[1.785s] -- Using PYTHON_LIBRARIES: /usr/lib/x86_64-linux-gnu/libpython3.10.so
[1.803s] -- Found PythonExtra: .so  
[1.887s] -- Found ament_lint_auto: 0.12.11 (/opt/ros/humble/share/ament_lint_auto/cmake)
[1.961s] -- Added test 'copyright' to check source files copyright and LICENSE
[1.963s] -- Added test 'lint_cmake' to check CMake code style
[1.964s] -- Added test 'xmllint' to check XML markup files
[1.968s] -- Configuring done
[1.999s] -- Generating done
[2.007s] -- Build files have been written to: /home/dilhan/ros2_ws/build/omni_msgs
[2.015s] Invoked command in '/home/dilhan/ros2_ws/build/omni_msgs' returned '0': CMAKE_PREFIX_PATH=${CMAKE_PREFIX_PATH}:/home/dilhan/moveit_ws/install/moveit_configs_utils:/home/dilhan/moveit_ws/install/launch_param_builder:/opt/ros/humble /usr/bin/cmake /home/dilhan/ros2_ws/src/Geomagic_Touch_ROS2/omni_msgs -DCMAKE_INSTALL_PREFIX=/home/dilhan/ros2_ws/install/omni_msgs
[2.017s] Invoking command in '/home/dilhan/ros2_ws/build/omni_msgs': CMAKE_PREFIX_PATH=${CMAKE_PREFIX_PATH}:/home/dilhan/moveit_ws/install/moveit_configs_utils:/home/dilhan/moveit_ws/install/launch_param_builder:/opt/ros/humble /usr/bin/cmake --build /home/dilhan/ros2_ws/build/omni_msgs -- -j12 -l12
[2.070s] [  2%] [34m[1mGenerating C code for ROS interfaces[0m
[2.084s] [  4%] [34m[1mGenerating C++ code for ROS interfaces[0m
[2.096s] [  4%] Built target ament_cmake_python_copy_omni_msgs
[2.339s] running egg_info
[2.339s] creating omni_msgs.egg-info
[2.340s] writing omni_msgs.egg-info/PKG-INFO
[2.340s] writing dependency_links to omni_msgs.egg-info/dependency_links.txt
[2.341s] writing top-level names to omni_msgs.egg-info/top_level.txt
[2.343s] writing manifest file 'omni_msgs.egg-info/SOURCES.txt'
[2.347s] reading manifest file 'omni_msgs.egg-info/SOURCES.txt'
[2.347s] writing manifest file 'omni_msgs.egg-info/SOURCES.txt'
[2.383s] [  4%] Built target ament_cmake_python_build_omni_msgs_egg
[2.391s] [  4%] Built target omni_msgs__cpp
[2.407s] [ 12%] [34m[1mGenerating C++ introspection for ROS interfaces[0m
[2.407s] [ 12%] [34m[1mGenerating C++ type support for eProsima Fast-RTPS[0m
[2.407s] [ 12%] [34m[1mGenerating C++ type support dispatch for ROS interfaces[0m
[2.407s] [ 12%] [32mBuilding C object CMakeFiles/omni_msgs__rosidl_generator_c.dir/rosidl_generator_c/omni_msgs/msg/detail/omni_button_event__functions.c.o[0m
[2.407s] [ 17%] [32mBuilding C object CMakeFiles/omni_msgs__rosidl_generator_c.dir/rosidl_generator_c/omni_msgs/msg/detail/omni_state__functions.c.o[0m
[2.407s] [ 17%] [32mBuilding C object CMakeFiles/omni_msgs__rosidl_generator_c.dir/rosidl_generator_c/omni_msgs/msg/detail/omni_feedback__functions.c.o[0m
[2.465s] [ 19%] [32m[1mLinking C shared library libomni_msgs__rosidl_generator_c.so[0m
[2.515s] [ 19%] Built target omni_msgs__rosidl_generator_c
[2.531s] [ 23%] [34m[1mGenerating C type support for eProsima Fast-RTPS[0m
[2.531s] [ 25%] [34m[1mGenerating C type support dispatch for ROS interfaces[0m
[2.531s] [ 25%] [34m[1mGenerating C introspection for ROS interfaces[0m
[2.663s] [ 27%] [32mBuilding CXX object CMakeFiles/omni_msgs__rosidl_typesupport_cpp.dir/rosidl_typesupport_cpp/omni_msgs/msg/omni_button_event__type_support.cpp.o[0m
[2.666s] [ 29%] [32mBuilding CXX object CMakeFiles/omni_msgs__rosidl_typesupport_cpp.dir/rosidl_typesupport_cpp/omni_msgs/msg/omni_state__type_support.cpp.o[0m
[2.666s] [ 31%] [32mBuilding CXX object CMakeFiles/omni_msgs__rosidl_typesupport_cpp.dir/rosidl_typesupport_cpp/omni_msgs/msg/omni_feedback__type_support.cpp.o[0m
[2.681s] [ 34%] [32mBuilding CXX object CMakeFiles/omni_msgs__rosidl_typesupport_introspection_cpp.dir/rosidl_typesupport_introspection_cpp/omni_msgs/msg/detail/omni_state__type_support.cpp.o[0m
[2.682s] [ 36%] [32mBuilding CXX object CMakeFiles/omni_msgs__rosidl_typesupport_introspection_cpp.dir/rosidl_typesupport_introspection_cpp/omni_msgs/msg/detail/omni_feedback__type_support.cpp.o[0m
[2.682s] [ 38%] [32mBuilding CXX object CMakeFiles/omni_msgs__rosidl_typesupport_introspection_cpp.dir/rosidl_typesupport_introspection_cpp/omni_msgs/msg/detail/omni_button_event__type_support.cpp.o[0m
[2.711s] [ 44%] [32mBuilding CXX object CMakeFiles/omni_msgs__rosidl_typesupport_fastrtps_cpp.dir/rosidl_typesupport_fastrtps_cpp/omni_msgs/msg/detail/dds_fastrtps/omni_feedback__type_support.cpp.o[0m
[2.711s] [ 44%] [32mBuilding CXX object CMakeFiles/omni_msgs__rosidl_typesupport_fastrtps_cpp.dir/rosidl_typesupport_fastrtps_cpp/omni_msgs/msg/detail/dds_fastrtps/omni_button_event__type_support.cpp.o[0m
[2.712s] [ 44%] [32mBuilding CXX object CMakeFiles/omni_msgs__rosidl_typesupport_fastrtps_cpp.dir/rosidl_typesupport_fastrtps_cpp/omni_msgs/msg/detail/dds_fastrtps/omni_state__type_support.cpp.o[0m
[2.888s] [ 46%] [32mBuilding CXX object CMakeFiles/omni_msgs__rosidl_typesupport_c.dir/rosidl_typesupport_c/omni_msgs/msg/omni_button_event__type_support.cpp.o[0m
[2.945s] [ 48%] [32mBuilding CXX object CMakeFiles/omni_msgs__rosidl_typesupport_c.dir/rosidl_typesupport_c/omni_msgs/msg/omni_feedback__type_support.cpp.o[0m
[2.999s] [ 55%] [32mBuilding C object CMakeFiles/omni_msgs__rosidl_typesupport_introspection_c.dir/rosidl_typesupport_introspection_c/omni_msgs/msg/detail/omni_button_event__type_support.c.o[0m
[3.000s] [ 55%] [32mBuilding CXX object CMakeFiles/omni_msgs__rosidl_typesupport_fastrtps_c.dir/rosidl_typesupport_fastrtps_c/omni_msgs/msg/detail/omni_button_event__type_support_c.cpp.o[0m
[3.000s] [ 55%] [32mBuilding CXX object CMakeFiles/omni_msgs__rosidl_typesupport_c.dir/rosidl_typesupport_c/omni_msgs/msg/omni_state__type_support.cpp.o[0m
[3.020s] [ 61%] [32m[1mLinking CXX shared library libomni_msgs__rosidl_typesupport_cpp.so[0m
[3.020s] [ 61%] [32mBuilding C object CMakeFiles/omni_msgs__rosidl_typesupport_introspection_c.dir/rosidl_typesupport_introspection_c/omni_msgs/msg/detail/omni_state__type_support.c.o[0m
[3.020s] [ 61%] [32mBuilding C object CMakeFiles/omni_msgs__rosidl_typesupport_introspection_c.dir/rosidl_typesupport_introspection_c/omni_msgs/msg/detail/omni_feedback__type_support.c.o[0m
[3.051s] [ 63%] [32m[1mLinking CXX shared library libomni_msgs__rosidl_typesupport_c.so[0m
[3.065s] [ 65%] [32mBuilding CXX object CMakeFiles/omni_msgs__rosidl_typesupport_fastrtps_c.dir/rosidl_typesupport_fastrtps_c/omni_msgs/msg/detail/omni_feedback__type_support_c.cpp.o[0m
[3.079s] [ 68%] [32mBuilding CXX object CMakeFiles/omni_msgs__rosidl_typesupport_fastrtps_c.dir/rosidl_typesupport_fastrtps_c/omni_msgs/msg/detail/omni_state__type_support_c.cpp.o[0m
[3.083s] [ 70%] [32m[1mLinking C shared library libomni_msgs__rosidl_typesupport_introspection_c.so[0m
[3.097s] [ 70%] Built target omni_msgs__rosidl_typesupport_cpp
[3.126s] [ 70%] Built target omni_msgs__rosidl_typesupport_c
[3.148s] [ 70%] Built target omni_msgs__rosidl_typesupport_introspection_c
[3.190s] [ 72%] [32m[1mLinking CXX shared library libomni_msgs__rosidl_typesupport_introspection_cpp.so[0m
[3.216s] [ 74%] [32m[1mLinking CXX shared library libomni_msgs__rosidl_typesupport_fastrtps_cpp.so[0m
[3.264s] [ 74%] Built target omni_msgs__rosidl_typesupport_introspection_cpp
[3.303s] [ 74%] Built target omni_msgs__rosidl_typesupport_fastrtps_cpp
[3.371s] [ 76%] [32m[1mLinking CXX shared library libomni_msgs__rosidl_typesupport_fastrtps_c.so[0m
[3.443s] [ 76%] Built target omni_msgs__rosidl_typesupport_fastrtps_c
[3.472s] [ 76%] Built target omni_msgs
[3.501s] [ 78%] [34m[1mGenerating Python code for ROS interfaces[0m
[3.878s] [ 78%] Built target omni_msgs__py
[3.908s] [ 85%] [32mBuilding C object CMakeFiles/omni_msgs__rosidl_generator_py.dir/rosidl_generator_py/omni_msgs/msg/_omni_feedback_s.c.o[0m
[3.908s] [ 85%] [32mBuilding C object CMakeFiles/omni_msgs__rosidl_generator_py.dir/rosidl_generator_py/omni_msgs/msg/_omni_state_s.c.o[0m
[3.908s] [ 85%] [32mBuilding C object CMakeFiles/omni_msgs__rosidl_generator_py.dir/rosidl_generator_py/omni_msgs/msg/_omni_button_event_s.c.o[0m
[4.013s] [ 87%] [32m[1mLinking C shared library rosidl_generator_py/omni_msgs/libomni_msgs__rosidl_generator_py.so[0m
[4.062s] [ 87%] Built target omni_msgs__rosidl_generator_py
[4.091s] [ 93%] [32mBuilding C object CMakeFiles/omni_msgs__rosidl_typesupport_c__pyext.dir/rosidl_generator_py/omni_msgs/_omni_msgs_s.ep.rosidl_typesupport_c.c.o[0m
[4.091s] [ 93%] [32mBuilding C object CMakeFiles/omni_msgs__rosidl_typesupport_introspection_c__pyext.dir/rosidl_generator_py/omni_msgs/_omni_msgs_s.ep.rosidl_typesupport_introspection_c.c.o[0m
[4.091s] [ 93%] [32mBuilding C object CMakeFiles/omni_msgs__rosidl_typesupport_fastrtps_c__pyext.dir/rosidl_generator_py/omni_msgs/_omni_msgs_s.ep.rosidl_typesupport_fastrtps_c.c.o[0m
[4.184s] [100%] [32m[1mLinking C shared library rosidl_generator_py/omni_msgs/omni_msgs_s__rosidl_typesupport_c.cpython-310-x86_64-linux-gnu.so[0m
[4.185s] [100%] [32m[1mLinking C shared library rosidl_generator_py/omni_msgs/omni_msgs_s__rosidl_typesupport_introspection_c.cpython-310-x86_64-linux-gnu.so[0m
[4.185s] [100%] [32m[1mLinking C shared library rosidl_generator_py/omni_msgs/omni_msgs_s__rosidl_typesupport_fastrtps_c.cpython-310-x86_64-linux-gnu.so[0m
[4.231s] [100%] Built target omni_msgs__rosidl_typesupport_c__pyext
[4.231s] [100%] Built target omni_msgs__rosidl_typesupport_introspection_c__pyext
[4.231s] [100%] Built target omni_msgs__rosidl_typesupport_fastrtps_c__pyext
[4.246s] Invoked command in '/home/dilhan/ros2_ws/build/omni_msgs' returned '0': CMAKE_PREFIX_PATH=${CMAKE_PREFIX_PATH}:/home/dilhan/moveit_ws/install/moveit_configs_utils:/home/dilhan/moveit_ws/install/launch_param_builder:/opt/ros/humble /usr/bin/cmake --build /home/dilhan/ros2_ws/build/omni_msgs -- -j12 -l12
[4.247s] Invoking command in '/home/dilhan/ros2_ws/build/omni_msgs': CMAKE_PREFIX_PATH=${CMAKE_PREFIX_PATH}:/home/dilhan/moveit_ws/install/moveit_configs_utils:/home/dilhan/moveit_ws/install/launch_param_builder:/opt/ros/humble /usr/bin/cmake --install /home/dilhan/ros2_ws/build/omni_msgs
[4.257s] -- Install configuration: ""
[4.258s] -- Installing: /home/dilhan/ros2_ws/install/omni_msgs/share/ament_index/resource_index/rosidl_interfaces/omni_msgs
[4.258s] -- Installing: /home/dilhan/ros2_ws/install/omni_msgs/include/omni_msgs/omni_msgs
[4.258s] -- Installing: /home/dilhan/ros2_ws/install/omni_msgs/include/omni_msgs/omni_msgs/msg
[4.258s] -- Installing: /home/dilhan/ros2_ws/install/omni_msgs/include/omni_msgs/omni_msgs/msg/detail
[4.258s] -- Installing: /home/dilhan/ros2_ws/install/omni_msgs/include/omni_msgs/omni_msgs/msg/detail/omni_state__functions.h
[4.258s] -- Installing: /home/dilhan/ros2_ws/install/omni_msgs/include/omni_msgs/omni_msgs/msg/detail/omni_button_event__struct.h
[4.258s] -- Installing: /home/dilhan/ros2_ws/install/omni_msgs/include/omni_msgs/omni_msgs/msg/detail/omni_feedback__functions.c
[4.258s] -- Installing: /home/dilhan/ros2_ws/install/omni_msgs/include/omni_msgs/omni_msgs/msg/detail/omni_feedback__type_support.h
[4.258s] -- Installing: /home/dilhan/ros2_ws/install/omni_msgs/include/omni_msgs/omni_msgs/msg/detail/omni_button_event__functions.c
[4.259s] -- Installing: /home/dilhan/ros2_ws/install/omni_msgs/include/omni_msgs/omni_msgs/msg/detail/omni_button_event__type_support.h
[4.259s] -- Installing: /home/dilhan/ros2_ws/install/omni_msgs/include/omni_msgs/omni_msgs/msg/detail/omni_state__type_support.h
[4.259s] -- Installing: /home/dilhan/ros2_ws/install/omni_msgs/include/omni_msgs/omni_msgs/msg/detail/omni_button_event__functions.h
[4.259s] -- Installing: /home/dilhan/ros2_ws/install/omni_msgs/include/omni_msgs/omni_msgs/msg/detail/omni_feedback__struct.h
[4.259s] -- Installing: /home/dilhan/ros2_ws/install/omni_msgs/include/omni_msgs/omni_msgs/msg/detail/omni_feedback__functions.h
[4.259s] -- Installing: /home/dilhan/ros2_ws/install/omni_msgs/include/omni_msgs/omni_msgs/msg/detail/omni_state__struct.h
[4.259s] -- Installing: /home/dilhan/ros2_ws/install/omni_msgs/include/omni_msgs/omni_msgs/msg/detail/omni_state__functions.c
[4.259s] -- Installing: /home/dilhan/ros2_ws/install/omni_msgs/include/omni_msgs/omni_msgs/msg/rosidl_generator_c__visibility_control.h
[4.259s] -- Installing: /home/dilhan/ros2_ws/install/omni_msgs/include/omni_msgs/omni_msgs/msg/omni_feedback.h
[4.260s] -- Installing: /home/dilhan/ros2_ws/install/omni_msgs/include/omni_msgs/omni_msgs/msg/omni_button_event.h
[4.260s] -- Installing: /home/dilhan/ros2_ws/install/omni_msgs/include/omni_msgs/omni_msgs/msg/omni_state.h
[4.260s] -- Installing: /home/dilhan/ros2_ws/install/omni_msgs/share/omni_msgs/environment/library_path.sh
[4.260s] -- Installing: /home/dilhan/ros2_ws/install/omni_msgs/share/omni_msgs/environment/library_path.dsv
[4.260s] -- Installing: /home/dilhan/ros2_ws/install/omni_msgs/lib/libomni_msgs__rosidl_generator_c.so
[4.260s] -- Set runtime path of "/home/dilhan/ros2_ws/install/omni_msgs/lib/libomni_msgs__rosidl_generator_c.so" to ""
[4.261s] -- Up-to-date: /home/dilhan/ros2_ws/install/omni_msgs/include/omni_msgs/omni_msgs
[4.261s] -- Up-to-date: /home/dilhan/ros2_ws/install/omni_msgs/include/omni_msgs/omni_msgs/msg
[4.261s] -- Up-to-date: /home/dilhan/ros2_ws/install/omni_msgs/include/omni_msgs/omni_msgs/msg/detail
[4.261s] -- Installing: /home/dilhan/ros2_ws/install/omni_msgs/include/omni_msgs/omni_msgs/msg/detail/omni_state__rosidl_typesupport_fastrtps_c.h
[4.261s] -- Installing: /home/dilhan/ros2_ws/install/omni_msgs/include/omni_msgs/omni_msgs/msg/detail/omni_feedback__rosidl_typesupport_fastrtps_c.h
[4.261s] -- Installing: /home/dilhan/ros2_ws/install/omni_msgs/include/omni_msgs/omni_msgs/msg/detail/omni_button_event__rosidl_typesupport_fastrtps_c.h
[4.261s] -- Installing: /home/dilhan/ros2_ws/install/omni_msgs/include/omni_msgs/omni_msgs/msg/rosidl_typesupport_fastrtps_c__visibility_control.h
[4.261s] -- Installing: /home/dilhan/ros2_ws/install/omni_msgs/lib/libomni_msgs__rosidl_typesupport_fastrtps_c.so
[4.261s] -- Set runtime path of "/home/dilhan/ros2_ws/install/omni_msgs/lib/libomni_msgs__rosidl_typesupport_fastrtps_c.so" to ""
[4.261s] -- Up-to-date: /home/dilhan/ros2_ws/install/omni_msgs/include/omni_msgs/omni_msgs
[4.262s] -- Up-to-date: /home/dilhan/ros2_ws/install/omni_msgs/include/omni_msgs/omni_msgs/msg
[4.262s] -- Up-to-date: /home/dilhan/ros2_ws/install/omni_msgs/include/omni_msgs/omni_msgs/msg/detail
[4.262s] -- Installing: /home/dilhan/ros2_ws/install/omni_msgs/include/omni_msgs/omni_msgs/msg/detail/omni_state__rosidl_typesupport_introspection_c.h
[4.262s] -- Installing: /home/dilhan/ros2_ws/install/omni_msgs/include/omni_msgs/omni_msgs/msg/detail/omni_state__type_support.c
[4.262s] -- Installing: /home/dilhan/ros2_ws/install/omni_msgs/include/omni_msgs/omni_msgs/msg/detail/omni_button_event__rosidl_typesupport_introspection_c.h
[4.262s] -- Installing: /home/dilhan/ros2_ws/install/omni_msgs/include/omni_msgs/omni_msgs/msg/detail/omni_feedback__rosidl_typesupport_introspection_c.h
[4.262s] -- Installing: /home/dilhan/ros2_ws/install/omni_msgs/include/omni_msgs/omni_msgs/msg/detail/omni_button_event__type_support.c
[4.262s] -- Installing: /home/dilhan/ros2_ws/install/omni_msgs/include/omni_msgs/omni_msgs/msg/detail/omni_feedback__type_support.c
[4.262s] -- Installing: /home/dilhan/ros2_ws/install/omni_msgs/include/omni_msgs/omni_msgs/msg/rosidl_typesupport_introspection_c__visibility_control.h
[4.262s] -- Installing: /home/dilhan/ros2_ws/install/omni_msgs/lib/libomni_msgs__rosidl_typesupport_introspection_c.so
[4.263s] -- Set runtime path of "/home/dilhan/ros2_ws/install/omni_msgs/lib/libomni_msgs__rosidl_typesupport_introspection_c.so" to ""
[4.263s] -- Installing: /home/dilhan/ros2_ws/install/omni_msgs/lib/libomni_msgs__rosidl_typesupport_c.so
[4.263s] -- Set runtime path of "/home/dilhan/ros2_ws/install/omni_msgs/lib/libomni_msgs__rosidl_typesupport_c.so" to ""
[4.263s] -- Up-to-date: /home/dilhan/ros2_ws/install/omni_msgs/include/omni_msgs/omni_msgs
[4.263s] -- Up-to-date: /home/dilhan/ros2_ws/install/omni_msgs/include/omni_msgs/omni_msgs/msg
[4.263s] -- Installing: /home/dilhan/ros2_ws/install/omni_msgs/include/omni_msgs/omni_msgs/msg/omni_feedback.hpp
[4.263s] -- Up-to-date: /home/dilhan/ros2_ws/install/omni_msgs/include/omni_msgs/omni_msgs/msg/detail
[4.263s] -- Installing: /home/dilhan/ros2_ws/install/omni_msgs/include/omni_msgs/omni_msgs/msg/detail/omni_feedback__type_support.hpp
[4.264s] -- Installing: /home/dilhan/ros2_ws/install/omni_msgs/include/omni_msgs/omni_msgs/msg/detail/omni_state__struct.hpp
[4.264s] -- Installing: /home/dilhan/ros2_ws/install/omni_msgs/include/omni_msgs/omni_msgs/msg/detail/omni_state__type_support.hpp
[4.264s] -- Installing: /home/dilhan/ros2_ws/install/omni_msgs/include/omni_msgs/omni_msgs/msg/detail/omni_button_event__type_support.hpp
[4.264s] -- Installing: /home/dilhan/ros2_ws/install/omni_msgs/include/omni_msgs/omni_msgs/msg/detail/omni_button_event__struct.hpp
[4.264s] -- Installing: /home/dilhan/ros2_ws/install/omni_msgs/include/omni_msgs/omni_msgs/msg/detail/omni_button_event__builder.hpp
[4.264s] -- Installing: /home/dilhan/ros2_ws/install/omni_msgs/include/omni_msgs/omni_msgs/msg/detail/omni_state__traits.hpp
[4.264s] -- Installing: /home/dilhan/ros2_ws/install/omni_msgs/include/omni_msgs/omni_msgs/msg/detail/omni_feedback__builder.hpp
[4.264s] -- Installing: /home/dilhan/ros2_ws/install/omni_msgs/include/omni_msgs/omni_msgs/msg/detail/omni_state__builder.hpp
[4.264s] -- Installing: /home/dilhan/ros2_ws/install/omni_msgs/include/omni_msgs/omni_msgs/msg/detail/omni_feedback__struct.hpp
[4.264s] -- Installing: /home/dilhan/ros2_ws/install/omni_msgs/include/omni_msgs/omni_msgs/msg/detail/omni_feedback__traits.hpp
[4.265s] -- Installing: /home/dilhan/ros2_ws/install/omni_msgs/include/omni_msgs/omni_msgs/msg/detail/omni_button_event__traits.hpp
[4.265s] -- Installing: /home/dilhan/ros2_ws/install/omni_msgs/include/omni_msgs/omni_msgs/msg/omni_button_event.hpp
[4.265s] -- Installing: /home/dilhan/ros2_ws/install/omni_msgs/include/omni_msgs/omni_msgs/msg/omni_state.hpp
[4.265s] -- Installing: /home/dilhan/ros2_ws/install/omni_msgs/include/omni_msgs/omni_msgs/msg/rosidl_generator_cpp__visibility_control.hpp
[4.265s] -- Up-to-date: /home/dilhan/ros2_ws/install/omni_msgs/include/omni_msgs/omni_msgs
[4.265s] -- Up-to-date: /home/dilhan/ros2_ws/install/omni_msgs/include/omni_msgs/omni_msgs/msg
[4.265s] -- Up-to-date: /home/dilhan/ros2_ws/install/omni_msgs/include/omni_msgs/omni_msgs/msg/detail
[4.265s] -- Installing: /home/dilhan/ros2_ws/install/omni_msgs/include/omni_msgs/omni_msgs/msg/detail/omni_button_event__rosidl_typesupport_fastrtps_cpp.hpp
[4.265s] -- Installing: /home/dilhan/ros2_ws/install/omni_msgs/include/omni_msgs/omni_msgs/msg/detail/dds_fastrtps
[4.265s] -- Installing: /home/dilhan/ros2_ws/install/omni_msgs/include/omni_msgs/omni_msgs/msg/detail/omni_state__rosidl_typesupport_fastrtps_cpp.hpp
[4.265s] -- Installing: /home/dilhan/ros2_ws/install/omni_msgs/include/omni_msgs/omni_msgs/msg/detail/omni_feedback__rosidl_typesupport_fastrtps_cpp.hpp
[4.266s] -- Installing: /home/dilhan/ros2_ws/install/omni_msgs/include/omni_msgs/omni_msgs/msg/rosidl_typesupport_fastrtps_cpp__visibility_control.h
[4.266s] -- Installing: /home/dilhan/ros2_ws/install/omni_msgs/lib/libomni_msgs__rosidl_typesupport_fastrtps_cpp.so
[4.266s] -- Set runtime path of "/home/dilhan/ros2_ws/install/omni_msgs/lib/libomni_msgs__rosidl_typesupport_fastrtps_cpp.so" to ""
[4.266s] -- Up-to-date: /home/dilhan/ros2_ws/install/omni_msgs/include/omni_msgs/omni_msgs
[4.266s] -- Up-to-date: /home/dilhan/ros2_ws/install/omni_msgs/include/omni_msgs/omni_msgs/msg
[4.266s] -- Up-to-date: /home/dilhan/ros2_ws/install/omni_msgs/include/omni_msgs/omni_msgs/msg/detail
[4.266s] -- Installing: /home/dilhan/ros2_ws/install/omni_msgs/include/omni_msgs/omni_msgs/msg/detail/omni_button_event__type_support.cpp
[4.266s] -- Installing: /home/dilhan/ros2_ws/install/omni_msgs/include/omni_msgs/omni_msgs/msg/detail/omni_state__type_support.cpp
[4.266s] -- Installing: /home/dilhan/ros2_ws/install/omni_msgs/include/omni_msgs/omni_msgs/msg/detail/omni_feedback__rosidl_typesupport_introspection_cpp.hpp
[4.266s] -- Installing: /home/dilhan/ros2_ws/install/omni_msgs/include/omni_msgs/omni_msgs/msg/detail/omni_feedback__type_support.cpp
[4.267s] -- Installing: /home/dilhan/ros2_ws/install/omni_msgs/include/omni_msgs/omni_msgs/msg/detail/omni_state__rosidl_typesupport_introspection_cpp.hpp
[4.267s] -- Installing: /home/dilhan/ros2_ws/install/omni_msgs/include/omni_msgs/omni_msgs/msg/detail/omni_button_event__rosidl_typesupport_introspection_cpp.hpp
[4.267s] -- Installing: /home/dilhan/ros2_ws/install/omni_msgs/lib/libomni_msgs__rosidl_typesupport_introspection_cpp.so
[4.267s] -- Set runtime path of "/home/dilhan/ros2_ws/install/omni_msgs/lib/libomni_msgs__rosidl_typesupport_introspection_cpp.so" to ""
[4.267s] -- Installing: /home/dilhan/ros2_ws/install/omni_msgs/lib/libomni_msgs__rosidl_typesupport_cpp.so
[4.267s] -- Set runtime path of "/home/dilhan/ros2_ws/install/omni_msgs/lib/libomni_msgs__rosidl_typesupport_cpp.so" to ""
[4.268s] -- Installing: /home/dilhan/ros2_ws/install/omni_msgs/share/omni_msgs/environment/pythonpath.sh
[4.268s] -- Installing: /home/dilhan/ros2_ws/install/omni_msgs/share/omni_msgs/environment/pythonpath.dsv
[4.268s] -- Installing: /home/dilhan/ros2_ws/install/omni_msgs/local/lib/python3.10/dist-packages/omni_msgs-0.0.0-py3.10.egg-info
[4.268s] -- Installing: /home/dilhan/ros2_ws/install/omni_msgs/local/lib/python3.10/dist-packages/omni_msgs-0.0.0-py3.10.egg-info/PKG-INFO
[4.268s] -- Installing: /home/dilhan/ros2_ws/install/omni_msgs/local/lib/python3.10/dist-packages/omni_msgs-0.0.0-py3.10.egg-info/top_level.txt
[4.268s] -- Installing: /home/dilhan/ros2_ws/install/omni_msgs/local/lib/python3.10/dist-packages/omni_msgs-0.0.0-py3.10.egg-info/SOURCES.txt
[4.268s] -- Installing: /home/dilhan/ros2_ws/install/omni_msgs/local/lib/python3.10/dist-packages/omni_msgs-0.0.0-py3.10.egg-info/dependency_links.txt
[4.268s] -- Installing: /home/dilhan/ros2_ws/install/omni_msgs/local/lib/python3.10/dist-packages/omni_msgs
[4.268s] -- Installing: /home/dilhan/ros2_ws/install/omni_msgs/local/lib/python3.10/dist-packages/omni_msgs/omni_msgs_s__rosidl_typesupport_introspection_c.cpython-310-x86_64-linux-gnu.so
[4.269s] -- Installing: /home/dilhan/ros2_ws/install/omni_msgs/local/lib/python3.10/dist-packages/omni_msgs/msg
[4.269s] -- Installing: /home/dilhan/ros2_ws/install/omni_msgs/local/lib/python3.10/dist-packages/omni_msgs/msg/_omni_feedback.py
[4.269s] -- Installing: /home/dilhan/ros2_ws/install/omni_msgs/local/lib/python3.10/dist-packages/omni_msgs/msg/_omni_state.py
[4.269s] -- Installing: /home/dilhan/ros2_ws/install/omni_msgs/local/lib/python3.10/dist-packages/omni_msgs/msg/__init__.py
[4.269s] -- Installing: /home/dilhan/ros2_ws/install/omni_msgs/local/lib/python3.10/dist-packages/omni_msgs/msg/_omni_state_s.c
[4.269s] -- Installing: /home/dilhan/ros2_ws/install/omni_msgs/local/lib/python3.10/dist-packages/omni_msgs/msg/_omni_feedback_s.c
[4.269s] -- Installing: /home/dilhan/ros2_ws/install/omni_msgs/local/lib/python3.10/dist-packages/omni_msgs/msg/_omni_button_event.py
[4.269s] -- Installing: /home/dilhan/ros2_ws/install/omni_msgs/local/lib/python3.10/dist-packages/omni_msgs/msg/_omni_button_event_s.c
[4.269s] -- Installing: /home/dilhan/ros2_ws/install/omni_msgs/local/lib/python3.10/dist-packages/omni_msgs/_omni_msgs_s.ep.rosidl_typesupport_introspection_c.c
[4.270s] -- Installing: /home/dilhan/ros2_ws/install/omni_msgs/local/lib/python3.10/dist-packages/omni_msgs/_omni_msgs_s.ep.rosidl_typesupport_fastrtps_c.c
[4.270s] -- Installing: /home/dilhan/ros2_ws/install/omni_msgs/local/lib/python3.10/dist-packages/omni_msgs/omni_msgs_s__rosidl_typesupport_fastrtps_c.cpython-310-x86_64-linux-gnu.so
[4.270s] -- Installing: /home/dilhan/ros2_ws/install/omni_msgs/local/lib/python3.10/dist-packages/omni_msgs/__init__.py
[4.270s] -- Installing: /home/dilhan/ros2_ws/install/omni_msgs/local/lib/python3.10/dist-packages/omni_msgs/omni_msgs_s__rosidl_typesupport_c.cpython-310-x86_64-linux-gnu.so
[4.270s] -- Installing: /home/dilhan/ros2_ws/install/omni_msgs/local/lib/python3.10/dist-packages/omni_msgs/_omni_msgs_s.ep.rosidl_typesupport_c.c
[4.270s] -- Installing: /home/dilhan/ros2_ws/install/omni_msgs/local/lib/python3.10/dist-packages/omni_msgs/libomni_msgs__rosidl_generator_py.so
[4.302s] Listing '/home/dilhan/ros2_ws/install/omni_msgs/local/lib/python3.10/dist-packages/omni_msgs'...
[4.302s] Compiling '/home/dilhan/ros2_ws/install/omni_msgs/local/lib/python3.10/dist-packages/omni_msgs/__init__.py'...
[4.302s] Listing '/home/dilhan/ros2_ws/install/omni_msgs/local/lib/python3.10/dist-packages/omni_msgs/msg'...
[4.302s] Compiling '/home/dilhan/ros2_ws/install/omni_msgs/local/lib/python3.10/dist-packages/omni_msgs/msg/__init__.py'...
[4.302s] Compiling '/home/dilhan/ros2_ws/install/omni_msgs/local/lib/python3.10/dist-packages/omni_msgs/msg/_omni_button_event.py'...
[4.302s] Compiling '/home/dilhan/ros2_ws/install/omni_msgs/local/lib/python3.10/dist-packages/omni_msgs/msg/_omni_feedback.py'...
[4.302s] Compiling '/home/dilhan/ros2_ws/install/omni_msgs/local/lib/python3.10/dist-packages/omni_msgs/msg/_omni_state.py'...
[4.306s] -- Installing: /home/dilhan/ros2_ws/install/omni_msgs/local/lib/python3.10/dist-packages/omni_msgs/omni_msgs_s__rosidl_typesupport_fastrtps_c.cpython-310-x86_64-linux-gnu.so
[4.307s] -- Set runtime path of "/home/dilhan/ros2_ws/install/omni_msgs/local/lib/python3.10/dist-packages/omni_msgs/omni_msgs_s__rosidl_typesupport_fastrtps_c.cpython-310-x86_64-linux-gnu.so" to ""
[4.307s] -- Installing: /home/dilhan/ros2_ws/install/omni_msgs/local/lib/python3.10/dist-packages/omni_msgs/omni_msgs_s__rosidl_typesupport_introspection_c.cpython-310-x86_64-linux-gnu.so
[4.307s] -- Set runtime path of "/home/dilhan/ros2_ws/install/omni_msgs/local/lib/python3.10/dist-packages/omni_msgs/omni_msgs_s__rosidl_typesupport_introspection_c.cpython-310-x86_64-linux-gnu.so" to ""
[4.307s] -- Installing: /home/dilhan/ros2_ws/install/omni_msgs/local/lib/python3.10/dist-packages/omni_msgs/omni_msgs_s__rosidl_typesupport_c.cpython-310-x86_64-linux-gnu.so
[4.307s] -- Set runtime path of "/home/dilhan/ros2_ws/install/omni_msgs/local/lib/python3.10/dist-packages/omni_msgs/omni_msgs_s__rosidl_typesupport_c.cpython-310-x86_64-linux-gnu.so" to ""
[4.307s] -- Installing: /home/dilhan/ros2_ws/install/omni_msgs/lib/libomni_msgs__rosidl_generator_py.so
[4.308s] -- Set runtime path of "/home/dilhan/ros2_ws/install/omni_msgs/lib/libomni_msgs__rosidl_generator_py.so" to ""
[4.308s] -- Installing: /home/dilhan/ros2_ws/install/omni_msgs/share/omni_msgs/msg/OmniButtonEvent.idl
[4.308s] -- Installing: /home/dilhan/ros2_ws/install/omni_msgs/share/omni_msgs/msg/OmniFeedback.idl
[4.308s] -- Installing: /home/dilhan/ros2_ws/install/omni_msgs/share/omni_msgs/msg/OmniState.idl
[4.308s] -- Installing: /home/dilhan/ros2_ws/install/omni_msgs/share/omni_msgs/msg/OmniButtonEvent.msg
[4.308s] -- Installing: /home/dilhan/ros2_ws/install/omni_msgs/share/omni_msgs/msg/OmniFeedback.msg
[4.308s] -- Installing: /home/dilhan/ros2_ws/install/omni_msgs/share/omni_msgs/msg/OmniState.msg
[4.308s] -- Installing: /home/dilhan/ros2_ws/install/omni_msgs/share/ament_index/resource_index/package_run_dependencies/omni_msgs
[4.309s] -- Installing: /home/dilhan/ros2_ws/install/omni_msgs/share/ament_index/resource_index/parent_prefix_path/omni_msgs
[4.309s] -- Installing: /home/dilhan/ros2_ws/install/omni_msgs/share/omni_msgs/environment/ament_prefix_path.sh
[4.309s] -- Installing: /home/dilhan/ros2_ws/install/omni_msgs/share/omni_msgs/environment/ament_prefix_path.dsv
[4.309s] -- Installing: /home/dilhan/ros2_ws/install/omni_msgs/share/omni_msgs/environment/path.sh
[4.309s] -- Installing: /home/dilhan/ros2_ws/install/omni_msgs/share/omni_msgs/environment/path.dsv
[4.309s] -- Installing: /home/dilhan/ros2_ws/install/omni_msgs/share/omni_msgs/local_setup.bash
[4.309s] -- Installing: /home/dilhan/ros2_ws/install/omni_msgs/share/omni_msgs/local_setup.sh
[4.310s] -- Installing: /home/dilhan/ros2_ws/install/omni_msgs/share/omni_msgs/local_setup.zsh
[4.310s] -- Installing: /home/dilhan/ros2_ws/install/omni_msgs/share/omni_msgs/local_setup.dsv
[4.310s] -- Installing: /home/dilhan/ros2_ws/install/omni_msgs/share/omni_msgs/package.dsv
[4.310s] -- Installing: /home/dilhan/ros2_ws/install/omni_msgs/share/ament_index/resource_index/packages/omni_msgs
[4.310s] -- Installing: /home/dilhan/ros2_ws/install/omni_msgs/share/omni_msgs/cmake/export_omni_msgs__rosidl_generator_cExport.cmake
[4.310s] -- Installing: /home/dilhan/ros2_ws/install/omni_msgs/share/omni_msgs/cmake/export_omni_msgs__rosidl_generator_cExport-noconfig.cmake
[4.310s] -- Installing: /home/dilhan/ros2_ws/install/omni_msgs/share/omni_msgs/cmake/export_omni_msgs__rosidl_typesupport_fastrtps_cExport.cmake
[4.311s] -- Installing: /home/dilhan/ros2_ws/install/omni_msgs/share/omni_msgs/cmake/export_omni_msgs__rosidl_typesupport_fastrtps_cExport-noconfig.cmake
[4.311s] -- Installing: /home/dilhan/ros2_ws/install/omni_msgs/share/omni_msgs/cmake/omni_msgs__rosidl_typesupport_introspection_cExport.cmake
[4.311s] -- Installing: /home/dilhan/ros2_ws/install/omni_msgs/share/omni_msgs/cmake/omni_msgs__rosidl_typesupport_introspection_cExport-noconfig.cmake
[4.311s] -- Installing: /home/dilhan/ros2_ws/install/omni_msgs/share/omni_msgs/cmake/omni_msgs__rosidl_typesupport_cExport.cmake
[4.311s] -- Installing: /home/dilhan/ros2_ws/install/omni_msgs/share/omni_msgs/cmake/omni_msgs__rosidl_typesupport_cExport-noconfig.cmake
[4.311s] -- Installing: /home/dilhan/ros2_ws/install/omni_msgs/share/omni_msgs/cmake/export_omni_msgs__rosidl_generator_cppExport.cmake
[4.311s] -- Installing: /home/dilhan/ros2_ws/install/omni_msgs/share/omni_msgs/cmake/export_omni_msgs__rosidl_typesupport_fastrtps_cppExport.cmake
[4.312s] -- Installing: /home/dilhan/ros2_ws/install/omni_msgs/share/omni_msgs/cmake/export_omni_msgs__rosidl_typesupport_fastrtps_cppExport-noconfig.cmake
[4.312s] -- Installing: /home/dilhan/ros2_ws/install/omni_msgs/share/omni_msgs/cmake/omni_msgs__rosidl_typesupport_introspection_cppExport.cmake
[4.312s] -- Installing: /home/dilhan/ros2_ws/install/omni_msgs/share/omni_msgs/cmake/omni_msgs__rosidl_typesupport_introspection_cppExport-noconfig.cmake
[4.312s] -- Installing: /home/dilhan/ros2_ws/install/omni_msgs/share/omni_msgs/cmake/omni_msgs__rosidl_typesupport_cppExport.cmake
[4.312s] -- Installing: /home/dilhan/ros2_ws/install/omni_msgs/share/omni_msgs/cmake/omni_msgs__rosidl_typesupport_cppExport-noconfig.cmake
[4.312s] -- Installing: /home/dilhan/ros2_ws/install/omni_msgs/share/omni_msgs/cmake/export_omni_msgs__rosidl_generator_pyExport.cmake
[4.312s] -- Installing: /home/dilhan/ros2_ws/install/omni_msgs/share/omni_msgs/cmake/export_omni_msgs__rosidl_generator_pyExport-noconfig.cmake
[4.313s] -- Installing: /home/dilhan/ros2_ws/install/omni_msgs/share/omni_msgs/cmake/rosidl_cmake-extras.cmake
[4.313s] -- Installing: /home/dilhan/ros2_ws/install/omni_msgs/share/omni_msgs/cmake/ament_cmake_export_dependencies-extras.cmake
[4.313s] -- Installing: /home/dilhan/ros2_ws/install/omni_msgs/share/omni_msgs/cmake/ament_cmake_export_include_directories-extras.cmake
[4.313s] -- Installing: /home/dilhan/ros2_ws/install/omni_msgs/share/omni_msgs/cmake/ament_cmake_export_libraries-extras.cmake
[4.313s] -- Installing: /home/dilhan/ros2_ws/install/omni_msgs/share/omni_msgs/cmake/ament_cmake_export_targets-extras.cmake
[4.313s] -- Installing: /home/dilhan/ros2_ws/install/omni_msgs/share/omni_msgs/cmake/rosidl_cmake_export_typesupport_targets-extras.cmake
[4.313s] -- Installing: /home/dilhan/ros2_ws/install/omni_msgs/share/omni_msgs/cmake/rosidl_cmake_export_typesupport_libraries-extras.cmake
[4.313s] -- Installing: /home/dilhan/ros2_ws/install/omni_msgs/share/omni_msgs/cmake/omni_msgsConfig.cmake
[4.314s] -- Installing: /home/dilhan/ros2_ws/install/omni_msgs/share/omni_msgs/cmake/omni_msgsConfig-version.cmake
[4.314s] -- Installing: /home/dilhan/ros2_ws/install/omni_msgs/share/omni_msgs/package.xml
[4.316s] Invoked command in '/home/dilhan/ros2_ws/build/omni_msgs' returned '0': CMAKE_PREFIX_PATH=${CMAKE_PREFIX_PATH}:/home/dilhan/moveit_ws/install/moveit_configs_utils:/home/dilhan/moveit_ws/install/launch_param_builder:/opt/ros/humble /usr/bin/cmake --install /home/dilhan/ros2_ws/build/omni_msgs
