[0.060s] DEBUG:colcon:Command line arguments: ['/usr/bin/colcon', 'build']
[0.060s] DEBUG:colcon:Parsed command line arguments: Namespace(log_base=None, log_level=None, verb_name='build', build_base='build', install_base='install', merge_install=False, symlink_install=False, test_result_base=None, continue_on_error=False, executor='parallel', parallel_workers=20, event_handlers=None, ignore_user_meta=False, metas=['./colcon.meta'], base_paths=['.'], packages_ignore=None, packages_ignore_regex=None, paths=None, packages_up_to=None, packages_up_to_regex=None, packages_above=None, packages_above_and_dependencies=None, packages_above_depth=None, packages_select_by_dep=None, packages_skip_by_dep=None, packages_skip_up_to=None, packages_select_build_failed=False, packages_skip_build_finished=False, packages_select_test_failures=False, packages_skip_test_passed=False, packages_select=None, packages_skip=None, packages_select_regex=None, packages_skip_regex=None, packages_start=None, packages_end=None, cmake_args=None, cmake_target=None, cmake_target_skip_unavailable=False, cmake_clean_cache=False, cmake_clean_first=False, cmake_force_configure=False, ament_cmake_args=None, catkin_cmake_args=None, catkin_skip_building_tests=False, verb_parser=<colcon_defaults.argument_parser.defaults.DefaultArgumentsDecorator object at 0x7c91ad62b1f0>, verb_extension=<colcon_core.verb.build.BuildVerb object at 0x7c91ad62acb0>, main=<bound method BuildVerb.main of <colcon_core.verb.build.BuildVerb object at 0x7c91ad62acb0>>)
[0.147s] Level 1:colcon.colcon_core.package_discovery:discover_packages(colcon_meta) check parameters
[0.147s] Level 1:colcon.colcon_core.package_discovery:discover_packages(recursive) check parameters
[0.147s] Level 1:colcon.colcon_core.package_discovery:discover_packages(ignore) check parameters
[0.147s] Level 1:colcon.colcon_core.package_discovery:discover_packages(path) check parameters
[0.147s] Level 1:colcon.colcon_core.package_discovery:discover_packages(colcon_meta) discover
[0.147s] Level 1:colcon.colcon_core.package_discovery:discover_packages(recursive) discover
[0.148s] INFO:colcon.colcon_core.package_discovery:Crawling recursively for packages in '/home/projet-echo/Projet_indus'
[0.148s] Level 1:colcon.colcon_core.package_identification:_identify(.) by extensions ['ignore', 'ignore_ament_install']
[0.148s] Level 1:colcon.colcon_core.package_identification:_identify(.) by extension 'ignore'
[0.148s] Level 1:colcon.colcon_core.package_identification:_identify(.) by extension 'ignore_ament_install'
[0.155s] Level 1:colcon.colcon_core.package_identification:_identify(.) by extensions ['colcon_pkg']
[0.155s] Level 1:colcon.colcon_core.package_identification:_identify(.) by extension 'colcon_pkg'
[0.155s] Level 1:colcon.colcon_core.package_identification:_identify(.) by extensions ['colcon_meta']
[0.155s] Level 1:colcon.colcon_core.package_identification:_identify(.) by extension 'colcon_meta'
[0.155s] Level 1:colcon.colcon_core.package_identification:_identify(.) by extensions ['ros']
[0.155s] Level 1:colcon.colcon_core.package_identification:_identify(.) by extension 'ros'
[0.162s] Level 1:colcon.colcon_core.package_identification:_identify(.) by extensions ['cmake', 'python']
[0.162s] Level 1:colcon.colcon_core.package_identification:_identify(.) by extension 'cmake'
[0.162s] Level 1:colcon.colcon_core.package_identification:_identify(.) by extension 'python'
[0.162s] Level 1:colcon.colcon_core.package_identification:_identify(.) by extensions ['python_setup_py']
[0.162s] Level 1:colcon.colcon_core.package_identification:_identify(.) by extension 'python_setup_py'
[0.162s] Level 1:colcon.colcon_core.package_identification:_identify(build) by extensions ['ignore', 'ignore_ament_install']
[0.162s] Level 1:colcon.colcon_core.package_identification:_identify(build) by extension 'ignore'
[0.162s] Level 1:colcon.colcon_core.package_identification:_identify(build) ignored
[0.162s] Level 1:colcon.colcon_core.package_identification:_identify(install) by extensions ['ignore', 'ignore_ament_install']
[0.162s] Level 1:colcon.colcon_core.package_identification:_identify(install) by extension 'ignore'
[0.162s] Level 1:colcon.colcon_core.package_identification:_identify(install) ignored
[0.162s] Level 1:colcon.colcon_core.package_identification:_identify(log) by extensions ['ignore', 'ignore_ament_install']
[0.162s] Level 1:colcon.colcon_core.package_identification:_identify(log) by extension 'ignore'
[0.162s] Level 1:colcon.colcon_core.package_identification:_identify(log) ignored
[0.162s] Level 1:colcon.colcon_core.package_identification:_identify(src) by extensions ['ignore', 'ignore_ament_install']
[0.162s] Level 1:colcon.colcon_core.package_identification:_identify(src) by extension 'ignore'
[0.162s] Level 1:colcon.colcon_core.package_identification:_identify(src) by extension 'ignore_ament_install'
[0.162s] Level 1:colcon.colcon_core.package_identification:_identify(src) by extensions ['colcon_pkg']
[0.162s] Level 1:colcon.colcon_core.package_identification:_identify(src) by extension 'colcon_pkg'
[0.162s] Level 1:colcon.colcon_core.package_identification:_identify(src) by extensions ['colcon_meta']
[0.162s] Level 1:colcon.colcon_core.package_identification:_identify(src) by extension 'colcon_meta'
[0.162s] Level 1:colcon.colcon_core.package_identification:_identify(src) by extensions ['ros']
[0.162s] Level 1:colcon.colcon_core.package_identification:_identify(src) by extension 'ros'
[0.162s] Level 1:colcon.colcon_core.package_identification:_identify(src) by extensions ['cmake', 'python']
[0.162s] Level 1:colcon.colcon_core.package_identification:_identify(src) by extension 'cmake'
[0.162s] Level 1:colcon.colcon_core.package_identification:_identify(src) by extension 'python'
[0.162s] Level 1:colcon.colcon_core.package_identification:_identify(src) by extensions ['python_setup_py']
[0.162s] Level 1:colcon.colcon_core.package_identification:_identify(src) by extension 'python_setup_py'
[0.162s] Level 1:colcon.colcon_core.package_identification:_identify(src/Geomagic_Touch_ROS2) by extensions ['ignore', 'ignore_ament_install']
[0.163s] Level 1:colcon.colcon_core.package_identification:_identify(src/Geomagic_Touch_ROS2) by extension 'ignore'
[0.163s] Level 1:colcon.colcon_core.package_identification:_identify(src/Geomagic_Touch_ROS2) by extension 'ignore_ament_install'
[0.163s] Level 1:colcon.colcon_core.package_identification:_identify(src/Geomagic_Touch_ROS2) by extensions ['colcon_pkg']
[0.163s] Level 1:colcon.colcon_core.package_identification:_identify(src/Geomagic_Touch_ROS2) by extension 'colcon_pkg'
[0.163s] Level 1:colcon.colcon_core.package_identification:_identify(src/Geomagic_Touch_ROS2) by extensions ['colcon_meta']
[0.163s] Level 1:colcon.colcon_core.package_identification:_identify(src/Geomagic_Touch_ROS2) by extension 'colcon_meta'
[0.163s] Level 1:colcon.colcon_core.package_identification:_identify(src/Geomagic_Touch_ROS2) by extensions ['ros']
[0.163s] Level 1:colcon.colcon_core.package_identification:_identify(src/Geomagic_Touch_ROS2) by extension 'ros'
[0.163s] Level 1:colcon.colcon_core.package_identification:_identify(src/Geomagic_Touch_ROS2) by extensions ['cmake', 'python']
[0.163s] Level 1:colcon.colcon_core.package_identification:_identify(src/Geomagic_Touch_ROS2) by extension 'cmake'
[0.163s] Level 1:colcon.colcon_core.package_identification:_identify(src/Geomagic_Touch_ROS2) by extension 'python'
[0.163s] Level 1:colcon.colcon_core.package_identification:_identify(src/Geomagic_Touch_ROS2) by extensions ['python_setup_py']
[0.163s] Level 1:colcon.colcon_core.package_identification:_identify(src/Geomagic_Touch_ROS2) by extension 'python_setup_py'
[0.163s] Level 1:colcon.colcon_core.package_identification:_identify(src/Geomagic_Touch_ROS2/omni_common) by extensions ['ignore', 'ignore_ament_install']
[0.163s] Level 1:colcon.colcon_core.package_identification:_identify(src/Geomagic_Touch_ROS2/omni_common) by extension 'ignore'
[0.163s] Level 1:colcon.colcon_core.package_identification:_identify(src/Geomagic_Touch_ROS2/omni_common) by extension 'ignore_ament_install'
[0.163s] Level 1:colcon.colcon_core.package_identification:_identify(src/Geomagic_Touch_ROS2/omni_common) by extensions ['colcon_pkg']
[0.163s] Level 1:colcon.colcon_core.package_identification:_identify(src/Geomagic_Touch_ROS2/omni_common) by extension 'colcon_pkg'
[0.163s] Level 1:colcon.colcon_core.package_identification:_identify(src/Geomagic_Touch_ROS2/omni_common) by extensions ['colcon_meta']
[0.163s] Level 1:colcon.colcon_core.package_identification:_identify(src/Geomagic_Touch_ROS2/omni_common) by extension 'colcon_meta'
[0.163s] Level 1:colcon.colcon_core.package_identification:_identify(src/Geomagic_Touch_ROS2/omni_common) by extensions ['ros']
[0.163s] Level 1:colcon.colcon_core.package_identification:_identify(src/Geomagic_Touch_ROS2/omni_common) by extension 'ros'
[0.165s] DEBUG:colcon.colcon_core.package_identification:Package 'src/Geomagic_Touch_ROS2/omni_common' with type 'ros.ament_cmake' and name 'omni_common'
[0.165s] Level 1:colcon.colcon_core.package_identification:_identify(src/Geomagic_Touch_ROS2/omni_description) by extensions ['ignore', 'ignore_ament_install']
[0.165s] Level 1:colcon.colcon_core.package_identification:_identify(src/Geomagic_Touch_ROS2/omni_description) by extension 'ignore'
[0.165s] Level 1:colcon.colcon_core.package_identification:_identify(src/Geomagic_Touch_ROS2/omni_description) by extension 'ignore_ament_install'
[0.165s] Level 1:colcon.colcon_core.package_identification:_identify(src/Geomagic_Touch_ROS2/omni_description) by extensions ['colcon_pkg']
[0.165s] Level 1:colcon.colcon_core.package_identification:_identify(src/Geomagic_Touch_ROS2/omni_description) by extension 'colcon_pkg'
[0.165s] Level 1:colcon.colcon_core.package_identification:_identify(src/Geomagic_Touch_ROS2/omni_description) by extensions ['colcon_meta']
[0.165s] Level 1:colcon.colcon_core.package_identification:_identify(src/Geomagic_Touch_ROS2/omni_description) by extension 'colcon_meta'
[0.165s] Level 1:colcon.colcon_core.package_identification:_identify(src/Geomagic_Touch_ROS2/omni_description) by extensions ['ros']
[0.165s] Level 1:colcon.colcon_core.package_identification:_identify(src/Geomagic_Touch_ROS2/omni_description) by extension 'ros'
[0.165s] DEBUG:colcon.colcon_core.package_identification:Package 'src/Geomagic_Touch_ROS2/omni_description' with type 'ros.ament_cmake' and name 'omni_description'
[0.165s] Level 1:colcon.colcon_core.package_identification:_identify(src/Geomagic_Touch_ROS2/omni_msgs) by extensions ['ignore', 'ignore_ament_install']
[0.165s] Level 1:colcon.colcon_core.package_identification:_identify(src/Geomagic_Touch_ROS2/omni_msgs) by extension 'ignore'
[0.165s] Level 1:colcon.colcon_core.package_identification:_identify(src/Geomagic_Touch_ROS2/omni_msgs) by extension 'ignore_ament_install'
[0.165s] Level 1:colcon.colcon_core.package_identification:_identify(src/Geomagic_Touch_ROS2/omni_msgs) by extensions ['colcon_pkg']
[0.165s] Level 1:colcon.colcon_core.package_identification:_identify(src/Geomagic_Touch_ROS2/omni_msgs) by extension 'colcon_pkg'
[0.165s] Level 1:colcon.colcon_core.package_identification:_identify(src/Geomagic_Touch_ROS2/omni_msgs) by extensions ['colcon_meta']
[0.165s] Level 1:colcon.colcon_core.package_identification:_identify(src/Geomagic_Touch_ROS2/omni_msgs) by extension 'colcon_meta'
[0.166s] Level 1:colcon.colcon_core.package_identification:_identify(src/Geomagic_Touch_ROS2/omni_msgs) by extensions ['ros']
[0.166s] Level 1:colcon.colcon_core.package_identification:_identify(src/Geomagic_Touch_ROS2/omni_msgs) by extension 'ros'
[0.166s] DEBUG:colcon.colcon_core.package_identification:Package 'src/Geomagic_Touch_ROS2/omni_msgs' with type 'ros.catkin' and name 'omni_msgs'
[0.166s] Level 1:colcon.colcon_core.package_identification:_identify(src/ur_to_touch_haptic_teleoperation) by extensions ['ignore', 'ignore_ament_install']
[0.166s] Level 1:colcon.colcon_core.package_identification:_identify(src/ur_to_touch_haptic_teleoperation) by extension 'ignore'
[0.166s] Level 1:colcon.colcon_core.package_identification:_identify(src/ur_to_touch_haptic_teleoperation) by extension 'ignore_ament_install'
[0.166s] Level 1:colcon.colcon_core.package_identification:_identify(src/ur_to_touch_haptic_teleoperation) by extensions ['colcon_pkg']
[0.166s] Level 1:colcon.colcon_core.package_identification:_identify(src/ur_to_touch_haptic_teleoperation) by extension 'colcon_pkg'
[0.166s] Level 1:colcon.colcon_core.package_identification:_identify(src/ur_to_touch_haptic_teleoperation) by extensions ['colcon_meta']
[0.166s] Level 1:colcon.colcon_core.package_identification:_identify(src/ur_to_touch_haptic_teleoperation) by extension 'colcon_meta'
[0.166s] Level 1:colcon.colcon_core.package_identification:_identify(src/ur_to_touch_haptic_teleoperation) by extensions ['ros']
[0.166s] Level 1:colcon.colcon_core.package_identification:_identify(src/ur_to_touch_haptic_teleoperation) by extension 'ros'
[0.167s] DEBUG:colcon.colcon_core.package_identification:Package 'src/ur_to_touch_haptic_teleoperation' with type 'ros.ament_cmake' and name 'ur_to_touch_haptic_teleoperation'
[0.167s] Level 1:colcon.colcon_core.package_identification:_identify(src/ur_udp) by extensions ['ignore', 'ignore_ament_install']
[0.167s] Level 1:colcon.colcon_core.package_identification:_identify(src/ur_udp) by extension 'ignore'
[0.167s] Level 1:colcon.colcon_core.package_identification:_identify(src/ur_udp) by extension 'ignore_ament_install'
[0.167s] Level 1:colcon.colcon_core.package_identification:_identify(src/ur_udp) by extensions ['colcon_pkg']
[0.167s] Level 1:colcon.colcon_core.package_identification:_identify(src/ur_udp) by extension 'colcon_pkg'
[0.167s] Level 1:colcon.colcon_core.package_identification:_identify(src/ur_udp) by extensions ['colcon_meta']
[0.167s] Level 1:colcon.colcon_core.package_identification:_identify(src/ur_udp) by extension 'colcon_meta'
[0.167s] Level 1:colcon.colcon_core.package_identification:_identify(src/ur_udp) by extensions ['ros']
[0.167s] Level 1:colcon.colcon_core.package_identification:_identify(src/ur_udp) by extension 'ros'
[0.167s] DEBUG:colcon.colcon_core.package_identification:Package 'src/ur_udp' with type 'ros.ament_cmake' and name 'ur_udp'
[0.167s] Level 1:colcon.colcon_core.package_discovery:discover_packages(recursive) using defaults
[0.167s] Level 1:colcon.colcon_core.package_discovery:discover_packages(ignore) discover
[0.167s] Level 1:colcon.colcon_core.package_discovery:discover_packages(ignore) using defaults
[0.167s] Level 1:colcon.colcon_core.package_discovery:discover_packages(path) discover
[0.167s] Level 1:colcon.colcon_core.package_discovery:discover_packages(path) using defaults
[0.186s] Level 5:colcon.colcon_core.verb:set package 'omni_description' build argument 'cmake_args' from command line to 'None'
[0.186s] Level 5:colcon.colcon_core.verb:set package 'omni_description' build argument 'cmake_target' from command line to 'None'
[0.186s] Level 5:colcon.colcon_core.verb:set package 'omni_description' build argument 'cmake_target_skip_unavailable' from command line to 'False'
[0.186s] Level 5:colcon.colcon_core.verb:set package 'omni_description' build argument 'cmake_clean_cache' from command line to 'False'
[0.186s] Level 5:colcon.colcon_core.verb:set package 'omni_description' build argument 'cmake_clean_first' from command line to 'False'
[0.186s] Level 5:colcon.colcon_core.verb:set package 'omni_description' build argument 'cmake_force_configure' from command line to 'False'
[0.186s] Level 5:colcon.colcon_core.verb:set package 'omni_description' build argument 'ament_cmake_args' from command line to 'None'
[0.186s] Level 5:colcon.colcon_core.verb:set package 'omni_description' build argument 'catkin_cmake_args' from command line to 'None'
[0.186s] Level 5:colcon.colcon_core.verb:set package 'omni_description' build argument 'catkin_skip_building_tests' from command line to 'False'
[0.186s] DEBUG:colcon.colcon_core.verb:Building package 'omni_description' with the following arguments: {'ament_cmake_args': None, 'build_base': '/home/projet-echo/Projet_indus/build/omni_description', 'catkin_cmake_args': None, 'catkin_skip_building_tests': False, 'cmake_args': None, 'cmake_clean_cache': False, 'cmake_clean_first': False, 'cmake_force_configure': False, 'cmake_target': None, 'cmake_target_skip_unavailable': False, 'install_base': '/home/projet-echo/Projet_indus/install/omni_description', 'merge_install': False, 'path': '/home/projet-echo/Projet_indus/src/Geomagic_Touch_ROS2/omni_description', 'symlink_install': False, 'test_result_base': None}
[0.186s] Level 5:colcon.colcon_core.verb:set package 'omni_msgs' build argument 'cmake_args' from command line to 'None'
[0.186s] Level 5:colcon.colcon_core.verb:set package 'omni_msgs' build argument 'cmake_target' from command line to 'None'
[0.186s] Level 5:colcon.colcon_core.verb:set package 'omni_msgs' build argument 'cmake_target_skip_unavailable' from command line to 'False'
[0.186s] Level 5:colcon.colcon_core.verb:set package 'omni_msgs' build argument 'cmake_clean_cache' from command line to 'False'
[0.186s] Level 5:colcon.colcon_core.verb:set package 'omni_msgs' build argument 'cmake_clean_first' from command line to 'False'
[0.186s] Level 5:colcon.colcon_core.verb:set package 'omni_msgs' build argument 'cmake_force_configure' from command line to 'False'
[0.186s] Level 5:colcon.colcon_core.verb:set package 'omni_msgs' build argument 'ament_cmake_args' from command line to 'None'
[0.186s] Level 5:colcon.colcon_core.verb:set package 'omni_msgs' build argument 'catkin_cmake_args' from command line to 'None'
[0.186s] Level 5:colcon.colcon_core.verb:set package 'omni_msgs' build argument 'catkin_skip_building_tests' from command line to 'False'
[0.186s] DEBUG:colcon.colcon_core.verb:Building package 'omni_msgs' with the following arguments: {'ament_cmake_args': None, 'build_base': '/home/projet-echo/Projet_indus/build/omni_msgs', 'catkin_cmake_args': None, 'catkin_skip_building_tests': False, 'cmake_args': None, 'cmake_clean_cache': False, 'cmake_clean_first': False, 'cmake_force_configure': False, 'cmake_target': None, 'cmake_target_skip_unavailable': False, 'install_base': '/home/projet-echo/Projet_indus/install/omni_msgs', 'merge_install': False, 'path': '/home/projet-echo/Projet_indus/src/Geomagic_Touch_ROS2/omni_msgs', 'symlink_install': False, 'test_result_base': None}
[0.187s] Level 5:colcon.colcon_core.verb:set package 'omni_common' build argument 'cmake_args' from command line to 'None'
[0.187s] Level 5:colcon.colcon_core.verb:set package 'omni_common' build argument 'cmake_target' from command line to 'None'
[0.187s] Level 5:colcon.colcon_core.verb:set package 'omni_common' build argument 'cmake_target_skip_unavailable' from command line to 'False'
[0.187s] Level 5:colcon.colcon_core.verb:set package 'omni_common' build argument 'cmake_clean_cache' from command line to 'False'
[0.187s] Level 5:colcon.colcon_core.verb:set package 'omni_common' build argument 'cmake_clean_first' from command line to 'False'
[0.187s] Level 5:colcon.colcon_core.verb:set package 'omni_common' build argument 'cmake_force_configure' from command line to 'False'
[0.187s] Level 5:colcon.colcon_core.verb:set package 'omni_common' build argument 'ament_cmake_args' from command line to 'None'
[0.187s] Level 5:colcon.colcon_core.verb:set package 'omni_common' build argument 'catkin_cmake_args' from command line to 'None'
[0.187s] Level 5:colcon.colcon_core.verb:set package 'omni_common' build argument 'catkin_skip_building_tests' from command line to 'False'
[0.187s] DEBUG:colcon.colcon_core.verb:Building package 'omni_common' with the following arguments: {'ament_cmake_args': None, 'build_base': '/home/projet-echo/Projet_indus/build/omni_common', 'catkin_cmake_args': None, 'catkin_skip_building_tests': False, 'cmake_args': None, 'cmake_clean_cache': False, 'cmake_clean_first': False, 'cmake_force_configure': False, 'cmake_target': None, 'cmake_target_skip_unavailable': False, 'install_base': '/home/projet-echo/Projet_indus/install/omni_common', 'merge_install': False, 'path': '/home/projet-echo/Projet_indus/src/Geomagic_Touch_ROS2/omni_common', 'symlink_install': False, 'test_result_base': None}
[0.187s] Level 5:colcon.colcon_core.verb:set package 'ur_udp' build argument 'cmake_args' from command line to 'None'
[0.187s] Level 5:colcon.colcon_core.verb:set package 'ur_udp' build argument 'cmake_target' from command line to 'None'
[0.187s] Level 5:colcon.colcon_core.verb:set package 'ur_udp' build argument 'cmake_target_skip_unavailable' from command line to 'False'
[0.187s] Level 5:colcon.colcon_core.verb:set package 'ur_udp' build argument 'cmake_clean_cache' from command line to 'False'
[0.187s] Level 5:colcon.colcon_core.verb:set package 'ur_udp' build argument 'cmake_clean_first' from command line to 'False'
[0.187s] Level 5:colcon.colcon_core.verb:set package 'ur_udp' build argument 'cmake_force_configure' from command line to 'False'
[0.187s] Level 5:colcon.colcon_core.verb:set package 'ur_udp' build argument 'ament_cmake_args' from command line to 'None'
[0.187s] Level 5:colcon.colcon_core.verb:set package 'ur_udp' build argument 'catkin_cmake_args' from command line to 'None'
[0.187s] Level 5:colcon.colcon_core.verb:set package 'ur_udp' build argument 'catkin_skip_building_tests' from command line to 'False'
[0.187s] DEBUG:colcon.colcon_core.verb:Building package 'ur_udp' with the following arguments: {'ament_cmake_args': None, 'build_base': '/home/projet-echo/Projet_indus/build/ur_udp', 'catkin_cmake_args': None, 'catkin_skip_building_tests': False, 'cmake_args': None, 'cmake_clean_cache': False, 'cmake_clean_first': False, 'cmake_force_configure': False, 'cmake_target': None, 'cmake_target_skip_unavailable': False, 'install_base': '/home/projet-echo/Projet_indus/install/ur_udp', 'merge_install': False, 'path': '/home/projet-echo/Projet_indus/src/ur_udp', 'symlink_install': False, 'test_result_base': None}
[0.187s] Level 5:colcon.colcon_core.verb:set package 'ur_to_touch_haptic_teleoperation' build argument 'cmake_args' from command line to 'None'
[0.187s] Level 5:colcon.colcon_core.verb:set package 'ur_to_touch_haptic_teleoperation' build argument 'cmake_target' from command line to 'None'
[0.187s] Level 5:colcon.colcon_core.verb:set package 'ur_to_touch_haptic_teleoperation' build argument 'cmake_target_skip_unavailable' from command line to 'False'
[0.187s] Level 5:colcon.colcon_core.verb:set package 'ur_to_touch_haptic_teleoperation' build argument 'cmake_clean_cache' from command line to 'False'
[0.187s] Level 5:colcon.colcon_core.verb:set package 'ur_to_touch_haptic_teleoperation' build argument 'cmake_clean_first' from command line to 'False'
[0.187s] Level 5:colcon.colcon_core.verb:set package 'ur_to_touch_haptic_teleoperation' build argument 'cmake_force_configure' from command line to 'False'
[0.187s] Level 5:colcon.colcon_core.verb:set package 'ur_to_touch_haptic_teleoperation' build argument 'ament_cmake_args' from command line to 'None'
[0.187s] Level 5:colcon.colcon_core.verb:set package 'ur_to_touch_haptic_teleoperation' build argument 'catkin_cmake_args' from command line to 'None'
[0.187s] Level 5:colcon.colcon_core.verb:set package 'ur_to_touch_haptic_teleoperation' build argument 'catkin_skip_building_tests' from command line to 'False'
[0.187s] DEBUG:colcon.colcon_core.verb:Building package 'ur_to_touch_haptic_teleoperation' with the following arguments: {'ament_cmake_args': None, 'build_base': '/home/projet-echo/Projet_indus/build/ur_to_touch_haptic_teleoperation', 'catkin_cmake_args': None, 'catkin_skip_building_tests': False, 'cmake_args': None, 'cmake_clean_cache': False, 'cmake_clean_first': False, 'cmake_force_configure': False, 'cmake_target': None, 'cmake_target_skip_unavailable': False, 'install_base': '/home/projet-echo/Projet_indus/install/ur_to_touch_haptic_teleoperation', 'merge_install': False, 'path': '/home/projet-echo/Projet_indus/src/ur_to_touch_haptic_teleoperation', 'symlink_install': False, 'test_result_base': None}
[0.187s] INFO:colcon.colcon_core.executor:Executing jobs using 'parallel' executor
[0.188s] DEBUG:colcon.colcon_parallel_executor.executor.parallel:run_until_complete
[0.188s] INFO:colcon.colcon_ros.task.catkin.build:Building ROS package in '/home/projet-echo/Projet_indus/src/Geomagic_Touch_ROS2/omni_msgs' with build type 'catkin'
[0.188s] INFO:colcon.colcon_cmake.task.cmake.build:Building CMake package in '/home/projet-echo/Projet_indus/src/Geomagic_Touch_ROS2/omni_msgs'
[0.190s] INFO:colcon.colcon_core.plugin_system:Skipping extension 'colcon_core.shell.bat': Not used on non-Windows systems
[0.190s] INFO:colcon.colcon_core.shell:Skip shell extension 'powershell' for command environment: Not usable outside of PowerShell
[0.190s] DEBUG:colcon.colcon_core.shell:Skip shell extension 'dsv' for command environment
[0.192s] INFO:colcon.colcon_ros.task.ament_cmake.build:Building ROS package in '/home/projet-echo/Projet_indus/src/Geomagic_Touch_ROS2/omni_description' with build type 'ament_cmake'
[0.193s] INFO:colcon.colcon_cmake.task.cmake.build:Building CMake package in '/home/projet-echo/Projet_indus/src/Geomagic_Touch_ROS2/omni_description'
[0.193s] INFO:colcon.colcon_core.shell:Skip shell extension 'powershell' for command environment: Not usable outside of PowerShell
[0.193s] DEBUG:colcon.colcon_core.shell:Skip shell extension 'dsv' for command environment
[0.197s] DEBUG:colcon.colcon_core.event_handler.log_command:Invoking command in '/home/projet-echo/Projet_indus/build/omni_msgs': /usr/bin/cmake --build /home/projet-echo/Projet_indus/build/omni_msgs -- -j20 -l20
[0.199s] DEBUG:colcon.colcon_core.event_handler.log_command:Invoking command in '/home/projet-echo/Projet_indus/build/omni_description': CMAKE_PREFIX_PATH=/home/projet-echo/Projet_indus/install/ur_udp:/home/projet-echo/Projet_indus/install/ur_to_touch_haptic_teleoperation:/home/projet-echo/Projet_indus/install/omni_common:/opt/ros/humble:/home/projet-echo/Projet_indus/install/omni_msgs:/home/projet-echo/Projet_indus/install/omni_description /usr/bin/cmake --build /home/projet-echo/Projet_indus/build/omni_description -- -j20 -l20
[0.226s] DEBUG:colcon.colcon_core.event_handler.log_command:Invoked command in '/home/projet-echo/Projet_indus/build/omni_description' returned '0': CMAKE_PREFIX_PATH=/home/projet-echo/Projet_indus/install/ur_udp:/home/projet-echo/Projet_indus/install/ur_to_touch_haptic_teleoperation:/home/projet-echo/Projet_indus/install/omni_common:/opt/ros/humble:/home/projet-echo/Projet_indus/install/omni_msgs:/home/projet-echo/Projet_indus/install/omni_description /usr/bin/cmake --build /home/projet-echo/Projet_indus/build/omni_description -- -j20 -l20
[0.233s] DEBUG:colcon.colcon_core.event_handler.log_command:Invoking command in '/home/projet-echo/Projet_indus/build/omni_description': CMAKE_PREFIX_PATH=/home/projet-echo/Projet_indus/install/ur_udp:/home/projet-echo/Projet_indus/install/ur_to_touch_haptic_teleoperation:/home/projet-echo/Projet_indus/install/omni_common:/opt/ros/humble:/home/projet-echo/Projet_indus/install/omni_msgs:/home/projet-echo/Projet_indus/install/omni_description /usr/bin/cmake --install /home/projet-echo/Projet_indus/build/omni_description
[0.245s] Level 1:colcon.colcon_core.environment:create_environment_scripts_only(omni_description)
[0.245s] DEBUG:colcon.colcon_core.event_handler.log_command:Invoked command in '/home/projet-echo/Projet_indus/build/omni_description' returned '0': CMAKE_PREFIX_PATH=/home/projet-echo/Projet_indus/install/ur_udp:/home/projet-echo/Projet_indus/install/ur_to_touch_haptic_teleoperation:/home/projet-echo/Projet_indus/install/omni_common:/opt/ros/humble:/home/projet-echo/Projet_indus/install/omni_msgs:/home/projet-echo/Projet_indus/install/omni_description /usr/bin/cmake --install /home/projet-echo/Projet_indus/build/omni_description
[0.248s] Level 1:colcon.colcon_core.environment:checking '/home/projet-echo/Projet_indus/install/omni_description' for CMake module files
[0.248s] Level 1:colcon.colcon_core.environment:checking '/home/projet-echo/Projet_indus/install/omni_description' for CMake config files
[0.248s] Level 1:colcon.colcon_core.shell:create_environment_hook('omni_description', 'cmake_prefix_path')
[0.248s] INFO:colcon.colcon_core.shell:Creating environment hook '/home/projet-echo/Projet_indus/install/omni_description/share/omni_description/hook/cmake_prefix_path.ps1'
[0.249s] INFO:colcon.colcon_core.shell:Creating environment descriptor '/home/projet-echo/Projet_indus/install/omni_description/share/omni_description/hook/cmake_prefix_path.dsv'
[0.249s] INFO:colcon.colcon_core.shell:Creating environment hook '/home/projet-echo/Projet_indus/install/omni_description/share/omni_description/hook/cmake_prefix_path.sh'
[0.250s] Level 1:colcon.colcon_core.environment:checking '/home/projet-echo/Projet_indus/install/omni_description/bin'
[0.250s] Level 1:colcon.colcon_core.environment:checking '/home/projet-echo/Projet_indus/install/omni_description/lib/pkgconfig/omni_description.pc'
[0.251s] Level 1:colcon.colcon_core.environment:checking '/home/projet-echo/Projet_indus/install/omni_description/lib/python3.10/site-packages'
[0.251s] Level 1:colcon.colcon_core.environment:checking '/home/projet-echo/Projet_indus/install/omni_description/bin'
[0.252s] INFO:colcon.colcon_core.shell:Creating package script '/home/projet-echo/Projet_indus/install/omni_description/share/omni_description/package.ps1'
[0.252s] INFO:colcon.colcon_core.shell:Creating package descriptor '/home/projet-echo/Projet_indus/install/omni_description/share/omni_description/package.dsv'
[0.253s] INFO:colcon.colcon_core.shell:Creating package script '/home/projet-echo/Projet_indus/install/omni_description/share/omni_description/package.sh'
[0.253s] INFO:colcon.colcon_core.shell:Creating package script '/home/projet-echo/Projet_indus/install/omni_description/share/omni_description/package.bash'
[0.254s] INFO:colcon.colcon_core.shell:Creating package script '/home/projet-echo/Projet_indus/install/omni_description/share/omni_description/package.zsh'
[0.254s] Level 1:colcon.colcon_core.environment:create_file_with_runtime_dependencies(/home/projet-echo/Projet_indus/install/omni_description/share/colcon-core/packages/omni_description)
[0.255s] Level 1:colcon.colcon_core.environment:create_environment_scripts_only(omni_description)
[0.255s] Level 1:colcon.colcon_core.environment:checking '/home/projet-echo/Projet_indus/install/omni_description' for CMake module files
[0.255s] Level 1:colcon.colcon_core.environment:checking '/home/projet-echo/Projet_indus/install/omni_description' for CMake config files
[0.255s] Level 1:colcon.colcon_core.shell:create_environment_hook('omni_description', 'cmake_prefix_path')
[0.255s] INFO:colcon.colcon_core.shell:Creating environment hook '/home/projet-echo/Projet_indus/install/omni_description/share/omni_description/hook/cmake_prefix_path.ps1'
[0.256s] INFO:colcon.colcon_core.shell:Creating environment descriptor '/home/projet-echo/Projet_indus/install/omni_description/share/omni_description/hook/cmake_prefix_path.dsv'
[0.256s] INFO:colcon.colcon_core.shell:Creating environment hook '/home/projet-echo/Projet_indus/install/omni_description/share/omni_description/hook/cmake_prefix_path.sh'
[0.257s] Level 1:colcon.colcon_core.environment:checking '/home/projet-echo/Projet_indus/install/omni_description/bin'
[0.257s] Level 1:colcon.colcon_core.environment:checking '/home/projet-echo/Projet_indus/install/omni_description/lib/pkgconfig/omni_description.pc'
[0.257s] Level 1:colcon.colcon_core.environment:checking '/home/projet-echo/Projet_indus/install/omni_description/lib/python3.10/site-packages'
[0.257s] Level 1:colcon.colcon_core.environment:checking '/home/projet-echo/Projet_indus/install/omni_description/bin'
[0.257s] INFO:colcon.colcon_core.shell:Creating package script '/home/projet-echo/Projet_indus/install/omni_description/share/omni_description/package.ps1'
[0.257s] INFO:colcon.colcon_core.shell:Creating package descriptor '/home/projet-echo/Projet_indus/install/omni_description/share/omni_description/package.dsv'
[0.258s] INFO:colcon.colcon_core.shell:Creating package script '/home/projet-echo/Projet_indus/install/omni_description/share/omni_description/package.sh'
[0.258s] INFO:colcon.colcon_core.shell:Creating package script '/home/projet-echo/Projet_indus/install/omni_description/share/omni_description/package.bash'
[0.258s] INFO:colcon.colcon_core.shell:Creating package script '/home/projet-echo/Projet_indus/install/omni_description/share/omni_description/package.zsh'
[0.258s] Level 1:colcon.colcon_core.environment:create_file_with_runtime_dependencies(/home/projet-echo/Projet_indus/install/omni_description/share/colcon-core/packages/omni_description)
[0.413s] DEBUG:colcon.colcon_core.event_handler.log_command:Invoked command in '/home/projet-echo/Projet_indus/build/omni_msgs' returned '0': /usr/bin/cmake --build /home/projet-echo/Projet_indus/build/omni_msgs -- -j20 -l20
[0.414s] DEBUG:colcon.colcon_core.event_handler.log_command:Invoking command in '/home/projet-echo/Projet_indus/build/omni_msgs': /usr/bin/cmake --install /home/projet-echo/Projet_indus/build/omni_msgs
[0.448s] DEBUG:colcon.colcon_core.event_handler.log_command:Invoked command in '/home/projet-echo/Projet_indus/build/omni_msgs' returned '0': /usr/bin/cmake --install /home/projet-echo/Projet_indus/build/omni_msgs
[0.448s] Level 1:colcon.colcon_core.shell:create_environment_hook('omni_msgs', 'ros_package_path')
[0.448s] INFO:colcon.colcon_core.shell:Creating environment hook '/home/projet-echo/Projet_indus/install/omni_msgs/share/omni_msgs/hook/ros_package_path.ps1'
[0.449s] INFO:colcon.colcon_core.shell:Creating environment descriptor '/home/projet-echo/Projet_indus/install/omni_msgs/share/omni_msgs/hook/ros_package_path.dsv'
[0.449s] INFO:colcon.colcon_core.shell:Creating environment hook '/home/projet-echo/Projet_indus/install/omni_msgs/share/omni_msgs/hook/ros_package_path.sh'
[0.449s] Level 1:colcon.colcon_ros.task.catkin:checking '/home/projet-echo/Projet_indus/install/omni_msgs/local/lib/python3.10/dist-packages'
[0.449s] Level 1:colcon.colcon_core.shell:create_environment_hook('omni_msgs', 'catkin_pythonpath')
[0.449s] INFO:colcon.colcon_core.shell:Creating environment hook '/home/projet-echo/Projet_indus/install/omni_msgs/share/omni_msgs/hook/catkin_pythonpath.ps1'
[0.450s] INFO:colcon.colcon_core.shell:Creating environment descriptor '/home/projet-echo/Projet_indus/install/omni_msgs/share/omni_msgs/hook/catkin_pythonpath.dsv'
[0.450s] INFO:colcon.colcon_core.shell:Creating environment hook '/home/projet-echo/Projet_indus/install/omni_msgs/share/omni_msgs/hook/catkin_pythonpath.sh'
[0.450s] Level 1:colcon.colcon_core.shell:create_environment_hook('omni_msgs', 'pkg_config_path')
[0.450s] INFO:colcon.colcon_core.shell:Creating environment hook '/home/projet-echo/Projet_indus/install/omni_msgs/share/omni_msgs/hook/pkg_config_path.ps1'
[0.450s] INFO:colcon.colcon_core.shell:Creating environment descriptor '/home/projet-echo/Projet_indus/install/omni_msgs/share/omni_msgs/hook/pkg_config_path.dsv'
[0.451s] INFO:colcon.colcon_core.shell:Creating environment hook '/home/projet-echo/Projet_indus/install/omni_msgs/share/omni_msgs/hook/pkg_config_path.sh'
[0.452s] Level 1:colcon.colcon_core.shell:create_environment_hook('omni_msgs', 'pkg_config_path_multiarch')
[0.452s] INFO:colcon.colcon_core.shell:Creating environment hook '/home/projet-echo/Projet_indus/install/omni_msgs/share/omni_msgs/hook/pkg_config_path_multiarch.ps1'
[0.453s] INFO:colcon.colcon_core.shell:Creating environment descriptor '/home/projet-echo/Projet_indus/install/omni_msgs/share/omni_msgs/hook/pkg_config_path_multiarch.dsv'
[0.453s] INFO:colcon.colcon_core.shell:Creating environment hook '/home/projet-echo/Projet_indus/install/omni_msgs/share/omni_msgs/hook/pkg_config_path_multiarch.sh'
[0.454s] Level 1:colcon.colcon_core.environment:create_environment_scripts_only(omni_msgs)
[0.455s] Level 1:colcon.colcon_core.environment:checking '/home/projet-echo/Projet_indus/install/omni_msgs' for CMake module files
[0.455s] Level 1:colcon.colcon_core.environment:checking '/home/projet-echo/Projet_indus/install/omni_msgs' for CMake config files
[0.455s] Level 1:colcon.colcon_core.shell:create_environment_hook('omni_msgs', 'cmake_prefix_path')
[0.456s] INFO:colcon.colcon_core.shell:Creating environment hook '/home/projet-echo/Projet_indus/install/omni_msgs/share/omni_msgs/hook/cmake_prefix_path.ps1'
[0.456s] INFO:colcon.colcon_core.shell:Creating environment descriptor '/home/projet-echo/Projet_indus/install/omni_msgs/share/omni_msgs/hook/cmake_prefix_path.dsv'
[0.456s] INFO:colcon.colcon_core.shell:Creating environment hook '/home/projet-echo/Projet_indus/install/omni_msgs/share/omni_msgs/hook/cmake_prefix_path.sh'
[0.457s] Level 1:colcon.colcon_core.environment:checking '/home/projet-echo/Projet_indus/install/omni_msgs/lib'
[0.457s] Level 1:colcon.colcon_core.shell:create_environment_hook('omni_msgs', 'ld_library_path_lib')
[0.457s] INFO:colcon.colcon_core.shell:Creating environment hook '/home/projet-echo/Projet_indus/install/omni_msgs/share/omni_msgs/hook/ld_library_path_lib.ps1'
[0.457s] INFO:colcon.colcon_core.shell:Creating environment descriptor '/home/projet-echo/Projet_indus/install/omni_msgs/share/omni_msgs/hook/ld_library_path_lib.dsv'
[0.457s] INFO:colcon.colcon_core.shell:Creating environment hook '/home/projet-echo/Projet_indus/install/omni_msgs/share/omni_msgs/hook/ld_library_path_lib.sh'
[0.457s] Level 1:colcon.colcon_core.environment:checking '/home/projet-echo/Projet_indus/install/omni_msgs/bin'
[0.457s] Level 1:colcon.colcon_core.environment:checking '/home/projet-echo/Projet_indus/install/omni_msgs/lib/pkgconfig/omni_msgs.pc'
[0.458s] Level 1:colcon.colcon_core.environment:checking '/home/projet-echo/Projet_indus/install/omni_msgs/lib/python3.10/site-packages'
[0.458s] Level 1:colcon.colcon_core.environment:checking '/home/projet-echo/Projet_indus/install/omni_msgs/bin'
[0.458s] INFO:colcon.colcon_core.shell:Creating package script '/home/projet-echo/Projet_indus/install/omni_msgs/share/omni_msgs/package.ps1'
[0.458s] INFO:colcon.colcon_core.shell:Creating package descriptor '/home/projet-echo/Projet_indus/install/omni_msgs/share/omni_msgs/package.dsv'
[0.459s] INFO:colcon.colcon_core.shell:Creating package script '/home/projet-echo/Projet_indus/install/omni_msgs/share/omni_msgs/package.sh'
[0.459s] INFO:colcon.colcon_core.shell:Creating package script '/home/projet-echo/Projet_indus/install/omni_msgs/share/omni_msgs/package.bash'
[0.459s] INFO:colcon.colcon_core.shell:Creating package script '/home/projet-echo/Projet_indus/install/omni_msgs/share/omni_msgs/package.zsh'
[0.459s] Level 1:colcon.colcon_core.environment:create_file_with_runtime_dependencies(/home/projet-echo/Projet_indus/install/omni_msgs/share/colcon-core/packages/omni_msgs)
[0.459s] INFO:colcon.colcon_ros.task.ament_cmake.build:Building ROS package in '/home/projet-echo/Projet_indus/src/Geomagic_Touch_ROS2/omni_common' with build type 'ament_cmake'
[0.460s] INFO:colcon.colcon_cmake.task.cmake.build:Building CMake package in '/home/projet-echo/Projet_indus/src/Geomagic_Touch_ROS2/omni_common'
[0.460s] INFO:colcon.colcon_core.shell:Skip shell extension 'powershell' for command environment: Not usable outside of PowerShell
[0.460s] DEBUG:colcon.colcon_core.shell:Skip shell extension 'dsv' for command environment
[0.462s] INFO:colcon.colcon_ros.task.ament_cmake.build:Building ROS package in '/home/projet-echo/Projet_indus/src/ur_udp' with build type 'ament_cmake'
[0.462s] INFO:colcon.colcon_cmake.task.cmake.build:Building CMake package in '/home/projet-echo/Projet_indus/src/ur_udp'
[0.462s] INFO:colcon.colcon_core.shell:Skip shell extension 'powershell' for command environment: Not usable outside of PowerShell
[0.462s] DEBUG:colcon.colcon_core.shell:Skip shell extension 'dsv' for command environment
[0.467s] DEBUG:colcon.colcon_core.event_handler.log_command:Invoking command in '/home/projet-echo/Projet_indus/build/omni_common': CMAKE_PREFIX_PATH=/opt/ros/humble:/home/projet-echo/Projet_indus/install/omni_msgs:/home/projet-echo/Projet_indus/install/ur_udp:/home/projet-echo/Projet_indus/install/ur_to_touch_haptic_teleoperation:/home/projet-echo/Projet_indus/install/omni_common:/home/projet-echo/Projet_indus/install/omni_description /usr/bin/cmake --build /home/projet-echo/Projet_indus/build/omni_common -- -j20 -l20
[0.469s] DEBUG:colcon.colcon_core.event_handler.log_command:Invoking command in '/home/projet-echo/Projet_indus/build/ur_udp': CMAKE_PREFIX_PATH=/opt/ros/humble:/home/projet-echo/Projet_indus/install/omni_msgs:/home/projet-echo/Projet_indus/install/ur_udp:/home/projet-echo/Projet_indus/install/ur_to_touch_haptic_teleoperation:/home/projet-echo/Projet_indus/install/omni_common:/home/projet-echo/Projet_indus/install/omni_description /usr/bin/cmake --build /home/projet-echo/Projet_indus/build/ur_udp -- -j20 -l20
[0.516s] DEBUG:colcon.colcon_core.event_handler.log_command:Invoked command in '/home/projet-echo/Projet_indus/build/omni_common' returned '0': CMAKE_PREFIX_PATH=/opt/ros/humble:/home/projet-echo/Projet_indus/install/omni_msgs:/home/projet-echo/Projet_indus/install/ur_udp:/home/projet-echo/Projet_indus/install/ur_to_touch_haptic_teleoperation:/home/projet-echo/Projet_indus/install/omni_common:/home/projet-echo/Projet_indus/install/omni_description /usr/bin/cmake --build /home/projet-echo/Projet_indus/build/omni_common -- -j20 -l20
[0.517s] DEBUG:colcon.colcon_core.event_handler.log_command:Invoking command in '/home/projet-echo/Projet_indus/build/omni_common': CMAKE_PREFIX_PATH=/opt/ros/humble:/home/projet-echo/Projet_indus/install/omni_msgs:/home/projet-echo/Projet_indus/install/ur_udp:/home/projet-echo/Projet_indus/install/ur_to_touch_haptic_teleoperation:/home/projet-echo/Projet_indus/install/omni_common:/home/projet-echo/Projet_indus/install/omni_description /usr/bin/cmake --install /home/projet-echo/Projet_indus/build/omni_common
[0.523s] Level 1:colcon.colcon_core.environment:create_environment_scripts_only(omni_common)
[0.523s] Level 1:colcon.colcon_core.environment:checking '/home/projet-echo/Projet_indus/install/omni_common' for CMake module files
[0.524s] DEBUG:colcon.colcon_core.event_handler.log_command:Invoked command in '/home/projet-echo/Projet_indus/build/omni_common' returned '0': CMAKE_PREFIX_PATH=/opt/ros/humble:/home/projet-echo/Projet_indus/install/omni_msgs:/home/projet-echo/Projet_indus/install/ur_udp:/home/projet-echo/Projet_indus/install/ur_to_touch_haptic_teleoperation:/home/projet-echo/Projet_indus/install/omni_common:/home/projet-echo/Projet_indus/install/omni_description /usr/bin/cmake --install /home/projet-echo/Projet_indus/build/omni_common
[0.524s] Level 1:colcon.colcon_core.environment:checking '/home/projet-echo/Projet_indus/install/omni_common' for CMake config files
[0.524s] Level 1:colcon.colcon_core.shell:create_environment_hook('omni_common', 'cmake_prefix_path')
[0.524s] INFO:colcon.colcon_core.shell:Creating environment hook '/home/projet-echo/Projet_indus/install/omni_common/share/omni_common/hook/cmake_prefix_path.ps1'
[0.524s] INFO:colcon.colcon_core.shell:Creating environment descriptor '/home/projet-echo/Projet_indus/install/omni_common/share/omni_common/hook/cmake_prefix_path.dsv'
[0.525s] INFO:colcon.colcon_core.shell:Creating environment hook '/home/projet-echo/Projet_indus/install/omni_common/share/omni_common/hook/cmake_prefix_path.sh'
[0.525s] Level 1:colcon.colcon_core.environment:checking '/home/projet-echo/Projet_indus/install/omni_common/lib'
[0.525s] Level 1:colcon.colcon_core.environment:checking '/home/projet-echo/Projet_indus/install/omni_common/bin'
[0.525s] Level 1:colcon.colcon_core.environment:checking '/home/projet-echo/Projet_indus/install/omni_common/lib/pkgconfig/omni_common.pc'
[0.525s] Level 1:colcon.colcon_core.environment:checking '/home/projet-echo/Projet_indus/install/omni_common/lib/python3.10/site-packages'
[0.525s] Level 1:colcon.colcon_core.environment:checking '/home/projet-echo/Projet_indus/install/omni_common/bin'
[0.526s] INFO:colcon.colcon_core.shell:Creating package script '/home/projet-echo/Projet_indus/install/omni_common/share/omni_common/package.ps1'
[0.526s] INFO:colcon.colcon_core.shell:Creating package descriptor '/home/projet-echo/Projet_indus/install/omni_common/share/omni_common/package.dsv'
[0.527s] INFO:colcon.colcon_core.shell:Creating package script '/home/projet-echo/Projet_indus/install/omni_common/share/omni_common/package.sh'
[0.527s] INFO:colcon.colcon_core.shell:Creating package script '/home/projet-echo/Projet_indus/install/omni_common/share/omni_common/package.bash'
[0.527s] INFO:colcon.colcon_core.shell:Creating package script '/home/projet-echo/Projet_indus/install/omni_common/share/omni_common/package.zsh'
[0.527s] Level 1:colcon.colcon_core.environment:create_file_with_runtime_dependencies(/home/projet-echo/Projet_indus/install/omni_common/share/colcon-core/packages/omni_common)
[0.528s] Level 1:colcon.colcon_core.environment:create_environment_scripts_only(omni_common)
[0.528s] Level 1:colcon.colcon_core.environment:checking '/home/projet-echo/Projet_indus/install/omni_common' for CMake module files
[0.528s] Level 1:colcon.colcon_core.environment:checking '/home/projet-echo/Projet_indus/install/omni_common' for CMake config files
[0.528s] Level 1:colcon.colcon_core.shell:create_environment_hook('omni_common', 'cmake_prefix_path')
[0.528s] INFO:colcon.colcon_core.shell:Creating environment hook '/home/projet-echo/Projet_indus/install/omni_common/share/omni_common/hook/cmake_prefix_path.ps1'
[0.529s] INFO:colcon.colcon_core.shell:Creating environment descriptor '/home/projet-echo/Projet_indus/install/omni_common/share/omni_common/hook/cmake_prefix_path.dsv'
[0.529s] INFO:colcon.colcon_core.shell:Creating environment hook '/home/projet-echo/Projet_indus/install/omni_common/share/omni_common/hook/cmake_prefix_path.sh'
[0.529s] Level 1:colcon.colcon_core.environment:checking '/home/projet-echo/Projet_indus/install/omni_common/lib'
[0.529s] Level 1:colcon.colcon_core.environment:checking '/home/projet-echo/Projet_indus/install/omni_common/bin'
[0.529s] Level 1:colcon.colcon_core.environment:checking '/home/projet-echo/Projet_indus/install/omni_common/lib/pkgconfig/omni_common.pc'
[0.529s] Level 1:colcon.colcon_core.environment:checking '/home/projet-echo/Projet_indus/install/omni_common/lib/python3.10/site-packages'
[0.529s] Level 1:colcon.colcon_core.environment:checking '/home/projet-echo/Projet_indus/install/omni_common/bin'
[0.530s] INFO:colcon.colcon_core.shell:Creating package script '/home/projet-echo/Projet_indus/install/omni_common/share/omni_common/package.ps1'
[0.530s] INFO:colcon.colcon_core.shell:Creating package descriptor '/home/projet-echo/Projet_indus/install/omni_common/share/omni_common/package.dsv'
[0.530s] INFO:colcon.colcon_core.shell:Creating package script '/home/projet-echo/Projet_indus/install/omni_common/share/omni_common/package.sh'
[0.531s] INFO:colcon.colcon_core.shell:Creating package script '/home/projet-echo/Projet_indus/install/omni_common/share/omni_common/package.bash'
[0.531s] INFO:colcon.colcon_core.shell:Creating package script '/home/projet-echo/Projet_indus/install/omni_common/share/omni_common/package.zsh'
[0.531s] Level 1:colcon.colcon_core.environment:create_file_with_runtime_dependencies(/home/projet-echo/Projet_indus/install/omni_common/share/colcon-core/packages/omni_common)
[0.531s] INFO:colcon.colcon_ros.task.ament_cmake.build:Building ROS package in '/home/projet-echo/Projet_indus/src/ur_to_touch_haptic_teleoperation' with build type 'ament_cmake'
[0.531s] INFO:colcon.colcon_cmake.task.cmake.build:Building CMake package in '/home/projet-echo/Projet_indus/src/ur_to_touch_haptic_teleoperation'
[0.531s] INFO:colcon.colcon_core.shell:Skip shell extension 'powershell' for command environment: Not usable outside of PowerShell
[0.531s] DEBUG:colcon.colcon_core.shell:Skip shell extension 'dsv' for command environment
[0.538s] DEBUG:colcon.colcon_core.event_handler.log_command:Invoking command in '/home/projet-echo/Projet_indus/build/ur_to_touch_haptic_teleoperation': CMAKE_PREFIX_PATH=/home/projet-echo/Projet_indus/install/omni_common:/opt/ros/humble:/home/projet-echo/Projet_indus/install/omni_msgs:/home/projet-echo/Projet_indus/install/ur_udp:/home/projet-echo/Projet_indus/install/ur_to_touch_haptic_teleoperation:/home/projet-echo/Projet_indus/install/omni_description /usr/bin/cmake --build /home/projet-echo/Projet_indus/build/ur_to_touch_haptic_teleoperation -- -j20 -l20
[0.589s] DEBUG:colcon.colcon_core.event_handler.log_command:Invoked command in '/home/projet-echo/Projet_indus/build/ur_to_touch_haptic_teleoperation' returned '0': CMAKE_PREFIX_PATH=/home/projet-echo/Projet_indus/install/omni_common:/opt/ros/humble:/home/projet-echo/Projet_indus/install/omni_msgs:/home/projet-echo/Projet_indus/install/ur_udp:/home/projet-echo/Projet_indus/install/ur_to_touch_haptic_teleoperation:/home/projet-echo/Projet_indus/install/omni_description /usr/bin/cmake --build /home/projet-echo/Projet_indus/build/ur_to_touch_haptic_teleoperation -- -j20 -l20
[0.590s] DEBUG:colcon.colcon_core.event_handler.log_command:Invoking command in '/home/projet-echo/Projet_indus/build/ur_to_touch_haptic_teleoperation': CMAKE_PREFIX_PATH=/home/projet-echo/Projet_indus/install/omni_common:/opt/ros/humble:/home/projet-echo/Projet_indus/install/omni_msgs:/home/projet-echo/Projet_indus/install/ur_udp:/home/projet-echo/Projet_indus/install/ur_to_touch_haptic_teleoperation:/home/projet-echo/Projet_indus/install/omni_description /usr/bin/cmake --install /home/projet-echo/Projet_indus/build/ur_to_touch_haptic_teleoperation
[0.597s] Level 1:colcon.colcon_core.environment:create_environment_scripts_only(ur_to_touch_haptic_teleoperation)
[0.597s] Level 1:colcon.colcon_core.environment:checking '/home/projet-echo/Projet_indus/install/ur_to_touch_haptic_teleoperation' for CMake module files
[0.597s] DEBUG:colcon.colcon_core.event_handler.log_command:Invoked command in '/home/projet-echo/Projet_indus/build/ur_to_touch_haptic_teleoperation' returned '0': CMAKE_PREFIX_PATH=/home/projet-echo/Projet_indus/install/omni_common:/opt/ros/humble:/home/projet-echo/Projet_indus/install/omni_msgs:/home/projet-echo/Projet_indus/install/ur_udp:/home/projet-echo/Projet_indus/install/ur_to_touch_haptic_teleoperation:/home/projet-echo/Projet_indus/install/omni_description /usr/bin/cmake --install /home/projet-echo/Projet_indus/build/ur_to_touch_haptic_teleoperation
[0.597s] Level 1:colcon.colcon_core.environment:checking '/home/projet-echo/Projet_indus/install/ur_to_touch_haptic_teleoperation' for CMake config files
[0.597s] Level 1:colcon.colcon_core.shell:create_environment_hook('ur_to_touch_haptic_teleoperation', 'cmake_prefix_path')
[0.598s] INFO:colcon.colcon_core.shell:Creating environment hook '/home/projet-echo/Projet_indus/install/ur_to_touch_haptic_teleoperation/share/ur_to_touch_haptic_teleoperation/hook/cmake_prefix_path.ps1'
[0.598s] INFO:colcon.colcon_core.shell:Creating environment descriptor '/home/projet-echo/Projet_indus/install/ur_to_touch_haptic_teleoperation/share/ur_to_touch_haptic_teleoperation/hook/cmake_prefix_path.dsv'
[0.598s] INFO:colcon.colcon_core.shell:Creating environment hook '/home/projet-echo/Projet_indus/install/ur_to_touch_haptic_teleoperation/share/ur_to_touch_haptic_teleoperation/hook/cmake_prefix_path.sh'
[0.599s] Level 1:colcon.colcon_core.environment:checking '/home/projet-echo/Projet_indus/install/ur_to_touch_haptic_teleoperation/lib'
[0.599s] Level 1:colcon.colcon_core.environment:checking '/home/projet-echo/Projet_indus/install/ur_to_touch_haptic_teleoperation/bin'
[0.599s] Level 1:colcon.colcon_core.environment:checking '/home/projet-echo/Projet_indus/install/ur_to_touch_haptic_teleoperation/lib/pkgconfig/ur_to_touch_haptic_teleoperation.pc'
[0.599s] Level 1:colcon.colcon_core.environment:checking '/home/projet-echo/Projet_indus/install/ur_to_touch_haptic_teleoperation/lib/python3.10/site-packages'
[0.599s] Level 1:colcon.colcon_core.environment:checking '/home/projet-echo/Projet_indus/install/ur_to_touch_haptic_teleoperation/bin'
[0.600s] INFO:colcon.colcon_core.shell:Creating package script '/home/projet-echo/Projet_indus/install/ur_to_touch_haptic_teleoperation/share/ur_to_touch_haptic_teleoperation/package.ps1'
[0.600s] INFO:colcon.colcon_core.shell:Creating package descriptor '/home/projet-echo/Projet_indus/install/ur_to_touch_haptic_teleoperation/share/ur_to_touch_haptic_teleoperation/package.dsv'
[0.600s] INFO:colcon.colcon_core.shell:Creating package script '/home/projet-echo/Projet_indus/install/ur_to_touch_haptic_teleoperation/share/ur_to_touch_haptic_teleoperation/package.sh'
[0.601s] INFO:colcon.colcon_core.shell:Creating package script '/home/projet-echo/Projet_indus/install/ur_to_touch_haptic_teleoperation/share/ur_to_touch_haptic_teleoperation/package.bash'
[0.601s] INFO:colcon.colcon_core.shell:Creating package script '/home/projet-echo/Projet_indus/install/ur_to_touch_haptic_teleoperation/share/ur_to_touch_haptic_teleoperation/package.zsh'
[0.601s] Level 1:colcon.colcon_core.environment:create_file_with_runtime_dependencies(/home/projet-echo/Projet_indus/install/ur_to_touch_haptic_teleoperation/share/colcon-core/packages/ur_to_touch_haptic_teleoperation)
[0.602s] Level 1:colcon.colcon_core.environment:create_environment_scripts_only(ur_to_touch_haptic_teleoperation)
[0.602s] Level 1:colcon.colcon_core.environment:checking '/home/projet-echo/Projet_indus/install/ur_to_touch_haptic_teleoperation' for CMake module files
[0.602s] Level 1:colcon.colcon_core.environment:checking '/home/projet-echo/Projet_indus/install/ur_to_touch_haptic_teleoperation' for CMake config files
[0.602s] Level 1:colcon.colcon_core.shell:create_environment_hook('ur_to_touch_haptic_teleoperation', 'cmake_prefix_path')
[0.602s] INFO:colcon.colcon_core.shell:Creating environment hook '/home/projet-echo/Projet_indus/install/ur_to_touch_haptic_teleoperation/share/ur_to_touch_haptic_teleoperation/hook/cmake_prefix_path.ps1'
[0.602s] INFO:colcon.colcon_core.shell:Creating environment descriptor '/home/projet-echo/Projet_indus/install/ur_to_touch_haptic_teleoperation/share/ur_to_touch_haptic_teleoperation/hook/cmake_prefix_path.dsv'
[0.603s] INFO:colcon.colcon_core.shell:Creating environment hook '/home/projet-echo/Projet_indus/install/ur_to_touch_haptic_teleoperation/share/ur_to_touch_haptic_teleoperation/hook/cmake_prefix_path.sh'
[0.603s] Level 1:colcon.colcon_core.environment:checking '/home/projet-echo/Projet_indus/install/ur_to_touch_haptic_teleoperation/lib'
[0.603s] Level 1:colcon.colcon_core.environment:checking '/home/projet-echo/Projet_indus/install/ur_to_touch_haptic_teleoperation/bin'
[0.603s] Level 1:colcon.colcon_core.environment:checking '/home/projet-echo/Projet_indus/install/ur_to_touch_haptic_teleoperation/lib/pkgconfig/ur_to_touch_haptic_teleoperation.pc'
[0.603s] Level 1:colcon.colcon_core.environment:checking '/home/projet-echo/Projet_indus/install/ur_to_touch_haptic_teleoperation/lib/python3.10/site-packages'
[0.603s] Level 1:colcon.colcon_core.environment:checking '/home/projet-echo/Projet_indus/install/ur_to_touch_haptic_teleoperation/bin'
[0.603s] INFO:colcon.colcon_core.shell:Creating package script '/home/projet-echo/Projet_indus/install/ur_to_touch_haptic_teleoperation/share/ur_to_touch_haptic_teleoperation/package.ps1'
[0.604s] INFO:colcon.colcon_core.shell:Creating package descriptor '/home/projet-echo/Projet_indus/install/ur_to_touch_haptic_teleoperation/share/ur_to_touch_haptic_teleoperation/package.dsv'
[0.604s] INFO:colcon.colcon_core.shell:Creating package script '/home/projet-echo/Projet_indus/install/ur_to_touch_haptic_teleoperation/share/ur_to_touch_haptic_teleoperation/package.sh'
[0.604s] INFO:colcon.colcon_core.shell:Creating package script '/home/projet-echo/Projet_indus/install/ur_to_touch_haptic_teleoperation/share/ur_to_touch_haptic_teleoperation/package.bash'
[0.604s] INFO:colcon.colcon_core.shell:Creating package script '/home/projet-echo/Projet_indus/install/ur_to_touch_haptic_teleoperation/share/ur_to_touch_haptic_teleoperation/package.zsh'
[0.605s] Level 1:colcon.colcon_core.environment:create_file_with_runtime_dependencies(/home/projet-echo/Projet_indus/install/ur_to_touch_haptic_teleoperation/share/colcon-core/packages/ur_to_touch_haptic_teleoperation)
[6.168s] DEBUG:colcon.colcon_core.event_handler.log_command:Invoked command in '/home/projet-echo/Projet_indus/build/ur_udp' returned '0': CMAKE_PREFIX_PATH=/opt/ros/humble:/home/projet-echo/Projet_indus/install/omni_msgs:/home/projet-echo/Projet_indus/install/ur_udp:/home/projet-echo/Projet_indus/install/ur_to_touch_haptic_teleoperation:/home/projet-echo/Projet_indus/install/omni_common:/home/projet-echo/Projet_indus/install/omni_description /usr/bin/cmake --build /home/projet-echo/Projet_indus/build/ur_udp -- -j20 -l20
[6.168s] DEBUG:colcon.colcon_core.event_handler.log_command:Invoking command in '/home/projet-echo/Projet_indus/build/ur_udp': CMAKE_PREFIX_PATH=/opt/ros/humble:/home/projet-echo/Projet_indus/install/omni_msgs:/home/projet-echo/Projet_indus/install/ur_udp:/home/projet-echo/Projet_indus/install/ur_to_touch_haptic_teleoperation:/home/projet-echo/Projet_indus/install/omni_common:/home/projet-echo/Projet_indus/install/omni_description /usr/bin/cmake --install /home/projet-echo/Projet_indus/build/ur_udp
[6.177s] Level 1:colcon.colcon_core.environment:create_environment_scripts_only(ur_udp)
[6.177s] DEBUG:colcon.colcon_core.event_handler.log_command:Invoked command in '/home/projet-echo/Projet_indus/build/ur_udp' returned '0': CMAKE_PREFIX_PATH=/opt/ros/humble:/home/projet-echo/Projet_indus/install/omni_msgs:/home/projet-echo/Projet_indus/install/ur_udp:/home/projet-echo/Projet_indus/install/ur_to_touch_haptic_teleoperation:/home/projet-echo/Projet_indus/install/omni_common:/home/projet-echo/Projet_indus/install/omni_description /usr/bin/cmake --install /home/projet-echo/Projet_indus/build/ur_udp
[6.177s] Level 1:colcon.colcon_core.environment:checking '/home/projet-echo/Projet_indus/install/ur_udp' for CMake module files
[6.177s] Level 1:colcon.colcon_core.environment:checking '/home/projet-echo/Projet_indus/install/ur_udp' for CMake config files
[6.177s] Level 1:colcon.colcon_core.shell:create_environment_hook('ur_udp', 'cmake_prefix_path')
[6.177s] INFO:colcon.colcon_core.shell:Creating environment hook '/home/projet-echo/Projet_indus/install/ur_udp/share/ur_udp/hook/cmake_prefix_path.ps1'
[6.178s] INFO:colcon.colcon_core.shell:Creating environment descriptor '/home/projet-echo/Projet_indus/install/ur_udp/share/ur_udp/hook/cmake_prefix_path.dsv'
[6.178s] INFO:colcon.colcon_core.shell:Creating environment hook '/home/projet-echo/Projet_indus/install/ur_udp/share/ur_udp/hook/cmake_prefix_path.sh'
[6.178s] Level 1:colcon.colcon_core.environment:checking '/home/projet-echo/Projet_indus/install/ur_udp/lib'
[6.178s] Level 1:colcon.colcon_core.environment:checking '/home/projet-echo/Projet_indus/install/ur_udp/bin'
[6.178s] Level 1:colcon.colcon_core.environment:checking '/home/projet-echo/Projet_indus/install/ur_udp/lib/pkgconfig/ur_udp.pc'
[6.179s] Level 1:colcon.colcon_core.environment:checking '/home/projet-echo/Projet_indus/install/ur_udp/lib/python3.10/site-packages'
[6.179s] Level 1:colcon.colcon_core.environment:checking '/home/projet-echo/Projet_indus/install/ur_udp/bin'
[6.179s] INFO:colcon.colcon_core.shell:Creating package script '/home/projet-echo/Projet_indus/install/ur_udp/share/ur_udp/package.ps1'
[6.179s] INFO:colcon.colcon_core.shell:Creating package descriptor '/home/projet-echo/Projet_indus/install/ur_udp/share/ur_udp/package.dsv'
[6.179s] INFO:colcon.colcon_core.shell:Creating package script '/home/projet-echo/Projet_indus/install/ur_udp/share/ur_udp/package.sh'
[6.179s] INFO:colcon.colcon_core.shell:Creating package script '/home/projet-echo/Projet_indus/install/ur_udp/share/ur_udp/package.bash'
[6.180s] INFO:colcon.colcon_core.shell:Creating package script '/home/projet-echo/Projet_indus/install/ur_udp/share/ur_udp/package.zsh'
[6.180s] Level 1:colcon.colcon_core.environment:create_file_with_runtime_dependencies(/home/projet-echo/Projet_indus/install/ur_udp/share/colcon-core/packages/ur_udp)
[6.180s] Level 1:colcon.colcon_core.environment:create_environment_scripts_only(ur_udp)
[6.180s] Level 1:colcon.colcon_core.environment:checking '/home/projet-echo/Projet_indus/install/ur_udp' for CMake module files
[6.181s] Level 1:colcon.colcon_core.environment:checking '/home/projet-echo/Projet_indus/install/ur_udp' for CMake config files
[6.181s] Level 1:colcon.colcon_core.shell:create_environment_hook('ur_udp', 'cmake_prefix_path')
[6.181s] INFO:colcon.colcon_core.shell:Creating environment hook '/home/projet-echo/Projet_indus/install/ur_udp/share/ur_udp/hook/cmake_prefix_path.ps1'
[6.181s] INFO:colcon.colcon_core.shell:Creating environment descriptor '/home/projet-echo/Projet_indus/install/ur_udp/share/ur_udp/hook/cmake_prefix_path.dsv'
[6.181s] INFO:colcon.colcon_core.shell:Creating environment hook '/home/projet-echo/Projet_indus/install/ur_udp/share/ur_udp/hook/cmake_prefix_path.sh'
[6.181s] Level 1:colcon.colcon_core.environment:checking '/home/projet-echo/Projet_indus/install/ur_udp/lib'
[6.181s] Level 1:colcon.colcon_core.environment:checking '/home/projet-echo/Projet_indus/install/ur_udp/bin'
[6.182s] Level 1:colcon.colcon_core.environment:checking '/home/projet-echo/Projet_indus/install/ur_udp/lib/pkgconfig/ur_udp.pc'
[6.182s] Level 1:colcon.colcon_core.environment:checking '/home/projet-echo/Projet_indus/install/ur_udp/lib/python3.10/site-packages'
[6.182s] Level 1:colcon.colcon_core.environment:checking '/home/projet-echo/Projet_indus/install/ur_udp/bin'
[6.182s] INFO:colcon.colcon_core.shell:Creating package script '/home/projet-echo/Projet_indus/install/ur_udp/share/ur_udp/package.ps1'
[6.182s] INFO:colcon.colcon_core.shell:Creating package descriptor '/home/projet-echo/Projet_indus/install/ur_udp/share/ur_udp/package.dsv'
[6.182s] INFO:colcon.colcon_core.shell:Creating package script '/home/projet-echo/Projet_indus/install/ur_udp/share/ur_udp/package.sh'
[6.183s] INFO:colcon.colcon_core.shell:Creating package script '/home/projet-echo/Projet_indus/install/ur_udp/share/ur_udp/package.bash'
[6.183s] INFO:colcon.colcon_core.shell:Creating package script '/home/projet-echo/Projet_indus/install/ur_udp/share/ur_udp/package.zsh'
[6.183s] Level 1:colcon.colcon_core.environment:create_file_with_runtime_dependencies(/home/projet-echo/Projet_indus/install/ur_udp/share/colcon-core/packages/ur_udp)
[6.183s] DEBUG:colcon.colcon_parallel_executor.executor.parallel:closing loop
[6.183s] DEBUG:colcon.colcon_parallel_executor.executor.parallel:loop closed
[6.183s] DEBUG:colcon.colcon_parallel_executor.executor.parallel:run_until_complete finished with '0'
[6.183s] DEBUG:colcon.colcon_core.event_reactor:joining thread
[6.187s] INFO:colcon.colcon_core.plugin_system:Skipping extension 'colcon_notification.desktop_notification.terminal_notifier': Not used on non-Darwin systems
[6.187s] INFO:colcon.colcon_core.plugin_system:Skipping extension 'colcon_notification.desktop_notification.win32': Not used on non-Windows systems
[6.187s] INFO:colcon.colcon_notification.desktop_notification:Sending desktop notification using 'notify2'
[6.195s] DEBUG:colcon.colcon_core.event_reactor:joined thread
[6.195s] INFO:colcon.colcon_core.shell:Creating prefix script '/home/projet-echo/Projet_indus/install/local_setup.ps1'
[6.196s] INFO:colcon.colcon_core.shell:Creating prefix util module '/home/projet-echo/Projet_indus/install/_local_setup_util_ps1.py'
[6.196s] INFO:colcon.colcon_core.shell:Creating prefix chain script '/home/projet-echo/Projet_indus/install/setup.ps1'
[6.197s] INFO:colcon.colcon_core.shell:Creating prefix script '/home/projet-echo/Projet_indus/install/local_setup.sh'
[6.197s] INFO:colcon.colcon_core.shell:Creating prefix util module '/home/projet-echo/Projet_indus/install/_local_setup_util_sh.py'
[6.198s] INFO:colcon.colcon_core.shell:Creating prefix chain script '/home/projet-echo/Projet_indus/install/setup.sh'
[6.198s] INFO:colcon.colcon_core.shell:Creating prefix script '/home/projet-echo/Projet_indus/install/local_setup.bash'
[6.199s] INFO:colcon.colcon_core.shell:Creating prefix chain script '/home/projet-echo/Projet_indus/install/setup.bash'
[6.199s] INFO:colcon.colcon_core.shell:Creating prefix script '/home/projet-echo/Projet_indus/install/local_setup.zsh'
[6.199s] INFO:colcon.colcon_core.shell:Creating prefix chain script '/home/projet-echo/Projet_indus/install/setup.zsh'
