[0.006s] Invoking command in '/home/projet-echo/Projet_indus/build/omni_description': CMAKE_PREFIX_PATH=${CMAKE_PREFIX_PATH}:/opt/ros/humble /usr/bin/cmake --build /home/projet-echo/Projet_indus/build/omni_description -- -j20 -l20
[0.032s] Invoked command in '/home/projet-echo/Projet_indus/build/omni_description' returned '0': CMAKE_PREFIX_PATH=${CMAKE_PREFIX_PATH}:/opt/ros/humble /usr/bin/cmake --build /home/projet-echo/Projet_indus/build/omni_description -- -j20 -l20
[0.041s] Invoking command in '/home/projet-echo/Projet_indus/build/omni_description': CMAKE_PREFIX_PATH=${CMAKE_PREFIX_PATH}:/opt/ros/humble /usr/bin/cmake --install /home/projet-echo/Projet_indus/build/omni_description
[0.049s] -- Install configuration: ""
[0.050s] -- Up-to-date: /home/projet-echo/Projet_indus/install/omni_description/share/omni_description/meshes
[0.050s] -- Up-to-date: /home/projet-echo/Projet_indus/install/omni_description/share/omni_description/meshes/base.stl
[0.050s] -- Up-to-date: /home/projet-echo/Projet_indus/install/omni_description/share/omni_description/meshes/tip.stl
[0.050s] -- Up-to-date: /home/projet-echo/Projet_indus/install/omni_description/share/omni_description/meshes/wrist.stl
[0.051s] -- Up-to-date: /home/projet-echo/Projet_indus/install/omni_description/share/omni_description/meshes/upper_arm.stl
[0.051s] -- Up-to-date: /home/projet-echo/Projet_indus/install/omni_description/share/omni_description/meshes/lower_arm.stl
[0.051s] -- Up-to-date: /home/projet-echo/Projet_indus/install/omni_description/share/omni_description/meshes/torso.stl
[0.051s] -- Up-to-date: /home/projet-echo/Projet_indus/install/omni_description/share/omni_description/meshes/pen.stl
[0.051s] -- Up-to-date: /home/projet-echo/Projet_indus/install/omni_description/share/omni_description/resources
[0.051s] -- Up-to-date: /home/projet-echo/Projet_indus/install/omni_description/share/omni_description/resources/omni.rviz
[0.052s] -- Up-to-date: /home/projet-echo/Projet_indus/install/omni_description/share/omni_description/resources/OmniRviz.png
[0.052s] -- Up-to-date: /home/projet-echo/Projet_indus/install/omni_description/share/omni_description/urdf
[0.052s] -- Up-to-date: /home/projet-echo/Projet_indus/install/omni_description/share/omni_description/urdf/omni.urdf
[0.052s] -- Up-to-date: /home/projet-echo/Projet_indus/install/omni_description/share/omni_description/urdf/omni.dae
[0.053s] -- Up-to-date: /home/projet-echo/Projet_indus/install/omni_description/share/omni_description/urdf/omni.robot.xml
[0.055s] -- Up-to-date: /home/projet-echo/Projet_indus/install/omni_description/share/ament_index/resource_index/package_run_dependencies/omni_description
[0.055s] -- Up-to-date: /home/projet-echo/Projet_indus/install/omni_description/share/ament_index/resource_index/parent_prefix_path/omni_description
[0.055s] -- Up-to-date: /home/projet-echo/Projet_indus/install/omni_description/share/omni_description/environment/ament_prefix_path.sh
[0.055s] -- Up-to-date: /home/projet-echo/Projet_indus/install/omni_description/share/omni_description/environment/ament_prefix_path.dsv
[0.055s] -- Up-to-date: /home/projet-echo/Projet_indus/install/omni_description/share/omni_description/environment/path.sh
[0.056s] -- Up-to-date: /home/projet-echo/Projet_indus/install/omni_description/share/omni_description/environment/path.dsv
[0.056s] -- Up-to-date: /home/projet-echo/Projet_indus/install/omni_description/share/omni_description/local_setup.bash
[0.056s] -- Up-to-date: /home/projet-echo/Projet_indus/install/omni_description/share/omni_description/local_setup.sh
[0.056s] -- Up-to-date: /home/projet-echo/Projet_indus/install/omni_description/share/omni_description/local_setup.zsh
[0.057s] -- Up-to-date: /home/projet-echo/Projet_indus/install/omni_description/share/omni_description/local_setup.dsv
[0.057s] -- Up-to-date: /home/projet-echo/Projet_indus/install/omni_description/share/omni_description/package.dsv
[0.057s] -- Up-to-date: /home/projet-echo/Projet_indus/install/omni_description/share/ament_index/resource_index/packages/omni_description
[0.057s] -- Up-to-date: /home/projet-echo/Projet_indus/install/omni_description/share/omni_description/cmake/omni_descriptionConfig.cmake
[0.057s] -- Up-to-date: /home/projet-echo/Projet_indus/install/omni_description/share/omni_description/cmake/omni_descriptionConfig-version.cmake
[0.058s] -- Up-to-date: /home/projet-echo/Projet_indus/install/omni_description/share/omni_description/package.xml
[0.059s] Invoked command in '/home/projet-echo/Projet_indus/build/omni_description' returned '0': CMAKE_PREFIX_PATH=${CMAKE_PREFIX_PATH}:/opt/ros/humble /usr/bin/cmake --install /home/projet-echo/Projet_indus/build/omni_description
