[0.007s] Invoking command in '/home/projet-echo/Projet_indus/build/ur_udp': CMAKE_PREFIX_PATH=/opt/ros/humble:/home/projet-echo/Projet_indus/install/omni_msgs LD_LIBRARY_PATH=/home/projet-echo/Projet_indus/install/omni_msgs/lib:${LD_LIBRARY_PATH} PKG_CONFIG_PATH=/home/projet-echo/Projet_indus/install/omni_msgs/lib/x86_64-linux-gnu/pkgconfig:/home/projet-echo/Projet_indus/install/omni_msgs/lib/pkgconfig PYTHONPATH=/home/projet-echo/Projet_indus/install/omni_msgs/local/lib/python3.10/dist-packages:${PYTHONPATH} ROS_PACKAGE_PATH=/home/projet-echo/Projet_indus/install/omni_msgs/share /usr/bin/cmake --build /home/projet-echo/Projet_indus/build/ur_udp -- -j20 -l20
[0.057s] [ 25%] [32mBuilding CXX object CMakeFiles/ur_udp.dir/src/ur_udp.cpp.o[0m
[0.059s] [ 75%] Built target phantom_udp
[3.706s] [01m[K/home/projet-echo/Projet_indus/src/ur_udp/src/ur_udp.cpp:[m[K In member function ‘[01m[Kvoid* URNode::serveur_udp()[m[K’:
[3.706s] [01m[K/home/projet-echo/Projet_indus/src/ur_udp/src/ur_udp.cpp:138:9:[m[K [01;35m[Kwarning: [m[Kcontrol reaches end of non-void function [[01;35m[K]8;;https://gcc.gnu.org/onlinedocs/gcc/Warning-Options.html#index-Wreturn-type-Wreturn-type]8;;[m[K]
[3.706s]   138 |         [01;35m[K}[m[K
[3.706s]       |         [01;35m[K^[m[K
[6.655s] [100%] [32m[1mLinking CXX executable ur_udp[0m
[6.964s] [100%] Built target ur_udp
[6.974s] Invoked command in '/home/projet-echo/Projet_indus/build/ur_udp' returned '0': CMAKE_PREFIX_PATH=/opt/ros/humble:/home/projet-echo/Projet_indus/install/omni_msgs LD_LIBRARY_PATH=/home/projet-echo/Projet_indus/install/omni_msgs/lib:${LD_LIBRARY_PATH} PKG_CONFIG_PATH=/home/projet-echo/Projet_indus/install/omni_msgs/lib/x86_64-linux-gnu/pkgconfig:/home/projet-echo/Projet_indus/install/omni_msgs/lib/pkgconfig PYTHONPATH=/home/projet-echo/Projet_indus/install/omni_msgs/local/lib/python3.10/dist-packages:${PYTHONPATH} ROS_PACKAGE_PATH=/home/projet-echo/Projet_indus/install/omni_msgs/share /usr/bin/cmake --build /home/projet-echo/Projet_indus/build/ur_udp -- -j20 -l20
[6.975s] Invoking command in '/home/projet-echo/Projet_indus/build/ur_udp': CMAKE_PREFIX_PATH=/opt/ros/humble:/home/projet-echo/Projet_indus/install/omni_msgs LD_LIBRARY_PATH=/home/projet-echo/Projet_indus/install/omni_msgs/lib:${LD_LIBRARY_PATH} PKG_CONFIG_PATH=/home/projet-echo/Projet_indus/install/omni_msgs/lib/x86_64-linux-gnu/pkgconfig:/home/projet-echo/Projet_indus/install/omni_msgs/lib/pkgconfig PYTHONPATH=/home/projet-echo/Projet_indus/install/omni_msgs/local/lib/python3.10/dist-packages:${PYTHONPATH} ROS_PACKAGE_PATH=/home/projet-echo/Projet_indus/install/omni_msgs/share /usr/bin/cmake --install /home/projet-echo/Projet_indus/build/ur_udp
[6.981s] -- Install configuration: ""
[6.981s] -- Installing: /home/projet-echo/Projet_indus/install/ur_udp/lib/ur_udp/ur_udp
[6.985s] -- Set runtime path of "/home/projet-echo/Projet_indus/install/ur_udp/lib/ur_udp/ur_udp" to ""
[6.985s] -- Up-to-date: /home/projet-echo/Projet_indus/install/ur_udp/lib/ur_udp/phantom_udp
[6.985s] -- Up-to-date: /home/projet-echo/Projet_indus/install/ur_udp/share/ament_index/resource_index/package_run_dependencies/ur_udp
[6.985s] -- Up-to-date: /home/projet-echo/Projet_indus/install/ur_udp/share/ament_index/resource_index/parent_prefix_path/ur_udp
[6.985s] -- Up-to-date: /home/projet-echo/Projet_indus/install/ur_udp/share/ur_udp/environment/ament_prefix_path.sh
[6.985s] -- Up-to-date: /home/projet-echo/Projet_indus/install/ur_udp/share/ur_udp/environment/ament_prefix_path.dsv
[6.985s] -- Up-to-date: /home/projet-echo/Projet_indus/install/ur_udp/share/ur_udp/environment/path.sh
[6.985s] -- Up-to-date: /home/projet-echo/Projet_indus/install/ur_udp/share/ur_udp/environment/path.dsv
[6.985s] -- Up-to-date: /home/projet-echo/Projet_indus/install/ur_udp/share/ur_udp/local_setup.bash
[6.985s] -- Up-to-date: /home/projet-echo/Projet_indus/install/ur_udp/share/ur_udp/local_setup.sh
[6.985s] -- Up-to-date: /home/projet-echo/Projet_indus/install/ur_udp/share/ur_udp/local_setup.zsh
[6.985s] -- Up-to-date: /home/projet-echo/Projet_indus/install/ur_udp/share/ur_udp/local_setup.dsv
[6.985s] -- Installing: /home/projet-echo/Projet_indus/install/ur_udp/share/ur_udp/package.dsv
[6.985s] -- Up-to-date: /home/projet-echo/Projet_indus/install/ur_udp/share/ament_index/resource_index/packages/ur_udp
[6.985s] -- Up-to-date: /home/projet-echo/Projet_indus/install/ur_udp/share/ur_udp/cmake/ur_udpConfig.cmake
[6.986s] -- Up-to-date: /home/projet-echo/Projet_indus/install/ur_udp/share/ur_udp/cmake/ur_udpConfig-version.cmake
[6.986s] -- Up-to-date: /home/projet-echo/Projet_indus/install/ur_udp/share/ur_udp/package.xml
[6.987s] Invoked command in '/home/projet-echo/Projet_indus/build/ur_udp' returned '0': CMAKE_PREFIX_PATH=/opt/ros/humble:/home/projet-echo/Projet_indus/install/omni_msgs LD_LIBRARY_PATH=/home/projet-echo/Projet_indus/install/omni_msgs/lib:${LD_LIBRARY_PATH} PKG_CONFIG_PATH=/home/projet-echo/Projet_indus/install/omni_msgs/lib/x86_64-linux-gnu/pkgconfig:/home/projet-echo/Projet_indus/install/omni_msgs/lib/pkgconfig PYTHONPATH=/home/projet-echo/Projet_indus/install/omni_msgs/local/lib/python3.10/dist-packages:${PYTHONPATH} ROS_PACKAGE_PATH=/home/projet-echo/Projet_indus/install/omni_msgs/share /usr/bin/cmake --install /home/projet-echo/Projet_indus/build/ur_udp
