[0.023s] Invoking command in '/home/projet-echo/Projet_indus/build/omni_msgs': /usr/bin/cmake --build /home/projet-echo/Projet_indus/build/omni_msgs -- -j20 -l20
[0.155s] [  2%] Built target omni_msgs__cpp
[0.166s] [ 12%] Built target omni_msgs__rosidl_generator_c
[0.186s] [ 12%] Built target ament_cmake_python_copy_omni_msgs
[0.225s] [ 34%] Built target omni_msgs__rosidl_typesupport_cpp
[0.225s] [ 34%] Built target omni_msgs__rosidl_typesupport_fastrtps_cpp
[0.226s] [ 44%] Built target omni_msgs__rosidl_typesupport_introspection_cpp
[0.226s] [ 55%] Built target omni_msgs__rosidl_typesupport_introspection_c
[0.228s] [ 65%] Built target omni_msgs__rosidl_typesupport_c
[0.230s] [ 76%] Built target omni_msgs__rosidl_typesupport_fastrtps_c
[0.283s] [ 76%] Built target omni_msgs
[0.343s] [ 78%] Built target omni_msgs__py
[0.402s] [ 87%] Built target omni_msgs__rosidl_generator_py
[0.460s] [ 91%] Built target omni_msgs__rosidl_typesupport_fastrtps_c__pyext
[0.466s] [ 95%] Built target omni_msgs__rosidl_typesupport_introspection_c__pyext
[0.466s] [100%] Built target omni_msgs__rosidl_typesupport_c__pyext
[0.746s] running egg_info
[0.748s] writing omni_msgs.egg-info/PKG-INFO
[0.748s] writing dependency_links to omni_msgs.egg-info/dependency_links.txt
[0.748s] writing top-level names to omni_msgs.egg-info/top_level.txt
[0.753s] reading manifest file 'omni_msgs.egg-info/SOURCES.txt'
[0.754s] writing manifest file 'omni_msgs.egg-info/SOURCES.txt'
[0.801s] [100%] Built target ament_cmake_python_build_omni_msgs_egg
[0.821s] Invoked command in '/home/projet-echo/Projet_indus/build/omni_msgs' returned '0': /usr/bin/cmake --build /home/projet-echo/Projet_indus/build/omni_msgs -- -j20 -l20
[0.826s] Invoking command in '/home/projet-echo/Projet_indus/build/omni_msgs': /usr/bin/cmake --install /home/projet-echo/Projet_indus/build/omni_msgs
[0.847s] -- Install configuration: ""
[0.848s] -- Up-to-date: /home/projet-echo/Projet_indus/install/omni_msgs/share/ament_index/resource_index/rosidl_interfaces/omni_msgs
[0.848s] -- Up-to-date: /home/projet-echo/Projet_indus/install/omni_msgs/include/omni_msgs/omni_msgs
[0.849s] -- Up-to-date: /home/projet-echo/Projet_indus/install/omni_msgs/include/omni_msgs/omni_msgs/msg
[0.849s] -- Up-to-date: /home/projet-echo/Projet_indus/install/omni_msgs/include/omni_msgs/omni_msgs/msg/detail
[0.849s] -- Up-to-date: /home/projet-echo/Projet_indus/install/omni_msgs/include/omni_msgs/omni_msgs/msg/detail/omni_button_event__functions.c
[0.849s] -- Up-to-date: /home/projet-echo/Projet_indus/install/omni_msgs/include/omni_msgs/omni_msgs/msg/detail/omni_state__functions.c
[0.850s] -- Up-to-date: /home/projet-echo/Projet_indus/install/omni_msgs/include/omni_msgs/omni_msgs/msg/detail/omni_button_event__type_support.h
[0.850s] -- Up-to-date: /home/projet-echo/Projet_indus/install/omni_msgs/include/omni_msgs/omni_msgs/msg/detail/omni_state__struct.h
[0.850s] -- Up-to-date: /home/projet-echo/Projet_indus/install/omni_msgs/include/omni_msgs/omni_msgs/msg/detail/omni_state__type_support.h
[0.850s] -- Up-to-date: /home/projet-echo/Projet_indus/install/omni_msgs/include/omni_msgs/omni_msgs/msg/detail/omni_feedback__functions.h
[0.850s] -- Up-to-date: /home/projet-echo/Projet_indus/install/omni_msgs/include/omni_msgs/omni_msgs/msg/detail/omni_feedback__type_support.h
[0.851s] -- Up-to-date: /home/projet-echo/Projet_indus/install/omni_msgs/include/omni_msgs/omni_msgs/msg/detail/omni_state__functions.h
[0.851s] -- Up-to-date: /home/projet-echo/Projet_indus/install/omni_msgs/include/omni_msgs/omni_msgs/msg/detail/omni_button_event__functions.h
[0.851s] -- Up-to-date: /home/projet-echo/Projet_indus/install/omni_msgs/include/omni_msgs/omni_msgs/msg/detail/omni_feedback__functions.c
[0.851s] -- Up-to-date: /home/projet-echo/Projet_indus/install/omni_msgs/include/omni_msgs/omni_msgs/msg/detail/omni_feedback__struct.h
[0.852s] -- Up-to-date: /home/projet-echo/Projet_indus/install/omni_msgs/include/omni_msgs/omni_msgs/msg/detail/omni_button_event__struct.h
[0.852s] -- Up-to-date: /home/projet-echo/Projet_indus/install/omni_msgs/include/omni_msgs/omni_msgs/msg/omni_state.h
[0.852s] -- Up-to-date: /home/projet-echo/Projet_indus/install/omni_msgs/include/omni_msgs/omni_msgs/msg/rosidl_generator_c__visibility_control.h
[0.853s] -- Up-to-date: /home/projet-echo/Projet_indus/install/omni_msgs/include/omni_msgs/omni_msgs/msg/omni_feedback.h
[0.853s] -- Up-to-date: /home/projet-echo/Projet_indus/install/omni_msgs/include/omni_msgs/omni_msgs/msg/omni_button_event.h
[0.853s] -- Up-to-date: /home/projet-echo/Projet_indus/install/omni_msgs/share/omni_msgs/environment/library_path.sh
[0.853s] -- Up-to-date: /home/projet-echo/Projet_indus/install/omni_msgs/share/omni_msgs/environment/library_path.dsv
[0.854s] -- Up-to-date: /home/projet-echo/Projet_indus/install/omni_msgs/lib/libomni_msgs__rosidl_generator_c.so
[0.854s] -- Up-to-date: /home/projet-echo/Projet_indus/install/omni_msgs/include/omni_msgs/omni_msgs
[0.854s] -- Up-to-date: /home/projet-echo/Projet_indus/install/omni_msgs/include/omni_msgs/omni_msgs/msg
[0.854s] -- Up-to-date: /home/projet-echo/Projet_indus/install/omni_msgs/include/omni_msgs/omni_msgs/msg/rosidl_typesupport_fastrtps_c__visibility_control.h
[0.855s] -- Up-to-date: /home/projet-echo/Projet_indus/install/omni_msgs/include/omni_msgs/omni_msgs/msg/detail
[0.855s] -- Up-to-date: /home/projet-echo/Projet_indus/install/omni_msgs/include/omni_msgs/omni_msgs/msg/detail/omni_button_event__rosidl_typesupport_fastrtps_c.h
[0.855s] -- Up-to-date: /home/projet-echo/Projet_indus/install/omni_msgs/include/omni_msgs/omni_msgs/msg/detail/omni_state__rosidl_typesupport_fastrtps_c.h
[0.855s] -- Up-to-date: /home/projet-echo/Projet_indus/install/omni_msgs/include/omni_msgs/omni_msgs/msg/detail/omni_feedback__rosidl_typesupport_fastrtps_c.h
[0.855s] -- Up-to-date: /home/projet-echo/Projet_indus/install/omni_msgs/lib/libomni_msgs__rosidl_typesupport_fastrtps_c.so
[0.856s] -- Up-to-date: /home/projet-echo/Projet_indus/install/omni_msgs/include/omni_msgs/omni_msgs
[0.856s] -- Up-to-date: /home/projet-echo/Projet_indus/install/omni_msgs/include/omni_msgs/omni_msgs/msg
[0.856s] -- Up-to-date: /home/projet-echo/Projet_indus/install/omni_msgs/include/omni_msgs/omni_msgs/msg/detail
[0.857s] -- Up-to-date: /home/projet-echo/Projet_indus/install/omni_msgs/include/omni_msgs/omni_msgs/msg/detail/omni_state__rosidl_typesupport_introspection_c.h
[0.857s] -- Up-to-date: /home/projet-echo/Projet_indus/install/omni_msgs/include/omni_msgs/omni_msgs/msg/detail/omni_state__type_support.c
[0.857s] -- Up-to-date: /home/projet-echo/Projet_indus/install/omni_msgs/include/omni_msgs/omni_msgs/msg/detail/omni_feedback__type_support.c
[0.857s] -- Up-to-date: /home/projet-echo/Projet_indus/install/omni_msgs/include/omni_msgs/omni_msgs/msg/detail/omni_button_event__rosidl_typesupport_introspection_c.h
[0.858s] -- Up-to-date: /home/projet-echo/Projet_indus/install/omni_msgs/include/omni_msgs/omni_msgs/msg/detail/omni_feedback__rosidl_typesupport_introspection_c.h
[0.858s] -- Up-to-date: /home/projet-echo/Projet_indus/install/omni_msgs/include/omni_msgs/omni_msgs/msg/detail/omni_button_event__type_support.c
[0.858s] -- Up-to-date: /home/projet-echo/Projet_indus/install/omni_msgs/include/omni_msgs/omni_msgs/msg/rosidl_typesupport_introspection_c__visibility_control.h
[0.858s] -- Up-to-date: /home/projet-echo/Projet_indus/install/omni_msgs/lib/libomni_msgs__rosidl_typesupport_introspection_c.so
[0.858s] -- Up-to-date: /home/projet-echo/Projet_indus/install/omni_msgs/lib/libomni_msgs__rosidl_typesupport_c.so
[0.858s] -- Up-to-date: /home/projet-echo/Projet_indus/install/omni_msgs/include/omni_msgs/omni_msgs
[0.859s] -- Up-to-date: /home/projet-echo/Projet_indus/install/omni_msgs/include/omni_msgs/omni_msgs/msg
[0.859s] -- Up-to-date: /home/projet-echo/Projet_indus/install/omni_msgs/include/omni_msgs/omni_msgs/msg/detail
[0.859s] -- Up-to-date: /home/projet-echo/Projet_indus/install/omni_msgs/include/omni_msgs/omni_msgs/msg/detail/omni_state__struct.hpp
[0.859s] -- Up-to-date: /home/projet-echo/Projet_indus/install/omni_msgs/include/omni_msgs/omni_msgs/msg/detail/omni_button_event__builder.hpp
[0.859s] -- Up-to-date: /home/projet-echo/Projet_indus/install/omni_msgs/include/omni_msgs/omni_msgs/msg/detail/omni_feedback__type_support.hpp
[0.860s] -- Up-to-date: /home/projet-echo/Projet_indus/install/omni_msgs/include/omni_msgs/omni_msgs/msg/detail/omni_button_event__type_support.hpp
[0.860s] -- Up-to-date: /home/projet-echo/Projet_indus/install/omni_msgs/include/omni_msgs/omni_msgs/msg/detail/omni_state__builder.hpp
[0.860s] -- Up-to-date: /home/projet-echo/Projet_indus/install/omni_msgs/include/omni_msgs/omni_msgs/msg/detail/omni_feedback__struct.hpp
[0.860s] -- Up-to-date: /home/projet-echo/Projet_indus/install/omni_msgs/include/omni_msgs/omni_msgs/msg/detail/omni_button_event__struct.hpp
[0.860s] -- Up-to-date: /home/projet-echo/Projet_indus/install/omni_msgs/include/omni_msgs/omni_msgs/msg/detail/omni_button_event__traits.hpp
[0.860s] -- Up-to-date: /home/projet-echo/Projet_indus/install/omni_msgs/include/omni_msgs/omni_msgs/msg/detail/omni_feedback__builder.hpp
[0.861s] -- Up-to-date: /home/projet-echo/Projet_indus/install/omni_msgs/include/omni_msgs/omni_msgs/msg/detail/omni_state__type_support.hpp
[0.861s] -- Up-to-date: /home/projet-echo/Projet_indus/install/omni_msgs/include/omni_msgs/omni_msgs/msg/detail/omni_feedback__traits.hpp
[0.861s] -- Up-to-date: /home/projet-echo/Projet_indus/install/omni_msgs/include/omni_msgs/omni_msgs/msg/detail/omni_state__traits.hpp
[0.861s] -- Up-to-date: /home/projet-echo/Projet_indus/install/omni_msgs/include/omni_msgs/omni_msgs/msg/omni_state.hpp
[0.861s] -- Up-to-date: /home/projet-echo/Projet_indus/install/omni_msgs/include/omni_msgs/omni_msgs/msg/rosidl_generator_cpp__visibility_control.hpp
[0.861s] -- Up-to-date: /home/projet-echo/Projet_indus/install/omni_msgs/include/omni_msgs/omni_msgs/msg/omni_feedback.hpp
[0.862s] -- Up-to-date: /home/projet-echo/Projet_indus/install/omni_msgs/include/omni_msgs/omni_msgs/msg/omni_button_event.hpp
[0.862s] -- Up-to-date: /home/projet-echo/Projet_indus/install/omni_msgs/include/omni_msgs/omni_msgs
[0.862s] -- Up-to-date: /home/projet-echo/Projet_indus/install/omni_msgs/include/omni_msgs/omni_msgs/msg
[0.862s] -- Up-to-date: /home/projet-echo/Projet_indus/install/omni_msgs/include/omni_msgs/omni_msgs/msg/detail
[0.862s] -- Up-to-date: /home/projet-echo/Projet_indus/install/omni_msgs/include/omni_msgs/omni_msgs/msg/detail/omni_state__rosidl_typesupport_fastrtps_cpp.hpp
[0.862s] -- Up-to-date: /home/projet-echo/Projet_indus/install/omni_msgs/include/omni_msgs/omni_msgs/msg/detail/omni_feedback__rosidl_typesupport_fastrtps_cpp.hpp
[0.863s] -- Up-to-date: /home/projet-echo/Projet_indus/install/omni_msgs/include/omni_msgs/omni_msgs/msg/detail/omni_button_event__rosidl_typesupport_fastrtps_cpp.hpp
[0.863s] -- Up-to-date: /home/projet-echo/Projet_indus/install/omni_msgs/include/omni_msgs/omni_msgs/msg/detail/dds_fastrtps
[0.863s] -- Up-to-date: /home/projet-echo/Projet_indus/install/omni_msgs/include/omni_msgs/omni_msgs/msg/rosidl_typesupport_fastrtps_cpp__visibility_control.h
[0.863s] -- Up-to-date: /home/projet-echo/Projet_indus/install/omni_msgs/lib/libomni_msgs__rosidl_typesupport_fastrtps_cpp.so
[0.863s] -- Up-to-date: /home/projet-echo/Projet_indus/install/omni_msgs/include/omni_msgs/omni_msgs
[0.863s] -- Up-to-date: /home/projet-echo/Projet_indus/install/omni_msgs/include/omni_msgs/omni_msgs/msg
[0.863s] -- Up-to-date: /home/projet-echo/Projet_indus/install/omni_msgs/include/omni_msgs/omni_msgs/msg/detail
[0.863s] -- Up-to-date: /home/projet-echo/Projet_indus/install/omni_msgs/include/omni_msgs/omni_msgs/msg/detail/omni_button_event__type_support.cpp
[0.864s] -- Up-to-date: /home/projet-echo/Projet_indus/install/omni_msgs/include/omni_msgs/omni_msgs/msg/detail/omni_state__type_support.cpp
[0.864s] -- Up-to-date: /home/projet-echo/Projet_indus/install/omni_msgs/include/omni_msgs/omni_msgs/msg/detail/omni_state__rosidl_typesupport_introspection_cpp.hpp
[0.864s] -- Up-to-date: /home/projet-echo/Projet_indus/install/omni_msgs/include/omni_msgs/omni_msgs/msg/detail/omni_feedback__rosidl_typesupport_introspection_cpp.hpp
[0.864s] -- Up-to-date: /home/projet-echo/Projet_indus/install/omni_msgs/include/omni_msgs/omni_msgs/msg/detail/omni_feedback__type_support.cpp
[0.864s] -- Up-to-date: /home/projet-echo/Projet_indus/install/omni_msgs/include/omni_msgs/omni_msgs/msg/detail/omni_button_event__rosidl_typesupport_introspection_cpp.hpp
[0.864s] -- Up-to-date: /home/projet-echo/Projet_indus/install/omni_msgs/lib/libomni_msgs__rosidl_typesupport_introspection_cpp.so
[0.864s] -- Up-to-date: /home/projet-echo/Projet_indus/install/omni_msgs/lib/libomni_msgs__rosidl_typesupport_cpp.so
[0.864s] -- Up-to-date: /home/projet-echo/Projet_indus/install/omni_msgs/share/omni_msgs/environment/pythonpath.sh
[0.864s] -- Up-to-date: /home/projet-echo/Projet_indus/install/omni_msgs/share/omni_msgs/environment/pythonpath.dsv
[0.864s] -- Up-to-date: /home/projet-echo/Projet_indus/install/omni_msgs/local/lib/python3.10/dist-packages/omni_msgs-0.0.0-py3.10.egg-info
[0.864s] -- Installing: /home/projet-echo/Projet_indus/install/omni_msgs/local/lib/python3.10/dist-packages/omni_msgs-0.0.0-py3.10.egg-info/SOURCES.txt
[0.865s] -- Installing: /home/projet-echo/Projet_indus/install/omni_msgs/local/lib/python3.10/dist-packages/omni_msgs-0.0.0-py3.10.egg-info/PKG-INFO
[0.865s] -- Installing: /home/projet-echo/Projet_indus/install/omni_msgs/local/lib/python3.10/dist-packages/omni_msgs-0.0.0-py3.10.egg-info/top_level.txt
[0.865s] -- Installing: /home/projet-echo/Projet_indus/install/omni_msgs/local/lib/python3.10/dist-packages/omni_msgs-0.0.0-py3.10.egg-info/dependency_links.txt
[0.865s] -- Up-to-date: /home/projet-echo/Projet_indus/install/omni_msgs/local/lib/python3.10/dist-packages/omni_msgs
[0.865s] -- Up-to-date: /home/projet-echo/Projet_indus/install/omni_msgs/local/lib/python3.10/dist-packages/omni_msgs/msg
[0.865s] -- Up-to-date: /home/projet-echo/Projet_indus/install/omni_msgs/local/lib/python3.10/dist-packages/omni_msgs/msg/_omni_state_s.c
[0.865s] -- Up-to-date: /home/projet-echo/Projet_indus/install/omni_msgs/local/lib/python3.10/dist-packages/omni_msgs/msg/_omni_button_event_s.c
[0.865s] -- Up-to-date: /home/projet-echo/Projet_indus/install/omni_msgs/local/lib/python3.10/dist-packages/omni_msgs/msg/_omni_feedback.py
[0.865s] -- Up-to-date: /home/projet-echo/Projet_indus/install/omni_msgs/local/lib/python3.10/dist-packages/omni_msgs/msg/_omni_feedback_s.c
[0.865s] -- Up-to-date: /home/projet-echo/Projet_indus/install/omni_msgs/local/lib/python3.10/dist-packages/omni_msgs/msg/_omni_button_event.py
[0.865s] -- Up-to-date: /home/projet-echo/Projet_indus/install/omni_msgs/local/lib/python3.10/dist-packages/omni_msgs/msg/_omni_state.py
[0.865s] -- Up-to-date: /home/projet-echo/Projet_indus/install/omni_msgs/local/lib/python3.10/dist-packages/omni_msgs/msg/__init__.py
[0.865s] -- Up-to-date: /home/projet-echo/Projet_indus/install/omni_msgs/local/lib/python3.10/dist-packages/omni_msgs/_omni_msgs_s.ep.rosidl_typesupport_fastrtps_c.c
[0.866s] -- Up-to-date: /home/projet-echo/Projet_indus/install/omni_msgs/local/lib/python3.10/dist-packages/omni_msgs/_omni_msgs_s.ep.rosidl_typesupport_c.c
[0.866s] -- Up-to-date: /home/projet-echo/Projet_indus/install/omni_msgs/local/lib/python3.10/dist-packages/omni_msgs/libomni_msgs__rosidl_generator_py.so
[0.866s] -- Up-to-date: /home/projet-echo/Projet_indus/install/omni_msgs/local/lib/python3.10/dist-packages/omni_msgs/omni_msgs_s__rosidl_typesupport_introspection_c.cpython-310-x86_64-linux-gnu.so
[0.866s] -- Up-to-date: /home/projet-echo/Projet_indus/install/omni_msgs/local/lib/python3.10/dist-packages/omni_msgs/_omni_msgs_s.ep.rosidl_typesupport_introspection_c.c
[0.866s] -- Up-to-date: /home/projet-echo/Projet_indus/install/omni_msgs/local/lib/python3.10/dist-packages/omni_msgs/omni_msgs_s__rosidl_typesupport_c.cpython-310-x86_64-linux-gnu.so
[0.866s] -- Up-to-date: /home/projet-echo/Projet_indus/install/omni_msgs/local/lib/python3.10/dist-packages/omni_msgs/__init__.py
[0.866s] -- Up-to-date: /home/projet-echo/Projet_indus/install/omni_msgs/local/lib/python3.10/dist-packages/omni_msgs/omni_msgs_s__rosidl_typesupport_fastrtps_c.cpython-310-x86_64-linux-gnu.so
[0.921s] Listing '/home/projet-echo/Projet_indus/install/omni_msgs/local/lib/python3.10/dist-packages/omni_msgs'...
[0.921s] Listing '/home/projet-echo/Projet_indus/install/omni_msgs/local/lib/python3.10/dist-packages/omni_msgs/msg'...
[0.933s] -- Up-to-date: /home/projet-echo/Projet_indus/install/omni_msgs/local/lib/python3.10/dist-packages/omni_msgs/omni_msgs_s__rosidl_typesupport_fastrtps_c.cpython-310-x86_64-linux-gnu.so
[0.933s] -- Up-to-date: /home/projet-echo/Projet_indus/install/omni_msgs/local/lib/python3.10/dist-packages/omni_msgs/omni_msgs_s__rosidl_typesupport_introspection_c.cpython-310-x86_64-linux-gnu.so
[0.934s] -- Up-to-date: /home/projet-echo/Projet_indus/install/omni_msgs/local/lib/python3.10/dist-packages/omni_msgs/omni_msgs_s__rosidl_typesupport_c.cpython-310-x86_64-linux-gnu.so
[0.935s] -- Up-to-date: /home/projet-echo/Projet_indus/install/omni_msgs/lib/libomni_msgs__rosidl_generator_py.so
[0.935s] -- Up-to-date: /home/projet-echo/Projet_indus/install/omni_msgs/share/omni_msgs/msg/OmniFeedback.idl
[0.935s] -- Up-to-date: /home/projet-echo/Projet_indus/install/omni_msgs/share/omni_msgs/msg/OmniButtonEvent.idl
[0.935s] -- Up-to-date: /home/projet-echo/Projet_indus/install/omni_msgs/share/omni_msgs/msg/OmniState.idl
[0.936s] -- Up-to-date: /home/projet-echo/Projet_indus/install/omni_msgs/share/omni_msgs/msg/OmniFeedback.msg
[0.936s] -- Up-to-date: /home/projet-echo/Projet_indus/install/omni_msgs/share/omni_msgs/msg/OmniButtonEvent.msg
[0.936s] -- Up-to-date: /home/projet-echo/Projet_indus/install/omni_msgs/share/omni_msgs/msg/OmniState.msg
[0.936s] -- Up-to-date: /home/projet-echo/Projet_indus/install/omni_msgs/share/ament_index/resource_index/package_run_dependencies/omni_msgs
[0.936s] -- Up-to-date: /home/projet-echo/Projet_indus/install/omni_msgs/share/ament_index/resource_index/parent_prefix_path/omni_msgs
[0.937s] -- Up-to-date: /home/projet-echo/Projet_indus/install/omni_msgs/share/omni_msgs/environment/ament_prefix_path.sh
[0.937s] -- Up-to-date: /home/projet-echo/Projet_indus/install/omni_msgs/share/omni_msgs/environment/ament_prefix_path.dsv
[0.937s] -- Up-to-date: /home/projet-echo/Projet_indus/install/omni_msgs/share/omni_msgs/environment/path.sh
[0.937s] -- Up-to-date: /home/projet-echo/Projet_indus/install/omni_msgs/share/omni_msgs/environment/path.dsv
[0.937s] -- Up-to-date: /home/projet-echo/Projet_indus/install/omni_msgs/share/omni_msgs/local_setup.bash
[0.937s] -- Up-to-date: /home/projet-echo/Projet_indus/install/omni_msgs/share/omni_msgs/local_setup.sh
[0.938s] -- Up-to-date: /home/projet-echo/Projet_indus/install/omni_msgs/share/omni_msgs/local_setup.zsh
[0.938s] -- Up-to-date: /home/projet-echo/Projet_indus/install/omni_msgs/share/omni_msgs/local_setup.dsv
[0.938s] -- Installing: /home/projet-echo/Projet_indus/install/omni_msgs/share/omni_msgs/package.dsv
[0.938s] -- Up-to-date: /home/projet-echo/Projet_indus/install/omni_msgs/share/ament_index/resource_index/packages/omni_msgs
[0.938s] -- Up-to-date: /home/projet-echo/Projet_indus/install/omni_msgs/share/omni_msgs/cmake/export_omni_msgs__rosidl_generator_cExport.cmake
[0.939s] -- Up-to-date: /home/projet-echo/Projet_indus/install/omni_msgs/share/omni_msgs/cmake/export_omni_msgs__rosidl_generator_cExport-noconfig.cmake
[0.939s] -- Up-to-date: /home/projet-echo/Projet_indus/install/omni_msgs/share/omni_msgs/cmake/export_omni_msgs__rosidl_typesupport_fastrtps_cExport.cmake
[0.939s] -- Up-to-date: /home/projet-echo/Projet_indus/install/omni_msgs/share/omni_msgs/cmake/export_omni_msgs__rosidl_typesupport_fastrtps_cExport-noconfig.cmake
[0.939s] -- Up-to-date: /home/projet-echo/Projet_indus/install/omni_msgs/share/omni_msgs/cmake/omni_msgs__rosidl_typesupport_introspection_cExport.cmake
[0.939s] -- Up-to-date: /home/projet-echo/Projet_indus/install/omni_msgs/share/omni_msgs/cmake/omni_msgs__rosidl_typesupport_introspection_cExport-noconfig.cmake
[0.939s] -- Up-to-date: /home/projet-echo/Projet_indus/install/omni_msgs/share/omni_msgs/cmake/omni_msgs__rosidl_typesupport_cExport.cmake
[0.940s] -- Up-to-date: /home/projet-echo/Projet_indus/install/omni_msgs/share/omni_msgs/cmake/omni_msgs__rosidl_typesupport_cExport-noconfig.cmake
[0.941s] -- Up-to-date: /home/projet-echo/Projet_indus/install/omni_msgs/share/omni_msgs/cmake/export_omni_msgs__rosidl_generator_cppExport.cmake
[0.941s] -- Up-to-date: /home/projet-echo/Projet_indus/install/omni_msgs/share/omni_msgs/cmake/export_omni_msgs__rosidl_typesupport_fastrtps_cppExport.cmake
[0.941s] -- Up-to-date: /home/projet-echo/Projet_indus/install/omni_msgs/share/omni_msgs/cmake/export_omni_msgs__rosidl_typesupport_fastrtps_cppExport-noconfig.cmake
[0.941s] -- Up-to-date: /home/projet-echo/Projet_indus/install/omni_msgs/share/omni_msgs/cmake/omni_msgs__rosidl_typesupport_introspection_cppExport.cmake
[0.941s] -- Up-to-date: /home/projet-echo/Projet_indus/install/omni_msgs/share/omni_msgs/cmake/omni_msgs__rosidl_typesupport_introspection_cppExport-noconfig.cmake
[0.941s] -- Up-to-date: /home/projet-echo/Projet_indus/install/omni_msgs/share/omni_msgs/cmake/omni_msgs__rosidl_typesupport_cppExport.cmake
[0.941s] -- Up-to-date: /home/projet-echo/Projet_indus/install/omni_msgs/share/omni_msgs/cmake/omni_msgs__rosidl_typesupport_cppExport-noconfig.cmake
[0.942s] -- Up-to-date: /home/projet-echo/Projet_indus/install/omni_msgs/share/omni_msgs/cmake/export_omni_msgs__rosidl_generator_pyExport.cmake
[0.942s] -- Up-to-date: /home/projet-echo/Projet_indus/install/omni_msgs/share/omni_msgs/cmake/export_omni_msgs__rosidl_generator_pyExport-noconfig.cmake
[0.942s] -- Up-to-date: /home/projet-echo/Projet_indus/install/omni_msgs/share/omni_msgs/cmake/rosidl_cmake-extras.cmake
[0.942s] -- Up-to-date: /home/projet-echo/Projet_indus/install/omni_msgs/share/omni_msgs/cmake/ament_cmake_export_dependencies-extras.cmake
[0.942s] -- Up-to-date: /home/projet-echo/Projet_indus/install/omni_msgs/share/omni_msgs/cmake/ament_cmake_export_include_directories-extras.cmake
[0.942s] -- Up-to-date: /home/projet-echo/Projet_indus/install/omni_msgs/share/omni_msgs/cmake/ament_cmake_export_libraries-extras.cmake
[0.942s] -- Up-to-date: /home/projet-echo/Projet_indus/install/omni_msgs/share/omni_msgs/cmake/ament_cmake_export_targets-extras.cmake
[0.942s] -- Up-to-date: /home/projet-echo/Projet_indus/install/omni_msgs/share/omni_msgs/cmake/rosidl_cmake_export_typesupport_targets-extras.cmake
[0.942s] -- Up-to-date: /home/projet-echo/Projet_indus/install/omni_msgs/share/omni_msgs/cmake/rosidl_cmake_export_typesupport_libraries-extras.cmake
[0.942s] -- Up-to-date: /home/projet-echo/Projet_indus/install/omni_msgs/share/omni_msgs/cmake/omni_msgsConfig.cmake
[0.943s] -- Up-to-date: /home/projet-echo/Projet_indus/install/omni_msgs/share/omni_msgs/cmake/omni_msgsConfig-version.cmake
[0.943s] -- Up-to-date: /home/projet-echo/Projet_indus/install/omni_msgs/share/omni_msgs/package.xml
[0.946s] Invoked command in '/home/projet-echo/Projet_indus/build/omni_msgs' returned '0': /usr/bin/cmake --install /home/projet-echo/Projet_indus/build/omni_msgs
