[0.004s] Invoking command in '/home/projet-echo/Projet_indus/build/ur_to_touch_haptic_teleoperation': AMENT_PREFIX_PATH=/home/projet-echo/Projet_indus/install/omni_common:${AMENT_PREFIX_PATH} CMAKE_PREFIX_PATH=/home/projet-echo/Projet_indus/install/omni_common:/opt/ros/humble:/home/projet-echo/Projet_indus/install/omni_msgs LD_LIBRARY_PATH=/home/projet-echo/Projet_indus/install/omni_msgs/lib:${LD_LIBRARY_PATH} PKG_CONFIG_PATH=/home/projet-echo/Projet_indus/install/omni_msgs/lib/x86_64-linux-gnu/pkgconfig:/home/projet-echo/Projet_indus/install/omni_msgs/lib/pkgconfig PYTHONPATH=/home/projet-echo/Projet_indus/install/omni_msgs/local/lib/python3.10/dist-packages:${PYTHONPATH} ROS_PACKAGE_PATH=/home/projet-echo/Projet_indus/install/omni_msgs/share /usr/bin/cmake --build /home/projet-echo/Projet_indus/build/ur_to_touch_haptic_teleoperation -- -j20 -l20
[0.026s] -- Found ament_cmake: 1.3.11 (/opt/ros/humble/share/ament_cmake/cmake)
[0.126s] -- Found rclcpp: 16.0.11 (/opt/ros/humble/share/rclcpp/cmake)
[0.148s] -- Found rosidl_generator_c: 3.1.6 (/opt/ros/humble/share/rosidl_generator_c/cmake)
[0.150s] -- Found rosidl_adapter: 3.1.6 (/opt/ros/humble/share/rosidl_adapter/cmake)
[0.154s] -- Found rosidl_generator_cpp: 3.1.6 (/opt/ros/humble/share/rosidl_generator_cpp/cmake)
[0.161s] -- Using all available rosidl_typesupport_c: rosidl_typesupport_fastrtps_c;rosidl_typesupport_introspection_c
[0.170s] -- Using all available rosidl_typesupport_cpp: rosidl_typesupport_fastrtps_cpp;rosidl_typesupport_introspection_cpp
[0.195s] -- Found rmw_implementation_cmake: 6.1.2 (/opt/ros/humble/share/rmw_implementation_cmake/cmake)
[0.197s] -- Found rmw_fastrtps_cpp: 6.2.7 (/opt/ros/humble/share/rmw_fastrtps_cpp/cmake)
[0.283s] -- Using RMW implementation 'rmw_fastrtps_cpp' as default
[0.325s] -- Found geometry_msgs: 4.2.4 (/opt/ros/humble/share/geometry_msgs/cmake)
[0.343s] -- Found omni_msgs: 0.0.0 (/home/projet-echo/Projet_indus/install/omni_msgs/share/omni_msgs/cmake)
[0.479s] -- Configuring done
[0.534s] -- Generating done
[0.539s] -- Build files have been written to: /home/projet-echo/Projet_indus/build/ur_to_touch_haptic_teleoperation
[0.580s] [35m[1mConsolidate compiler generated dependencies of target ur3e[0m
[0.632s] [ 50%] [32mBuilding CXX object CMakeFiles/ur3e.dir/src/ur3e.cpp.o[0m
[10.585s] [100%] [32m[1mLinking CXX executable ur3e[0m
[11.655s] [100%] Built target ur3e
[11.667s] Invoked command in '/home/projet-echo/Projet_indus/build/ur_to_touch_haptic_teleoperation' returned '0': AMENT_PREFIX_PATH=/home/projet-echo/Projet_indus/install/omni_common:${AMENT_PREFIX_PATH} CMAKE_PREFIX_PATH=/home/projet-echo/Projet_indus/install/omni_common:/opt/ros/humble:/home/projet-echo/Projet_indus/install/omni_msgs LD_LIBRARY_PATH=/home/projet-echo/Projet_indus/install/omni_msgs/lib:${LD_LIBRARY_PATH} PKG_CONFIG_PATH=/home/projet-echo/Projet_indus/install/omni_msgs/lib/x86_64-linux-gnu/pkgconfig:/home/projet-echo/Projet_indus/install/omni_msgs/lib/pkgconfig PYTHONPATH=/home/projet-echo/Projet_indus/install/omni_msgs/local/lib/python3.10/dist-packages:${PYTHONPATH} ROS_PACKAGE_PATH=/home/projet-echo/Projet_indus/install/omni_msgs/share /usr/bin/cmake --build /home/projet-echo/Projet_indus/build/ur_to_touch_haptic_teleoperation -- -j20 -l20
[11.670s] Invoking command in '/home/projet-echo/Projet_indus/build/ur_to_touch_haptic_teleoperation': AMENT_PREFIX_PATH=/home/projet-echo/Projet_indus/install/omni_common:${AMENT_PREFIX_PATH} CMAKE_PREFIX_PATH=/home/projet-echo/Projet_indus/install/omni_common:/opt/ros/humble:/home/projet-echo/Projet_indus/install/omni_msgs LD_LIBRARY_PATH=/home/projet-echo/Projet_indus/install/omni_msgs/lib:${LD_LIBRARY_PATH} PKG_CONFIG_PATH=/home/projet-echo/Projet_indus/install/omni_msgs/lib/x86_64-linux-gnu/pkgconfig:/home/projet-echo/Projet_indus/install/omni_msgs/lib/pkgconfig PYTHONPATH=/home/projet-echo/Projet_indus/install/omni_msgs/local/lib/python3.10/dist-packages:${PYTHONPATH} ROS_PACKAGE_PATH=/home/projet-echo/Projet_indus/install/omni_msgs/share /usr/bin/cmake --install /home/projet-echo/Projet_indus/build/ur_to_touch_haptic_teleoperation
[11.684s] -- Install configuration: ""
[11.684s] -- Installing: /home/projet-echo/Projet_indus/install/ur_to_touch_haptic_teleoperation/lib/ur_to_touch_haptic_teleoperation/ur3e
[11.694s] -- Set runtime path of "/home/projet-echo/Projet_indus/install/ur_to_touch_haptic_teleoperation/lib/ur_to_touch_haptic_teleoperation/ur3e" to ""
[11.694s] -- Up-to-date: /home/projet-echo/Projet_indus/install/ur_to_touch_haptic_teleoperation/share/ur_to_touch_haptic_teleoperation/launch
[11.694s] -- Up-to-date: /home/projet-echo/Projet_indus/install/ur_to_touch_haptic_teleoperation/share/ur_to_touch_haptic_teleoperation/launch/servo_simple_launch.py
[11.695s] -- Up-to-date: /home/projet-echo/Projet_indus/install/ur_to_touch_haptic_teleoperation/share/ur_to_touch_haptic_teleoperation/launch/ur_norobot_test.py
[11.695s] -- Up-to-date: /home/projet-echo/Projet_indus/install/ur_to_touch_haptic_teleoperation/share/ur_to_touch_haptic_teleoperation/launch/script_joint.launch.py
[11.695s] -- Up-to-date: /home/projet-echo/Projet_indus/install/ur_to_touch_haptic_teleoperation/share/ur_to_touch_haptic_teleoperation/launch/ur_to_touch_haptic_teleoperation_launch.py
[11.695s] -- Up-to-date: /home/projet-echo/Projet_indus/install/ur_to_touch_haptic_teleoperation/share/ur_to_touch_haptic_teleoperation/config
[11.695s] -- Up-to-date: /home/projet-echo/Projet_indus/install/ur_to_touch_haptic_teleoperation/share/ur_to_touch_haptic_teleoperation/config/my_robot_calibration.yaml
[11.695s] -- Up-to-date: /home/projet-echo/Projet_indus/install/ur_to_touch_haptic_teleoperation/share/ur_to_touch_haptic_teleoperation/config/servo_config.yaml
[11.695s] -- Up-to-date: /home/projet-echo/Projet_indus/install/ur_to_touch_haptic_teleoperation/share/ur_to_touch_haptic_teleoperation/config/teleop_config.yaml
[11.695s] -- Up-to-date: /home/projet-echo/Projet_indus/install/ur_to_touch_haptic_teleoperation/share/ament_index/resource_index/package_run_dependencies/ur_to_touch_haptic_teleoperation
[11.695s] -- Installing: /home/projet-echo/Projet_indus/install/ur_to_touch_haptic_teleoperation/share/ament_index/resource_index/parent_prefix_path/ur_to_touch_haptic_teleoperation
[11.695s] -- Up-to-date: /home/projet-echo/Projet_indus/install/ur_to_touch_haptic_teleoperation/share/ur_to_touch_haptic_teleoperation/environment/ament_prefix_path.sh
[11.696s] -- Installing: /home/projet-echo/Projet_indus/install/ur_to_touch_haptic_teleoperation/share/ur_to_touch_haptic_teleoperation/environment/ament_prefix_path.dsv
[11.696s] -- Up-to-date: /home/projet-echo/Projet_indus/install/ur_to_touch_haptic_teleoperation/share/ur_to_touch_haptic_teleoperation/environment/path.sh
[11.696s] -- Installing: /home/projet-echo/Projet_indus/install/ur_to_touch_haptic_teleoperation/share/ur_to_touch_haptic_teleoperation/environment/path.dsv
[11.696s] -- Up-to-date: /home/projet-echo/Projet_indus/install/ur_to_touch_haptic_teleoperation/share/ur_to_touch_haptic_teleoperation/local_setup.bash
[11.696s] -- Up-to-date: /home/projet-echo/Projet_indus/install/ur_to_touch_haptic_teleoperation/share/ur_to_touch_haptic_teleoperation/local_setup.sh
[11.696s] -- Up-to-date: /home/projet-echo/Projet_indus/install/ur_to_touch_haptic_teleoperation/share/ur_to_touch_haptic_teleoperation/local_setup.zsh
[11.696s] -- Installing: /home/projet-echo/Projet_indus/install/ur_to_touch_haptic_teleoperation/share/ur_to_touch_haptic_teleoperation/local_setup.dsv
[11.696s] -- Installing: /home/projet-echo/Projet_indus/install/ur_to_touch_haptic_teleoperation/share/ur_to_touch_haptic_teleoperation/package.dsv
[11.696s] -- Up-to-date: /home/projet-echo/Projet_indus/install/ur_to_touch_haptic_teleoperation/share/ament_index/resource_index/packages/ur_to_touch_haptic_teleoperation
[11.696s] -- Up-to-date: /home/projet-echo/Projet_indus/install/ur_to_touch_haptic_teleoperation/share/ur_to_touch_haptic_teleoperation/cmake/ur_to_touch_haptic_teleoperationConfig.cmake
[11.696s] -- Up-to-date: /home/projet-echo/Projet_indus/install/ur_to_touch_haptic_teleoperation/share/ur_to_touch_haptic_teleoperation/cmake/ur_to_touch_haptic_teleoperationConfig-version.cmake
[11.696s] -- Up-to-date: /home/projet-echo/Projet_indus/install/ur_to_touch_haptic_teleoperation/share/ur_to_touch_haptic_teleoperation/package.xml
[11.699s] Invoked command in '/home/projet-echo/Projet_indus/build/ur_to_touch_haptic_teleoperation' returned '0': AMENT_PREFIX_PATH=/home/projet-echo/Projet_indus/install/omni_common:${AMENT_PREFIX_PATH} CMAKE_PREFIX_PATH=/home/projet-echo/Projet_indus/install/omni_common:/opt/ros/humble:/home/projet-echo/Projet_indus/install/omni_msgs LD_LIBRARY_PATH=/home/projet-echo/Projet_indus/install/omni_msgs/lib:${LD_LIBRARY_PATH} PKG_CONFIG_PATH=/home/projet-echo/Projet_indus/install/omni_msgs/lib/x86_64-linux-gnu/pkgconfig:/home/projet-echo/Projet_indus/install/omni_msgs/lib/pkgconfig PYTHONPATH=/home/projet-echo/Projet_indus/install/omni_msgs/local/lib/python3.10/dist-packages:${PYTHONPATH} ROS_PACKAGE_PATH=/home/projet-echo/Projet_indus/install/omni_msgs/share /usr/bin/cmake --install /home/projet-echo/Projet_indus/build/ur_to_touch_haptic_teleoperation
