[0.094s] DEBUG:colcon:Command line arguments: ['/usr/bin/colcon', 'build']
[0.094s] DEBUG:colcon:Parsed command line arguments: Namespace(log_base=None, log_level=None, verb_name='build', build_base='build', install_base='install', merge_install=False, symlink_install=False, test_result_base=None, continue_on_error=False, executor='parallel', parallel_workers=12, event_handlers=None, ignore_user_meta=False, metas=['./colcon.meta'], base_paths=['.'], packages_ignore=None, packages_ignore_regex=None, paths=None, packages_up_to=None, packages_up_to_regex=None, packages_above=None, packages_above_and_dependencies=None, packages_above_depth=None, packages_select_by_dep=None, packages_skip_by_dep=None, packages_skip_up_to=None, packages_select_build_failed=False, packages_skip_build_finished=False, packages_select_test_failures=False, packages_skip_test_passed=False, packages_select=None, packages_skip=None, packages_select_regex=None, packages_skip_regex=None, packages_start=None, packages_end=None, allow_overriding=[], cmake_args=None, cmake_target=None, cmake_target_skip_unavailable=False, cmake_clean_cache=False, cmake_clean_first=False, cmake_force_configure=False, ament_cmake_args=None, catkin_cmake_args=None, catkin_skip_building_tests=False, mixin_files=None, mixin=None, verb_parser=<colcon_mixin.mixin.mixin_argument.MixinArgumentDecorator object at 0x79427016c400>, verb_extension=<colcon_core.verb.build.BuildVerb object at 0x79427013fdc0>, main=<bound method BuildVerb.main of <colcon_core.verb.build.BuildVerb object at 0x79427013fdc0>>, mixin_verb=('build',))
[0.257s] Level 1:colcon.colcon_core.package_discovery:discover_packages(colcon_meta) check parameters
[0.257s] Level 1:colcon.colcon_core.package_discovery:discover_packages(recursive) check parameters
[0.258s] Level 1:colcon.colcon_core.package_discovery:discover_packages(ignore) check parameters
[0.258s] Level 1:colcon.colcon_core.package_discovery:discover_packages(path) check parameters
[0.258s] Level 1:colcon.colcon_core.package_discovery:discover_packages(colcon_meta) discover
[0.258s] Level 1:colcon.colcon_core.package_discovery:discover_packages(recursive) discover
[0.258s] INFO:colcon.colcon_core.package_discovery:Crawling recursively for packages in '/home/dilhan/ros2_ws'
[0.258s] Level 1:colcon.colcon_core.package_identification:_identify(.) by extensions ['ignore', 'ignore_ament_install']
[0.258s] Level 1:colcon.colcon_core.package_identification:_identify(.) by extension 'ignore'
[0.258s] Level 1:colcon.colcon_core.package_identification:_identify(.) by extension 'ignore_ament_install'
[0.258s] Level 1:colcon.colcon_core.package_identification:_identify(.) by extensions ['colcon_pkg']
[0.258s] Level 1:colcon.colcon_core.package_identification:_identify(.) by extension 'colcon_pkg'
[0.258s] Level 1:colcon.colcon_core.package_identification:_identify(.) by extensions ['colcon_meta']
[0.258s] Level 1:colcon.colcon_core.package_identification:_identify(.) by extension 'colcon_meta'
[0.258s] Level 1:colcon.colcon_core.package_identification:_identify(.) by extensions ['ros']
[0.258s] Level 1:colcon.colcon_core.package_identification:_identify(.) by extension 'ros'
[0.275s] Level 1:colcon.colcon_core.package_identification:_identify(.) by extensions ['cmake', 'python']
[0.275s] Level 1:colcon.colcon_core.package_identification:_identify(.) by extension 'cmake'
[0.275s] Level 1:colcon.colcon_core.package_identification:_identify(.) by extension 'python'
[0.275s] Level 1:colcon.colcon_core.package_identification:_identify(.) by extensions ['python_setup_py']
[0.275s] Level 1:colcon.colcon_core.package_identification:_identify(.) by extension 'python_setup_py'
[0.275s] Level 1:colcon.colcon_core.package_identification:_identify(build) by extensions ['ignore', 'ignore_ament_install']
[0.275s] Level 1:colcon.colcon_core.package_identification:_identify(build) by extension 'ignore'
[0.275s] Level 1:colcon.colcon_core.package_identification:_identify(build) ignored
[0.275s] Level 1:colcon.colcon_core.package_identification:_identify(install) by extensions ['ignore', 'ignore_ament_install']
[0.275s] Level 1:colcon.colcon_core.package_identification:_identify(install) by extension 'ignore'
[0.275s] Level 1:colcon.colcon_core.package_identification:_identify(install) ignored
[0.275s] Level 1:colcon.colcon_core.package_identification:_identify(log) by extensions ['ignore', 'ignore_ament_install']
[0.275s] Level 1:colcon.colcon_core.package_identification:_identify(log) by extension 'ignore'
[0.275s] Level 1:colcon.colcon_core.package_identification:_identify(log) ignored
[0.276s] Level 1:colcon.colcon_core.package_identification:_identify(src) by extensions ['ignore', 'ignore_ament_install']
[0.276s] Level 1:colcon.colcon_core.package_identification:_identify(src) by extension 'ignore'
[0.276s] Level 1:colcon.colcon_core.package_identification:_identify(src) by extension 'ignore_ament_install'
[0.276s] Level 1:colcon.colcon_core.package_identification:_identify(src) by extensions ['colcon_pkg']
[0.276s] Level 1:colcon.colcon_core.package_identification:_identify(src) by extension 'colcon_pkg'
[0.276s] Level 1:colcon.colcon_core.package_identification:_identify(src) by extensions ['colcon_meta']
[0.276s] Level 1:colcon.colcon_core.package_identification:_identify(src) by extension 'colcon_meta'
[0.276s] Level 1:colcon.colcon_core.package_identification:_identify(src) by extensions ['ros']
[0.276s] Level 1:colcon.colcon_core.package_identification:_identify(src) by extension 'ros'
[0.276s] Level 1:colcon.colcon_core.package_identification:_identify(src) by extensions ['cmake', 'python']
[0.276s] Level 1:colcon.colcon_core.package_identification:_identify(src) by extension 'cmake'
[0.276s] Level 1:colcon.colcon_core.package_identification:_identify(src) by extension 'python'
[0.276s] Level 1:colcon.colcon_core.package_identification:_identify(src) by extensions ['python_setup_py']
[0.276s] Level 1:colcon.colcon_core.package_identification:_identify(src) by extension 'python_setup_py'
[0.276s] Level 1:colcon.colcon_core.package_identification:_identify(src/Geomagic_Touch_ROS2) by extensions ['ignore', 'ignore_ament_install']
[0.276s] Level 1:colcon.colcon_core.package_identification:_identify(src/Geomagic_Touch_ROS2) by extension 'ignore'
[0.276s] Level 1:colcon.colcon_core.package_identification:_identify(src/Geomagic_Touch_ROS2) by extension 'ignore_ament_install'
[0.276s] Level 1:colcon.colcon_core.package_identification:_identify(src/Geomagic_Touch_ROS2) by extensions ['colcon_pkg']
[0.276s] Level 1:colcon.colcon_core.package_identification:_identify(src/Geomagic_Touch_ROS2) by extension 'colcon_pkg'
[0.276s] Level 1:colcon.colcon_core.package_identification:_identify(src/Geomagic_Touch_ROS2) by extensions ['colcon_meta']
[0.276s] Level 1:colcon.colcon_core.package_identification:_identify(src/Geomagic_Touch_ROS2) by extension 'colcon_meta'
[0.276s] Level 1:colcon.colcon_core.package_identification:_identify(src/Geomagic_Touch_ROS2) by extensions ['ros']
[0.276s] Level 1:colcon.colcon_core.package_identification:_identify(src/Geomagic_Touch_ROS2) by extension 'ros'
[0.276s] Level 1:colcon.colcon_core.package_identification:_identify(src/Geomagic_Touch_ROS2) by extensions ['cmake', 'python']
[0.276s] Level 1:colcon.colcon_core.package_identification:_identify(src/Geomagic_Touch_ROS2) by extension 'cmake'
[0.276s] Level 1:colcon.colcon_core.package_identification:_identify(src/Geomagic_Touch_ROS2) by extension 'python'
[0.276s] Level 1:colcon.colcon_core.package_identification:_identify(src/Geomagic_Touch_ROS2) by extensions ['python_setup_py']
[0.276s] Level 1:colcon.colcon_core.package_identification:_identify(src/Geomagic_Touch_ROS2) by extension 'python_setup_py'
[0.277s] Level 1:colcon.colcon_core.package_identification:_identify(src/Geomagic_Touch_ROS2/omni_common) by extensions ['ignore', 'ignore_ament_install']
[0.277s] Level 1:colcon.colcon_core.package_identification:_identify(src/Geomagic_Touch_ROS2/omni_common) by extension 'ignore'
[0.277s] Level 1:colcon.colcon_core.package_identification:_identify(src/Geomagic_Touch_ROS2/omni_common) by extension 'ignore_ament_install'
[0.277s] Level 1:colcon.colcon_core.package_identification:_identify(src/Geomagic_Touch_ROS2/omni_common) by extensions ['colcon_pkg']
[0.277s] Level 1:colcon.colcon_core.package_identification:_identify(src/Geomagic_Touch_ROS2/omni_common) by extension 'colcon_pkg'
[0.277s] Level 1:colcon.colcon_core.package_identification:_identify(src/Geomagic_Touch_ROS2/omni_common) by extensions ['colcon_meta']
[0.277s] Level 1:colcon.colcon_core.package_identification:_identify(src/Geomagic_Touch_ROS2/omni_common) by extension 'colcon_meta'
[0.277s] Level 1:colcon.colcon_core.package_identification:_identify(src/Geomagic_Touch_ROS2/omni_common) by extensions ['ros']
[0.277s] Level 1:colcon.colcon_core.package_identification:_identify(src/Geomagic_Touch_ROS2/omni_common) by extension 'ros'
[0.279s] DEBUG:colcon.colcon_core.package_identification:Package 'src/Geomagic_Touch_ROS2/omni_common' with type 'ros.ament_cmake' and name 'omni_common'
[0.279s] Level 1:colcon.colcon_core.package_identification:_identify(src/Geomagic_Touch_ROS2/omni_description) by extensions ['ignore', 'ignore_ament_install']
[0.279s] Level 1:colcon.colcon_core.package_identification:_identify(src/Geomagic_Touch_ROS2/omni_description) by extension 'ignore'
[0.279s] Level 1:colcon.colcon_core.package_identification:_identify(src/Geomagic_Touch_ROS2/omni_description) by extension 'ignore_ament_install'
[0.279s] Level 1:colcon.colcon_core.package_identification:_identify(src/Geomagic_Touch_ROS2/omni_description) by extensions ['colcon_pkg']
[0.279s] Level 1:colcon.colcon_core.package_identification:_identify(src/Geomagic_Touch_ROS2/omni_description) by extension 'colcon_pkg'
[0.279s] Level 1:colcon.colcon_core.package_identification:_identify(src/Geomagic_Touch_ROS2/omni_description) by extensions ['colcon_meta']
[0.279s] Level 1:colcon.colcon_core.package_identification:_identify(src/Geomagic_Touch_ROS2/omni_description) by extension 'colcon_meta'
[0.279s] Level 1:colcon.colcon_core.package_identification:_identify(src/Geomagic_Touch_ROS2/omni_description) by extensions ['ros']
[0.279s] Level 1:colcon.colcon_core.package_identification:_identify(src/Geomagic_Touch_ROS2/omni_description) by extension 'ros'
[0.280s] DEBUG:colcon.colcon_core.package_identification:Package 'src/Geomagic_Touch_ROS2/omni_description' with type 'ros.ament_cmake' and name 'omni_description'
[0.280s] Level 1:colcon.colcon_core.package_identification:_identify(src/Geomagic_Touch_ROS2/omni_msgs) by extensions ['ignore', 'ignore_ament_install']
[0.280s] Level 1:colcon.colcon_core.package_identification:_identify(src/Geomagic_Touch_ROS2/omni_msgs) by extension 'ignore'
[0.280s] Level 1:colcon.colcon_core.package_identification:_identify(src/Geomagic_Touch_ROS2/omni_msgs) by extension 'ignore_ament_install'
[0.280s] Level 1:colcon.colcon_core.package_identification:_identify(src/Geomagic_Touch_ROS2/omni_msgs) by extensions ['colcon_pkg']
[0.280s] Level 1:colcon.colcon_core.package_identification:_identify(src/Geomagic_Touch_ROS2/omni_msgs) by extension 'colcon_pkg'
[0.280s] Level 1:colcon.colcon_core.package_identification:_identify(src/Geomagic_Touch_ROS2/omni_msgs) by extensions ['colcon_meta']
[0.280s] Level 1:colcon.colcon_core.package_identification:_identify(src/Geomagic_Touch_ROS2/omni_msgs) by extension 'colcon_meta'
[0.280s] Level 1:colcon.colcon_core.package_identification:_identify(src/Geomagic_Touch_ROS2/omni_msgs) by extensions ['ros']
[0.280s] Level 1:colcon.colcon_core.package_identification:_identify(src/Geomagic_Touch_ROS2/omni_msgs) by extension 'ros'
[0.281s] DEBUG:colcon.colcon_core.package_identification:Package 'src/Geomagic_Touch_ROS2/omni_msgs' with type 'ros.ament_cmake' and name 'omni_msgs'
[0.281s] Level 1:colcon.colcon_core.package_identification:_identify(src/ur_to_touch_haptic_teleoperation) by extensions ['ignore', 'ignore_ament_install']
[0.281s] Level 1:colcon.colcon_core.package_identification:_identify(src/ur_to_touch_haptic_teleoperation) by extension 'ignore'
[0.281s] Level 1:colcon.colcon_core.package_identification:_identify(src/ur_to_touch_haptic_teleoperation) by extension 'ignore_ament_install'
[0.281s] Level 1:colcon.colcon_core.package_identification:_identify(src/ur_to_touch_haptic_teleoperation) by extensions ['colcon_pkg']
[0.281s] Level 1:colcon.colcon_core.package_identification:_identify(src/ur_to_touch_haptic_teleoperation) by extension 'colcon_pkg'
[0.281s] Level 1:colcon.colcon_core.package_identification:_identify(src/ur_to_touch_haptic_teleoperation) by extensions ['colcon_meta']
[0.281s] Level 1:colcon.colcon_core.package_identification:_identify(src/ur_to_touch_haptic_teleoperation) by extension 'colcon_meta'
[0.281s] Level 1:colcon.colcon_core.package_identification:_identify(src/ur_to_touch_haptic_teleoperation) by extensions ['ros']
[0.281s] Level 1:colcon.colcon_core.package_identification:_identify(src/ur_to_touch_haptic_teleoperation) by extension 'ros'
[0.282s] DEBUG:colcon.colcon_core.package_identification:Package 'src/ur_to_touch_haptic_teleoperation' with type 'ros.ament_cmake' and name 'ur_to_touch_haptic_teleoperation'
[0.282s] Level 1:colcon.colcon_core.package_discovery:discover_packages(recursive) using defaults
[0.282s] Level 1:colcon.colcon_core.package_discovery:discover_packages(ignore) discover
[0.282s] Level 1:colcon.colcon_core.package_discovery:discover_packages(ignore) using defaults
[0.282s] Level 1:colcon.colcon_core.package_discovery:discover_packages(path) discover
[0.282s] Level 1:colcon.colcon_core.package_discovery:discover_packages(path) using defaults
[0.297s] Level 1:colcon.colcon_core.package_discovery:discover_packages(prefix_path) check parameters
[0.297s] Level 1:colcon.colcon_core.package_discovery:discover_packages(prefix_path) discover
[0.300s] DEBUG:colcon.colcon_installed_package_information.package_discovery:Found 4 installed packages in /home/dilhan/ros2_ws/install
[0.302s] DEBUG:colcon.colcon_installed_package_information.package_discovery:Found 55 installed packages in /home/dilhan/moveit_ws/install
[0.303s] DEBUG:colcon.colcon_installed_package_information.package_discovery:Found 370 installed packages in /opt/ros/humble
[0.305s] Level 1:colcon.colcon_core.package_discovery:discover_packages(prefix_path) using defaults
[0.342s] Level 5:colcon.colcon_core.verb:set package 'omni_description' build argument 'cmake_args' from command line to 'None'
[0.342s] Level 5:colcon.colcon_core.verb:set package 'omni_description' build argument 'cmake_target' from command line to 'None'
[0.342s] Level 5:colcon.colcon_core.verb:set package 'omni_description' build argument 'cmake_target_skip_unavailable' from command line to 'False'
[0.342s] Level 5:colcon.colcon_core.verb:set package 'omni_description' build argument 'cmake_clean_cache' from command line to 'False'
[0.343s] Level 5:colcon.colcon_core.verb:set package 'omni_description' build argument 'cmake_clean_first' from command line to 'False'
[0.343s] Level 5:colcon.colcon_core.verb:set package 'omni_description' build argument 'cmake_force_configure' from command line to 'False'
[0.343s] Level 5:colcon.colcon_core.verb:set package 'omni_description' build argument 'ament_cmake_args' from command line to 'None'
[0.343s] Level 5:colcon.colcon_core.verb:set package 'omni_description' build argument 'catkin_cmake_args' from command line to 'None'
[0.343s] Level 5:colcon.colcon_core.verb:set package 'omni_description' build argument 'catkin_skip_building_tests' from command line to 'False'
[0.343s] DEBUG:colcon.colcon_core.verb:Building package 'omni_description' with the following arguments: {'ament_cmake_args': None, 'build_base': '/home/dilhan/ros2_ws/build/omni_description', 'catkin_cmake_args': None, 'catkin_skip_building_tests': False, 'cmake_args': None, 'cmake_clean_cache': False, 'cmake_clean_first': False, 'cmake_force_configure': False, 'cmake_target': None, 'cmake_target_skip_unavailable': False, 'install_base': '/home/dilhan/ros2_ws/install/omni_description', 'merge_install': False, 'path': '/home/dilhan/ros2_ws/src/Geomagic_Touch_ROS2/omni_description', 'symlink_install': False, 'test_result_base': None}
[0.343s] Level 5:colcon.colcon_core.verb:set package 'omni_msgs' build argument 'cmake_args' from command line to 'None'
[0.343s] Level 5:colcon.colcon_core.verb:set package 'omni_msgs' build argument 'cmake_target' from command line to 'None'
[0.343s] Level 5:colcon.colcon_core.verb:set package 'omni_msgs' build argument 'cmake_target_skip_unavailable' from command line to 'False'
[0.343s] Level 5:colcon.colcon_core.verb:set package 'omni_msgs' build argument 'cmake_clean_cache' from command line to 'False'
[0.343s] Level 5:colcon.colcon_core.verb:set package 'omni_msgs' build argument 'cmake_clean_first' from command line to 'False'
[0.343s] Level 5:colcon.colcon_core.verb:set package 'omni_msgs' build argument 'cmake_force_configure' from command line to 'False'
[0.343s] Level 5:colcon.colcon_core.verb:set package 'omni_msgs' build argument 'ament_cmake_args' from command line to 'None'
[0.343s] Level 5:colcon.colcon_core.verb:set package 'omni_msgs' build argument 'catkin_cmake_args' from command line to 'None'
[0.343s] Level 5:colcon.colcon_core.verb:set package 'omni_msgs' build argument 'catkin_skip_building_tests' from command line to 'False'
[0.343s] DEBUG:colcon.colcon_core.verb:Building package 'omni_msgs' with the following arguments: {'ament_cmake_args': None, 'build_base': '/home/dilhan/ros2_ws/build/omni_msgs', 'catkin_cmake_args': None, 'catkin_skip_building_tests': False, 'cmake_args': None, 'cmake_clean_cache': False, 'cmake_clean_first': False, 'cmake_force_configure': False, 'cmake_target': None, 'cmake_target_skip_unavailable': False, 'install_base': '/home/dilhan/ros2_ws/install/omni_msgs', 'merge_install': False, 'path': '/home/dilhan/ros2_ws/src/Geomagic_Touch_ROS2/omni_msgs', 'symlink_install': False, 'test_result_base': None}
[0.343s] Level 5:colcon.colcon_core.verb:set package 'omni_common' build argument 'cmake_args' from command line to 'None'
[0.343s] Level 5:colcon.colcon_core.verb:set package 'omni_common' build argument 'cmake_target' from command line to 'None'
[0.343s] Level 5:colcon.colcon_core.verb:set package 'omni_common' build argument 'cmake_target_skip_unavailable' from command line to 'False'
[0.343s] Level 5:colcon.colcon_core.verb:set package 'omni_common' build argument 'cmake_clean_cache' from command line to 'False'
[0.343s] Level 5:colcon.colcon_core.verb:set package 'omni_common' build argument 'cmake_clean_first' from command line to 'False'
[0.343s] Level 5:colcon.colcon_core.verb:set package 'omni_common' build argument 'cmake_force_configure' from command line to 'False'
[0.343s] Level 5:colcon.colcon_core.verb:set package 'omni_common' build argument 'ament_cmake_args' from command line to 'None'
[0.343s] Level 5:colcon.colcon_core.verb:set package 'omni_common' build argument 'catkin_cmake_args' from command line to 'None'
[0.343s] Level 5:colcon.colcon_core.verb:set package 'omni_common' build argument 'catkin_skip_building_tests' from command line to 'False'
[0.343s] DEBUG:colcon.colcon_core.verb:Building package 'omni_common' with the following arguments: {'ament_cmake_args': None, 'build_base': '/home/dilhan/ros2_ws/build/omni_common', 'catkin_cmake_args': None, 'catkin_skip_building_tests': False, 'cmake_args': None, 'cmake_clean_cache': False, 'cmake_clean_first': False, 'cmake_force_configure': False, 'cmake_target': None, 'cmake_target_skip_unavailable': False, 'install_base': '/home/dilhan/ros2_ws/install/omni_common', 'merge_install': False, 'path': '/home/dilhan/ros2_ws/src/Geomagic_Touch_ROS2/omni_common', 'symlink_install': False, 'test_result_base': None}
[0.344s] Level 5:colcon.colcon_core.verb:set package 'ur_to_touch_haptic_teleoperation' build argument 'cmake_args' from command line to 'None'
[0.344s] Level 5:colcon.colcon_core.verb:set package 'ur_to_touch_haptic_teleoperation' build argument 'cmake_target' from command line to 'None'
[0.344s] Level 5:colcon.colcon_core.verb:set package 'ur_to_touch_haptic_teleoperation' build argument 'cmake_target_skip_unavailable' from command line to 'False'
[0.344s] Level 5:colcon.colcon_core.verb:set package 'ur_to_touch_haptic_teleoperation' build argument 'cmake_clean_cache' from command line to 'False'
[0.344s] Level 5:colcon.colcon_core.verb:set package 'ur_to_touch_haptic_teleoperation' build argument 'cmake_clean_first' from command line to 'False'
[0.344s] Level 5:colcon.colcon_core.verb:set package 'ur_to_touch_haptic_teleoperation' build argument 'cmake_force_configure' from command line to 'False'
[0.344s] Level 5:colcon.colcon_core.verb:set package 'ur_to_touch_haptic_teleoperation' build argument 'ament_cmake_args' from command line to 'None'
[0.344s] Level 5:colcon.colcon_core.verb:set package 'ur_to_touch_haptic_teleoperation' build argument 'catkin_cmake_args' from command line to 'None'
[0.344s] Level 5:colcon.colcon_core.verb:set package 'ur_to_touch_haptic_teleoperation' build argument 'catkin_skip_building_tests' from command line to 'False'
[0.344s] DEBUG:colcon.colcon_core.verb:Building package 'ur_to_touch_haptic_teleoperation' with the following arguments: {'ament_cmake_args': None, 'build_base': '/home/dilhan/ros2_ws/build/ur_to_touch_haptic_teleoperation', 'catkin_cmake_args': None, 'catkin_skip_building_tests': False, 'cmake_args': None, 'cmake_clean_cache': False, 'cmake_clean_first': False, 'cmake_force_configure': False, 'cmake_target': None, 'cmake_target_skip_unavailable': False, 'install_base': '/home/dilhan/ros2_ws/install/ur_to_touch_haptic_teleoperation', 'merge_install': False, 'path': '/home/dilhan/ros2_ws/src/ur_to_touch_haptic_teleoperation', 'symlink_install': False, 'test_result_base': None}
[0.344s] INFO:colcon.colcon_core.executor:Executing jobs using 'parallel' executor
[0.345s] DEBUG:colcon.colcon_parallel_executor.executor.parallel:run_until_complete
[0.345s] INFO:colcon.colcon_ros.task.ament_cmake.build:Building ROS package in '/home/dilhan/ros2_ws/src/Geomagic_Touch_ROS2/omni_msgs' with build type 'ament_cmake'
[0.345s] INFO:colcon.colcon_cmake.task.cmake.build:Building CMake package in '/home/dilhan/ros2_ws/src/Geomagic_Touch_ROS2/omni_msgs'
[0.346s] INFO:colcon.colcon_core.plugin_system:Skipping extension 'colcon_core.shell.bat': Not used on non-Windows systems
[0.347s] INFO:colcon.colcon_core.shell:Skip shell extension 'powershell' for command environment: Not usable outside of PowerShell
[0.347s] DEBUG:colcon.colcon_core.shell:Skip shell extension 'dsv' for command environment
[0.353s] INFO:colcon.colcon_ros.task.ament_cmake.build:Building ROS package in '/home/dilhan/ros2_ws/src/Geomagic_Touch_ROS2/omni_description' with build type 'ament_cmake'
[0.353s] INFO:colcon.colcon_cmake.task.cmake.build:Building CMake package in '/home/dilhan/ros2_ws/src/Geomagic_Touch_ROS2/omni_description'
[0.353s] INFO:colcon.colcon_core.shell:Skip shell extension 'powershell' for command environment: Not usable outside of PowerShell
[0.353s] DEBUG:colcon.colcon_core.shell:Skip shell extension 'dsv' for command environment
[0.365s] DEBUG:colcon.colcon_core.event_handler.log_command:Invoking command in '/home/dilhan/ros2_ws/build/omni_msgs': CMAKE_PREFIX_PATH=${CMAKE_PREFIX_PATH}:/home/dilhan/moveit_ws/install/moveit_configs_utils:/home/dilhan/moveit_ws/install/launch_param_builder:/opt/ros/humble /usr/bin/cmake --build /home/dilhan/ros2_ws/build/omni_msgs -- -j12 -l12
[0.367s] DEBUG:colcon.colcon_core.event_handler.log_command:Invoking command in '/home/dilhan/ros2_ws/build/omni_description': CMAKE_PREFIX_PATH=${CMAKE_PREFIX_PATH}:/home/dilhan/moveit_ws/install/moveit_configs_utils:/home/dilhan/moveit_ws/install/launch_param_builder:/opt/ros/humble /usr/bin/cmake --build /home/dilhan/ros2_ws/build/omni_description -- -j12 -l12
[0.415s] DEBUG:colcon.colcon_core.event_handler.log_command:Invoked command in '/home/dilhan/ros2_ws/build/omni_description' returned '0': CMAKE_PREFIX_PATH=${CMAKE_PREFIX_PATH}:/home/dilhan/moveit_ws/install/moveit_configs_utils:/home/dilhan/moveit_ws/install/launch_param_builder:/opt/ros/humble /usr/bin/cmake --build /home/dilhan/ros2_ws/build/omni_description -- -j12 -l12
[0.428s] DEBUG:colcon.colcon_core.event_handler.log_command:Invoking command in '/home/dilhan/ros2_ws/build/omni_description': CMAKE_PREFIX_PATH=${CMAKE_PREFIX_PATH}:/home/dilhan/moveit_ws/install/moveit_configs_utils:/home/dilhan/moveit_ws/install/launch_param_builder:/opt/ros/humble /usr/bin/cmake --install /home/dilhan/ros2_ws/build/omni_description
[0.442s] Level 1:colcon.colcon_core.environment:create_environment_scripts_only(omni_description)
[0.443s] DEBUG:colcon.colcon_core.event_handler.log_command:Invoked command in '/home/dilhan/ros2_ws/build/omni_description' returned '0': CMAKE_PREFIX_PATH=${CMAKE_PREFIX_PATH}:/home/dilhan/moveit_ws/install/moveit_configs_utils:/home/dilhan/moveit_ws/install/launch_param_builder:/opt/ros/humble /usr/bin/cmake --install /home/dilhan/ros2_ws/build/omni_description
[0.445s] Level 1:colcon.colcon_core.environment:checking '/home/dilhan/ros2_ws/install/omni_description' for CMake module files
[0.446s] Level 1:colcon.colcon_core.environment:checking '/home/dilhan/ros2_ws/install/omni_description' for CMake config files
[0.446s] Level 1:colcon.colcon_core.shell:create_environment_hook('omni_description', 'cmake_prefix_path')
[0.447s] INFO:colcon.colcon_core.shell:Creating environment hook '/home/dilhan/ros2_ws/install/omni_description/share/omni_description/hook/cmake_prefix_path.ps1'
[0.448s] INFO:colcon.colcon_core.shell:Creating environment descriptor '/home/dilhan/ros2_ws/install/omni_description/share/omni_description/hook/cmake_prefix_path.dsv'
[0.448s] INFO:colcon.colcon_core.shell:Creating environment hook '/home/dilhan/ros2_ws/install/omni_description/share/omni_description/hook/cmake_prefix_path.sh'
[0.450s] Level 1:colcon.colcon_core.environment:checking '/home/dilhan/ros2_ws/install/omni_description/bin'
[0.450s] Level 1:colcon.colcon_core.environment:checking '/home/dilhan/ros2_ws/install/omni_description/lib/pkgconfig/omni_description.pc'
[0.450s] Level 1:colcon.colcon_core.environment:checking '/home/dilhan/ros2_ws/install/omni_description/lib/python3.10/site-packages'
[0.450s] Level 1:colcon.colcon_core.environment:checking '/home/dilhan/ros2_ws/install/omni_description/bin'
[0.451s] INFO:colcon.colcon_core.shell:Creating package script '/home/dilhan/ros2_ws/install/omni_description/share/omni_description/package.ps1'
[0.452s] INFO:colcon.colcon_core.shell:Creating package descriptor '/home/dilhan/ros2_ws/install/omni_description/share/omni_description/package.dsv'
[0.452s] INFO:colcon.colcon_core.shell:Creating package script '/home/dilhan/ros2_ws/install/omni_description/share/omni_description/package.sh'
[0.453s] INFO:colcon.colcon_core.shell:Creating package script '/home/dilhan/ros2_ws/install/omni_description/share/omni_description/package.bash'
[0.454s] INFO:colcon.colcon_core.shell:Creating package script '/home/dilhan/ros2_ws/install/omni_description/share/omni_description/package.zsh'
[0.454s] Level 1:colcon.colcon_core.environment:create_file_with_runtime_dependencies(/home/dilhan/ros2_ws/install/omni_description/share/colcon-core/packages/omni_description)
[0.455s] Level 1:colcon.colcon_core.environment:create_environment_scripts_only(omni_description)
[0.455s] Level 1:colcon.colcon_core.environment:checking '/home/dilhan/ros2_ws/install/omni_description' for CMake module files
[0.456s] Level 1:colcon.colcon_core.environment:checking '/home/dilhan/ros2_ws/install/omni_description' for CMake config files
[0.456s] Level 1:colcon.colcon_core.shell:create_environment_hook('omni_description', 'cmake_prefix_path')
[0.456s] INFO:colcon.colcon_core.shell:Creating environment hook '/home/dilhan/ros2_ws/install/omni_description/share/omni_description/hook/cmake_prefix_path.ps1'
[0.456s] INFO:colcon.colcon_core.shell:Creating environment descriptor '/home/dilhan/ros2_ws/install/omni_description/share/omni_description/hook/cmake_prefix_path.dsv'
[0.457s] INFO:colcon.colcon_core.shell:Creating environment hook '/home/dilhan/ros2_ws/install/omni_description/share/omni_description/hook/cmake_prefix_path.sh'
[0.457s] Level 1:colcon.colcon_core.environment:checking '/home/dilhan/ros2_ws/install/omni_description/bin'
[0.457s] Level 1:colcon.colcon_core.environment:checking '/home/dilhan/ros2_ws/install/omni_description/lib/pkgconfig/omni_description.pc'
[0.458s] Level 1:colcon.colcon_core.environment:checking '/home/dilhan/ros2_ws/install/omni_description/lib/python3.10/site-packages'
[0.458s] Level 1:colcon.colcon_core.environment:checking '/home/dilhan/ros2_ws/install/omni_description/bin'
[0.458s] INFO:colcon.colcon_core.shell:Creating package script '/home/dilhan/ros2_ws/install/omni_description/share/omni_description/package.ps1'
[0.459s] INFO:colcon.colcon_core.shell:Creating package descriptor '/home/dilhan/ros2_ws/install/omni_description/share/omni_description/package.dsv'
[0.459s] INFO:colcon.colcon_core.shell:Creating package script '/home/dilhan/ros2_ws/install/omni_description/share/omni_description/package.sh'
[0.459s] INFO:colcon.colcon_core.shell:Creating package script '/home/dilhan/ros2_ws/install/omni_description/share/omni_description/package.bash'
[0.460s] INFO:colcon.colcon_core.shell:Creating package script '/home/dilhan/ros2_ws/install/omni_description/share/omni_description/package.zsh'
[0.460s] Level 1:colcon.colcon_core.environment:create_file_with_runtime_dependencies(/home/dilhan/ros2_ws/install/omni_description/share/colcon-core/packages/omni_description)
[0.738s] DEBUG:colcon.colcon_core.event_handler.log_command:Invoked command in '/home/dilhan/ros2_ws/build/omni_msgs' returned '0': CMAKE_PREFIX_PATH=${CMAKE_PREFIX_PATH}:/home/dilhan/moveit_ws/install/moveit_configs_utils:/home/dilhan/moveit_ws/install/launch_param_builder:/opt/ros/humble /usr/bin/cmake --build /home/dilhan/ros2_ws/build/omni_msgs -- -j12 -l12
[0.739s] DEBUG:colcon.colcon_core.event_handler.log_command:Invoking command in '/home/dilhan/ros2_ws/build/omni_msgs': CMAKE_PREFIX_PATH=${CMAKE_PREFIX_PATH}:/home/dilhan/moveit_ws/install/moveit_configs_utils:/home/dilhan/moveit_ws/install/launch_param_builder:/opt/ros/humble /usr/bin/cmake --install /home/dilhan/ros2_ws/build/omni_msgs
[0.790s] Level 1:colcon.colcon_core.environment:create_environment_scripts_only(omni_msgs)
[0.790s] Level 1:colcon.colcon_core.environment:checking '/home/dilhan/ros2_ws/install/omni_msgs' for CMake module files
[0.791s] DEBUG:colcon.colcon_core.event_handler.log_command:Invoked command in '/home/dilhan/ros2_ws/build/omni_msgs' returned '0': CMAKE_PREFIX_PATH=${CMAKE_PREFIX_PATH}:/home/dilhan/moveit_ws/install/moveit_configs_utils:/home/dilhan/moveit_ws/install/launch_param_builder:/opt/ros/humble /usr/bin/cmake --install /home/dilhan/ros2_ws/build/omni_msgs
[0.791s] Level 1:colcon.colcon_core.environment:checking '/home/dilhan/ros2_ws/install/omni_msgs' for CMake config files
[0.791s] Level 1:colcon.colcon_core.shell:create_environment_hook('omni_msgs', 'cmake_prefix_path')
[0.791s] INFO:colcon.colcon_core.shell:Creating environment hook '/home/dilhan/ros2_ws/install/omni_msgs/share/omni_msgs/hook/cmake_prefix_path.ps1'
[0.792s] INFO:colcon.colcon_core.shell:Creating environment descriptor '/home/dilhan/ros2_ws/install/omni_msgs/share/omni_msgs/hook/cmake_prefix_path.dsv'
[0.792s] INFO:colcon.colcon_core.shell:Creating environment hook '/home/dilhan/ros2_ws/install/omni_msgs/share/omni_msgs/hook/cmake_prefix_path.sh'
[0.793s] Level 1:colcon.colcon_core.environment:checking '/home/dilhan/ros2_ws/install/omni_msgs/lib'
[0.793s] Level 1:colcon.colcon_core.shell:create_environment_hook('omni_msgs', 'ld_library_path_lib')
[0.793s] INFO:colcon.colcon_core.shell:Creating environment hook '/home/dilhan/ros2_ws/install/omni_msgs/share/omni_msgs/hook/ld_library_path_lib.ps1'
[0.793s] INFO:colcon.colcon_core.shell:Creating environment descriptor '/home/dilhan/ros2_ws/install/omni_msgs/share/omni_msgs/hook/ld_library_path_lib.dsv'
[0.793s] INFO:colcon.colcon_core.shell:Creating environment hook '/home/dilhan/ros2_ws/install/omni_msgs/share/omni_msgs/hook/ld_library_path_lib.sh'
[0.794s] Level 1:colcon.colcon_core.environment:checking '/home/dilhan/ros2_ws/install/omni_msgs/bin'
[0.794s] Level 1:colcon.colcon_core.environment:checking '/home/dilhan/ros2_ws/install/omni_msgs/lib/pkgconfig/omni_msgs.pc'
[0.794s] Level 1:colcon.colcon_core.environment:checking '/home/dilhan/ros2_ws/install/omni_msgs/lib/python3.10/site-packages'
[0.794s] Level 1:colcon.colcon_core.environment:checking '/home/dilhan/ros2_ws/install/omni_msgs/bin'
[0.794s] INFO:colcon.colcon_core.shell:Creating package script '/home/dilhan/ros2_ws/install/omni_msgs/share/omni_msgs/package.ps1'
[0.795s] INFO:colcon.colcon_core.shell:Creating package descriptor '/home/dilhan/ros2_ws/install/omni_msgs/share/omni_msgs/package.dsv'
[0.795s] INFO:colcon.colcon_core.shell:Creating package script '/home/dilhan/ros2_ws/install/omni_msgs/share/omni_msgs/package.sh'
[0.795s] INFO:colcon.colcon_core.shell:Creating package script '/home/dilhan/ros2_ws/install/omni_msgs/share/omni_msgs/package.bash'
[0.795s] INFO:colcon.colcon_core.shell:Creating package script '/home/dilhan/ros2_ws/install/omni_msgs/share/omni_msgs/package.zsh'
[0.796s] Level 1:colcon.colcon_core.environment:create_file_with_runtime_dependencies(/home/dilhan/ros2_ws/install/omni_msgs/share/colcon-core/packages/omni_msgs)
[0.796s] Level 1:colcon.colcon_core.environment:create_environment_scripts_only(omni_msgs)
[0.796s] Level 1:colcon.colcon_core.environment:checking '/home/dilhan/ros2_ws/install/omni_msgs' for CMake module files
[0.797s] Level 1:colcon.colcon_core.environment:checking '/home/dilhan/ros2_ws/install/omni_msgs' for CMake config files
[0.797s] Level 1:colcon.colcon_core.shell:create_environment_hook('omni_msgs', 'cmake_prefix_path')
[0.797s] INFO:colcon.colcon_core.shell:Creating environment hook '/home/dilhan/ros2_ws/install/omni_msgs/share/omni_msgs/hook/cmake_prefix_path.ps1'
[0.797s] INFO:colcon.colcon_core.shell:Creating environment descriptor '/home/dilhan/ros2_ws/install/omni_msgs/share/omni_msgs/hook/cmake_prefix_path.dsv'
[0.798s] INFO:colcon.colcon_core.shell:Creating environment hook '/home/dilhan/ros2_ws/install/omni_msgs/share/omni_msgs/hook/cmake_prefix_path.sh'
[0.798s] Level 1:colcon.colcon_core.environment:checking '/home/dilhan/ros2_ws/install/omni_msgs/lib'
[0.798s] Level 1:colcon.colcon_core.shell:create_environment_hook('omni_msgs', 'ld_library_path_lib')
[0.798s] INFO:colcon.colcon_core.shell:Creating environment hook '/home/dilhan/ros2_ws/install/omni_msgs/share/omni_msgs/hook/ld_library_path_lib.ps1'
[0.798s] INFO:colcon.colcon_core.shell:Creating environment descriptor '/home/dilhan/ros2_ws/install/omni_msgs/share/omni_msgs/hook/ld_library_path_lib.dsv'
[0.799s] INFO:colcon.colcon_core.shell:Creating environment hook '/home/dilhan/ros2_ws/install/omni_msgs/share/omni_msgs/hook/ld_library_path_lib.sh'
[0.799s] Level 1:colcon.colcon_core.environment:checking '/home/dilhan/ros2_ws/install/omni_msgs/bin'
[0.799s] Level 1:colcon.colcon_core.environment:checking '/home/dilhan/ros2_ws/install/omni_msgs/lib/pkgconfig/omni_msgs.pc'
[0.799s] Level 1:colcon.colcon_core.environment:checking '/home/dilhan/ros2_ws/install/omni_msgs/lib/python3.10/site-packages'
[0.799s] Level 1:colcon.colcon_core.environment:checking '/home/dilhan/ros2_ws/install/omni_msgs/bin'
[0.800s] INFO:colcon.colcon_core.shell:Creating package script '/home/dilhan/ros2_ws/install/omni_msgs/share/omni_msgs/package.ps1'
[0.800s] INFO:colcon.colcon_core.shell:Creating package descriptor '/home/dilhan/ros2_ws/install/omni_msgs/share/omni_msgs/package.dsv'
[0.800s] INFO:colcon.colcon_core.shell:Creating package script '/home/dilhan/ros2_ws/install/omni_msgs/share/omni_msgs/package.sh'
[0.801s] INFO:colcon.colcon_core.shell:Creating package script '/home/dilhan/ros2_ws/install/omni_msgs/share/omni_msgs/package.bash'
[0.801s] INFO:colcon.colcon_core.shell:Creating package script '/home/dilhan/ros2_ws/install/omni_msgs/share/omni_msgs/package.zsh'
[0.801s] Level 1:colcon.colcon_core.environment:create_file_with_runtime_dependencies(/home/dilhan/ros2_ws/install/omni_msgs/share/colcon-core/packages/omni_msgs)
[0.801s] INFO:colcon.colcon_ros.task.ament_cmake.build:Building ROS package in '/home/dilhan/ros2_ws/src/Geomagic_Touch_ROS2/omni_common' with build type 'ament_cmake'
[0.802s] INFO:colcon.colcon_cmake.task.cmake.build:Building CMake package in '/home/dilhan/ros2_ws/src/Geomagic_Touch_ROS2/omni_common'
[0.802s] INFO:colcon.colcon_core.shell:Skip shell extension 'powershell' for command environment: Not usable outside of PowerShell
[0.802s] DEBUG:colcon.colcon_core.shell:Skip shell extension 'dsv' for command environment
[0.818s] DEBUG:colcon.colcon_core.event_handler.log_command:Invoking command in '/home/dilhan/ros2_ws/build/omni_common': CMAKE_PREFIX_PATH=/home/dilhan/ros2_ws/install/omni_msgs:/home/dilhan/moveit_ws/install/pilz_industrial_motion_planner_testutils:/home/dilhan/moveit_ws/install/moveit_runtime:/home/dilhan/moveit_ws/install/moveit2_tutorials:/home/dilhan/moveit_ws/install/moveit:/home/dilhan/moveit_ws/install/moveit_planners:/home/dilhan/moveit_ws/install/pilz_industrial_motion_planner:/home/dilhan/moveit_ws/install/moveit_visual_tools:/home/dilhan/moveit_ws/install/moveit_task_constructor_visualization:/home/dilhan/moveit_ws/install/moveit_task_constructor_demo:/home/dilhan/moveit_ws/install/moveit_task_constructor_capabilities:/home/dilhan/moveit_ws/install/moveit_task_constructor_core:/home/dilhan/moveit_ws/install/moveit_ros_control_interface:/home/dilhan/moveit_ws/install/moveit_plugins:/home/dilhan/moveit_ws/install/moveit_simple_controller_manager:/home/dilhan/moveit_ws/install/moveit_setup_assistant:/home/dilhan/moveit_ws/install/moveit_setup_srdf_plugins:/home/dilhan/moveit_ws/install/moveit_setup_core_plugins:/home/dilhan/moveit_ws/install/moveit_setup_controllers:/home/dilhan/moveit_ws/install/moveit_setup_app_plugins:/home/dilhan/moveit_ws/install/moveit_setup_framework:/home/dilhan/moveit_ws/install/moveit_servo:/home/dilhan/moveit_ws/install/moveit_ros:/home/dilhan/moveit_ws/install/moveit_ros_visualization:/home/dilhan/moveit_ws/install/moveit_hybrid_planning:/home/dilhan/moveit_ws/install/moveit_ros_planning_interface:/home/dilhan/moveit_ws/install/moveit_ros_benchmarks:/home/dilhan/moveit_ws/install/moveit_ros_warehouse:/home/dilhan/moveit_ws/install/moveit_ros_robot_interaction:/home/dilhan/moveit_ws/install/moveit_ros_perception:/home/dilhan/moveit_ws/install/moveit_resources_prbt_pg70_support:/home/dilhan/moveit_ws/install/moveit_resources_prbt_moveit_config:/home/dilhan/moveit_ws/install/moveit_ros_move_group:/home/dilhan/moveit_ws/install/moveit_planners_ompl:/home/dilhan/moveit_ws/install/moveit_ros_planning:/home/dilhan/moveit_ws/install/moveit_ros_occupancy_map_monitor:/home/dilhan/moveit_ws/install/moveit_resources_prbt_ikfast_manipulator_plugin:/home/dilhan/moveit_ws/install/moveit_planners_chomp:/home/dilhan/moveit_ws/install/moveit_kinematics:/home/dilhan/moveit_ws/install/moveit_chomp_optimizer_adapter:/home/dilhan/moveit_ws/install/chomp_motion_planner:/home/dilhan/moveit_ws/install/moveit_core:/home/dilhan/moveit_ws/install/srdfdom:/home/dilhan/moveit_ws/install/rviz_marker_tools:/home/dilhan/moveit_ws/install/rosparam_shortcuts:/home/dilhan/moveit_ws/install/moveit_task_constructor_msgs:/home/dilhan/moveit_ws/install/moveit_resources_prbt_support:/home/dilhan/moveit_ws/install/moveit_resources:/home/dilhan/moveit_ws/install/moveit_resources_pr2_description:/home/dilhan/moveit_ws/install/moveit_resources_panda_moveit_config:/home/dilhan/moveit_ws/install/moveit_resources_panda_description:/home/dilhan/moveit_ws/install/moveit_resources_fanuc_moveit_config:/home/dilhan/moveit_ws/install/moveit_resources_fanuc_description:/home/dilhan/moveit_ws/install/moveit_common:/home/dilhan/ros2_ws/install/ur_to_touch_haptic_teleoperation:/home/dilhan/ros2_ws/install/omni_common:/home/dilhan/ros2_ws/install/omni_description:/home/dilhan/moveit_ws/install/moveit_configs_utils:/home/dilhan/moveit_ws/install/launch_param_builder:/opt/ros/humble LD_LIBRARY_PATH=/home/dilhan/ros2_ws/install/omni_msgs/lib:/home/dilhan/moveit_ws/install/pilz_industrial_motion_planner_testutils/lib:/home/dilhan/moveit_ws/install/pilz_industrial_motion_planner/lib:/home/dilhan/moveit_ws/install/moveit_visual_tools/lib:/home/dilhan/moveit_ws/install/moveit_task_constructor_visualization/lib:/home/dilhan/moveit_ws/install/moveit_task_constructor_demo/lib:/home/dilhan/moveit_ws/install/moveit_task_constructor_capabilities/lib:/home/dilhan/moveit_ws/install/moveit_task_constructor_core/lib:/home/dilhan/moveit_ws/install/moveit_ros_control_interface/lib:/home/dilhan/moveit_ws/install/moveit_simple_controller_manager/lib:/home/dilhan/moveit_ws/install/moveit_setup_assistant/lib:/home/dilhan/moveit_ws/install/moveit_setup_srdf_plugins/lib:/home/dilhan/moveit_ws/install/moveit_setup_core_plugins/lib:/home/dilhan/moveit_ws/install/moveit_setup_controllers/lib:/home/dilhan/moveit_ws/install/moveit_setup_app_plugins/lib:/home/dilhan/moveit_ws/install/moveit_setup_framework/lib:/home/dilhan/moveit_ws/install/moveit_servo/lib:/home/dilhan/moveit_ws/install/moveit_ros_visualization/lib:/home/dilhan/moveit_ws/install/moveit_hybrid_planning/lib:/home/dilhan/moveit_ws/install/moveit_ros_planning_interface/lib:/home/dilhan/moveit_ws/install/moveit_ros_benchmarks/lib:/home/dilhan/moveit_ws/install/moveit_ros_warehouse/lib:/home/dilhan/moveit_ws/install/moveit_ros_robot_interaction/lib:/home/dilhan/moveit_ws/install/moveit_ros_perception/lib:/home/dilhan/moveit_ws/install/moveit_ros_move_group/lib:/home/dilhan/moveit_ws/install/moveit_planners_ompl/lib:/home/dilhan/moveit_ws/install/moveit_ros_planning/lib:/home/dilhan/moveit_ws/install/moveit_ros_occupancy_map_monitor/lib:/home/dilhan/moveit_ws/install/moveit_resources_prbt_ikfast_manipulator_plugin/lib:/home/dilhan/moveit_ws/install/moveit_planners_chomp/lib:/home/dilhan/moveit_ws/install/moveit_kinematics/lib:/home/dilhan/moveit_ws/install/moveit_chomp_optimizer_adapter/lib:/home/dilhan/moveit_ws/install/chomp_motion_planner/lib:/home/dilhan/moveit_ws/install/moveit_core/lib:/home/dilhan/moveit_ws/install/srdfdom/lib:/home/dilhan/moveit_ws/install/rviz_marker_tools/lib:/home/dilhan/moveit_ws/install/rosparam_shortcuts/lib:/home/dilhan/moveit_ws/install/moveit_task_constructor_msgs/lib:/usr/local/cuda-11.8/lib64:/usr/local/cuda-11.8/lib64:/opt/ros/humble/opt/rviz_ogre_vendor/lib:/opt/ros/humble/lib/x86_64-linux-gnu:/opt/ros/humble/lib /usr/bin/cmake --build /home/dilhan/ros2_ws/build/omni_common -- -j12 -l12
[0.909s] DEBUG:colcon.colcon_core.event_handler.log_command:Invoked command in '/home/dilhan/ros2_ws/build/omni_common' returned '0': CMAKE_PREFIX_PATH=/home/dilhan/ros2_ws/install/omni_msgs:/home/dilhan/moveit_ws/install/pilz_industrial_motion_planner_testutils:/home/dilhan/moveit_ws/install/moveit_runtime:/home/dilhan/moveit_ws/install/moveit2_tutorials:/home/dilhan/moveit_ws/install/moveit:/home/dilhan/moveit_ws/install/moveit_planners:/home/dilhan/moveit_ws/install/pilz_industrial_motion_planner:/home/dilhan/moveit_ws/install/moveit_visual_tools:/home/dilhan/moveit_ws/install/moveit_task_constructor_visualization:/home/dilhan/moveit_ws/install/moveit_task_constructor_demo:/home/dilhan/moveit_ws/install/moveit_task_constructor_capabilities:/home/dilhan/moveit_ws/install/moveit_task_constructor_core:/home/dilhan/moveit_ws/install/moveit_ros_control_interface:/home/dilhan/moveit_ws/install/moveit_plugins:/home/dilhan/moveit_ws/install/moveit_simple_controller_manager:/home/dilhan/moveit_ws/install/moveit_setup_assistant:/home/dilhan/moveit_ws/install/moveit_setup_srdf_plugins:/home/dilhan/moveit_ws/install/moveit_setup_core_plugins:/home/dilhan/moveit_ws/install/moveit_setup_controllers:/home/dilhan/moveit_ws/install/moveit_setup_app_plugins:/home/dilhan/moveit_ws/install/moveit_setup_framework:/home/dilhan/moveit_ws/install/moveit_servo:/home/dilhan/moveit_ws/install/moveit_ros:/home/dilhan/moveit_ws/install/moveit_ros_visualization:/home/dilhan/moveit_ws/install/moveit_hybrid_planning:/home/dilhan/moveit_ws/install/moveit_ros_planning_interface:/home/dilhan/moveit_ws/install/moveit_ros_benchmarks:/home/dilhan/moveit_ws/install/moveit_ros_warehouse:/home/dilhan/moveit_ws/install/moveit_ros_robot_interaction:/home/dilhan/moveit_ws/install/moveit_ros_perception:/home/dilhan/moveit_ws/install/moveit_resources_prbt_pg70_support:/home/dilhan/moveit_ws/install/moveit_resources_prbt_moveit_config:/home/dilhan/moveit_ws/install/moveit_ros_move_group:/home/dilhan/moveit_ws/install/moveit_planners_ompl:/home/dilhan/moveit_ws/install/moveit_ros_planning:/home/dilhan/moveit_ws/install/moveit_ros_occupancy_map_monitor:/home/dilhan/moveit_ws/install/moveit_resources_prbt_ikfast_manipulator_plugin:/home/dilhan/moveit_ws/install/moveit_planners_chomp:/home/dilhan/moveit_ws/install/moveit_kinematics:/home/dilhan/moveit_ws/install/moveit_chomp_optimizer_adapter:/home/dilhan/moveit_ws/install/chomp_motion_planner:/home/dilhan/moveit_ws/install/moveit_core:/home/dilhan/moveit_ws/install/srdfdom:/home/dilhan/moveit_ws/install/rviz_marker_tools:/home/dilhan/moveit_ws/install/rosparam_shortcuts:/home/dilhan/moveit_ws/install/moveit_task_constructor_msgs:/home/dilhan/moveit_ws/install/moveit_resources_prbt_support:/home/dilhan/moveit_ws/install/moveit_resources:/home/dilhan/moveit_ws/install/moveit_resources_pr2_description:/home/dilhan/moveit_ws/install/moveit_resources_panda_moveit_config:/home/dilhan/moveit_ws/install/moveit_resources_panda_description:/home/dilhan/moveit_ws/install/moveit_resources_fanuc_moveit_config:/home/dilhan/moveit_ws/install/moveit_resources_fanuc_description:/home/dilhan/moveit_ws/install/moveit_common:/home/dilhan/ros2_ws/install/ur_to_touch_haptic_teleoperation:/home/dilhan/ros2_ws/install/omni_common:/home/dilhan/ros2_ws/install/omni_description:/home/dilhan/moveit_ws/install/moveit_configs_utils:/home/dilhan/moveit_ws/install/launch_param_builder:/opt/ros/humble LD_LIBRARY_PATH=/home/dilhan/ros2_ws/install/omni_msgs/lib:/home/dilhan/moveit_ws/install/pilz_industrial_motion_planner_testutils/lib:/home/dilhan/moveit_ws/install/pilz_industrial_motion_planner/lib:/home/dilhan/moveit_ws/install/moveit_visual_tools/lib:/home/dilhan/moveit_ws/install/moveit_task_constructor_visualization/lib:/home/dilhan/moveit_ws/install/moveit_task_constructor_demo/lib:/home/dilhan/moveit_ws/install/moveit_task_constructor_capabilities/lib:/home/dilhan/moveit_ws/install/moveit_task_constructor_core/lib:/home/dilhan/moveit_ws/install/moveit_ros_control_interface/lib:/home/dilhan/moveit_ws/install/moveit_simple_controller_manager/lib:/home/dilhan/moveit_ws/install/moveit_setup_assistant/lib:/home/dilhan/moveit_ws/install/moveit_setup_srdf_plugins/lib:/home/dilhan/moveit_ws/install/moveit_setup_core_plugins/lib:/home/dilhan/moveit_ws/install/moveit_setup_controllers/lib:/home/dilhan/moveit_ws/install/moveit_setup_app_plugins/lib:/home/dilhan/moveit_ws/install/moveit_setup_framework/lib:/home/dilhan/moveit_ws/install/moveit_servo/lib:/home/dilhan/moveit_ws/install/moveit_ros_visualization/lib:/home/dilhan/moveit_ws/install/moveit_hybrid_planning/lib:/home/dilhan/moveit_ws/install/moveit_ros_planning_interface/lib:/home/dilhan/moveit_ws/install/moveit_ros_benchmarks/lib:/home/dilhan/moveit_ws/install/moveit_ros_warehouse/lib:/home/dilhan/moveit_ws/install/moveit_ros_robot_interaction/lib:/home/dilhan/moveit_ws/install/moveit_ros_perception/lib:/home/dilhan/moveit_ws/install/moveit_ros_move_group/lib:/home/dilhan/moveit_ws/install/moveit_planners_ompl/lib:/home/dilhan/moveit_ws/install/moveit_ros_planning/lib:/home/dilhan/moveit_ws/install/moveit_ros_occupancy_map_monitor/lib:/home/dilhan/moveit_ws/install/moveit_resources_prbt_ikfast_manipulator_plugin/lib:/home/dilhan/moveit_ws/install/moveit_planners_chomp/lib:/home/dilhan/moveit_ws/install/moveit_kinematics/lib:/home/dilhan/moveit_ws/install/moveit_chomp_optimizer_adapter/lib:/home/dilhan/moveit_ws/install/chomp_motion_planner/lib:/home/dilhan/moveit_ws/install/moveit_core/lib:/home/dilhan/moveit_ws/install/srdfdom/lib:/home/dilhan/moveit_ws/install/rviz_marker_tools/lib:/home/dilhan/moveit_ws/install/rosparam_shortcuts/lib:/home/dilhan/moveit_ws/install/moveit_task_constructor_msgs/lib:/usr/local/cuda-11.8/lib64:/usr/local/cuda-11.8/lib64:/opt/ros/humble/opt/rviz_ogre_vendor/lib:/opt/ros/humble/lib/x86_64-linux-gnu:/opt/ros/humble/lib /usr/bin/cmake --build /home/dilhan/ros2_ws/build/omni_common -- -j12 -l12
[0.910s] DEBUG:colcon.colcon_core.event_handler.log_command:Invoking command in '/home/dilhan/ros2_ws/build/omni_common': CMAKE_PREFIX_PATH=/home/dilhan/ros2_ws/install/omni_msgs:/home/dilhan/moveit_ws/install/pilz_industrial_motion_planner_testutils:/home/dilhan/moveit_ws/install/moveit_runtime:/home/dilhan/moveit_ws/install/moveit2_tutorials:/home/dilhan/moveit_ws/install/moveit:/home/dilhan/moveit_ws/install/moveit_planners:/home/dilhan/moveit_ws/install/pilz_industrial_motion_planner:/home/dilhan/moveit_ws/install/moveit_visual_tools:/home/dilhan/moveit_ws/install/moveit_task_constructor_visualization:/home/dilhan/moveit_ws/install/moveit_task_constructor_demo:/home/dilhan/moveit_ws/install/moveit_task_constructor_capabilities:/home/dilhan/moveit_ws/install/moveit_task_constructor_core:/home/dilhan/moveit_ws/install/moveit_ros_control_interface:/home/dilhan/moveit_ws/install/moveit_plugins:/home/dilhan/moveit_ws/install/moveit_simple_controller_manager:/home/dilhan/moveit_ws/install/moveit_setup_assistant:/home/dilhan/moveit_ws/install/moveit_setup_srdf_plugins:/home/dilhan/moveit_ws/install/moveit_setup_core_plugins:/home/dilhan/moveit_ws/install/moveit_setup_controllers:/home/dilhan/moveit_ws/install/moveit_setup_app_plugins:/home/dilhan/moveit_ws/install/moveit_setup_framework:/home/dilhan/moveit_ws/install/moveit_servo:/home/dilhan/moveit_ws/install/moveit_ros:/home/dilhan/moveit_ws/install/moveit_ros_visualization:/home/dilhan/moveit_ws/install/moveit_hybrid_planning:/home/dilhan/moveit_ws/install/moveit_ros_planning_interface:/home/dilhan/moveit_ws/install/moveit_ros_benchmarks:/home/dilhan/moveit_ws/install/moveit_ros_warehouse:/home/dilhan/moveit_ws/install/moveit_ros_robot_interaction:/home/dilhan/moveit_ws/install/moveit_ros_perception:/home/dilhan/moveit_ws/install/moveit_resources_prbt_pg70_support:/home/dilhan/moveit_ws/install/moveit_resources_prbt_moveit_config:/home/dilhan/moveit_ws/install/moveit_ros_move_group:/home/dilhan/moveit_ws/install/moveit_planners_ompl:/home/dilhan/moveit_ws/install/moveit_ros_planning:/home/dilhan/moveit_ws/install/moveit_ros_occupancy_map_monitor:/home/dilhan/moveit_ws/install/moveit_resources_prbt_ikfast_manipulator_plugin:/home/dilhan/moveit_ws/install/moveit_planners_chomp:/home/dilhan/moveit_ws/install/moveit_kinematics:/home/dilhan/moveit_ws/install/moveit_chomp_optimizer_adapter:/home/dilhan/moveit_ws/install/chomp_motion_planner:/home/dilhan/moveit_ws/install/moveit_core:/home/dilhan/moveit_ws/install/srdfdom:/home/dilhan/moveit_ws/install/rviz_marker_tools:/home/dilhan/moveit_ws/install/rosparam_shortcuts:/home/dilhan/moveit_ws/install/moveit_task_constructor_msgs:/home/dilhan/moveit_ws/install/moveit_resources_prbt_support:/home/dilhan/moveit_ws/install/moveit_resources:/home/dilhan/moveit_ws/install/moveit_resources_pr2_description:/home/dilhan/moveit_ws/install/moveit_resources_panda_moveit_config:/home/dilhan/moveit_ws/install/moveit_resources_panda_description:/home/dilhan/moveit_ws/install/moveit_resources_fanuc_moveit_config:/home/dilhan/moveit_ws/install/moveit_resources_fanuc_description:/home/dilhan/moveit_ws/install/moveit_common:/home/dilhan/ros2_ws/install/ur_to_touch_haptic_teleoperation:/home/dilhan/ros2_ws/install/omni_common:/home/dilhan/ros2_ws/install/omni_description:/home/dilhan/moveit_ws/install/moveit_configs_utils:/home/dilhan/moveit_ws/install/launch_param_builder:/opt/ros/humble LD_LIBRARY_PATH=/home/dilhan/ros2_ws/install/omni_msgs/lib:/home/dilhan/moveit_ws/install/pilz_industrial_motion_planner_testutils/lib:/home/dilhan/moveit_ws/install/pilz_industrial_motion_planner/lib:/home/dilhan/moveit_ws/install/moveit_visual_tools/lib:/home/dilhan/moveit_ws/install/moveit_task_constructor_visualization/lib:/home/dilhan/moveit_ws/install/moveit_task_constructor_demo/lib:/home/dilhan/moveit_ws/install/moveit_task_constructor_capabilities/lib:/home/dilhan/moveit_ws/install/moveit_task_constructor_core/lib:/home/dilhan/moveit_ws/install/moveit_ros_control_interface/lib:/home/dilhan/moveit_ws/install/moveit_simple_controller_manager/lib:/home/dilhan/moveit_ws/install/moveit_setup_assistant/lib:/home/dilhan/moveit_ws/install/moveit_setup_srdf_plugins/lib:/home/dilhan/moveit_ws/install/moveit_setup_core_plugins/lib:/home/dilhan/moveit_ws/install/moveit_setup_controllers/lib:/home/dilhan/moveit_ws/install/moveit_setup_app_plugins/lib:/home/dilhan/moveit_ws/install/moveit_setup_framework/lib:/home/dilhan/moveit_ws/install/moveit_servo/lib:/home/dilhan/moveit_ws/install/moveit_ros_visualization/lib:/home/dilhan/moveit_ws/install/moveit_hybrid_planning/lib:/home/dilhan/moveit_ws/install/moveit_ros_planning_interface/lib:/home/dilhan/moveit_ws/install/moveit_ros_benchmarks/lib:/home/dilhan/moveit_ws/install/moveit_ros_warehouse/lib:/home/dilhan/moveit_ws/install/moveit_ros_robot_interaction/lib:/home/dilhan/moveit_ws/install/moveit_ros_perception/lib:/home/dilhan/moveit_ws/install/moveit_ros_move_group/lib:/home/dilhan/moveit_ws/install/moveit_planners_ompl/lib:/home/dilhan/moveit_ws/install/moveit_ros_planning/lib:/home/dilhan/moveit_ws/install/moveit_ros_occupancy_map_monitor/lib:/home/dilhan/moveit_ws/install/moveit_resources_prbt_ikfast_manipulator_plugin/lib:/home/dilhan/moveit_ws/install/moveit_planners_chomp/lib:/home/dilhan/moveit_ws/install/moveit_kinematics/lib:/home/dilhan/moveit_ws/install/moveit_chomp_optimizer_adapter/lib:/home/dilhan/moveit_ws/install/chomp_motion_planner/lib:/home/dilhan/moveit_ws/install/moveit_core/lib:/home/dilhan/moveit_ws/install/srdfdom/lib:/home/dilhan/moveit_ws/install/rviz_marker_tools/lib:/home/dilhan/moveit_ws/install/rosparam_shortcuts/lib:/home/dilhan/moveit_ws/install/moveit_task_constructor_msgs/lib:/usr/local/cuda-11.8/lib64:/usr/local/cuda-11.8/lib64:/opt/ros/humble/opt/rviz_ogre_vendor/lib:/opt/ros/humble/lib/x86_64-linux-gnu:/opt/ros/humble/lib /usr/bin/cmake --install /home/dilhan/ros2_ws/build/omni_common
[0.922s] Level 1:colcon.colcon_core.environment:create_environment_scripts_only(omni_common)
[0.923s] Level 1:colcon.colcon_core.environment:checking '/home/dilhan/ros2_ws/install/omni_common' for CMake module files
[0.923s] DEBUG:colcon.colcon_core.event_handler.log_command:Invoked command in '/home/dilhan/ros2_ws/build/omni_common' returned '0': CMAKE_PREFIX_PATH=/home/dilhan/ros2_ws/install/omni_msgs:/home/dilhan/moveit_ws/install/pilz_industrial_motion_planner_testutils:/home/dilhan/moveit_ws/install/moveit_runtime:/home/dilhan/moveit_ws/install/moveit2_tutorials:/home/dilhan/moveit_ws/install/moveit:/home/dilhan/moveit_ws/install/moveit_planners:/home/dilhan/moveit_ws/install/pilz_industrial_motion_planner:/home/dilhan/moveit_ws/install/moveit_visual_tools:/home/dilhan/moveit_ws/install/moveit_task_constructor_visualization:/home/dilhan/moveit_ws/install/moveit_task_constructor_demo:/home/dilhan/moveit_ws/install/moveit_task_constructor_capabilities:/home/dilhan/moveit_ws/install/moveit_task_constructor_core:/home/dilhan/moveit_ws/install/moveit_ros_control_interface:/home/dilhan/moveit_ws/install/moveit_plugins:/home/dilhan/moveit_ws/install/moveit_simple_controller_manager:/home/dilhan/moveit_ws/install/moveit_setup_assistant:/home/dilhan/moveit_ws/install/moveit_setup_srdf_plugins:/home/dilhan/moveit_ws/install/moveit_setup_core_plugins:/home/dilhan/moveit_ws/install/moveit_setup_controllers:/home/dilhan/moveit_ws/install/moveit_setup_app_plugins:/home/dilhan/moveit_ws/install/moveit_setup_framework:/home/dilhan/moveit_ws/install/moveit_servo:/home/dilhan/moveit_ws/install/moveit_ros:/home/dilhan/moveit_ws/install/moveit_ros_visualization:/home/dilhan/moveit_ws/install/moveit_hybrid_planning:/home/dilhan/moveit_ws/install/moveit_ros_planning_interface:/home/dilhan/moveit_ws/install/moveit_ros_benchmarks:/home/dilhan/moveit_ws/install/moveit_ros_warehouse:/home/dilhan/moveit_ws/install/moveit_ros_robot_interaction:/home/dilhan/moveit_ws/install/moveit_ros_perception:/home/dilhan/moveit_ws/install/moveit_resources_prbt_pg70_support:/home/dilhan/moveit_ws/install/moveit_resources_prbt_moveit_config:/home/dilhan/moveit_ws/install/moveit_ros_move_group:/home/dilhan/moveit_ws/install/moveit_planners_ompl:/home/dilhan/moveit_ws/install/moveit_ros_planning:/home/dilhan/moveit_ws/install/moveit_ros_occupancy_map_monitor:/home/dilhan/moveit_ws/install/moveit_resources_prbt_ikfast_manipulator_plugin:/home/dilhan/moveit_ws/install/moveit_planners_chomp:/home/dilhan/moveit_ws/install/moveit_kinematics:/home/dilhan/moveit_ws/install/moveit_chomp_optimizer_adapter:/home/dilhan/moveit_ws/install/chomp_motion_planner:/home/dilhan/moveit_ws/install/moveit_core:/home/dilhan/moveit_ws/install/srdfdom:/home/dilhan/moveit_ws/install/rviz_marker_tools:/home/dilhan/moveit_ws/install/rosparam_shortcuts:/home/dilhan/moveit_ws/install/moveit_task_constructor_msgs:/home/dilhan/moveit_ws/install/moveit_resources_prbt_support:/home/dilhan/moveit_ws/install/moveit_resources:/home/dilhan/moveit_ws/install/moveit_resources_pr2_description:/home/dilhan/moveit_ws/install/moveit_resources_panda_moveit_config:/home/dilhan/moveit_ws/install/moveit_resources_panda_description:/home/dilhan/moveit_ws/install/moveit_resources_fanuc_moveit_config:/home/dilhan/moveit_ws/install/moveit_resources_fanuc_description:/home/dilhan/moveit_ws/install/moveit_common:/home/dilhan/ros2_ws/install/ur_to_touch_haptic_teleoperation:/home/dilhan/ros2_ws/install/omni_common:/home/dilhan/ros2_ws/install/omni_description:/home/dilhan/moveit_ws/install/moveit_configs_utils:/home/dilhan/moveit_ws/install/launch_param_builder:/opt/ros/humble LD_LIBRARY_PATH=/home/dilhan/ros2_ws/install/omni_msgs/lib:/home/dilhan/moveit_ws/install/pilz_industrial_motion_planner_testutils/lib:/home/dilhan/moveit_ws/install/pilz_industrial_motion_planner/lib:/home/dilhan/moveit_ws/install/moveit_visual_tools/lib:/home/dilhan/moveit_ws/install/moveit_task_constructor_visualization/lib:/home/dilhan/moveit_ws/install/moveit_task_constructor_demo/lib:/home/dilhan/moveit_ws/install/moveit_task_constructor_capabilities/lib:/home/dilhan/moveit_ws/install/moveit_task_constructor_core/lib:/home/dilhan/moveit_ws/install/moveit_ros_control_interface/lib:/home/dilhan/moveit_ws/install/moveit_simple_controller_manager/lib:/home/dilhan/moveit_ws/install/moveit_setup_assistant/lib:/home/dilhan/moveit_ws/install/moveit_setup_srdf_plugins/lib:/home/dilhan/moveit_ws/install/moveit_setup_core_plugins/lib:/home/dilhan/moveit_ws/install/moveit_setup_controllers/lib:/home/dilhan/moveit_ws/install/moveit_setup_app_plugins/lib:/home/dilhan/moveit_ws/install/moveit_setup_framework/lib:/home/dilhan/moveit_ws/install/moveit_servo/lib:/home/dilhan/moveit_ws/install/moveit_ros_visualization/lib:/home/dilhan/moveit_ws/install/moveit_hybrid_planning/lib:/home/dilhan/moveit_ws/install/moveit_ros_planning_interface/lib:/home/dilhan/moveit_ws/install/moveit_ros_benchmarks/lib:/home/dilhan/moveit_ws/install/moveit_ros_warehouse/lib:/home/dilhan/moveit_ws/install/moveit_ros_robot_interaction/lib:/home/dilhan/moveit_ws/install/moveit_ros_perception/lib:/home/dilhan/moveit_ws/install/moveit_ros_move_group/lib:/home/dilhan/moveit_ws/install/moveit_planners_ompl/lib:/home/dilhan/moveit_ws/install/moveit_ros_planning/lib:/home/dilhan/moveit_ws/install/moveit_ros_occupancy_map_monitor/lib:/home/dilhan/moveit_ws/install/moveit_resources_prbt_ikfast_manipulator_plugin/lib:/home/dilhan/moveit_ws/install/moveit_planners_chomp/lib:/home/dilhan/moveit_ws/install/moveit_kinematics/lib:/home/dilhan/moveit_ws/install/moveit_chomp_optimizer_adapter/lib:/home/dilhan/moveit_ws/install/chomp_motion_planner/lib:/home/dilhan/moveit_ws/install/moveit_core/lib:/home/dilhan/moveit_ws/install/srdfdom/lib:/home/dilhan/moveit_ws/install/rviz_marker_tools/lib:/home/dilhan/moveit_ws/install/rosparam_shortcuts/lib:/home/dilhan/moveit_ws/install/moveit_task_constructor_msgs/lib:/usr/local/cuda-11.8/lib64:/usr/local/cuda-11.8/lib64:/opt/ros/humble/opt/rviz_ogre_vendor/lib:/opt/ros/humble/lib/x86_64-linux-gnu:/opt/ros/humble/lib /usr/bin/cmake --install /home/dilhan/ros2_ws/build/omni_common
[0.923s] Level 1:colcon.colcon_core.environment:checking '/home/dilhan/ros2_ws/install/omni_common' for CMake config files
[0.923s] Level 1:colcon.colcon_core.shell:create_environment_hook('omni_common', 'cmake_prefix_path')
[0.924s] INFO:colcon.colcon_core.shell:Creating environment hook '/home/dilhan/ros2_ws/install/omni_common/share/omni_common/hook/cmake_prefix_path.ps1'
[0.924s] INFO:colcon.colcon_core.shell:Creating environment descriptor '/home/dilhan/ros2_ws/install/omni_common/share/omni_common/hook/cmake_prefix_path.dsv'
[0.924s] INFO:colcon.colcon_core.shell:Creating environment hook '/home/dilhan/ros2_ws/install/omni_common/share/omni_common/hook/cmake_prefix_path.sh'
[0.925s] Level 1:colcon.colcon_core.environment:checking '/home/dilhan/ros2_ws/install/omni_common/lib'
[0.925s] Level 1:colcon.colcon_core.environment:checking '/home/dilhan/ros2_ws/install/omni_common/bin'
[0.925s] Level 1:colcon.colcon_core.environment:checking '/home/dilhan/ros2_ws/install/omni_common/lib/pkgconfig/omni_common.pc'
[0.925s] Level 1:colcon.colcon_core.environment:checking '/home/dilhan/ros2_ws/install/omni_common/lib/python3.10/site-packages'
[0.925s] Level 1:colcon.colcon_core.environment:checking '/home/dilhan/ros2_ws/install/omni_common/bin'
[0.925s] INFO:colcon.colcon_core.shell:Creating package script '/home/dilhan/ros2_ws/install/omni_common/share/omni_common/package.ps1'
[0.926s] INFO:colcon.colcon_core.shell:Creating package descriptor '/home/dilhan/ros2_ws/install/omni_common/share/omni_common/package.dsv'
[0.926s] INFO:colcon.colcon_core.shell:Creating package script '/home/dilhan/ros2_ws/install/omni_common/share/omni_common/package.sh'
[0.926s] INFO:colcon.colcon_core.shell:Creating package script '/home/dilhan/ros2_ws/install/omni_common/share/omni_common/package.bash'
[0.926s] INFO:colcon.colcon_core.shell:Creating package script '/home/dilhan/ros2_ws/install/omni_common/share/omni_common/package.zsh'
[0.927s] Level 1:colcon.colcon_core.environment:create_file_with_runtime_dependencies(/home/dilhan/ros2_ws/install/omni_common/share/colcon-core/packages/omni_common)
[0.927s] Level 1:colcon.colcon_core.environment:create_environment_scripts_only(omni_common)
[0.927s] Level 1:colcon.colcon_core.environment:checking '/home/dilhan/ros2_ws/install/omni_common' for CMake module files
[0.927s] Level 1:colcon.colcon_core.environment:checking '/home/dilhan/ros2_ws/install/omni_common' for CMake config files
[0.928s] Level 1:colcon.colcon_core.shell:create_environment_hook('omni_common', 'cmake_prefix_path')
[0.928s] INFO:colcon.colcon_core.shell:Creating environment hook '/home/dilhan/ros2_ws/install/omni_common/share/omni_common/hook/cmake_prefix_path.ps1'
[0.928s] INFO:colcon.colcon_core.shell:Creating environment descriptor '/home/dilhan/ros2_ws/install/omni_common/share/omni_common/hook/cmake_prefix_path.dsv'
[0.928s] INFO:colcon.colcon_core.shell:Creating environment hook '/home/dilhan/ros2_ws/install/omni_common/share/omni_common/hook/cmake_prefix_path.sh'
[0.929s] Level 1:colcon.colcon_core.environment:checking '/home/dilhan/ros2_ws/install/omni_common/lib'
[0.929s] Level 1:colcon.colcon_core.environment:checking '/home/dilhan/ros2_ws/install/omni_common/bin'
[0.929s] Level 1:colcon.colcon_core.environment:checking '/home/dilhan/ros2_ws/install/omni_common/lib/pkgconfig/omni_common.pc'
[0.929s] Level 1:colcon.colcon_core.environment:checking '/home/dilhan/ros2_ws/install/omni_common/lib/python3.10/site-packages'
[0.929s] Level 1:colcon.colcon_core.environment:checking '/home/dilhan/ros2_ws/install/omni_common/bin'
[0.929s] INFO:colcon.colcon_core.shell:Creating package script '/home/dilhan/ros2_ws/install/omni_common/share/omni_common/package.ps1'
[0.929s] INFO:colcon.colcon_core.shell:Creating package descriptor '/home/dilhan/ros2_ws/install/omni_common/share/omni_common/package.dsv'
[0.930s] INFO:colcon.colcon_core.shell:Creating package script '/home/dilhan/ros2_ws/install/omni_common/share/omni_common/package.sh'
[0.930s] INFO:colcon.colcon_core.shell:Creating package script '/home/dilhan/ros2_ws/install/omni_common/share/omni_common/package.bash'
[0.930s] INFO:colcon.colcon_core.shell:Creating package script '/home/dilhan/ros2_ws/install/omni_common/share/omni_common/package.zsh'
[0.931s] Level 1:colcon.colcon_core.environment:create_file_with_runtime_dependencies(/home/dilhan/ros2_ws/install/omni_common/share/colcon-core/packages/omni_common)
[0.931s] INFO:colcon.colcon_ros.task.ament_cmake.build:Building ROS package in '/home/dilhan/ros2_ws/src/ur_to_touch_haptic_teleoperation' with build type 'ament_cmake'
[0.931s] INFO:colcon.colcon_cmake.task.cmake.build:Building CMake package in '/home/dilhan/ros2_ws/src/ur_to_touch_haptic_teleoperation'
[0.931s] INFO:colcon.colcon_core.shell:Skip shell extension 'powershell' for command environment: Not usable outside of PowerShell
[0.931s] DEBUG:colcon.colcon_core.shell:Skip shell extension 'dsv' for command environment
[0.948s] DEBUG:colcon.colcon_core.event_handler.log_command:Invoking command in '/home/dilhan/ros2_ws/build/ur_to_touch_haptic_teleoperation': CMAKE_PREFIX_PATH=/home/dilhan/ros2_ws/install/omni_common:/home/dilhan/ros2_ws/install/omni_msgs:/home/dilhan/moveit_ws/install/pilz_industrial_motion_planner_testutils:/home/dilhan/moveit_ws/install/moveit_runtime:/home/dilhan/moveit_ws/install/moveit2_tutorials:/home/dilhan/moveit_ws/install/moveit:/home/dilhan/moveit_ws/install/moveit_planners:/home/dilhan/moveit_ws/install/pilz_industrial_motion_planner:/home/dilhan/moveit_ws/install/moveit_visual_tools:/home/dilhan/moveit_ws/install/moveit_task_constructor_visualization:/home/dilhan/moveit_ws/install/moveit_task_constructor_demo:/home/dilhan/moveit_ws/install/moveit_task_constructor_capabilities:/home/dilhan/moveit_ws/install/moveit_task_constructor_core:/home/dilhan/moveit_ws/install/moveit_ros_control_interface:/home/dilhan/moveit_ws/install/moveit_plugins:/home/dilhan/moveit_ws/install/moveit_simple_controller_manager:/home/dilhan/moveit_ws/install/moveit_setup_assistant:/home/dilhan/moveit_ws/install/moveit_setup_srdf_plugins:/home/dilhan/moveit_ws/install/moveit_setup_core_plugins:/home/dilhan/moveit_ws/install/moveit_setup_controllers:/home/dilhan/moveit_ws/install/moveit_setup_app_plugins:/home/dilhan/moveit_ws/install/moveit_setup_framework:/home/dilhan/moveit_ws/install/moveit_servo:/home/dilhan/moveit_ws/install/moveit_ros:/home/dilhan/moveit_ws/install/moveit_ros_visualization:/home/dilhan/moveit_ws/install/moveit_hybrid_planning:/home/dilhan/moveit_ws/install/moveit_ros_planning_interface:/home/dilhan/moveit_ws/install/moveit_ros_benchmarks:/home/dilhan/moveit_ws/install/moveit_ros_warehouse:/home/dilhan/moveit_ws/install/moveit_ros_robot_interaction:/home/dilhan/moveit_ws/install/moveit_ros_perception:/home/dilhan/moveit_ws/install/moveit_resources_prbt_pg70_support:/home/dilhan/moveit_ws/install/moveit_resources_prbt_moveit_config:/home/dilhan/moveit_ws/install/moveit_ros_move_group:/home/dilhan/moveit_ws/install/moveit_planners_ompl:/home/dilhan/moveit_ws/install/moveit_ros_planning:/home/dilhan/moveit_ws/install/moveit_ros_occupancy_map_monitor:/home/dilhan/moveit_ws/install/moveit_resources_prbt_ikfast_manipulator_plugin:/home/dilhan/moveit_ws/install/moveit_planners_chomp:/home/dilhan/moveit_ws/install/moveit_kinematics:/home/dilhan/moveit_ws/install/moveit_chomp_optimizer_adapter:/home/dilhan/moveit_ws/install/chomp_motion_planner:/home/dilhan/moveit_ws/install/moveit_core:/home/dilhan/moveit_ws/install/srdfdom:/home/dilhan/moveit_ws/install/rviz_marker_tools:/home/dilhan/moveit_ws/install/rosparam_shortcuts:/home/dilhan/moveit_ws/install/moveit_task_constructor_msgs:/home/dilhan/moveit_ws/install/moveit_resources_prbt_support:/home/dilhan/moveit_ws/install/moveit_resources:/home/dilhan/moveit_ws/install/moveit_resources_pr2_description:/home/dilhan/moveit_ws/install/moveit_resources_panda_moveit_config:/home/dilhan/moveit_ws/install/moveit_resources_panda_description:/home/dilhan/moveit_ws/install/moveit_resources_fanuc_moveit_config:/home/dilhan/moveit_ws/install/moveit_resources_fanuc_description:/home/dilhan/moveit_ws/install/moveit_common:/home/dilhan/ros2_ws/install/ur_to_touch_haptic_teleoperation:/home/dilhan/ros2_ws/install/omni_description:/home/dilhan/moveit_ws/install/moveit_configs_utils:/home/dilhan/moveit_ws/install/launch_param_builder:/opt/ros/humble LD_LIBRARY_PATH=/home/dilhan/ros2_ws/install/omni_msgs/lib:/home/dilhan/moveit_ws/install/pilz_industrial_motion_planner_testutils/lib:/home/dilhan/moveit_ws/install/pilz_industrial_motion_planner/lib:/home/dilhan/moveit_ws/install/moveit_visual_tools/lib:/home/dilhan/moveit_ws/install/moveit_task_constructor_visualization/lib:/home/dilhan/moveit_ws/install/moveit_task_constructor_demo/lib:/home/dilhan/moveit_ws/install/moveit_task_constructor_capabilities/lib:/home/dilhan/moveit_ws/install/moveit_task_constructor_core/lib:/home/dilhan/moveit_ws/install/moveit_ros_control_interface/lib:/home/dilhan/moveit_ws/install/moveit_simple_controller_manager/lib:/home/dilhan/moveit_ws/install/moveit_setup_assistant/lib:/home/dilhan/moveit_ws/install/moveit_setup_srdf_plugins/lib:/home/dilhan/moveit_ws/install/moveit_setup_core_plugins/lib:/home/dilhan/moveit_ws/install/moveit_setup_controllers/lib:/home/dilhan/moveit_ws/install/moveit_setup_app_plugins/lib:/home/dilhan/moveit_ws/install/moveit_setup_framework/lib:/home/dilhan/moveit_ws/install/moveit_servo/lib:/home/dilhan/moveit_ws/install/moveit_ros_visualization/lib:/home/dilhan/moveit_ws/install/moveit_hybrid_planning/lib:/home/dilhan/moveit_ws/install/moveit_ros_planning_interface/lib:/home/dilhan/moveit_ws/install/moveit_ros_benchmarks/lib:/home/dilhan/moveit_ws/install/moveit_ros_warehouse/lib:/home/dilhan/moveit_ws/install/moveit_ros_robot_interaction/lib:/home/dilhan/moveit_ws/install/moveit_ros_perception/lib:/home/dilhan/moveit_ws/install/moveit_ros_move_group/lib:/home/dilhan/moveit_ws/install/moveit_planners_ompl/lib:/home/dilhan/moveit_ws/install/moveit_ros_planning/lib:/home/dilhan/moveit_ws/install/moveit_ros_occupancy_map_monitor/lib:/home/dilhan/moveit_ws/install/moveit_resources_prbt_ikfast_manipulator_plugin/lib:/home/dilhan/moveit_ws/install/moveit_planners_chomp/lib:/home/dilhan/moveit_ws/install/moveit_kinematics/lib:/home/dilhan/moveit_ws/install/moveit_chomp_optimizer_adapter/lib:/home/dilhan/moveit_ws/install/chomp_motion_planner/lib:/home/dilhan/moveit_ws/install/moveit_core/lib:/home/dilhan/moveit_ws/install/srdfdom/lib:/home/dilhan/moveit_ws/install/rviz_marker_tools/lib:/home/dilhan/moveit_ws/install/rosparam_shortcuts/lib:/home/dilhan/moveit_ws/install/moveit_task_constructor_msgs/lib:/usr/local/cuda-11.8/lib64:/usr/local/cuda-11.8/lib64:/opt/ros/humble/opt/rviz_ogre_vendor/lib:/opt/ros/humble/lib/x86_64-linux-gnu:/opt/ros/humble/lib /usr/bin/cmake --build /home/dilhan/ros2_ws/build/ur_to_touch_haptic_teleoperation -- -j12 -l12
[1.037s] DEBUG:colcon.colcon_core.event_handler.log_command:Invoked command in '/home/dilhan/ros2_ws/build/ur_to_touch_haptic_teleoperation' returned '0': CMAKE_PREFIX_PATH=/home/dilhan/ros2_ws/install/omni_common:/home/dilhan/ros2_ws/install/omni_msgs:/home/dilhan/moveit_ws/install/pilz_industrial_motion_planner_testutils:/home/dilhan/moveit_ws/install/moveit_runtime:/home/dilhan/moveit_ws/install/moveit2_tutorials:/home/dilhan/moveit_ws/install/moveit:/home/dilhan/moveit_ws/install/moveit_planners:/home/dilhan/moveit_ws/install/pilz_industrial_motion_planner:/home/dilhan/moveit_ws/install/moveit_visual_tools:/home/dilhan/moveit_ws/install/moveit_task_constructor_visualization:/home/dilhan/moveit_ws/install/moveit_task_constructor_demo:/home/dilhan/moveit_ws/install/moveit_task_constructor_capabilities:/home/dilhan/moveit_ws/install/moveit_task_constructor_core:/home/dilhan/moveit_ws/install/moveit_ros_control_interface:/home/dilhan/moveit_ws/install/moveit_plugins:/home/dilhan/moveit_ws/install/moveit_simple_controller_manager:/home/dilhan/moveit_ws/install/moveit_setup_assistant:/home/dilhan/moveit_ws/install/moveit_setup_srdf_plugins:/home/dilhan/moveit_ws/install/moveit_setup_core_plugins:/home/dilhan/moveit_ws/install/moveit_setup_controllers:/home/dilhan/moveit_ws/install/moveit_setup_app_plugins:/home/dilhan/moveit_ws/install/moveit_setup_framework:/home/dilhan/moveit_ws/install/moveit_servo:/home/dilhan/moveit_ws/install/moveit_ros:/home/dilhan/moveit_ws/install/moveit_ros_visualization:/home/dilhan/moveit_ws/install/moveit_hybrid_planning:/home/dilhan/moveit_ws/install/moveit_ros_planning_interface:/home/dilhan/moveit_ws/install/moveit_ros_benchmarks:/home/dilhan/moveit_ws/install/moveit_ros_warehouse:/home/dilhan/moveit_ws/install/moveit_ros_robot_interaction:/home/dilhan/moveit_ws/install/moveit_ros_perception:/home/dilhan/moveit_ws/install/moveit_resources_prbt_pg70_support:/home/dilhan/moveit_ws/install/moveit_resources_prbt_moveit_config:/home/dilhan/moveit_ws/install/moveit_ros_move_group:/home/dilhan/moveit_ws/install/moveit_planners_ompl:/home/dilhan/moveit_ws/install/moveit_ros_planning:/home/dilhan/moveit_ws/install/moveit_ros_occupancy_map_monitor:/home/dilhan/moveit_ws/install/moveit_resources_prbt_ikfast_manipulator_plugin:/home/dilhan/moveit_ws/install/moveit_planners_chomp:/home/dilhan/moveit_ws/install/moveit_kinematics:/home/dilhan/moveit_ws/install/moveit_chomp_optimizer_adapter:/home/dilhan/moveit_ws/install/chomp_motion_planner:/home/dilhan/moveit_ws/install/moveit_core:/home/dilhan/moveit_ws/install/srdfdom:/home/dilhan/moveit_ws/install/rviz_marker_tools:/home/dilhan/moveit_ws/install/rosparam_shortcuts:/home/dilhan/moveit_ws/install/moveit_task_constructor_msgs:/home/dilhan/moveit_ws/install/moveit_resources_prbt_support:/home/dilhan/moveit_ws/install/moveit_resources:/home/dilhan/moveit_ws/install/moveit_resources_pr2_description:/home/dilhan/moveit_ws/install/moveit_resources_panda_moveit_config:/home/dilhan/moveit_ws/install/moveit_resources_panda_description:/home/dilhan/moveit_ws/install/moveit_resources_fanuc_moveit_config:/home/dilhan/moveit_ws/install/moveit_resources_fanuc_description:/home/dilhan/moveit_ws/install/moveit_common:/home/dilhan/ros2_ws/install/ur_to_touch_haptic_teleoperation:/home/dilhan/ros2_ws/install/omni_description:/home/dilhan/moveit_ws/install/moveit_configs_utils:/home/dilhan/moveit_ws/install/launch_param_builder:/opt/ros/humble LD_LIBRARY_PATH=/home/dilhan/ros2_ws/install/omni_msgs/lib:/home/dilhan/moveit_ws/install/pilz_industrial_motion_planner_testutils/lib:/home/dilhan/moveit_ws/install/pilz_industrial_motion_planner/lib:/home/dilhan/moveit_ws/install/moveit_visual_tools/lib:/home/dilhan/moveit_ws/install/moveit_task_constructor_visualization/lib:/home/dilhan/moveit_ws/install/moveit_task_constructor_demo/lib:/home/dilhan/moveit_ws/install/moveit_task_constructor_capabilities/lib:/home/dilhan/moveit_ws/install/moveit_task_constructor_core/lib:/home/dilhan/moveit_ws/install/moveit_ros_control_interface/lib:/home/dilhan/moveit_ws/install/moveit_simple_controller_manager/lib:/home/dilhan/moveit_ws/install/moveit_setup_assistant/lib:/home/dilhan/moveit_ws/install/moveit_setup_srdf_plugins/lib:/home/dilhan/moveit_ws/install/moveit_setup_core_plugins/lib:/home/dilhan/moveit_ws/install/moveit_setup_controllers/lib:/home/dilhan/moveit_ws/install/moveit_setup_app_plugins/lib:/home/dilhan/moveit_ws/install/moveit_setup_framework/lib:/home/dilhan/moveit_ws/install/moveit_servo/lib:/home/dilhan/moveit_ws/install/moveit_ros_visualization/lib:/home/dilhan/moveit_ws/install/moveit_hybrid_planning/lib:/home/dilhan/moveit_ws/install/moveit_ros_planning_interface/lib:/home/dilhan/moveit_ws/install/moveit_ros_benchmarks/lib:/home/dilhan/moveit_ws/install/moveit_ros_warehouse/lib:/home/dilhan/moveit_ws/install/moveit_ros_robot_interaction/lib:/home/dilhan/moveit_ws/install/moveit_ros_perception/lib:/home/dilhan/moveit_ws/install/moveit_ros_move_group/lib:/home/dilhan/moveit_ws/install/moveit_planners_ompl/lib:/home/dilhan/moveit_ws/install/moveit_ros_planning/lib:/home/dilhan/moveit_ws/install/moveit_ros_occupancy_map_monitor/lib:/home/dilhan/moveit_ws/install/moveit_resources_prbt_ikfast_manipulator_plugin/lib:/home/dilhan/moveit_ws/install/moveit_planners_chomp/lib:/home/dilhan/moveit_ws/install/moveit_kinematics/lib:/home/dilhan/moveit_ws/install/moveit_chomp_optimizer_adapter/lib:/home/dilhan/moveit_ws/install/chomp_motion_planner/lib:/home/dilhan/moveit_ws/install/moveit_core/lib:/home/dilhan/moveit_ws/install/srdfdom/lib:/home/dilhan/moveit_ws/install/rviz_marker_tools/lib:/home/dilhan/moveit_ws/install/rosparam_shortcuts/lib:/home/dilhan/moveit_ws/install/moveit_task_constructor_msgs/lib:/usr/local/cuda-11.8/lib64:/usr/local/cuda-11.8/lib64:/opt/ros/humble/opt/rviz_ogre_vendor/lib:/opt/ros/humble/lib/x86_64-linux-gnu:/opt/ros/humble/lib /usr/bin/cmake --build /home/dilhan/ros2_ws/build/ur_to_touch_haptic_teleoperation -- -j12 -l12
[1.039s] DEBUG:colcon.colcon_core.event_handler.log_command:Invoking command in '/home/dilhan/ros2_ws/build/ur_to_touch_haptic_teleoperation': CMAKE_PREFIX_PATH=/home/dilhan/ros2_ws/install/omni_common:/home/dilhan/ros2_ws/install/omni_msgs:/home/dilhan/moveit_ws/install/pilz_industrial_motion_planner_testutils:/home/dilhan/moveit_ws/install/moveit_runtime:/home/dilhan/moveit_ws/install/moveit2_tutorials:/home/dilhan/moveit_ws/install/moveit:/home/dilhan/moveit_ws/install/moveit_planners:/home/dilhan/moveit_ws/install/pilz_industrial_motion_planner:/home/dilhan/moveit_ws/install/moveit_visual_tools:/home/dilhan/moveit_ws/install/moveit_task_constructor_visualization:/home/dilhan/moveit_ws/install/moveit_task_constructor_demo:/home/dilhan/moveit_ws/install/moveit_task_constructor_capabilities:/home/dilhan/moveit_ws/install/moveit_task_constructor_core:/home/dilhan/moveit_ws/install/moveit_ros_control_interface:/home/dilhan/moveit_ws/install/moveit_plugins:/home/dilhan/moveit_ws/install/moveit_simple_controller_manager:/home/dilhan/moveit_ws/install/moveit_setup_assistant:/home/dilhan/moveit_ws/install/moveit_setup_srdf_plugins:/home/dilhan/moveit_ws/install/moveit_setup_core_plugins:/home/dilhan/moveit_ws/install/moveit_setup_controllers:/home/dilhan/moveit_ws/install/moveit_setup_app_plugins:/home/dilhan/moveit_ws/install/moveit_setup_framework:/home/dilhan/moveit_ws/install/moveit_servo:/home/dilhan/moveit_ws/install/moveit_ros:/home/dilhan/moveit_ws/install/moveit_ros_visualization:/home/dilhan/moveit_ws/install/moveit_hybrid_planning:/home/dilhan/moveit_ws/install/moveit_ros_planning_interface:/home/dilhan/moveit_ws/install/moveit_ros_benchmarks:/home/dilhan/moveit_ws/install/moveit_ros_warehouse:/home/dilhan/moveit_ws/install/moveit_ros_robot_interaction:/home/dilhan/moveit_ws/install/moveit_ros_perception:/home/dilhan/moveit_ws/install/moveit_resources_prbt_pg70_support:/home/dilhan/moveit_ws/install/moveit_resources_prbt_moveit_config:/home/dilhan/moveit_ws/install/moveit_ros_move_group:/home/dilhan/moveit_ws/install/moveit_planners_ompl:/home/dilhan/moveit_ws/install/moveit_ros_planning:/home/dilhan/moveit_ws/install/moveit_ros_occupancy_map_monitor:/home/dilhan/moveit_ws/install/moveit_resources_prbt_ikfast_manipulator_plugin:/home/dilhan/moveit_ws/install/moveit_planners_chomp:/home/dilhan/moveit_ws/install/moveit_kinematics:/home/dilhan/moveit_ws/install/moveit_chomp_optimizer_adapter:/home/dilhan/moveit_ws/install/chomp_motion_planner:/home/dilhan/moveit_ws/install/moveit_core:/home/dilhan/moveit_ws/install/srdfdom:/home/dilhan/moveit_ws/install/rviz_marker_tools:/home/dilhan/moveit_ws/install/rosparam_shortcuts:/home/dilhan/moveit_ws/install/moveit_task_constructor_msgs:/home/dilhan/moveit_ws/install/moveit_resources_prbt_support:/home/dilhan/moveit_ws/install/moveit_resources:/home/dilhan/moveit_ws/install/moveit_resources_pr2_description:/home/dilhan/moveit_ws/install/moveit_resources_panda_moveit_config:/home/dilhan/moveit_ws/install/moveit_resources_panda_description:/home/dilhan/moveit_ws/install/moveit_resources_fanuc_moveit_config:/home/dilhan/moveit_ws/install/moveit_resources_fanuc_description:/home/dilhan/moveit_ws/install/moveit_common:/home/dilhan/ros2_ws/install/ur_to_touch_haptic_teleoperation:/home/dilhan/ros2_ws/install/omni_description:/home/dilhan/moveit_ws/install/moveit_configs_utils:/home/dilhan/moveit_ws/install/launch_param_builder:/opt/ros/humble LD_LIBRARY_PATH=/home/dilhan/ros2_ws/install/omni_msgs/lib:/home/dilhan/moveit_ws/install/pilz_industrial_motion_planner_testutils/lib:/home/dilhan/moveit_ws/install/pilz_industrial_motion_planner/lib:/home/dilhan/moveit_ws/install/moveit_visual_tools/lib:/home/dilhan/moveit_ws/install/moveit_task_constructor_visualization/lib:/home/dilhan/moveit_ws/install/moveit_task_constructor_demo/lib:/home/dilhan/moveit_ws/install/moveit_task_constructor_capabilities/lib:/home/dilhan/moveit_ws/install/moveit_task_constructor_core/lib:/home/dilhan/moveit_ws/install/moveit_ros_control_interface/lib:/home/dilhan/moveit_ws/install/moveit_simple_controller_manager/lib:/home/dilhan/moveit_ws/install/moveit_setup_assistant/lib:/home/dilhan/moveit_ws/install/moveit_setup_srdf_plugins/lib:/home/dilhan/moveit_ws/install/moveit_setup_core_plugins/lib:/home/dilhan/moveit_ws/install/moveit_setup_controllers/lib:/home/dilhan/moveit_ws/install/moveit_setup_app_plugins/lib:/home/dilhan/moveit_ws/install/moveit_setup_framework/lib:/home/dilhan/moveit_ws/install/moveit_servo/lib:/home/dilhan/moveit_ws/install/moveit_ros_visualization/lib:/home/dilhan/moveit_ws/install/moveit_hybrid_planning/lib:/home/dilhan/moveit_ws/install/moveit_ros_planning_interface/lib:/home/dilhan/moveit_ws/install/moveit_ros_benchmarks/lib:/home/dilhan/moveit_ws/install/moveit_ros_warehouse/lib:/home/dilhan/moveit_ws/install/moveit_ros_robot_interaction/lib:/home/dilhan/moveit_ws/install/moveit_ros_perception/lib:/home/dilhan/moveit_ws/install/moveit_ros_move_group/lib:/home/dilhan/moveit_ws/install/moveit_planners_ompl/lib:/home/dilhan/moveit_ws/install/moveit_ros_planning/lib:/home/dilhan/moveit_ws/install/moveit_ros_occupancy_map_monitor/lib:/home/dilhan/moveit_ws/install/moveit_resources_prbt_ikfast_manipulator_plugin/lib:/home/dilhan/moveit_ws/install/moveit_planners_chomp/lib:/home/dilhan/moveit_ws/install/moveit_kinematics/lib:/home/dilhan/moveit_ws/install/moveit_chomp_optimizer_adapter/lib:/home/dilhan/moveit_ws/install/chomp_motion_planner/lib:/home/dilhan/moveit_ws/install/moveit_core/lib:/home/dilhan/moveit_ws/install/srdfdom/lib:/home/dilhan/moveit_ws/install/rviz_marker_tools/lib:/home/dilhan/moveit_ws/install/rosparam_shortcuts/lib:/home/dilhan/moveit_ws/install/moveit_task_constructor_msgs/lib:/usr/local/cuda-11.8/lib64:/usr/local/cuda-11.8/lib64:/opt/ros/humble/opt/rviz_ogre_vendor/lib:/opt/ros/humble/lib/x86_64-linux-gnu:/opt/ros/humble/lib /usr/bin/cmake --install /home/dilhan/ros2_ws/build/ur_to_touch_haptic_teleoperation
[1.051s] Level 1:colcon.colcon_core.environment:create_environment_scripts_only(ur_to_touch_haptic_teleoperation)
[1.052s] Level 1:colcon.colcon_core.environment:checking '/home/dilhan/ros2_ws/install/ur_to_touch_haptic_teleoperation' for CMake module files
[1.052s] DEBUG:colcon.colcon_core.event_handler.log_command:Invoked command in '/home/dilhan/ros2_ws/build/ur_to_touch_haptic_teleoperation' returned '0': CMAKE_PREFIX_PATH=/home/dilhan/ros2_ws/install/omni_common:/home/dilhan/ros2_ws/install/omni_msgs:/home/dilhan/moveit_ws/install/pilz_industrial_motion_planner_testutils:/home/dilhan/moveit_ws/install/moveit_runtime:/home/dilhan/moveit_ws/install/moveit2_tutorials:/home/dilhan/moveit_ws/install/moveit:/home/dilhan/moveit_ws/install/moveit_planners:/home/dilhan/moveit_ws/install/pilz_industrial_motion_planner:/home/dilhan/moveit_ws/install/moveit_visual_tools:/home/dilhan/moveit_ws/install/moveit_task_constructor_visualization:/home/dilhan/moveit_ws/install/moveit_task_constructor_demo:/home/dilhan/moveit_ws/install/moveit_task_constructor_capabilities:/home/dilhan/moveit_ws/install/moveit_task_constructor_core:/home/dilhan/moveit_ws/install/moveit_ros_control_interface:/home/dilhan/moveit_ws/install/moveit_plugins:/home/dilhan/moveit_ws/install/moveit_simple_controller_manager:/home/dilhan/moveit_ws/install/moveit_setup_assistant:/home/dilhan/moveit_ws/install/moveit_setup_srdf_plugins:/home/dilhan/moveit_ws/install/moveit_setup_core_plugins:/home/dilhan/moveit_ws/install/moveit_setup_controllers:/home/dilhan/moveit_ws/install/moveit_setup_app_plugins:/home/dilhan/moveit_ws/install/moveit_setup_framework:/home/dilhan/moveit_ws/install/moveit_servo:/home/dilhan/moveit_ws/install/moveit_ros:/home/dilhan/moveit_ws/install/moveit_ros_visualization:/home/dilhan/moveit_ws/install/moveit_hybrid_planning:/home/dilhan/moveit_ws/install/moveit_ros_planning_interface:/home/dilhan/moveit_ws/install/moveit_ros_benchmarks:/home/dilhan/moveit_ws/install/moveit_ros_warehouse:/home/dilhan/moveit_ws/install/moveit_ros_robot_interaction:/home/dilhan/moveit_ws/install/moveit_ros_perception:/home/dilhan/moveit_ws/install/moveit_resources_prbt_pg70_support:/home/dilhan/moveit_ws/install/moveit_resources_prbt_moveit_config:/home/dilhan/moveit_ws/install/moveit_ros_move_group:/home/dilhan/moveit_ws/install/moveit_planners_ompl:/home/dilhan/moveit_ws/install/moveit_ros_planning:/home/dilhan/moveit_ws/install/moveit_ros_occupancy_map_monitor:/home/dilhan/moveit_ws/install/moveit_resources_prbt_ikfast_manipulator_plugin:/home/dilhan/moveit_ws/install/moveit_planners_chomp:/home/dilhan/moveit_ws/install/moveit_kinematics:/home/dilhan/moveit_ws/install/moveit_chomp_optimizer_adapter:/home/dilhan/moveit_ws/install/chomp_motion_planner:/home/dilhan/moveit_ws/install/moveit_core:/home/dilhan/moveit_ws/install/srdfdom:/home/dilhan/moveit_ws/install/rviz_marker_tools:/home/dilhan/moveit_ws/install/rosparam_shortcuts:/home/dilhan/moveit_ws/install/moveit_task_constructor_msgs:/home/dilhan/moveit_ws/install/moveit_resources_prbt_support:/home/dilhan/moveit_ws/install/moveit_resources:/home/dilhan/moveit_ws/install/moveit_resources_pr2_description:/home/dilhan/moveit_ws/install/moveit_resources_panda_moveit_config:/home/dilhan/moveit_ws/install/moveit_resources_panda_description:/home/dilhan/moveit_ws/install/moveit_resources_fanuc_moveit_config:/home/dilhan/moveit_ws/install/moveit_resources_fanuc_description:/home/dilhan/moveit_ws/install/moveit_common:/home/dilhan/ros2_ws/install/ur_to_touch_haptic_teleoperation:/home/dilhan/ros2_ws/install/omni_description:/home/dilhan/moveit_ws/install/moveit_configs_utils:/home/dilhan/moveit_ws/install/launch_param_builder:/opt/ros/humble LD_LIBRARY_PATH=/home/dilhan/ros2_ws/install/omni_msgs/lib:/home/dilhan/moveit_ws/install/pilz_industrial_motion_planner_testutils/lib:/home/dilhan/moveit_ws/install/pilz_industrial_motion_planner/lib:/home/dilhan/moveit_ws/install/moveit_visual_tools/lib:/home/dilhan/moveit_ws/install/moveit_task_constructor_visualization/lib:/home/dilhan/moveit_ws/install/moveit_task_constructor_demo/lib:/home/dilhan/moveit_ws/install/moveit_task_constructor_capabilities/lib:/home/dilhan/moveit_ws/install/moveit_task_constructor_core/lib:/home/dilhan/moveit_ws/install/moveit_ros_control_interface/lib:/home/dilhan/moveit_ws/install/moveit_simple_controller_manager/lib:/home/dilhan/moveit_ws/install/moveit_setup_assistant/lib:/home/dilhan/moveit_ws/install/moveit_setup_srdf_plugins/lib:/home/dilhan/moveit_ws/install/moveit_setup_core_plugins/lib:/home/dilhan/moveit_ws/install/moveit_setup_controllers/lib:/home/dilhan/moveit_ws/install/moveit_setup_app_plugins/lib:/home/dilhan/moveit_ws/install/moveit_setup_framework/lib:/home/dilhan/moveit_ws/install/moveit_servo/lib:/home/dilhan/moveit_ws/install/moveit_ros_visualization/lib:/home/dilhan/moveit_ws/install/moveit_hybrid_planning/lib:/home/dilhan/moveit_ws/install/moveit_ros_planning_interface/lib:/home/dilhan/moveit_ws/install/moveit_ros_benchmarks/lib:/home/dilhan/moveit_ws/install/moveit_ros_warehouse/lib:/home/dilhan/moveit_ws/install/moveit_ros_robot_interaction/lib:/home/dilhan/moveit_ws/install/moveit_ros_perception/lib:/home/dilhan/moveit_ws/install/moveit_ros_move_group/lib:/home/dilhan/moveit_ws/install/moveit_planners_ompl/lib:/home/dilhan/moveit_ws/install/moveit_ros_planning/lib:/home/dilhan/moveit_ws/install/moveit_ros_occupancy_map_monitor/lib:/home/dilhan/moveit_ws/install/moveit_resources_prbt_ikfast_manipulator_plugin/lib:/home/dilhan/moveit_ws/install/moveit_planners_chomp/lib:/home/dilhan/moveit_ws/install/moveit_kinematics/lib:/home/dilhan/moveit_ws/install/moveit_chomp_optimizer_adapter/lib:/home/dilhan/moveit_ws/install/chomp_motion_planner/lib:/home/dilhan/moveit_ws/install/moveit_core/lib:/home/dilhan/moveit_ws/install/srdfdom/lib:/home/dilhan/moveit_ws/install/rviz_marker_tools/lib:/home/dilhan/moveit_ws/install/rosparam_shortcuts/lib:/home/dilhan/moveit_ws/install/moveit_task_constructor_msgs/lib:/usr/local/cuda-11.8/lib64:/usr/local/cuda-11.8/lib64:/opt/ros/humble/opt/rviz_ogre_vendor/lib:/opt/ros/humble/lib/x86_64-linux-gnu:/opt/ros/humble/lib /usr/bin/cmake --install /home/dilhan/ros2_ws/build/ur_to_touch_haptic_teleoperation
[1.052s] Level 1:colcon.colcon_core.environment:checking '/home/dilhan/ros2_ws/install/ur_to_touch_haptic_teleoperation' for CMake config files
[1.052s] Level 1:colcon.colcon_core.shell:create_environment_hook('ur_to_touch_haptic_teleoperation', 'cmake_prefix_path')
[1.052s] INFO:colcon.colcon_core.shell:Creating environment hook '/home/dilhan/ros2_ws/install/ur_to_touch_haptic_teleoperation/share/ur_to_touch_haptic_teleoperation/hook/cmake_prefix_path.ps1'
[1.053s] INFO:colcon.colcon_core.shell:Creating environment descriptor '/home/dilhan/ros2_ws/install/ur_to_touch_haptic_teleoperation/share/ur_to_touch_haptic_teleoperation/hook/cmake_prefix_path.dsv'
[1.053s] INFO:colcon.colcon_core.shell:Creating environment hook '/home/dilhan/ros2_ws/install/ur_to_touch_haptic_teleoperation/share/ur_to_touch_haptic_teleoperation/hook/cmake_prefix_path.sh'
[1.053s] Level 1:colcon.colcon_core.environment:checking '/home/dilhan/ros2_ws/install/ur_to_touch_haptic_teleoperation/lib'
[1.053s] Level 1:colcon.colcon_core.environment:checking '/home/dilhan/ros2_ws/install/ur_to_touch_haptic_teleoperation/bin'
[1.054s] Level 1:colcon.colcon_core.environment:checking '/home/dilhan/ros2_ws/install/ur_to_touch_haptic_teleoperation/lib/pkgconfig/ur_to_touch_haptic_teleoperation.pc'
[1.054s] Level 1:colcon.colcon_core.environment:checking '/home/dilhan/ros2_ws/install/ur_to_touch_haptic_teleoperation/lib/python3.10/site-packages'
[1.054s] Level 1:colcon.colcon_core.environment:checking '/home/dilhan/ros2_ws/install/ur_to_touch_haptic_teleoperation/bin'
[1.054s] INFO:colcon.colcon_core.shell:Creating package script '/home/dilhan/ros2_ws/install/ur_to_touch_haptic_teleoperation/share/ur_to_touch_haptic_teleoperation/package.ps1'
[1.054s] INFO:colcon.colcon_core.shell:Creating package descriptor '/home/dilhan/ros2_ws/install/ur_to_touch_haptic_teleoperation/share/ur_to_touch_haptic_teleoperation/package.dsv'
[1.055s] INFO:colcon.colcon_core.shell:Creating package script '/home/dilhan/ros2_ws/install/ur_to_touch_haptic_teleoperation/share/ur_to_touch_haptic_teleoperation/package.sh'
[1.055s] INFO:colcon.colcon_core.shell:Creating package script '/home/dilhan/ros2_ws/install/ur_to_touch_haptic_teleoperation/share/ur_to_touch_haptic_teleoperation/package.bash'
[1.055s] INFO:colcon.colcon_core.shell:Creating package script '/home/dilhan/ros2_ws/install/ur_to_touch_haptic_teleoperation/share/ur_to_touch_haptic_teleoperation/package.zsh'
[1.055s] Level 1:colcon.colcon_core.environment:create_file_with_runtime_dependencies(/home/dilhan/ros2_ws/install/ur_to_touch_haptic_teleoperation/share/colcon-core/packages/ur_to_touch_haptic_teleoperation)
[1.056s] Level 1:colcon.colcon_core.environment:create_environment_scripts_only(ur_to_touch_haptic_teleoperation)
[1.056s] Level 1:colcon.colcon_core.environment:checking '/home/dilhan/ros2_ws/install/ur_to_touch_haptic_teleoperation' for CMake module files
[1.056s] Level 1:colcon.colcon_core.environment:checking '/home/dilhan/ros2_ws/install/ur_to_touch_haptic_teleoperation' for CMake config files
[1.057s] Level 1:colcon.colcon_core.shell:create_environment_hook('ur_to_touch_haptic_teleoperation', 'cmake_prefix_path')
[1.057s] INFO:colcon.colcon_core.shell:Creating environment hook '/home/dilhan/ros2_ws/install/ur_to_touch_haptic_teleoperation/share/ur_to_touch_haptic_teleoperation/hook/cmake_prefix_path.ps1'
[1.057s] INFO:colcon.colcon_core.shell:Creating environment descriptor '/home/dilhan/ros2_ws/install/ur_to_touch_haptic_teleoperation/share/ur_to_touch_haptic_teleoperation/hook/cmake_prefix_path.dsv'
[1.057s] INFO:colcon.colcon_core.shell:Creating environment hook '/home/dilhan/ros2_ws/install/ur_to_touch_haptic_teleoperation/share/ur_to_touch_haptic_teleoperation/hook/cmake_prefix_path.sh'
[1.058s] Level 1:colcon.colcon_core.environment:checking '/home/dilhan/ros2_ws/install/ur_to_touch_haptic_teleoperation/lib'
[1.058s] Level 1:colcon.colcon_core.environment:checking '/home/dilhan/ros2_ws/install/ur_to_touch_haptic_teleoperation/bin'
[1.058s] Level 1:colcon.colcon_core.environment:checking '/home/dilhan/ros2_ws/install/ur_to_touch_haptic_teleoperation/lib/pkgconfig/ur_to_touch_haptic_teleoperation.pc'
[1.058s] Level 1:colcon.colcon_core.environment:checking '/home/dilhan/ros2_ws/install/ur_to_touch_haptic_teleoperation/lib/python3.10/site-packages'
[1.058s] Level 1:colcon.colcon_core.environment:checking '/home/dilhan/ros2_ws/install/ur_to_touch_haptic_teleoperation/bin'
[1.058s] INFO:colcon.colcon_core.shell:Creating package script '/home/dilhan/ros2_ws/install/ur_to_touch_haptic_teleoperation/share/ur_to_touch_haptic_teleoperation/package.ps1'
[1.059s] INFO:colcon.colcon_core.shell:Creating package descriptor '/home/dilhan/ros2_ws/install/ur_to_touch_haptic_teleoperation/share/ur_to_touch_haptic_teleoperation/package.dsv'
[1.059s] INFO:colcon.colcon_core.shell:Creating package script '/home/dilhan/ros2_ws/install/ur_to_touch_haptic_teleoperation/share/ur_to_touch_haptic_teleoperation/package.sh'
[1.059s] INFO:colcon.colcon_core.shell:Creating package script '/home/dilhan/ros2_ws/install/ur_to_touch_haptic_teleoperation/share/ur_to_touch_haptic_teleoperation/package.bash'
[1.059s] INFO:colcon.colcon_core.shell:Creating package script '/home/dilhan/ros2_ws/install/ur_to_touch_haptic_teleoperation/share/ur_to_touch_haptic_teleoperation/package.zsh'
[1.060s] Level 1:colcon.colcon_core.environment:create_file_with_runtime_dependencies(/home/dilhan/ros2_ws/install/ur_to_touch_haptic_teleoperation/share/colcon-core/packages/ur_to_touch_haptic_teleoperation)
[1.060s] DEBUG:colcon.colcon_parallel_executor.executor.parallel:closing loop
[1.060s] DEBUG:colcon.colcon_parallel_executor.executor.parallel:loop closed
[1.060s] DEBUG:colcon.colcon_parallel_executor.executor.parallel:run_until_complete finished with '0'
[1.060s] DEBUG:colcon.colcon_core.event_reactor:joining thread
[1.065s] INFO:colcon.colcon_core.plugin_system:Skipping extension 'colcon_notification.desktop_notification.terminal_notifier': Not used on non-Darwin systems
[1.065s] INFO:colcon.colcon_core.plugin_system:Skipping extension 'colcon_notification.desktop_notification.win32': Not used on non-Windows systems
[1.065s] INFO:colcon.colcon_notification.desktop_notification:Sending desktop notification using 'notify2'
[1.070s] DEBUG:colcon.colcon_core.event_reactor:joined thread
[1.070s] INFO:colcon.colcon_core.shell:Creating prefix script '/home/dilhan/ros2_ws/install/local_setup.ps1'
[1.071s] INFO:colcon.colcon_core.shell:Creating prefix util module '/home/dilhan/ros2_ws/install/_local_setup_util_ps1.py'
[1.071s] INFO:colcon.colcon_core.shell:Creating prefix chain script '/home/dilhan/ros2_ws/install/setup.ps1'
[1.074s] INFO:colcon.colcon_core.shell:Creating prefix script '/home/dilhan/ros2_ws/install/local_setup.sh'
[1.074s] INFO:colcon.colcon_core.shell:Creating prefix util module '/home/dilhan/ros2_ws/install/_local_setup_util_sh.py'
[1.075s] INFO:colcon.colcon_core.shell:Creating prefix chain script '/home/dilhan/ros2_ws/install/setup.sh'
[1.077s] INFO:colcon.colcon_core.shell:Creating prefix script '/home/dilhan/ros2_ws/install/local_setup.bash'
[1.078s] INFO:colcon.colcon_core.shell:Creating prefix chain script '/home/dilhan/ros2_ws/install/setup.bash'
[1.080s] INFO:colcon.colcon_core.shell:Creating prefix script '/home/dilhan/ros2_ws/install/local_setup.zsh'
[1.080s] INFO:colcon.colcon_core.shell:Creating prefix chain script '/home/dilhan/ros2_ws/install/setup.zsh'
