[0.009s] Invoking command in '/home/dilhan/ros2_ws/src/ur_to_touch_haptic_teleoperation/build/ur_to_touch_haptic_teleoperation': CMAKE_PREFIX_PATH=${CMAKE_PREFIX_PATH}:/opt/ros/humble /usr/bin/cmake /home/dilhan/ros2_ws/src/ur_to_touch_haptic_teleoperation -DCMAKE_INSTALL_PREFIX=/home/dilhan/ros2_ws/src/ur_to_touch_haptic_teleoperation/install/ur_to_touch_haptic_teleoperation
[0.088s] -- The C compiler identification is GNU 11.4.0
[0.151s] -- The CXX compiler identification is GNU 11.4.0
[0.159s] -- Detecting C compiler ABI info
[0.220s] -- Detecting C compiler ABI info - done
[0.225s] -- Check for working C compiler: /usr/bin/cc - skipped
[0.226s] -- Detecting C compile features
[0.226s] -- Detecting C compile features - done
[0.229s] -- Detecting CXX compiler ABI info
[0.299s] -- Detecting CXX compiler ABI info - done
[0.304s] -- Check for working CXX compiler: /usr/bin/c++ - skipped
[0.305s] -- Detecting CXX compile features
[0.305s] -- Detecting CXX compile features - done
[0.312s] -- Found ament_cmake: 1.3.10 (/opt/ros/humble/share/ament_cmake/cmake)
[0.441s] -- Found Python3: /usr/bin/python3 (found version "3.10.12") found components: Interpreter 
[0.541s] -- Found rclcpp: 16.0.10 (/opt/ros/humble/share/rclcpp/cmake)
[0.601s] -- Found rosidl_generator_c: 3.1.5 (/opt/ros/humble/share/rosidl_generator_c/cmake)
[0.609s] -- Found rosidl_adapter: 3.1.5 (/opt/ros/humble/share/rosidl_adapter/cmake)
[0.621s] -- Found rosidl_generator_cpp: 3.1.5 (/opt/ros/humble/share/rosidl_generator_cpp/cmake)
[0.637s] -- Using all available rosidl_typesupport_c: rosidl_typesupport_fastrtps_c;rosidl_typesupport_introspection_c
[0.658s] -- Using all available rosidl_typesupport_cpp: rosidl_typesupport_fastrtps_cpp;rosidl_typesupport_introspection_cpp
[0.715s] -- Found rmw_implementation_cmake: 6.1.2 (/opt/ros/humble/share/rmw_implementation_cmake/cmake)
[0.720s] -- Found rmw_fastrtps_cpp: 6.2.7 (/opt/ros/humble/share/rmw_fastrtps_cpp/cmake)
[0.820s] -- Found OpenSSL: /usr/lib/x86_64-linux-gnu/libcrypto.so (found version "3.0.2")  
[0.851s] -- Found FastRTPS: /opt/ros/humble/include  
[0.894s] -- Using RMW implementation 'rmw_fastrtps_cpp' as default
[0.907s] -- Looking for pthread.h
[0.976s] -- Looking for pthread.h - found
[0.976s] -- Performing Test CMAKE_HAVE_LIBC_PTHREAD
[1.040s] -- Performing Test CMAKE_HAVE_LIBC_PTHREAD - Success
[1.041s] -- Found Threads: TRUE  
[1.097s] -- Found geometry_msgs: 4.2.4 (/opt/ros/humble/share/geometry_msgs/cmake)
[1.124s] -- Found Boost: /usr/local/lib/cmake/Boost-1.79.0/BoostConfig.cmake (found version "1.79.0") found components: system 
[1.130s] -- Found omni_msgs: 0.0.0 (/home/dilhan/ros2_ws/install/omni_msgs/share/omni_msgs/cmake)
[1.210s] -- Configuring done
[1.282s] -- Generating done
[1.284s] -- Build files have been written to: /home/dilhan/ros2_ws/src/ur_to_touch_haptic_teleoperation/build/ur_to_touch_haptic_teleoperation
[1.292s] Invoked command in '/home/dilhan/ros2_ws/src/ur_to_touch_haptic_teleoperation/build/ur_to_touch_haptic_teleoperation' returned '0': CMAKE_PREFIX_PATH=${CMAKE_PREFIX_PATH}:/opt/ros/humble /usr/bin/cmake /home/dilhan/ros2_ws/src/ur_to_touch_haptic_teleoperation -DCMAKE_INSTALL_PREFIX=/home/dilhan/ros2_ws/src/ur_to_touch_haptic_teleoperation/install/ur_to_touch_haptic_teleoperation
[1.294s] Invoking command in '/home/dilhan/ros2_ws/src/ur_to_touch_haptic_teleoperation/build/ur_to_touch_haptic_teleoperation': CMAKE_PREFIX_PATH=${CMAKE_PREFIX_PATH}:/opt/ros/humble /usr/bin/cmake --build /home/dilhan/ros2_ws/src/ur_to_touch_haptic_teleoperation/build/ur_to_touch_haptic_teleoperation -- -j12 -l12
[1.341s] [ 50%] [32mBuilding CXX object CMakeFiles/ur_to_touch_haptic_teleoperation_teleop_node.dir/src/teleoperate.cpp.o[0m
[1.341s] [ 50%] [32mBuilding CXX object CMakeFiles/ur_to_touch_haptic_teleoperation_haptic_node.dir/src/haptic_feedback.cpp.o[0m
[4.857s] gmake[2]: *** Deleting file 'CMakeFiles/ur_to_touch_haptic_teleoperation_teleop_node.dir/src/teleoperate.cpp.o'
[4.857s] gmake[2]: *** [CMakeFiles/ur_to_touch_haptic_teleoperation_teleop_node.dir/build.make:76: CMakeFiles/ur_to_touch_haptic_teleoperation_teleop_node.dir/src/teleoperate.cpp.o] Interrupt
[4.857s] gmake[2]: *** [CMakeFiles/ur_to_touch_haptic_teleoperation_haptic_node.dir/build.make:76: CMakeFiles/ur_to_touch_haptic_teleoperation_haptic_node.dir/src/haptic_feedback.cpp.o] Interrupt
[4.857s] gmake[1]: *** [CMakeFiles/Makefile2:139: CMakeFiles/ur_to_touch_haptic_teleoperation_teleop_node.dir/all] Interrupt
[4.857s] gmake[1]: *** [CMakeFiles/Makefile2:165: CMakeFiles/ur_to_touch_haptic_teleoperation_haptic_node.dir/all] Interrupt
[4.857s] gmake: *** [Makefile:146: all] Interrupt
[4.891s] Invoked command in '/home/dilhan/ros2_ws/src/ur_to_touch_haptic_teleoperation/build/ur_to_touch_haptic_teleoperation' returned '-2': CMAKE_PREFIX_PATH=${CMAKE_PREFIX_PATH}:/opt/ros/humble /usr/bin/cmake --build /home/dilhan/ros2_ws/src/ur_to_touch_haptic_teleoperation/build/ur_to_touch_haptic_teleoperation -- -j12 -l12
