-- The C compiler identification is GNU 11.4.0
-- The CXX compiler identification is GNU 11.4.0
-- Detecting C compiler ABI info
-- Detecting C compiler ABI info - done
-- Check for working C compiler: /usr/bin/cc - skipped
-- Detecting C compile features
-- Detecting C compile features - done
-- Detecting CXX compiler ABI info
-- Detecting CXX compiler ABI info - done
-- Check for working CXX compiler: /usr/bin/c++ - skipped
-- Detecting CXX compile features
-- Detecting CXX compile features - done
-- Found ament_cmake: 1.3.11 (/opt/ros/humble/share/ament_cmake/cmake)
-- Found Python3: /usr/bin/python3 (found version "3.10.12") found components: Interpreter 
-- Found rclcpp: 16.0.11 (/opt/ros/humble/share/rclcpp/cmake)
-- Found rosidl_generator_c: 3.1.6 (/opt/ros/humble/share/rosidl_generator_c/cmake)
-- Found rosidl_adapter: 3.1.6 (/opt/ros/humble/share/rosidl_adapter/cmake)
-- Found rosidl_generator_cpp: 3.1.6 (/opt/ros/humble/share/rosidl_generator_cpp/cmake)
-- Using all available rosidl_typesupport_c: rosidl_typesupport_fastrtps_c;rosidl_typesupport_introspection_c
-- Using all available rosidl_typesupport_cpp: rosidl_typesupport_fastrtps_cpp;rosidl_typesupport_introspection_cpp
-- Found rmw_implementation_cmake: 6.1.2 (/opt/ros/humble/share/rmw_implementation_cmake/cmake)
-- Found rmw_fastrtps_cpp: 6.2.7 (/opt/ros/humble/share/rmw_fastrtps_cpp/cmake)
-- Found OpenSSL: /usr/lib/x86_64-linux-gnu/libcrypto.so (found version "3.0.2")  
-- Found FastRTPS: /opt/ros/humble/include  
-- Using RMW implementation 'rmw_fastrtps_cpp' as default
-- Looking for pthread.h
-- Looking for pthread.h - found
-- Performing Test CMAKE_HAVE_LIBC_PTHREAD
-- Performing Test CMAKE_HAVE_LIBC_PTHREAD - Success
-- Found Threads: TRUE  
-- Found geometry_msgs: 4.2.4 (/opt/ros/humble/share/geometry_msgs/cmake)
-- Found Boost: /usr/local/lib/cmake/Boost-1.79.0/BoostConfig.cmake (found version "1.79.0") found components: system 
-- Found omni_msgs: 0.0.0 (/home/dilhan/ros2_ws/install/omni_msgs/share/omni_msgs/cmake)
-- Configuring done
-- Generating done
-- Build files have been written to: /home/dilhan/ros2_ws/build/ur_to_touch_haptic_teleoperation
[ 50%] [32mBuilding CXX object CMakeFiles/ur_to_touch_haptic_teleoperation_teleop_node.dir/src/teleoperate.cpp.o[0m
[ 50%] [32mBuilding CXX object CMakeFiles/ur_to_touch_haptic_teleoperation_haptic_node.dir/src/haptic_feedback.cpp.o[0m
[ 75%] [32m[1mLinking CXX executable ur_to_touch_haptic_teleoperation_haptic_node[0m
[100%] [32m[1mLinking CXX executable ur_to_touch_haptic_teleoperation_teleop_node[0m
[100%] Built target ur_to_touch_haptic_teleoperation_haptic_node
[100%] Built target ur_to_touch_haptic_teleoperation_teleop_node
-- Install configuration: ""
-- Installing: /home/dilhan/ros2_ws/install/ur_to_touch_haptic_teleoperation/lib/ur_to_touch_haptic_teleoperation/ur_to_touch_haptic_teleoperation_teleop_node
-- Set runtime path of "/home/dilhan/ros2_ws/install/ur_to_touch_haptic_teleoperation/lib/ur_to_touch_haptic_teleoperation/ur_to_touch_haptic_teleoperation_teleop_node" to ""
-- Installing: /home/dilhan/ros2_ws/install/ur_to_touch_haptic_teleoperation/lib/ur_to_touch_haptic_teleoperation/ur_to_touch_haptic_teleoperation_haptic_node
-- Set runtime path of "/home/dilhan/ros2_ws/install/ur_to_touch_haptic_teleoperation/lib/ur_to_touch_haptic_teleoperation/ur_to_touch_haptic_teleoperation_haptic_node" to ""
-- Installing: /home/dilhan/ros2_ws/install/ur_to_touch_haptic_teleoperation/share/ur_to_touch_haptic_teleoperation/launch
-- Installing: /home/dilhan/ros2_ws/install/ur_to_touch_haptic_teleoperation/share/ur_to_touch_haptic_teleoperation/launch/servo_simple_launch.py
-- Installing: /home/dilhan/ros2_ws/install/ur_to_touch_haptic_teleoperation/share/ur_to_touch_haptic_teleoperation/launch/ur_norobot_test.py
-- Installing: /home/dilhan/ros2_ws/install/ur_to_touch_haptic_teleoperation/share/ur_to_touch_haptic_teleoperation/launch/ur_to_touch_haptic_teleoperation_launch.py
-- Installing: /home/dilhan/ros2_ws/install/ur_to_touch_haptic_teleoperation/share/ur_to_touch_haptic_teleoperation/launch/script_joint.launch.py
-- Installing: /home/dilhan/ros2_ws/install/ur_to_touch_haptic_teleoperation/share/ur_to_touch_haptic_teleoperation/config
-- Installing: /home/dilhan/ros2_ws/install/ur_to_touch_haptic_teleoperation/share/ur_to_touch_haptic_teleoperation/config/teleop_config.yaml
-- Installing: /home/dilhan/ros2_ws/install/ur_to_touch_haptic_teleoperation/share/ur_to_touch_haptic_teleoperation/config/my_robot_calibration.yaml
-- Installing: /home/dilhan/ros2_ws/install/ur_to_touch_haptic_teleoperation/share/ur_to_touch_haptic_teleoperation/config/servo_config.yaml
-- Installing: /home/dilhan/ros2_ws/install/ur_to_touch_haptic_teleoperation/share/ament_index/resource_index/package_run_dependencies/ur_to_touch_haptic_teleoperation
-- Installing: /home/dilhan/ros2_ws/install/ur_to_touch_haptic_teleoperation/share/ament_index/resource_index/parent_prefix_path/ur_to_touch_haptic_teleoperation
-- Installing: /home/dilhan/ros2_ws/install/ur_to_touch_haptic_teleoperation/share/ur_to_touch_haptic_teleoperation/environment/ament_prefix_path.sh
-- Installing: /home/dilhan/ros2_ws/install/ur_to_touch_haptic_teleoperation/share/ur_to_touch_haptic_teleoperation/environment/ament_prefix_path.dsv
-- Installing: /home/dilhan/ros2_ws/install/ur_to_touch_haptic_teleoperation/share/ur_to_touch_haptic_teleoperation/environment/path.sh
-- Installing: /home/dilhan/ros2_ws/install/ur_to_touch_haptic_teleoperation/share/ur_to_touch_haptic_teleoperation/environment/path.dsv
-- Installing: /home/dilhan/ros2_ws/install/ur_to_touch_haptic_teleoperation/share/ur_to_touch_haptic_teleoperation/local_setup.bash
-- Installing: /home/dilhan/ros2_ws/install/ur_to_touch_haptic_teleoperation/share/ur_to_touch_haptic_teleoperation/local_setup.sh
-- Installing: /home/dilhan/ros2_ws/install/ur_to_touch_haptic_teleoperation/share/ur_to_touch_haptic_teleoperation/local_setup.zsh
-- Installing: /home/dilhan/ros2_ws/install/ur_to_touch_haptic_teleoperation/share/ur_to_touch_haptic_teleoperation/local_setup.dsv
-- Installing: /home/dilhan/ros2_ws/install/ur_to_touch_haptic_teleoperation/share/ur_to_touch_haptic_teleoperation/package.dsv
-- Installing: /home/dilhan/ros2_ws/install/ur_to_touch_haptic_teleoperation/share/ament_index/resource_index/packages/ur_to_touch_haptic_teleoperation
-- Installing: /home/dilhan/ros2_ws/install/ur_to_touch_haptic_teleoperation/share/ur_to_touch_haptic_teleoperation/cmake/ur_to_touch_haptic_teleoperationConfig.cmake
-- Installing: /home/dilhan/ros2_ws/install/ur_to_touch_haptic_teleoperation/share/ur_to_touch_haptic_teleoperation/cmake/ur_to_touch_haptic_teleoperationConfig-version.cmake
-- Installing: /home/dilhan/ros2_ws/install/ur_to_touch_haptic_teleoperation/share/ur_to_touch_haptic_teleoperation/package.xml
