[0.010s] Invoking command in '/home/dilhan/ros2_ws/build/ur_udp': CMAKE_PREFIX_PATH=/home/dilhan/ros2_ws/install/optoforce_wrapper:/opt/ros/humble:/home/dilhan/ros2_ws/install/omni_msgs:/home/dilhan/ros2_ws/install/ur_to_touch_haptic_teleoperation:/home/dilhan/ros2_ws/install/omni_common:/home/dilhan/ros2_ws/install/omni_description LD_LIBRARY_PATH=/home/dilhan/ros2_ws/install/omni_msgs/lib:/usr/local/cuda-11.8/lib64:/usr/local/cuda-11.8/lib64:/usr/local/cuda-11.8/lib64:/usr/local/cuda-11.8/lib64:/opt/ros/humble/opt/rviz_ogre_vendor/lib:/opt/ros/humble/lib/x86_64-linux-gnu:/opt/ros/humble/lib PKG_CONFIG_PATH=/home/dilhan/ros2_ws/install/omni_msgs/lib/x86_64-linux-gnu/pkgconfig:/home/dilhan/ros2_ws/install/omni_msgs/lib/pkgconfig PYTHONPATH=/home/dilhan/ros2_ws/install/omni_msgs/local/lib/python3.10/dist-packages:/home/dilhan/ros2_ws/install/optoforce_wrapper/lib/python3.10/site-packages:/opt/ros/humble/lib/python3.10/site-packages:/opt/ros/humble/local/lib/python3.10/dist-packages ROS_PACKAGE_PATH=/home/dilhan/ros2_ws/install/omni_msgs/share /usr/bin/cmake --build /home/dilhan/ros2_ws/build/ur_udp -- -j12 -l12
[0.060s] [35m[1mConsolidate compiler generated dependencies of target phantom_udp[0m
[0.082s] [ 50%] Built target ur_udp
[0.093s] [100%] Built target phantom_udp
[0.104s] Invoked command in '/home/dilhan/ros2_ws/build/ur_udp' returned '0': CMAKE_PREFIX_PATH=/home/dilhan/ros2_ws/install/optoforce_wrapper:/opt/ros/humble:/home/dilhan/ros2_ws/install/omni_msgs:/home/dilhan/ros2_ws/install/ur_to_touch_haptic_teleoperation:/home/dilhan/ros2_ws/install/omni_common:/home/dilhan/ros2_ws/install/omni_description LD_LIBRARY_PATH=/home/dilhan/ros2_ws/install/omni_msgs/lib:/usr/local/cuda-11.8/lib64:/usr/local/cuda-11.8/lib64:/usr/local/cuda-11.8/lib64:/usr/local/cuda-11.8/lib64:/opt/ros/humble/opt/rviz_ogre_vendor/lib:/opt/ros/humble/lib/x86_64-linux-gnu:/opt/ros/humble/lib PKG_CONFIG_PATH=/home/dilhan/ros2_ws/install/omni_msgs/lib/x86_64-linux-gnu/pkgconfig:/home/dilhan/ros2_ws/install/omni_msgs/lib/pkgconfig PYTHONPATH=/home/dilhan/ros2_ws/install/omni_msgs/local/lib/python3.10/dist-packages:/home/dilhan/ros2_ws/install/optoforce_wrapper/lib/python3.10/site-packages:/opt/ros/humble/lib/python3.10/site-packages:/opt/ros/humble/local/lib/python3.10/dist-packages ROS_PACKAGE_PATH=/home/dilhan/ros2_ws/install/omni_msgs/share /usr/bin/cmake --build /home/dilhan/ros2_ws/build/ur_udp -- -j12 -l12
[0.106s] Invoking command in '/home/dilhan/ros2_ws/build/ur_udp': CMAKE_PREFIX_PATH=/home/dilhan/ros2_ws/install/optoforce_wrapper:/opt/ros/humble:/home/dilhan/ros2_ws/install/omni_msgs:/home/dilhan/ros2_ws/install/ur_to_touch_haptic_teleoperation:/home/dilhan/ros2_ws/install/omni_common:/home/dilhan/ros2_ws/install/omni_description LD_LIBRARY_PATH=/home/dilhan/ros2_ws/install/omni_msgs/lib:/usr/local/cuda-11.8/lib64:/usr/local/cuda-11.8/lib64:/usr/local/cuda-11.8/lib64:/usr/local/cuda-11.8/lib64:/opt/ros/humble/opt/rviz_ogre_vendor/lib:/opt/ros/humble/lib/x86_64-linux-gnu:/opt/ros/humble/lib PKG_CONFIG_PATH=/home/dilhan/ros2_ws/install/omni_msgs/lib/x86_64-linux-gnu/pkgconfig:/home/dilhan/ros2_ws/install/omni_msgs/lib/pkgconfig PYTHONPATH=/home/dilhan/ros2_ws/install/omni_msgs/local/lib/python3.10/dist-packages:/home/dilhan/ros2_ws/install/optoforce_wrapper/lib/python3.10/site-packages:/opt/ros/humble/lib/python3.10/site-packages:/opt/ros/humble/local/lib/python3.10/dist-packages ROS_PACKAGE_PATH=/home/dilhan/ros2_ws/install/omni_msgs/share /usr/bin/cmake --install /home/dilhan/ros2_ws/build/ur_udp
[0.113s] -- Install configuration: ""
[0.113s] -- Up-to-date: /home/dilhan/ros2_ws/install/ur_udp/lib/ur_udp/ur_udp
[0.113s] -- Up-to-date: /home/dilhan/ros2_ws/install/ur_udp/lib/ur_udp/phantom_udp
[0.113s] -- Up-to-date: /home/dilhan/ros2_ws/install/ur_udp/share/ament_index/resource_index/package_run_dependencies/ur_udp
[0.113s] -- Up-to-date: /home/dilhan/ros2_ws/install/ur_udp/share/ament_index/resource_index/parent_prefix_path/ur_udp
[0.114s] -- Up-to-date: /home/dilhan/ros2_ws/install/ur_udp/share/ur_udp/environment/ament_prefix_path.sh
[0.114s] -- Up-to-date: /home/dilhan/ros2_ws/install/ur_udp/share/ur_udp/environment/ament_prefix_path.dsv
[0.114s] -- Up-to-date: /home/dilhan/ros2_ws/install/ur_udp/share/ur_udp/environment/path.sh
[0.114s] -- Up-to-date: /home/dilhan/ros2_ws/install/ur_udp/share/ur_udp/environment/path.dsv
[0.114s] -- Up-to-date: /home/dilhan/ros2_ws/install/ur_udp/share/ur_udp/local_setup.bash
[0.114s] -- Up-to-date: /home/dilhan/ros2_ws/install/ur_udp/share/ur_udp/local_setup.sh
[0.114s] -- Up-to-date: /home/dilhan/ros2_ws/install/ur_udp/share/ur_udp/local_setup.zsh
[0.114s] -- Up-to-date: /home/dilhan/ros2_ws/install/ur_udp/share/ur_udp/local_setup.dsv
[0.114s] -- Installing: /home/dilhan/ros2_ws/install/ur_udp/share/ur_udp/package.dsv
[0.114s] -- Up-to-date: /home/dilhan/ros2_ws/install/ur_udp/share/ament_index/resource_index/packages/ur_udp
[0.114s] -- Up-to-date: /home/dilhan/ros2_ws/install/ur_udp/share/ur_udp/cmake/ur_udpConfig.cmake
[0.114s] -- Up-to-date: /home/dilhan/ros2_ws/install/ur_udp/share/ur_udp/cmake/ur_udpConfig-version.cmake
[0.114s] -- Up-to-date: /home/dilhan/ros2_ws/install/ur_udp/share/ur_udp/package.xml
[0.116s] Invoked command in '/home/dilhan/ros2_ws/build/ur_udp' returned '0': CMAKE_PREFIX_PATH=/home/dilhan/ros2_ws/install/optoforce_wrapper:/opt/ros/humble:/home/dilhan/ros2_ws/install/omni_msgs:/home/dilhan/ros2_ws/install/ur_to_touch_haptic_teleoperation:/home/dilhan/ros2_ws/install/omni_common:/home/dilhan/ros2_ws/install/omni_description LD_LIBRARY_PATH=/home/dilhan/ros2_ws/install/omni_msgs/lib:/usr/local/cuda-11.8/lib64:/usr/local/cuda-11.8/lib64:/usr/local/cuda-11.8/lib64:/usr/local/cuda-11.8/lib64:/opt/ros/humble/opt/rviz_ogre_vendor/lib:/opt/ros/humble/lib/x86_64-linux-gnu:/opt/ros/humble/lib PKG_CONFIG_PATH=/home/dilhan/ros2_ws/install/omni_msgs/lib/x86_64-linux-gnu/pkgconfig:/home/dilhan/ros2_ws/install/omni_msgs/lib/pkgconfig PYTHONPATH=/home/dilhan/ros2_ws/install/omni_msgs/local/lib/python3.10/dist-packages:/home/dilhan/ros2_ws/install/optoforce_wrapper/lib/python3.10/site-packages:/opt/ros/humble/lib/python3.10/site-packages:/opt/ros/humble/local/lib/python3.10/dist-packages ROS_PACKAGE_PATH=/home/dilhan/ros2_ws/install/omni_msgs/share /usr/bin/cmake --install /home/dilhan/ros2_ws/build/ur_udp
