[0.012s] Invoking command in '/home/dilhan/ros2_ws/build/omni_description': CMAKE_PREFIX_PATH=${CMAKE_PREFIX_PATH}:/home/dilhan/moveit_ws/install/moveit_configs_utils:/home/dilhan/moveit_ws/install/launch_param_builder:/opt/ros/humble /usr/bin/cmake /home/dilhan/ros2_ws/src/Geomagic_Touch_ROS2/omni_description -DCMAKE_INSTALL_PREFIX=/home/dilhan/ros2_ws/install/omni_description
[0.113s] -- The C compiler identification is GNU 11.4.0
[0.187s] -- The CXX compiler identification is GNU 11.4.0
[0.196s] -- Detecting C compiler ABI info
[0.276s] -- Detecting C compiler ABI info - done
[0.281s] -- Check for working C compiler: /usr/bin/cc - skipped
[0.282s] -- Detecting C compile features
[0.282s] -- Detecting C compile features - done
[0.285s] -- Detecting CXX compiler ABI info
[0.374s] -- Detecting CXX compiler ABI info - done
[0.379s] -- Check for working CXX compiler: /usr/bin/c++ - skipped
[0.380s] -- Detecting CXX compile features
[0.380s] -- Detecting CXX compile features - done
[0.391s] -- Found ament_cmake: 1.3.11 (/opt/ros/humble/share/ament_cmake/cmake)
[0.538s] -- Found Python3: /usr/bin/python3 (found version "3.10.12") found components: Interpreter 
[0.703s] -- Found ament_lint_auto: 0.12.11 (/opt/ros/humble/share/ament_lint_auto/cmake)
[0.824s] -- Added test 'copyright' to check source files copyright and LICENSE
[0.827s] -- Added test 'lint_cmake' to check CMake code style
[0.830s] -- Added test 'xmllint' to check XML markup files
[0.833s] -- Configuring done
[0.835s] -- Generating done
[0.837s] -- Build files have been written to: /home/dilhan/ros2_ws/build/omni_description
[0.841s] Invoked command in '/home/dilhan/ros2_ws/build/omni_description' returned '0': CMAKE_PREFIX_PATH=${CMAKE_PREFIX_PATH}:/home/dilhan/moveit_ws/install/moveit_configs_utils:/home/dilhan/moveit_ws/install/launch_param_builder:/opt/ros/humble /usr/bin/cmake /home/dilhan/ros2_ws/src/Geomagic_Touch_ROS2/omni_description -DCMAKE_INSTALL_PREFIX=/home/dilhan/ros2_ws/install/omni_description
[0.842s] Invoking command in '/home/dilhan/ros2_ws/build/omni_description': CMAKE_PREFIX_PATH=${CMAKE_PREFIX_PATH}:/home/dilhan/moveit_ws/install/moveit_configs_utils:/home/dilhan/moveit_ws/install/launch_param_builder:/opt/ros/humble /usr/bin/cmake --build /home/dilhan/ros2_ws/build/omni_description -- -j12 -l12
[0.892s] Invoked command in '/home/dilhan/ros2_ws/build/omni_description' returned '0': CMAKE_PREFIX_PATH=${CMAKE_PREFIX_PATH}:/home/dilhan/moveit_ws/install/moveit_configs_utils:/home/dilhan/moveit_ws/install/launch_param_builder:/opt/ros/humble /usr/bin/cmake --build /home/dilhan/ros2_ws/build/omni_description -- -j12 -l12
[0.904s] Invoking command in '/home/dilhan/ros2_ws/build/omni_description': CMAKE_PREFIX_PATH=${CMAKE_PREFIX_PATH}:/home/dilhan/moveit_ws/install/moveit_configs_utils:/home/dilhan/moveit_ws/install/launch_param_builder:/opt/ros/humble /usr/bin/cmake --install /home/dilhan/ros2_ws/build/omni_description
[0.914s] -- Install configuration: ""
[0.914s] -- Installing: /home/dilhan/ros2_ws/install/omni_description/share/omni_description/meshes
[0.914s] -- Installing: /home/dilhan/ros2_ws/install/omni_description/share/omni_description/meshes/wrist.stl
[0.915s] -- Installing: /home/dilhan/ros2_ws/install/omni_description/share/omni_description/meshes/lower_arm.stl
[0.915s] -- Installing: /home/dilhan/ros2_ws/install/omni_description/share/omni_description/meshes/upper_arm.stl
[0.915s] -- Installing: /home/dilhan/ros2_ws/install/omni_description/share/omni_description/meshes/base.stl
[0.915s] -- Installing: /home/dilhan/ros2_ws/install/omni_description/share/omni_description/meshes/tip.stl
[0.916s] -- Installing: /home/dilhan/ros2_ws/install/omni_description/share/omni_description/meshes/torso.stl
[0.916s] -- Installing: /home/dilhan/ros2_ws/install/omni_description/share/omni_description/meshes/pen.stl
[0.917s] -- Installing: /home/dilhan/ros2_ws/install/omni_description/share/omni_description/resources
[0.917s] -- Installing: /home/dilhan/ros2_ws/install/omni_description/share/omni_description/resources/omni.rviz
[0.917s] -- Installing: /home/dilhan/ros2_ws/install/omni_description/share/omni_description/resources/OmniRviz.png
[0.917s] -- Installing: /home/dilhan/ros2_ws/install/omni_description/share/omni_description/urdf
[0.917s] -- Installing: /home/dilhan/ros2_ws/install/omni_description/share/omni_description/urdf/omni.dae
[0.925s] -- Installing: /home/dilhan/ros2_ws/install/omni_description/share/omni_description/urdf/omni.robot.xml
[0.925s] -- Installing: /home/dilhan/ros2_ws/install/omni_description/share/omni_description/urdf/omni.urdf
[0.925s] -- Installing: /home/dilhan/ros2_ws/install/omni_description/share/ament_index/resource_index/package_run_dependencies/omni_description
[0.926s] -- Installing: /home/dilhan/ros2_ws/install/omni_description/share/ament_index/resource_index/parent_prefix_path/omni_description
[0.926s] -- Installing: /home/dilhan/ros2_ws/install/omni_description/share/omni_description/environment/ament_prefix_path.sh
[0.926s] -- Installing: /home/dilhan/ros2_ws/install/omni_description/share/omni_description/environment/ament_prefix_path.dsv
[0.926s] -- Installing: /home/dilhan/ros2_ws/install/omni_description/share/omni_description/environment/path.sh
[0.926s] -- Installing: /home/dilhan/ros2_ws/install/omni_description/share/omni_description/environment/path.dsv
[0.926s] -- Installing: /home/dilhan/ros2_ws/install/omni_description/share/omni_description/local_setup.bash
[0.926s] -- Installing: /home/dilhan/ros2_ws/install/omni_description/share/omni_description/local_setup.sh
[0.926s] -- Installing: /home/dilhan/ros2_ws/install/omni_description/share/omni_description/local_setup.zsh
[0.927s] -- Installing: /home/dilhan/ros2_ws/install/omni_description/share/omni_description/local_setup.dsv
[0.927s] -- Installing: /home/dilhan/ros2_ws/install/omni_description/share/omni_description/package.dsv
[0.927s] -- Installing: /home/dilhan/ros2_ws/install/omni_description/share/ament_index/resource_index/packages/omni_description
[0.927s] -- Installing: /home/dilhan/ros2_ws/install/omni_description/share/omni_description/cmake/omni_descriptionConfig.cmake
[0.927s] -- Installing: /home/dilhan/ros2_ws/install/omni_description/share/omni_description/cmake/omni_descriptionConfig-version.cmake
[0.927s] -- Installing: /home/dilhan/ros2_ws/install/omni_description/share/omni_description/package.xml
[0.929s] Invoked command in '/home/dilhan/ros2_ws/build/omni_description' returned '0': CMAKE_PREFIX_PATH=${CMAKE_PREFIX_PATH}:/home/dilhan/moveit_ws/install/moveit_configs_utils:/home/dilhan/moveit_ws/install/launch_param_builder:/opt/ros/humble /usr/bin/cmake --install /home/dilhan/ros2_ws/build/omni_description
