[0.099s] DEBUG:colcon:Command line arguments: ['/usr/bin/colcon', 'build']
[0.099s] DEBUG:colcon:Parsed command line arguments: Namespace(log_base=None, log_level=None, verb_name='build', build_base='build', install_base='install', merge_install=False, symlink_install=False, test_result_base=None, continue_on_error=False, executor='parallel', parallel_workers=12, event_handlers=None, ignore_user_meta=False, metas=['./colcon.meta'], base_paths=['.'], packages_ignore=None, packages_ignore_regex=None, paths=None, packages_up_to=None, packages_up_to_regex=None, packages_above=None, packages_above_and_dependencies=None, packages_above_depth=None, packages_select_by_dep=None, packages_skip_by_dep=None, packages_skip_up_to=None, packages_select_build_failed=False, packages_skip_build_finished=False, packages_select_test_failures=False, packages_skip_test_passed=False, packages_select=None, packages_skip=None, packages_select_regex=None, packages_skip_regex=None, packages_start=None, packages_end=None, allow_overriding=[], cmake_args=None, cmake_target=None, cmake_target_skip_unavailable=False, cmake_clean_cache=False, cmake_clean_first=False, cmake_force_configure=False, ament_cmake_args=None, catkin_cmake_args=None, catkin_skip_building_tests=False, mixin_files=None, mixin=None, verb_parser=<colcon_mixin.mixin.mixin_argument.MixinArgumentDecorator object at 0x791fdc05f8e0>, verb_extension=<colcon_core.verb.build.BuildVerb object at 0x791fdc05f2e0>, main=<bound method BuildVerb.main of <colcon_core.verb.build.BuildVerb object at 0x791fdc05f2e0>>, mixin_verb=('build',))
[0.272s] Level 1:colcon.colcon_core.package_discovery:discover_packages(colcon_meta) check parameters
[0.272s] Level 1:colcon.colcon_core.package_discovery:discover_packages(recursive) check parameters
[0.272s] Level 1:colcon.colcon_core.package_discovery:discover_packages(ignore) check parameters
[0.272s] Level 1:colcon.colcon_core.package_discovery:discover_packages(path) check parameters
[0.272s] Level 1:colcon.colcon_core.package_discovery:discover_packages(colcon_meta) discover
[0.272s] Level 1:colcon.colcon_core.package_discovery:discover_packages(recursive) discover
[0.272s] INFO:colcon.colcon_core.package_discovery:Crawling recursively for packages in '/home/dilhan/ros2_ws'
[0.272s] Level 1:colcon.colcon_core.package_identification:_identify(.) by extensions ['ignore', 'ignore_ament_install']
[0.273s] Level 1:colcon.colcon_core.package_identification:_identify(.) by extension 'ignore'
[0.273s] Level 1:colcon.colcon_core.package_identification:_identify(.) by extension 'ignore_ament_install'
[0.273s] Level 1:colcon.colcon_core.package_identification:_identify(.) by extensions ['colcon_pkg']
[0.273s] Level 1:colcon.colcon_core.package_identification:_identify(.) by extension 'colcon_pkg'
[0.273s] Level 1:colcon.colcon_core.package_identification:_identify(.) by extensions ['colcon_meta']
[0.273s] Level 1:colcon.colcon_core.package_identification:_identify(.) by extension 'colcon_meta'
[0.273s] Level 1:colcon.colcon_core.package_identification:_identify(.) by extensions ['ros']
[0.273s] Level 1:colcon.colcon_core.package_identification:_identify(.) by extension 'ros'
[0.290s] Level 1:colcon.colcon_core.package_identification:_identify(.) by extensions ['cmake', 'python']
[0.290s] Level 1:colcon.colcon_core.package_identification:_identify(.) by extension 'cmake'
[0.290s] Level 1:colcon.colcon_core.package_identification:_identify(.) by extension 'python'
[0.290s] Level 1:colcon.colcon_core.package_identification:_identify(.) by extensions ['python_setup_py']
[0.290s] Level 1:colcon.colcon_core.package_identification:_identify(.) by extension 'python_setup_py'
[0.290s] Level 1:colcon.colcon_core.package_identification:_identify(build) by extensions ['ignore', 'ignore_ament_install']
[0.290s] Level 1:colcon.colcon_core.package_identification:_identify(build) by extension 'ignore'
[0.290s] Level 1:colcon.colcon_core.package_identification:_identify(build) ignored
[0.291s] Level 1:colcon.colcon_core.package_identification:_identify(install) by extensions ['ignore', 'ignore_ament_install']
[0.291s] Level 1:colcon.colcon_core.package_identification:_identify(install) by extension 'ignore'
[0.291s] Level 1:colcon.colcon_core.package_identification:_identify(install) ignored
[0.291s] Level 1:colcon.colcon_core.package_identification:_identify(log) by extensions ['ignore', 'ignore_ament_install']
[0.291s] Level 1:colcon.colcon_core.package_identification:_identify(log) by extension 'ignore'
[0.291s] Level 1:colcon.colcon_core.package_identification:_identify(log) ignored
[0.291s] Level 1:colcon.colcon_core.package_identification:_identify(src) by extensions ['ignore', 'ignore_ament_install']
[0.291s] Level 1:colcon.colcon_core.package_identification:_identify(src) by extension 'ignore'
[0.291s] Level 1:colcon.colcon_core.package_identification:_identify(src) by extension 'ignore_ament_install'
[0.291s] Level 1:colcon.colcon_core.package_identification:_identify(src) by extensions ['colcon_pkg']
[0.291s] Level 1:colcon.colcon_core.package_identification:_identify(src) by extension 'colcon_pkg'
[0.291s] Level 1:colcon.colcon_core.package_identification:_identify(src) by extensions ['colcon_meta']
[0.291s] Level 1:colcon.colcon_core.package_identification:_identify(src) by extension 'colcon_meta'
[0.291s] Level 1:colcon.colcon_core.package_identification:_identify(src) by extensions ['ros']
[0.291s] Level 1:colcon.colcon_core.package_identification:_identify(src) by extension 'ros'
[0.291s] Level 1:colcon.colcon_core.package_identification:_identify(src) by extensions ['cmake', 'python']
[0.291s] Level 1:colcon.colcon_core.package_identification:_identify(src) by extension 'cmake'
[0.291s] Level 1:colcon.colcon_core.package_identification:_identify(src) by extension 'python'
[0.291s] Level 1:colcon.colcon_core.package_identification:_identify(src) by extensions ['python_setup_py']
[0.291s] Level 1:colcon.colcon_core.package_identification:_identify(src) by extension 'python_setup_py'
[0.291s] Level 1:colcon.colcon_core.package_identification:_identify(src/omni_msgs) by extensions ['ignore', 'ignore_ament_install']
[0.291s] Level 1:colcon.colcon_core.package_identification:_identify(src/omni_msgs) by extension 'ignore'
[0.292s] Level 1:colcon.colcon_core.package_identification:_identify(src/omni_msgs) by extension 'ignore_ament_install'
[0.292s] Level 1:colcon.colcon_core.package_identification:_identify(src/omni_msgs) by extensions ['colcon_pkg']
[0.292s] Level 1:colcon.colcon_core.package_identification:_identify(src/omni_msgs) by extension 'colcon_pkg'
[0.292s] Level 1:colcon.colcon_core.package_identification:_identify(src/omni_msgs) by extensions ['colcon_meta']
[0.292s] Level 1:colcon.colcon_core.package_identification:_identify(src/omni_msgs) by extension 'colcon_meta'
[0.292s] Level 1:colcon.colcon_core.package_identification:_identify(src/omni_msgs) by extensions ['ros']
[0.292s] Level 1:colcon.colcon_core.package_identification:_identify(src/omni_msgs) by extension 'ros'
[0.294s] DEBUG:colcon.colcon_core.package_identification:Package 'src/omni_msgs' with type 'ros.catkin' and name 'omni_msgs'
[0.294s] Level 1:colcon.colcon_core.package_identification:_identify(src/ur_to_touch_haptic_teleoperation) by extensions ['ignore', 'ignore_ament_install']
[0.294s] Level 1:colcon.colcon_core.package_identification:_identify(src/ur_to_touch_haptic_teleoperation) by extension 'ignore'
[0.294s] Level 1:colcon.colcon_core.package_identification:_identify(src/ur_to_touch_haptic_teleoperation) by extension 'ignore_ament_install'
[0.294s] Level 1:colcon.colcon_core.package_identification:_identify(src/ur_to_touch_haptic_teleoperation) by extensions ['colcon_pkg']
[0.294s] Level 1:colcon.colcon_core.package_identification:_identify(src/ur_to_touch_haptic_teleoperation) by extension 'colcon_pkg'
[0.294s] Level 1:colcon.colcon_core.package_identification:_identify(src/ur_to_touch_haptic_teleoperation) by extensions ['colcon_meta']
[0.294s] Level 1:colcon.colcon_core.package_identification:_identify(src/ur_to_touch_haptic_teleoperation) by extension 'colcon_meta'
[0.294s] Level 1:colcon.colcon_core.package_identification:_identify(src/ur_to_touch_haptic_teleoperation) by extensions ['ros']
[0.294s] Level 1:colcon.colcon_core.package_identification:_identify(src/ur_to_touch_haptic_teleoperation) by extension 'ros'
[0.294s] Level 1:colcon.colcon_core.package_identification:_identify(src/ur_to_touch_haptic_teleoperation) by extensions ['cmake', 'python']
[0.294s] Level 1:colcon.colcon_core.package_identification:_identify(src/ur_to_touch_haptic_teleoperation) by extension 'cmake'
[0.294s] Level 1:colcon.colcon_core.package_identification:_identify(src/ur_to_touch_haptic_teleoperation) by extension 'python'
[0.294s] Level 1:colcon.colcon_core.package_identification:_identify(src/ur_to_touch_haptic_teleoperation) by extensions ['python_setup_py']
[0.294s] Level 1:colcon.colcon_core.package_identification:_identify(src/ur_to_touch_haptic_teleoperation) by extension 'python_setup_py'
[0.294s] Level 1:colcon.colcon_core.package_identification:_identify(src/ur_to_touch_haptic_teleoperation/include) by extensions ['ignore', 'ignore_ament_install']
[0.294s] Level 1:colcon.colcon_core.package_identification:_identify(src/ur_to_touch_haptic_teleoperation/include) by extension 'ignore'
[0.294s] Level 1:colcon.colcon_core.package_identification:_identify(src/ur_to_touch_haptic_teleoperation/include) by extension 'ignore_ament_install'
[0.294s] Level 1:colcon.colcon_core.package_identification:_identify(src/ur_to_touch_haptic_teleoperation/include) by extensions ['colcon_pkg']
[0.294s] Level 1:colcon.colcon_core.package_identification:_identify(src/ur_to_touch_haptic_teleoperation/include) by extension 'colcon_pkg'
[0.295s] Level 1:colcon.colcon_core.package_identification:_identify(src/ur_to_touch_haptic_teleoperation/include) by extensions ['colcon_meta']
[0.295s] Level 1:colcon.colcon_core.package_identification:_identify(src/ur_to_touch_haptic_teleoperation/include) by extension 'colcon_meta'
[0.295s] Level 1:colcon.colcon_core.package_identification:_identify(src/ur_to_touch_haptic_teleoperation/include) by extensions ['ros']
[0.295s] Level 1:colcon.colcon_core.package_identification:_identify(src/ur_to_touch_haptic_teleoperation/include) by extension 'ros'
[0.295s] Level 1:colcon.colcon_core.package_identification:_identify(src/ur_to_touch_haptic_teleoperation/include) by extensions ['cmake', 'python']
[0.295s] Level 1:colcon.colcon_core.package_identification:_identify(src/ur_to_touch_haptic_teleoperation/include) by extension 'cmake'
[0.295s] Level 1:colcon.colcon_core.package_identification:_identify(src/ur_to_touch_haptic_teleoperation/include) by extension 'python'
[0.295s] Level 1:colcon.colcon_core.package_identification:_identify(src/ur_to_touch_haptic_teleoperation/include) by extensions ['python_setup_py']
[0.295s] Level 1:colcon.colcon_core.package_identification:_identify(src/ur_to_touch_haptic_teleoperation/include) by extension 'python_setup_py'
[0.295s] Level 1:colcon.colcon_core.package_identification:_identify(src/ur_to_touch_haptic_teleoperation/include/ur_to_touch_haptic_teleoperation) by extensions ['ignore', 'ignore_ament_install']
[0.295s] Level 1:colcon.colcon_core.package_identification:_identify(src/ur_to_touch_haptic_teleoperation/include/ur_to_touch_haptic_teleoperation) by extension 'ignore'
[0.295s] Level 1:colcon.colcon_core.package_identification:_identify(src/ur_to_touch_haptic_teleoperation/include/ur_to_touch_haptic_teleoperation) by extension 'ignore_ament_install'
[0.295s] Level 1:colcon.colcon_core.package_identification:_identify(src/ur_to_touch_haptic_teleoperation/include/ur_to_touch_haptic_teleoperation) by extensions ['colcon_pkg']
[0.295s] Level 1:colcon.colcon_core.package_identification:_identify(src/ur_to_touch_haptic_teleoperation/include/ur_to_touch_haptic_teleoperation) by extension 'colcon_pkg'
[0.295s] Level 1:colcon.colcon_core.package_identification:_identify(src/ur_to_touch_haptic_teleoperation/include/ur_to_touch_haptic_teleoperation) by extensions ['colcon_meta']
[0.295s] Level 1:colcon.colcon_core.package_identification:_identify(src/ur_to_touch_haptic_teleoperation/include/ur_to_touch_haptic_teleoperation) by extension 'colcon_meta'
[0.295s] Level 1:colcon.colcon_core.package_identification:_identify(src/ur_to_touch_haptic_teleoperation/include/ur_to_touch_haptic_teleoperation) by extensions ['ros']
[0.295s] Level 1:colcon.colcon_core.package_identification:_identify(src/ur_to_touch_haptic_teleoperation/include/ur_to_touch_haptic_teleoperation) by extension 'ros'
[0.295s] Level 1:colcon.colcon_core.package_identification:_identify(src/ur_to_touch_haptic_teleoperation/include/ur_to_touch_haptic_teleoperation) by extensions ['cmake', 'python']
[0.295s] Level 1:colcon.colcon_core.package_identification:_identify(src/ur_to_touch_haptic_teleoperation/include/ur_to_touch_haptic_teleoperation) by extension 'cmake'
[0.295s] Level 1:colcon.colcon_core.package_identification:_identify(src/ur_to_touch_haptic_teleoperation/include/ur_to_touch_haptic_teleoperation) by extension 'python'
[0.295s] Level 1:colcon.colcon_core.package_identification:_identify(src/ur_to_touch_haptic_teleoperation/include/ur_to_touch_haptic_teleoperation) by extensions ['python_setup_py']
[0.295s] Level 1:colcon.colcon_core.package_identification:_identify(src/ur_to_touch_haptic_teleoperation/include/ur_to_touch_haptic_teleoperation) by extension 'python_setup_py'
[0.295s] Level 1:colcon.colcon_core.package_identification:_identify(src/ur_to_touch_haptic_teleoperation/src) by extensions ['ignore', 'ignore_ament_install']
[0.295s] Level 1:colcon.colcon_core.package_identification:_identify(src/ur_to_touch_haptic_teleoperation/src) by extension 'ignore'
[0.295s] Level 1:colcon.colcon_core.package_identification:_identify(src/ur_to_touch_haptic_teleoperation/src) by extension 'ignore_ament_install'
[0.296s] Level 1:colcon.colcon_core.package_identification:_identify(src/ur_to_touch_haptic_teleoperation/src) by extensions ['colcon_pkg']
[0.296s] Level 1:colcon.colcon_core.package_identification:_identify(src/ur_to_touch_haptic_teleoperation/src) by extension 'colcon_pkg'
[0.296s] Level 1:colcon.colcon_core.package_identification:_identify(src/ur_to_touch_haptic_teleoperation/src) by extensions ['colcon_meta']
[0.296s] Level 1:colcon.colcon_core.package_identification:_identify(src/ur_to_touch_haptic_teleoperation/src) by extension 'colcon_meta'
[0.296s] Level 1:colcon.colcon_core.package_identification:_identify(src/ur_to_touch_haptic_teleoperation/src) by extensions ['ros']
[0.296s] Level 1:colcon.colcon_core.package_identification:_identify(src/ur_to_touch_haptic_teleoperation/src) by extension 'ros'
[0.296s] Level 1:colcon.colcon_core.package_identification:_identify(src/ur_to_touch_haptic_teleoperation/src) by extensions ['cmake', 'python']
[0.296s] Level 1:colcon.colcon_core.package_identification:_identify(src/ur_to_touch_haptic_teleoperation/src) by extension 'cmake'
[0.296s] Level 1:colcon.colcon_core.package_identification:_identify(src/ur_to_touch_haptic_teleoperation/src) by extension 'python'
[0.296s] Level 1:colcon.colcon_core.package_identification:_identify(src/ur_to_touch_haptic_teleoperation/src) by extensions ['python_setup_py']
[0.296s] Level 1:colcon.colcon_core.package_identification:_identify(src/ur_to_touch_haptic_teleoperation/src) by extension 'python_setup_py'
[0.296s] Level 1:colcon.colcon_core.package_identification:_identify(src/ur_udp) by extensions ['ignore', 'ignore_ament_install']
[0.296s] Level 1:colcon.colcon_core.package_identification:_identify(src/ur_udp) by extension 'ignore'
[0.296s] Level 1:colcon.colcon_core.package_identification:_identify(src/ur_udp) by extension 'ignore_ament_install'
[0.296s] Level 1:colcon.colcon_core.package_identification:_identify(src/ur_udp) by extensions ['colcon_pkg']
[0.296s] Level 1:colcon.colcon_core.package_identification:_identify(src/ur_udp) by extension 'colcon_pkg'
[0.296s] Level 1:colcon.colcon_core.package_identification:_identify(src/ur_udp) by extensions ['colcon_meta']
[0.296s] Level 1:colcon.colcon_core.package_identification:_identify(src/ur_udp) by extension 'colcon_meta'
[0.296s] Level 1:colcon.colcon_core.package_identification:_identify(src/ur_udp) by extensions ['ros']
[0.296s] Level 1:colcon.colcon_core.package_identification:_identify(src/ur_udp) by extension 'ros'
[0.297s] DEBUG:colcon.colcon_core.package_identification:Package 'src/ur_udp' with type 'ros.ament_cmake' and name 'ur_udp'
[0.297s] Level 1:colcon.colcon_core.package_discovery:discover_packages(recursive) using defaults
[0.297s] Level 1:colcon.colcon_core.package_discovery:discover_packages(ignore) discover
[0.297s] Level 1:colcon.colcon_core.package_discovery:discover_packages(ignore) using defaults
[0.297s] Level 1:colcon.colcon_core.package_discovery:discover_packages(path) discover
[0.297s] Level 1:colcon.colcon_core.package_discovery:discover_packages(path) using defaults
[0.312s] Level 1:colcon.colcon_core.package_discovery:discover_packages(prefix_path) check parameters
[0.312s] Level 1:colcon.colcon_core.package_discovery:discover_packages(prefix_path) discover
[0.313s] WARNING:colcon.colcon_ros.prefix_path.ament:The path '/home/dilhan/ros2_ws/install/ur_to_touch_haptic_teleoperation' in the environment variable AMENT_PREFIX_PATH doesn't exist
[0.313s] WARNING:colcon.colcon_ros.prefix_path.ament:The path '/home/dilhan/ros2_ws/install/optoforce_wrapper' in the environment variable AMENT_PREFIX_PATH doesn't exist
[0.313s] WARNING:colcon.colcon_ros.prefix_path.ament:The path '/home/dilhan/ros2_ws/install/omni_common' in the environment variable AMENT_PREFIX_PATH doesn't exist
[0.313s] WARNING:colcon.colcon_ros.prefix_path.ament:The path '/home/dilhan/ros2_ws/install/omni_msgs' in the environment variable AMENT_PREFIX_PATH doesn't exist
[0.313s] WARNING:colcon.colcon_ros.prefix_path.ament:The path '/home/dilhan/ros2_ws/install/omni_description' in the environment variable AMENT_PREFIX_PATH doesn't exist
[0.313s] WARNING:colcon.colcon_ros.prefix_path.catkin:The path '/home/dilhan/ros2_ws/install/ur_to_touch_haptic_teleoperation' in the environment variable CMAKE_PREFIX_PATH doesn't exist
[0.313s] WARNING:colcon.colcon_ros.prefix_path.catkin:The path '/home/dilhan/ros2_ws/install/omni_common' in the environment variable CMAKE_PREFIX_PATH doesn't exist
[0.313s] WARNING:colcon.colcon_ros.prefix_path.catkin:The path '/home/dilhan/ros2_ws/install/omni_msgs' in the environment variable CMAKE_PREFIX_PATH doesn't exist
[0.313s] WARNING:colcon.colcon_ros.prefix_path.catkin:The path '/home/dilhan/ros2_ws/install/omni_description' in the environment variable CMAKE_PREFIX_PATH doesn't exist
[0.314s] DEBUG:colcon.colcon_installed_package_information.package_discovery:Found 0 installed packages in /home/dilhan/ros2_ws/install
[0.316s] DEBUG:colcon.colcon_installed_package_information.package_discovery:Found 403 installed packages in /opt/ros/humble
[0.318s] Level 1:colcon.colcon_core.package_discovery:discover_packages(prefix_path) using defaults
[0.370s] Level 5:colcon.colcon_core.verb:set package 'omni_msgs' build argument 'cmake_args' from command line to 'None'
[0.370s] Level 5:colcon.colcon_core.verb:set package 'omni_msgs' build argument 'cmake_target' from command line to 'None'
[0.370s] Level 5:colcon.colcon_core.verb:set package 'omni_msgs' build argument 'cmake_target_skip_unavailable' from command line to 'False'
[0.371s] Level 5:colcon.colcon_core.verb:set package 'omni_msgs' build argument 'cmake_clean_cache' from command line to 'False'
[0.371s] Level 5:colcon.colcon_core.verb:set package 'omni_msgs' build argument 'cmake_clean_first' from command line to 'False'
[0.371s] Level 5:colcon.colcon_core.verb:set package 'omni_msgs' build argument 'cmake_force_configure' from command line to 'False'
[0.371s] Level 5:colcon.colcon_core.verb:set package 'omni_msgs' build argument 'ament_cmake_args' from command line to 'None'
[0.371s] Level 5:colcon.colcon_core.verb:set package 'omni_msgs' build argument 'catkin_cmake_args' from command line to 'None'
[0.371s] Level 5:colcon.colcon_core.verb:set package 'omni_msgs' build argument 'catkin_skip_building_tests' from command line to 'False'
[0.371s] DEBUG:colcon.colcon_core.verb:Building package 'omni_msgs' with the following arguments: {'ament_cmake_args': None, 'build_base': '/home/dilhan/ros2_ws/build/omni_msgs', 'catkin_cmake_args': None, 'catkin_skip_building_tests': False, 'cmake_args': None, 'cmake_clean_cache': False, 'cmake_clean_first': False, 'cmake_force_configure': False, 'cmake_target': None, 'cmake_target_skip_unavailable': False, 'install_base': '/home/dilhan/ros2_ws/install/omni_msgs', 'merge_install': False, 'path': '/home/dilhan/ros2_ws/src/omni_msgs', 'symlink_install': False, 'test_result_base': None}
[0.371s] Level 5:colcon.colcon_core.verb:set package 'ur_udp' build argument 'cmake_args' from command line to 'None'
[0.371s] Level 5:colcon.colcon_core.verb:set package 'ur_udp' build argument 'cmake_target' from command line to 'None'
[0.371s] Level 5:colcon.colcon_core.verb:set package 'ur_udp' build argument 'cmake_target_skip_unavailable' from command line to 'False'
[0.371s] Level 5:colcon.colcon_core.verb:set package 'ur_udp' build argument 'cmake_clean_cache' from command line to 'False'
[0.371s] Level 5:colcon.colcon_core.verb:set package 'ur_udp' build argument 'cmake_clean_first' from command line to 'False'
[0.371s] Level 5:colcon.colcon_core.verb:set package 'ur_udp' build argument 'cmake_force_configure' from command line to 'False'
[0.371s] Level 5:colcon.colcon_core.verb:set package 'ur_udp' build argument 'ament_cmake_args' from command line to 'None'
[0.371s] Level 5:colcon.colcon_core.verb:set package 'ur_udp' build argument 'catkin_cmake_args' from command line to 'None'
[0.371s] Level 5:colcon.colcon_core.verb:set package 'ur_udp' build argument 'catkin_skip_building_tests' from command line to 'False'
[0.371s] DEBUG:colcon.colcon_core.verb:Building package 'ur_udp' with the following arguments: {'ament_cmake_args': None, 'build_base': '/home/dilhan/ros2_ws/build/ur_udp', 'catkin_cmake_args': None, 'catkin_skip_building_tests': False, 'cmake_args': None, 'cmake_clean_cache': False, 'cmake_clean_first': False, 'cmake_force_configure': False, 'cmake_target': None, 'cmake_target_skip_unavailable': False, 'install_base': '/home/dilhan/ros2_ws/install/ur_udp', 'merge_install': False, 'path': '/home/dilhan/ros2_ws/src/ur_udp', 'symlink_install': False, 'test_result_base': None}
[0.372s] INFO:colcon.colcon_core.executor:Executing jobs using 'parallel' executor
[0.373s] DEBUG:colcon.colcon_parallel_executor.executor.parallel:run_until_complete
[0.373s] INFO:colcon.colcon_ros.task.catkin.build:Building ROS package in '/home/dilhan/ros2_ws/src/omni_msgs' with build type 'catkin'
[0.374s] INFO:colcon.colcon_cmake.task.cmake.build:Building CMake package in '/home/dilhan/ros2_ws/src/omni_msgs'
[0.376s] INFO:colcon.colcon_core.plugin_system:Skipping extension 'colcon_core.shell.bat': Not used on non-Windows systems
[0.376s] INFO:colcon.colcon_core.shell:Skip shell extension 'powershell' for command environment: Not usable outside of PowerShell
[0.376s] DEBUG:colcon.colcon_core.shell:Skip shell extension 'dsv' for command environment
[0.386s] DEBUG:colcon.colcon_core.event_handler.log_command:Invoking command in '/home/dilhan/ros2_ws/build/omni_msgs': /usr/bin/cmake /home/dilhan/ros2_ws/src/omni_msgs -DCATKIN_INSTALL_INTO_PREFIX_ROOT=0 -DCMAKE_INSTALL_PREFIX=/home/dilhan/ros2_ws/install/omni_msgs
[2.167s] DEBUG:colcon.colcon_core.event_handler.log_command:Invoked command in '/home/dilhan/ros2_ws/build/omni_msgs' returned '0': /usr/bin/cmake /home/dilhan/ros2_ws/src/omni_msgs -DCATKIN_INSTALL_INTO_PREFIX_ROOT=0 -DCMAKE_INSTALL_PREFIX=/home/dilhan/ros2_ws/install/omni_msgs
[2.169s] DEBUG:colcon.colcon_core.event_handler.log_command:Invoking command in '/home/dilhan/ros2_ws/build/omni_msgs': /usr/bin/cmake --build /home/dilhan/ros2_ws/build/omni_msgs -- -j12 -l12
[4.578s] DEBUG:colcon.colcon_core.event_handler.log_command:Invoked command in '/home/dilhan/ros2_ws/build/omni_msgs' returned '0': /usr/bin/cmake --build /home/dilhan/ros2_ws/build/omni_msgs -- -j12 -l12
[4.588s] DEBUG:colcon.colcon_core.event_handler.log_command:Invoking command in '/home/dilhan/ros2_ws/build/omni_msgs': /usr/bin/cmake --install /home/dilhan/ros2_ws/build/omni_msgs
[4.666s] DEBUG:colcon.colcon_core.event_handler.log_command:Invoked command in '/home/dilhan/ros2_ws/build/omni_msgs' returned '0': /usr/bin/cmake --install /home/dilhan/ros2_ws/build/omni_msgs
[4.666s] Level 1:colcon.colcon_core.shell:create_environment_hook('omni_msgs', 'ros_package_path')
[4.666s] INFO:colcon.colcon_core.shell:Creating environment hook '/home/dilhan/ros2_ws/install/omni_msgs/share/omni_msgs/hook/ros_package_path.ps1'
[4.667s] INFO:colcon.colcon_core.shell:Creating environment descriptor '/home/dilhan/ros2_ws/install/omni_msgs/share/omni_msgs/hook/ros_package_path.dsv'
[4.667s] INFO:colcon.colcon_core.shell:Creating environment hook '/home/dilhan/ros2_ws/install/omni_msgs/share/omni_msgs/hook/ros_package_path.sh'
[4.667s] Level 1:colcon.colcon_ros.task.catkin:checking '/home/dilhan/ros2_ws/install/omni_msgs/local/lib/python3.10/dist-packages'
[4.668s] Level 1:colcon.colcon_core.shell:create_environment_hook('omni_msgs', 'catkin_pythonpath')
[4.668s] INFO:colcon.colcon_core.shell:Creating environment hook '/home/dilhan/ros2_ws/install/omni_msgs/share/omni_msgs/hook/catkin_pythonpath.ps1'
[4.668s] INFO:colcon.colcon_core.shell:Creating environment descriptor '/home/dilhan/ros2_ws/install/omni_msgs/share/omni_msgs/hook/catkin_pythonpath.dsv'
[4.668s] INFO:colcon.colcon_core.shell:Creating environment hook '/home/dilhan/ros2_ws/install/omni_msgs/share/omni_msgs/hook/catkin_pythonpath.sh'
[4.668s] Level 1:colcon.colcon_core.shell:create_environment_hook('omni_msgs', 'pkg_config_path')
[4.669s] INFO:colcon.colcon_core.shell:Creating environment hook '/home/dilhan/ros2_ws/install/omni_msgs/share/omni_msgs/hook/pkg_config_path.ps1'
[4.669s] INFO:colcon.colcon_core.shell:Creating environment descriptor '/home/dilhan/ros2_ws/install/omni_msgs/share/omni_msgs/hook/pkg_config_path.dsv'
[4.669s] INFO:colcon.colcon_core.shell:Creating environment hook '/home/dilhan/ros2_ws/install/omni_msgs/share/omni_msgs/hook/pkg_config_path.sh'
[4.671s] Level 1:colcon.colcon_core.shell:create_environment_hook('omni_msgs', 'pkg_config_path_multiarch')
[4.671s] INFO:colcon.colcon_core.shell:Creating environment hook '/home/dilhan/ros2_ws/install/omni_msgs/share/omni_msgs/hook/pkg_config_path_multiarch.ps1'
[4.671s] INFO:colcon.colcon_core.shell:Creating environment descriptor '/home/dilhan/ros2_ws/install/omni_msgs/share/omni_msgs/hook/pkg_config_path_multiarch.dsv'
[4.672s] INFO:colcon.colcon_core.shell:Creating environment hook '/home/dilhan/ros2_ws/install/omni_msgs/share/omni_msgs/hook/pkg_config_path_multiarch.sh'
[4.672s] Level 1:colcon.colcon_core.environment:create_environment_scripts_only(omni_msgs)
[4.674s] Level 1:colcon.colcon_core.environment:checking '/home/dilhan/ros2_ws/install/omni_msgs' for CMake module files
[4.675s] Level 1:colcon.colcon_core.environment:checking '/home/dilhan/ros2_ws/install/omni_msgs' for CMake config files
[4.675s] Level 1:colcon.colcon_core.shell:create_environment_hook('omni_msgs', 'cmake_prefix_path')
[4.675s] INFO:colcon.colcon_core.shell:Creating environment hook '/home/dilhan/ros2_ws/install/omni_msgs/share/omni_msgs/hook/cmake_prefix_path.ps1'
[4.676s] INFO:colcon.colcon_core.shell:Creating environment descriptor '/home/dilhan/ros2_ws/install/omni_msgs/share/omni_msgs/hook/cmake_prefix_path.dsv'
[4.676s] INFO:colcon.colcon_core.shell:Creating environment hook '/home/dilhan/ros2_ws/install/omni_msgs/share/omni_msgs/hook/cmake_prefix_path.sh'
[4.676s] Level 1:colcon.colcon_core.environment:checking '/home/dilhan/ros2_ws/install/omni_msgs/lib'
[4.676s] Level 1:colcon.colcon_core.shell:create_environment_hook('omni_msgs', 'ld_library_path_lib')
[4.677s] INFO:colcon.colcon_core.shell:Creating environment hook '/home/dilhan/ros2_ws/install/omni_msgs/share/omni_msgs/hook/ld_library_path_lib.ps1'
[4.677s] INFO:colcon.colcon_core.shell:Creating environment descriptor '/home/dilhan/ros2_ws/install/omni_msgs/share/omni_msgs/hook/ld_library_path_lib.dsv'
[4.677s] INFO:colcon.colcon_core.shell:Creating environment hook '/home/dilhan/ros2_ws/install/omni_msgs/share/omni_msgs/hook/ld_library_path_lib.sh'
[4.677s] Level 1:colcon.colcon_core.environment:checking '/home/dilhan/ros2_ws/install/omni_msgs/bin'
[4.677s] Level 1:colcon.colcon_core.environment:checking '/home/dilhan/ros2_ws/install/omni_msgs/lib/pkgconfig/omni_msgs.pc'
[4.678s] Level 1:colcon.colcon_core.environment:checking '/home/dilhan/ros2_ws/install/omni_msgs/lib/python3.10/site-packages'
[4.678s] Level 1:colcon.colcon_core.environment:checking '/home/dilhan/ros2_ws/install/omni_msgs/bin'
[4.678s] INFO:colcon.colcon_core.shell:Creating package script '/home/dilhan/ros2_ws/install/omni_msgs/share/omni_msgs/package.ps1'
[4.679s] INFO:colcon.colcon_core.shell:Creating package descriptor '/home/dilhan/ros2_ws/install/omni_msgs/share/omni_msgs/package.dsv'
[4.679s] INFO:colcon.colcon_core.shell:Creating package script '/home/dilhan/ros2_ws/install/omni_msgs/share/omni_msgs/package.sh'
[4.680s] INFO:colcon.colcon_core.shell:Creating package script '/home/dilhan/ros2_ws/install/omni_msgs/share/omni_msgs/package.bash'
[4.680s] INFO:colcon.colcon_core.shell:Creating package script '/home/dilhan/ros2_ws/install/omni_msgs/share/omni_msgs/package.zsh'
[4.681s] Level 1:colcon.colcon_core.environment:create_file_with_runtime_dependencies(/home/dilhan/ros2_ws/install/omni_msgs/share/colcon-core/packages/omni_msgs)
[4.681s] INFO:colcon.colcon_ros.task.ament_cmake.build:Building ROS package in '/home/dilhan/ros2_ws/src/ur_udp' with build type 'ament_cmake'
[4.681s] INFO:colcon.colcon_cmake.task.cmake.build:Building CMake package in '/home/dilhan/ros2_ws/src/ur_udp'
[4.681s] INFO:colcon.colcon_core.shell:Skip shell extension 'powershell' for command environment: Not usable outside of PowerShell
[4.681s] DEBUG:colcon.colcon_core.shell:Skip shell extension 'dsv' for command environment
[4.691s] DEBUG:colcon.colcon_core.event_handler.log_command:Invoking command in '/home/dilhan/ros2_ws/build/ur_udp': CMAKE_PREFIX_PATH=/home/dilhan/ros2_ws/install/optoforce_wrapper:/opt/ros/humble:/home/dilhan/ros2_ws/install/omni_msgs:/home/dilhan/ros2_ws/install/ur_to_touch_haptic_teleoperation:/home/dilhan/ros2_ws/install/omni_common:/home/dilhan/ros2_ws/install/omni_description LD_LIBRARY_PATH=/home/dilhan/ros2_ws/install/omni_msgs/lib:/usr/local/cuda-11.8/lib64:/usr/local/cuda-11.8/lib64:/usr/local/cuda-11.8/lib64:/usr/local/cuda-11.8/lib64:/opt/ros/humble/opt/rviz_ogre_vendor/lib:/opt/ros/humble/lib/x86_64-linux-gnu:/opt/ros/humble/lib PKG_CONFIG_PATH=/home/dilhan/ros2_ws/install/omni_msgs/lib/x86_64-linux-gnu/pkgconfig:/home/dilhan/ros2_ws/install/omni_msgs/lib/pkgconfig PYTHONPATH=/home/dilhan/ros2_ws/install/omni_msgs/local/lib/python3.10/dist-packages:/home/dilhan/ros2_ws/install/optoforce_wrapper/lib/python3.10/site-packages:/opt/ros/humble/lib/python3.10/site-packages:/opt/ros/humble/local/lib/python3.10/dist-packages ROS_PACKAGE_PATH=/home/dilhan/ros2_ws/install/omni_msgs/share /usr/bin/cmake /home/dilhan/ros2_ws/src/ur_udp -DCMAKE_INSTALL_PREFIX=/home/dilhan/ros2_ws/install/ur_udp
[5.851s] DEBUG:colcon.colcon_core.event_handler.log_command:Invoked command in '/home/dilhan/ros2_ws/build/ur_udp' returned '0': CMAKE_PREFIX_PATH=/home/dilhan/ros2_ws/install/optoforce_wrapper:/opt/ros/humble:/home/dilhan/ros2_ws/install/omni_msgs:/home/dilhan/ros2_ws/install/ur_to_touch_haptic_teleoperation:/home/dilhan/ros2_ws/install/omni_common:/home/dilhan/ros2_ws/install/omni_description LD_LIBRARY_PATH=/home/dilhan/ros2_ws/install/omni_msgs/lib:/usr/local/cuda-11.8/lib64:/usr/local/cuda-11.8/lib64:/usr/local/cuda-11.8/lib64:/usr/local/cuda-11.8/lib64:/opt/ros/humble/opt/rviz_ogre_vendor/lib:/opt/ros/humble/lib/x86_64-linux-gnu:/opt/ros/humble/lib PKG_CONFIG_PATH=/home/dilhan/ros2_ws/install/omni_msgs/lib/x86_64-linux-gnu/pkgconfig:/home/dilhan/ros2_ws/install/omni_msgs/lib/pkgconfig PYTHONPATH=/home/dilhan/ros2_ws/install/omni_msgs/local/lib/python3.10/dist-packages:/home/dilhan/ros2_ws/install/optoforce_wrapper/lib/python3.10/site-packages:/opt/ros/humble/lib/python3.10/site-packages:/opt/ros/humble/local/lib/python3.10/dist-packages ROS_PACKAGE_PATH=/home/dilhan/ros2_ws/install/omni_msgs/share /usr/bin/cmake /home/dilhan/ros2_ws/src/ur_udp -DCMAKE_INSTALL_PREFIX=/home/dilhan/ros2_ws/install/ur_udp
[5.853s] DEBUG:colcon.colcon_core.event_handler.log_command:Invoking command in '/home/dilhan/ros2_ws/build/ur_udp': CMAKE_PREFIX_PATH=/home/dilhan/ros2_ws/install/optoforce_wrapper:/opt/ros/humble:/home/dilhan/ros2_ws/install/omni_msgs:/home/dilhan/ros2_ws/install/ur_to_touch_haptic_teleoperation:/home/dilhan/ros2_ws/install/omni_common:/home/dilhan/ros2_ws/install/omni_description LD_LIBRARY_PATH=/home/dilhan/ros2_ws/install/omni_msgs/lib:/usr/local/cuda-11.8/lib64:/usr/local/cuda-11.8/lib64:/usr/local/cuda-11.8/lib64:/usr/local/cuda-11.8/lib64:/opt/ros/humble/opt/rviz_ogre_vendor/lib:/opt/ros/humble/lib/x86_64-linux-gnu:/opt/ros/humble/lib PKG_CONFIG_PATH=/home/dilhan/ros2_ws/install/omni_msgs/lib/x86_64-linux-gnu/pkgconfig:/home/dilhan/ros2_ws/install/omni_msgs/lib/pkgconfig PYTHONPATH=/home/dilhan/ros2_ws/install/omni_msgs/local/lib/python3.10/dist-packages:/home/dilhan/ros2_ws/install/optoforce_wrapper/lib/python3.10/site-packages:/opt/ros/humble/lib/python3.10/site-packages:/opt/ros/humble/local/lib/python3.10/dist-packages ROS_PACKAGE_PATH=/home/dilhan/ros2_ws/install/omni_msgs/share /usr/bin/cmake --build /home/dilhan/ros2_ws/build/ur_udp -- -j12 -l12
[14.112s] DEBUG:colcon.colcon_core.event_handler.log_command:Invoked command in '/home/dilhan/ros2_ws/build/ur_udp' returned '2': CMAKE_PREFIX_PATH=/home/dilhan/ros2_ws/install/optoforce_wrapper:/opt/ros/humble:/home/dilhan/ros2_ws/install/omni_msgs:/home/dilhan/ros2_ws/install/ur_to_touch_haptic_teleoperation:/home/dilhan/ros2_ws/install/omni_common:/home/dilhan/ros2_ws/install/omni_description LD_LIBRARY_PATH=/home/dilhan/ros2_ws/install/omni_msgs/lib:/usr/local/cuda-11.8/lib64:/usr/local/cuda-11.8/lib64:/usr/local/cuda-11.8/lib64:/usr/local/cuda-11.8/lib64:/opt/ros/humble/opt/rviz_ogre_vendor/lib:/opt/ros/humble/lib/x86_64-linux-gnu:/opt/ros/humble/lib PKG_CONFIG_PATH=/home/dilhan/ros2_ws/install/omni_msgs/lib/x86_64-linux-gnu/pkgconfig:/home/dilhan/ros2_ws/install/omni_msgs/lib/pkgconfig PYTHONPATH=/home/dilhan/ros2_ws/install/omni_msgs/local/lib/python3.10/dist-packages:/home/dilhan/ros2_ws/install/optoforce_wrapper/lib/python3.10/site-packages:/opt/ros/humble/lib/python3.10/site-packages:/opt/ros/humble/local/lib/python3.10/dist-packages ROS_PACKAGE_PATH=/home/dilhan/ros2_ws/install/omni_msgs/share /usr/bin/cmake --build /home/dilhan/ros2_ws/build/ur_udp -- -j12 -l12
[14.112s] Level 1:colcon.colcon_core.environment:create_environment_scripts_only(ur_udp)
[14.113s] Level 1:colcon.colcon_core.environment:checking '/home/dilhan/ros2_ws/install/ur_udp' for CMake module files
[14.113s] Level 1:colcon.colcon_core.environment:checking '/home/dilhan/ros2_ws/install/ur_udp' for CMake config files
[14.113s] Level 1:colcon.colcon_core.environment:checking '/home/dilhan/ros2_ws/install/ur_udp/bin'
[14.113s] Level 1:colcon.colcon_core.environment:checking '/home/dilhan/ros2_ws/install/ur_udp/lib/pkgconfig/ur_udp.pc'
[14.113s] Level 1:colcon.colcon_core.environment:checking '/home/dilhan/ros2_ws/install/ur_udp/lib/python3.10/site-packages'
[14.113s] Level 1:colcon.colcon_core.environment:checking '/home/dilhan/ros2_ws/install/ur_udp/bin'
[14.113s] INFO:colcon.colcon_core.shell:Creating package script '/home/dilhan/ros2_ws/install/ur_udp/share/ur_udp/package.ps1'
[14.114s] INFO:colcon.colcon_core.shell:Creating package descriptor '/home/dilhan/ros2_ws/install/ur_udp/share/ur_udp/package.dsv'
[14.114s] INFO:colcon.colcon_core.shell:Creating package script '/home/dilhan/ros2_ws/install/ur_udp/share/ur_udp/package.sh'
[14.115s] INFO:colcon.colcon_core.shell:Creating package script '/home/dilhan/ros2_ws/install/ur_udp/share/ur_udp/package.bash'
[14.115s] INFO:colcon.colcon_core.shell:Creating package script '/home/dilhan/ros2_ws/install/ur_udp/share/ur_udp/package.zsh'
[14.115s] Level 1:colcon.colcon_core.environment:create_file_with_runtime_dependencies(/home/dilhan/ros2_ws/install/ur_udp/share/colcon-core/packages/ur_udp)
[14.125s] DEBUG:colcon.colcon_parallel_executor.executor.parallel:closing loop
[14.126s] DEBUG:colcon.colcon_parallel_executor.executor.parallel:loop closed
[14.126s] DEBUG:colcon.colcon_parallel_executor.executor.parallel:run_until_complete finished with '2'
[14.126s] DEBUG:colcon.colcon_core.event_reactor:joining thread
[14.131s] INFO:colcon.colcon_core.plugin_system:Skipping extension 'colcon_notification.desktop_notification.terminal_notifier': Not used on non-Darwin systems
[14.131s] INFO:colcon.colcon_core.plugin_system:Skipping extension 'colcon_notification.desktop_notification.win32': Not used on non-Windows systems
[14.131s] INFO:colcon.colcon_notification.desktop_notification:Sending desktop notification using 'notify2'
[14.140s] DEBUG:colcon.colcon_core.event_reactor:joined thread
[14.141s] INFO:colcon.colcon_core.shell:Creating prefix script '/home/dilhan/ros2_ws/install/local_setup.ps1'
[14.142s] INFO:colcon.colcon_core.shell:Creating prefix util module '/home/dilhan/ros2_ws/install/_local_setup_util_ps1.py'
[14.143s] INFO:colcon.colcon_core.shell:Creating prefix chain script '/home/dilhan/ros2_ws/install/setup.ps1'
[14.144s] INFO:colcon.colcon_core.shell:Creating prefix script '/home/dilhan/ros2_ws/install/local_setup.sh'
[14.145s] INFO:colcon.colcon_core.shell:Creating prefix util module '/home/dilhan/ros2_ws/install/_local_setup_util_sh.py'
[14.146s] INFO:colcon.colcon_core.shell:Creating prefix chain script '/home/dilhan/ros2_ws/install/setup.sh'
[14.147s] INFO:colcon.colcon_core.shell:Creating prefix script '/home/dilhan/ros2_ws/install/local_setup.bash'
[14.147s] INFO:colcon.colcon_core.shell:Creating prefix chain script '/home/dilhan/ros2_ws/install/setup.bash'
[14.148s] INFO:colcon.colcon_core.shell:Creating prefix script '/home/dilhan/ros2_ws/install/local_setup.zsh'
[14.149s] INFO:colcon.colcon_core.shell:Creating prefix chain script '/home/dilhan/ros2_ws/install/setup.zsh'
