[0.102s] DEBUG:colcon:Command line arguments: ['/usr/bin/colcon', 'build']
[0.102s] DEBUG:colcon:Parsed command line arguments: Namespace(log_base=None, log_level=None, verb_name='build', build_base='build', install_base='install', merge_install=False, symlink_install=False, test_result_base=None, continue_on_error=False, executor='parallel', parallel_workers=12, event_handlers=None, ignore_user_meta=False, metas=['./colcon.meta'], base_paths=['.'], packages_ignore=None, packages_ignore_regex=None, paths=None, packages_up_to=None, packages_up_to_regex=None, packages_above=None, packages_above_and_dependencies=None, packages_above_depth=None, packages_select_by_dep=None, packages_skip_by_dep=None, packages_skip_up_to=None, packages_select_build_failed=False, packages_skip_build_finished=False, packages_select_test_failures=False, packages_skip_test_passed=False, packages_select=None, packages_skip=None, packages_select_regex=None, packages_skip_regex=None, packages_start=None, packages_end=None, allow_overriding=[], cmake_args=None, cmake_target=None, cmake_target_skip_unavailable=False, cmake_clean_cache=False, cmake_clean_first=False, cmake_force_configure=False, ament_cmake_args=None, catkin_cmake_args=None, catkin_skip_building_tests=False, mixin_files=None, mixin=None, verb_parser=<colcon_mixin.mixin.mixin_argument.MixinArgumentDecorator object at 0x7342b482b580>, verb_extension=<colcon_core.verb.build.BuildVerb object at 0x7342b482af80>, main=<bound method BuildVerb.main of <colcon_core.verb.build.BuildVerb object at 0x7342b482af80>>, mixin_verb=('build',))
[0.247s] Level 1:colcon.colcon_core.package_discovery:discover_packages(colcon_meta) check parameters
[0.247s] Level 1:colcon.colcon_core.package_discovery:discover_packages(recursive) check parameters
[0.247s] Level 1:colcon.colcon_core.package_discovery:discover_packages(ignore) check parameters
[0.247s] Level 1:colcon.colcon_core.package_discovery:discover_packages(path) check parameters
[0.247s] Level 1:colcon.colcon_core.package_discovery:discover_packages(colcon_meta) discover
[0.247s] Level 1:colcon.colcon_core.package_discovery:discover_packages(recursive) discover
[0.247s] INFO:colcon.colcon_core.package_discovery:Crawling recursively for packages in '/home/dilhan/ros2_ws'
[0.247s] Level 1:colcon.colcon_core.package_identification:_identify(.) by extensions ['ignore', 'ignore_ament_install']
[0.248s] Level 1:colcon.colcon_core.package_identification:_identify(.) by extension 'ignore'
[0.248s] Level 1:colcon.colcon_core.package_identification:_identify(.) by extension 'ignore_ament_install'
[0.248s] Level 1:colcon.colcon_core.package_identification:_identify(.) by extensions ['colcon_pkg']
[0.248s] Level 1:colcon.colcon_core.package_identification:_identify(.) by extension 'colcon_pkg'
[0.248s] Level 1:colcon.colcon_core.package_identification:_identify(.) by extensions ['colcon_meta']
[0.248s] Level 1:colcon.colcon_core.package_identification:_identify(.) by extension 'colcon_meta'
[0.248s] Level 1:colcon.colcon_core.package_identification:_identify(.) by extensions ['ros']
[0.248s] Level 1:colcon.colcon_core.package_identification:_identify(.) by extension 'ros'
[0.256s] Level 1:colcon.colcon_core.package_identification:_identify(.) by extensions ['cmake', 'python']
[0.256s] Level 1:colcon.colcon_core.package_identification:_identify(.) by extension 'cmake'
[0.256s] Level 1:colcon.colcon_core.package_identification:_identify(.) by extension 'python'
[0.256s] Level 1:colcon.colcon_core.package_identification:_identify(.) by extensions ['python_setup_py']
[0.256s] Level 1:colcon.colcon_core.package_identification:_identify(.) by extension 'python_setup_py'
[0.256s] Level 1:colcon.colcon_core.package_identification:_identify(build) by extensions ['ignore', 'ignore_ament_install']
[0.256s] Level 1:colcon.colcon_core.package_identification:_identify(build) by extension 'ignore'
[0.256s] Level 1:colcon.colcon_core.package_identification:_identify(build) ignored
[0.256s] Level 1:colcon.colcon_core.package_identification:_identify(install) by extensions ['ignore', 'ignore_ament_install']
[0.257s] Level 1:colcon.colcon_core.package_identification:_identify(install) by extension 'ignore'
[0.257s] Level 1:colcon.colcon_core.package_identification:_identify(install) ignored
[0.257s] Level 1:colcon.colcon_core.package_identification:_identify(log) by extensions ['ignore', 'ignore_ament_install']
[0.257s] Level 1:colcon.colcon_core.package_identification:_identify(log) by extension 'ignore'
[0.257s] Level 1:colcon.colcon_core.package_identification:_identify(log) ignored
[0.257s] Level 1:colcon.colcon_core.package_identification:_identify(src) by extensions ['ignore', 'ignore_ament_install']
[0.257s] Level 1:colcon.colcon_core.package_identification:_identify(src) by extension 'ignore'
[0.257s] Level 1:colcon.colcon_core.package_identification:_identify(src) by extension 'ignore_ament_install'
[0.257s] Level 1:colcon.colcon_core.package_identification:_identify(src) by extensions ['colcon_pkg']
[0.257s] Level 1:colcon.colcon_core.package_identification:_identify(src) by extension 'colcon_pkg'
[0.257s] Level 1:colcon.colcon_core.package_identification:_identify(src) by extensions ['colcon_meta']
[0.257s] Level 1:colcon.colcon_core.package_identification:_identify(src) by extension 'colcon_meta'
[0.257s] Level 1:colcon.colcon_core.package_identification:_identify(src) by extensions ['ros']
[0.257s] Level 1:colcon.colcon_core.package_identification:_identify(src) by extension 'ros'
[0.257s] Level 1:colcon.colcon_core.package_identification:_identify(src) by extensions ['cmake', 'python']
[0.257s] Level 1:colcon.colcon_core.package_identification:_identify(src) by extension 'cmake'
[0.257s] Level 1:colcon.colcon_core.package_identification:_identify(src) by extension 'python'
[0.257s] Level 1:colcon.colcon_core.package_identification:_identify(src) by extensions ['python_setup_py']
[0.257s] Level 1:colcon.colcon_core.package_identification:_identify(src) by extension 'python_setup_py'
[0.257s] Level 1:colcon.colcon_core.package_identification:_identify(src/Geomagic_Touch_ROS2) by extensions ['ignore', 'ignore_ament_install']
[0.257s] Level 1:colcon.colcon_core.package_identification:_identify(src/Geomagic_Touch_ROS2) by extension 'ignore'
[0.258s] Level 1:colcon.colcon_core.package_identification:_identify(src/Geomagic_Touch_ROS2) by extension 'ignore_ament_install'
[0.258s] Level 1:colcon.colcon_core.package_identification:_identify(src/Geomagic_Touch_ROS2) by extensions ['colcon_pkg']
[0.258s] Level 1:colcon.colcon_core.package_identification:_identify(src/Geomagic_Touch_ROS2) by extension 'colcon_pkg'
[0.258s] Level 1:colcon.colcon_core.package_identification:_identify(src/Geomagic_Touch_ROS2) by extensions ['colcon_meta']
[0.258s] Level 1:colcon.colcon_core.package_identification:_identify(src/Geomagic_Touch_ROS2) by extension 'colcon_meta'
[0.258s] Level 1:colcon.colcon_core.package_identification:_identify(src/Geomagic_Touch_ROS2) by extensions ['ros']
[0.258s] Level 1:colcon.colcon_core.package_identification:_identify(src/Geomagic_Touch_ROS2) by extension 'ros'
[0.258s] Level 1:colcon.colcon_core.package_identification:_identify(src/Geomagic_Touch_ROS2) by extensions ['cmake', 'python']
[0.258s] Level 1:colcon.colcon_core.package_identification:_identify(src/Geomagic_Touch_ROS2) by extension 'cmake'
[0.258s] Level 1:colcon.colcon_core.package_identification:_identify(src/Geomagic_Touch_ROS2) by extension 'python'
[0.258s] Level 1:colcon.colcon_core.package_identification:_identify(src/Geomagic_Touch_ROS2) by extensions ['python_setup_py']
[0.258s] Level 1:colcon.colcon_core.package_identification:_identify(src/Geomagic_Touch_ROS2) by extension 'python_setup_py'
[0.258s] Level 1:colcon.colcon_core.package_identification:_identify(src/Geomagic_Touch_ROS2/omni_common) by extensions ['ignore', 'ignore_ament_install']
[0.258s] Level 1:colcon.colcon_core.package_identification:_identify(src/Geomagic_Touch_ROS2/omni_common) by extension 'ignore'
[0.258s] Level 1:colcon.colcon_core.package_identification:_identify(src/Geomagic_Touch_ROS2/omni_common) by extension 'ignore_ament_install'
[0.258s] Level 1:colcon.colcon_core.package_identification:_identify(src/Geomagic_Touch_ROS2/omni_common) by extensions ['colcon_pkg']
[0.258s] Level 1:colcon.colcon_core.package_identification:_identify(src/Geomagic_Touch_ROS2/omni_common) by extension 'colcon_pkg'
[0.258s] Level 1:colcon.colcon_core.package_identification:_identify(src/Geomagic_Touch_ROS2/omni_common) by extensions ['colcon_meta']
[0.258s] Level 1:colcon.colcon_core.package_identification:_identify(src/Geomagic_Touch_ROS2/omni_common) by extension 'colcon_meta'
[0.258s] Level 1:colcon.colcon_core.package_identification:_identify(src/Geomagic_Touch_ROS2/omni_common) by extensions ['ros']
[0.258s] Level 1:colcon.colcon_core.package_identification:_identify(src/Geomagic_Touch_ROS2/omni_common) by extension 'ros'
[0.266s] DEBUG:colcon.colcon_core.package_identification:Package 'src/Geomagic_Touch_ROS2/omni_common' with type 'ros.ament_cmake' and name 'omni_common'
[0.267s] Level 1:colcon.colcon_core.package_identification:_identify(src/Geomagic_Touch_ROS2/omni_description) by extensions ['ignore', 'ignore_ament_install']
[0.267s] Level 1:colcon.colcon_core.package_identification:_identify(src/Geomagic_Touch_ROS2/omni_description) by extension 'ignore'
[0.267s] Level 1:colcon.colcon_core.package_identification:_identify(src/Geomagic_Touch_ROS2/omni_description) by extension 'ignore_ament_install'
[0.267s] Level 1:colcon.colcon_core.package_identification:_identify(src/Geomagic_Touch_ROS2/omni_description) by extensions ['colcon_pkg']
[0.267s] Level 1:colcon.colcon_core.package_identification:_identify(src/Geomagic_Touch_ROS2/omni_description) by extension 'colcon_pkg'
[0.267s] Level 1:colcon.colcon_core.package_identification:_identify(src/Geomagic_Touch_ROS2/omni_description) by extensions ['colcon_meta']
[0.267s] Level 1:colcon.colcon_core.package_identification:_identify(src/Geomagic_Touch_ROS2/omni_description) by extension 'colcon_meta'
[0.267s] Level 1:colcon.colcon_core.package_identification:_identify(src/Geomagic_Touch_ROS2/omni_description) by extensions ['ros']
[0.267s] Level 1:colcon.colcon_core.package_identification:_identify(src/Geomagic_Touch_ROS2/omni_description) by extension 'ros'
[0.267s] DEBUG:colcon.colcon_core.package_identification:Package 'src/Geomagic_Touch_ROS2/omni_description' with type 'ros.ament_cmake' and name 'omni_description'
[0.267s] Level 1:colcon.colcon_core.package_identification:_identify(src/Geomagic_Touch_ROS2/omni_msgs) by extensions ['ignore', 'ignore_ament_install']
[0.267s] Level 1:colcon.colcon_core.package_identification:_identify(src/Geomagic_Touch_ROS2/omni_msgs) by extension 'ignore'
[0.268s] Level 1:colcon.colcon_core.package_identification:_identify(src/Geomagic_Touch_ROS2/omni_msgs) by extension 'ignore_ament_install'
[0.268s] Level 1:colcon.colcon_core.package_identification:_identify(src/Geomagic_Touch_ROS2/omni_msgs) by extensions ['colcon_pkg']
[0.268s] Level 1:colcon.colcon_core.package_identification:_identify(src/Geomagic_Touch_ROS2/omni_msgs) by extension 'colcon_pkg'
[0.268s] Level 1:colcon.colcon_core.package_identification:_identify(src/Geomagic_Touch_ROS2/omni_msgs) by extensions ['colcon_meta']
[0.268s] Level 1:colcon.colcon_core.package_identification:_identify(src/Geomagic_Touch_ROS2/omni_msgs) by extension 'colcon_meta'
[0.268s] Level 1:colcon.colcon_core.package_identification:_identify(src/Geomagic_Touch_ROS2/omni_msgs) by extensions ['ros']
[0.268s] Level 1:colcon.colcon_core.package_identification:_identify(src/Geomagic_Touch_ROS2/omni_msgs) by extension 'ros'
[0.268s] DEBUG:colcon.colcon_core.package_identification:Package 'src/Geomagic_Touch_ROS2/omni_msgs' with type 'ros.ament_cmake' and name 'omni_msgs'
[0.268s] Level 1:colcon.colcon_core.package_identification:_identify(src/ur_to_touch_haptic_teleoperation) by extensions ['ignore', 'ignore_ament_install']
[0.268s] Level 1:colcon.colcon_core.package_identification:_identify(src/ur_to_touch_haptic_teleoperation) by extension 'ignore'
[0.268s] Level 1:colcon.colcon_core.package_identification:_identify(src/ur_to_touch_haptic_teleoperation) by extension 'ignore_ament_install'
[0.268s] Level 1:colcon.colcon_core.package_identification:_identify(src/ur_to_touch_haptic_teleoperation) by extensions ['colcon_pkg']
[0.269s] Level 1:colcon.colcon_core.package_identification:_identify(src/ur_to_touch_haptic_teleoperation) by extension 'colcon_pkg'
[0.269s] Level 1:colcon.colcon_core.package_identification:_identify(src/ur_to_touch_haptic_teleoperation) by extensions ['colcon_meta']
[0.269s] Level 1:colcon.colcon_core.package_identification:_identify(src/ur_to_touch_haptic_teleoperation) by extension 'colcon_meta'
[0.269s] Level 1:colcon.colcon_core.package_identification:_identify(src/ur_to_touch_haptic_teleoperation) by extensions ['ros']
[0.269s] Level 1:colcon.colcon_core.package_identification:_identify(src/ur_to_touch_haptic_teleoperation) by extension 'ros'
[0.269s] DEBUG:colcon.colcon_core.package_identification:Package 'src/ur_to_touch_haptic_teleoperation' with type 'ros.ament_cmake' and name 'ur_to_touch_haptic_teleoperation'
[0.269s] Level 1:colcon.colcon_core.package_discovery:discover_packages(recursive) using defaults
[0.269s] Level 1:colcon.colcon_core.package_discovery:discover_packages(ignore) discover
[0.269s] Level 1:colcon.colcon_core.package_discovery:discover_packages(ignore) using defaults
[0.269s] Level 1:colcon.colcon_core.package_discovery:discover_packages(path) discover
[0.269s] Level 1:colcon.colcon_core.package_discovery:discover_packages(path) using defaults
[0.284s] Level 1:colcon.colcon_core.package_discovery:discover_packages(prefix_path) check parameters
[0.285s] Level 1:colcon.colcon_core.package_discovery:discover_packages(prefix_path) discover
[0.286s] DEBUG:colcon.colcon_installed_package_information.package_discovery:Found 10 installed packages in /home/dilhan/ur_ws/install
[0.287s] DEBUG:colcon.colcon_installed_package_information.package_discovery:Found 4 installed packages in /home/dilhan/ros2_ws/install
[0.288s] DEBUG:colcon.colcon_installed_package_information.package_discovery:Found 388 installed packages in /opt/ros/humble
[0.290s] Level 1:colcon.colcon_core.package_discovery:discover_packages(prefix_path) using defaults
[0.326s] Level 5:colcon.colcon_core.verb:set package 'omni_description' build argument 'cmake_args' from command line to 'None'
[0.326s] Level 5:colcon.colcon_core.verb:set package 'omni_description' build argument 'cmake_target' from command line to 'None'
[0.326s] Level 5:colcon.colcon_core.verb:set package 'omni_description' build argument 'cmake_target_skip_unavailable' from command line to 'False'
[0.326s] Level 5:colcon.colcon_core.verb:set package 'omni_description' build argument 'cmake_clean_cache' from command line to 'False'
[0.326s] Level 5:colcon.colcon_core.verb:set package 'omni_description' build argument 'cmake_clean_first' from command line to 'False'
[0.326s] Level 5:colcon.colcon_core.verb:set package 'omni_description' build argument 'cmake_force_configure' from command line to 'False'
[0.326s] Level 5:colcon.colcon_core.verb:set package 'omni_description' build argument 'ament_cmake_args' from command line to 'None'
[0.326s] Level 5:colcon.colcon_core.verb:set package 'omni_description' build argument 'catkin_cmake_args' from command line to 'None'
[0.326s] Level 5:colcon.colcon_core.verb:set package 'omni_description' build argument 'catkin_skip_building_tests' from command line to 'False'
[0.326s] DEBUG:colcon.colcon_core.verb:Building package 'omni_description' with the following arguments: {'ament_cmake_args': None, 'build_base': '/home/dilhan/ros2_ws/build/omni_description', 'catkin_cmake_args': None, 'catkin_skip_building_tests': False, 'cmake_args': None, 'cmake_clean_cache': False, 'cmake_clean_first': False, 'cmake_force_configure': False, 'cmake_target': None, 'cmake_target_skip_unavailable': False, 'install_base': '/home/dilhan/ros2_ws/install/omni_description', 'merge_install': False, 'path': '/home/dilhan/ros2_ws/src/Geomagic_Touch_ROS2/omni_description', 'symlink_install': False, 'test_result_base': None}
[0.326s] Level 5:colcon.colcon_core.verb:set package 'omni_msgs' build argument 'cmake_args' from command line to 'None'
[0.326s] Level 5:colcon.colcon_core.verb:set package 'omni_msgs' build argument 'cmake_target' from command line to 'None'
[0.326s] Level 5:colcon.colcon_core.verb:set package 'omni_msgs' build argument 'cmake_target_skip_unavailable' from command line to 'False'
[0.327s] Level 5:colcon.colcon_core.verb:set package 'omni_msgs' build argument 'cmake_clean_cache' from command line to 'False'
[0.327s] Level 5:colcon.colcon_core.verb:set package 'omni_msgs' build argument 'cmake_clean_first' from command line to 'False'
[0.327s] Level 5:colcon.colcon_core.verb:set package 'omni_msgs' build argument 'cmake_force_configure' from command line to 'False'
[0.327s] Level 5:colcon.colcon_core.verb:set package 'omni_msgs' build argument 'ament_cmake_args' from command line to 'None'
[0.327s] Level 5:colcon.colcon_core.verb:set package 'omni_msgs' build argument 'catkin_cmake_args' from command line to 'None'
[0.327s] Level 5:colcon.colcon_core.verb:set package 'omni_msgs' build argument 'catkin_skip_building_tests' from command line to 'False'
[0.327s] DEBUG:colcon.colcon_core.verb:Building package 'omni_msgs' with the following arguments: {'ament_cmake_args': None, 'build_base': '/home/dilhan/ros2_ws/build/omni_msgs', 'catkin_cmake_args': None, 'catkin_skip_building_tests': False, 'cmake_args': None, 'cmake_clean_cache': False, 'cmake_clean_first': False, 'cmake_force_configure': False, 'cmake_target': None, 'cmake_target_skip_unavailable': False, 'install_base': '/home/dilhan/ros2_ws/install/omni_msgs', 'merge_install': False, 'path': '/home/dilhan/ros2_ws/src/Geomagic_Touch_ROS2/omni_msgs', 'symlink_install': False, 'test_result_base': None}
[0.327s] Level 5:colcon.colcon_core.verb:set package 'omni_common' build argument 'cmake_args' from command line to 'None'
[0.327s] Level 5:colcon.colcon_core.verb:set package 'omni_common' build argument 'cmake_target' from command line to 'None'
[0.327s] Level 5:colcon.colcon_core.verb:set package 'omni_common' build argument 'cmake_target_skip_unavailable' from command line to 'False'
[0.327s] Level 5:colcon.colcon_core.verb:set package 'omni_common' build argument 'cmake_clean_cache' from command line to 'False'
[0.327s] Level 5:colcon.colcon_core.verb:set package 'omni_common' build argument 'cmake_clean_first' from command line to 'False'
[0.327s] Level 5:colcon.colcon_core.verb:set package 'omni_common' build argument 'cmake_force_configure' from command line to 'False'
[0.327s] Level 5:colcon.colcon_core.verb:set package 'omni_common' build argument 'ament_cmake_args' from command line to 'None'
[0.327s] Level 5:colcon.colcon_core.verb:set package 'omni_common' build argument 'catkin_cmake_args' from command line to 'None'
[0.327s] Level 5:colcon.colcon_core.verb:set package 'omni_common' build argument 'catkin_skip_building_tests' from command line to 'False'
[0.327s] DEBUG:colcon.colcon_core.verb:Building package 'omni_common' with the following arguments: {'ament_cmake_args': None, 'build_base': '/home/dilhan/ros2_ws/build/omni_common', 'catkin_cmake_args': None, 'catkin_skip_building_tests': False, 'cmake_args': None, 'cmake_clean_cache': False, 'cmake_clean_first': False, 'cmake_force_configure': False, 'cmake_target': None, 'cmake_target_skip_unavailable': False, 'install_base': '/home/dilhan/ros2_ws/install/omni_common', 'merge_install': False, 'path': '/home/dilhan/ros2_ws/src/Geomagic_Touch_ROS2/omni_common', 'symlink_install': False, 'test_result_base': None}
[0.327s] Level 5:colcon.colcon_core.verb:set package 'ur_to_touch_haptic_teleoperation' build argument 'cmake_args' from command line to 'None'
[0.327s] Level 5:colcon.colcon_core.verb:set package 'ur_to_touch_haptic_teleoperation' build argument 'cmake_target' from command line to 'None'
[0.327s] Level 5:colcon.colcon_core.verb:set package 'ur_to_touch_haptic_teleoperation' build argument 'cmake_target_skip_unavailable' from command line to 'False'
[0.327s] Level 5:colcon.colcon_core.verb:set package 'ur_to_touch_haptic_teleoperation' build argument 'cmake_clean_cache' from command line to 'False'
[0.327s] Level 5:colcon.colcon_core.verb:set package 'ur_to_touch_haptic_teleoperation' build argument 'cmake_clean_first' from command line to 'False'
[0.327s] Level 5:colcon.colcon_core.verb:set package 'ur_to_touch_haptic_teleoperation' build argument 'cmake_force_configure' from command line to 'False'
[0.328s] Level 5:colcon.colcon_core.verb:set package 'ur_to_touch_haptic_teleoperation' build argument 'ament_cmake_args' from command line to 'None'
[0.328s] Level 5:colcon.colcon_core.verb:set package 'ur_to_touch_haptic_teleoperation' build argument 'catkin_cmake_args' from command line to 'None'
[0.328s] Level 5:colcon.colcon_core.verb:set package 'ur_to_touch_haptic_teleoperation' build argument 'catkin_skip_building_tests' from command line to 'False'
[0.328s] DEBUG:colcon.colcon_core.verb:Building package 'ur_to_touch_haptic_teleoperation' with the following arguments: {'ament_cmake_args': None, 'build_base': '/home/dilhan/ros2_ws/build/ur_to_touch_haptic_teleoperation', 'catkin_cmake_args': None, 'catkin_skip_building_tests': False, 'cmake_args': None, 'cmake_clean_cache': False, 'cmake_clean_first': False, 'cmake_force_configure': False, 'cmake_target': None, 'cmake_target_skip_unavailable': False, 'install_base': '/home/dilhan/ros2_ws/install/ur_to_touch_haptic_teleoperation', 'merge_install': False, 'path': '/home/dilhan/ros2_ws/src/ur_to_touch_haptic_teleoperation', 'symlink_install': False, 'test_result_base': None}
[0.328s] INFO:colcon.colcon_core.executor:Executing jobs using 'parallel' executor
[0.328s] DEBUG:colcon.colcon_parallel_executor.executor.parallel:run_until_complete
[0.329s] INFO:colcon.colcon_ros.task.ament_cmake.build:Building ROS package in '/home/dilhan/ros2_ws/src/Geomagic_Touch_ROS2/omni_msgs' with build type 'ament_cmake'
[0.329s] INFO:colcon.colcon_cmake.task.cmake.build:Building CMake package in '/home/dilhan/ros2_ws/src/Geomagic_Touch_ROS2/omni_msgs'
[0.330s] INFO:colcon.colcon_core.plugin_system:Skipping extension 'colcon_core.shell.bat': Not used on non-Windows systems
[0.330s] INFO:colcon.colcon_core.shell:Skip shell extension 'powershell' for command environment: Not usable outside of PowerShell
[0.331s] DEBUG:colcon.colcon_core.shell:Skip shell extension 'dsv' for command environment
[0.334s] INFO:colcon.colcon_ros.task.ament_cmake.build:Building ROS package in '/home/dilhan/ros2_ws/src/Geomagic_Touch_ROS2/omni_description' with build type 'ament_cmake'
[0.335s] INFO:colcon.colcon_cmake.task.cmake.build:Building CMake package in '/home/dilhan/ros2_ws/src/Geomagic_Touch_ROS2/omni_description'
[0.335s] INFO:colcon.colcon_core.shell:Skip shell extension 'powershell' for command environment: Not usable outside of PowerShell
[0.335s] DEBUG:colcon.colcon_core.shell:Skip shell extension 'dsv' for command environment
[0.343s] DEBUG:colcon.colcon_core.event_handler.log_command:Invoking command in '/home/dilhan/ros2_ws/build/omni_msgs': CMAKE_PREFIX_PATH=${CMAKE_PREFIX_PATH}:/opt/ros/humble /usr/bin/cmake --build /home/dilhan/ros2_ws/build/omni_msgs -- -j12 -l12
[0.345s] DEBUG:colcon.colcon_core.event_handler.log_command:Invoking command in '/home/dilhan/ros2_ws/build/omni_description': CMAKE_PREFIX_PATH=${CMAKE_PREFIX_PATH}:/opt/ros/humble /usr/bin/cmake --build /home/dilhan/ros2_ws/build/omni_description -- -j12 -l12
[0.379s] DEBUG:colcon.colcon_core.event_handler.log_command:Invoked command in '/home/dilhan/ros2_ws/build/omni_description' returned '0': CMAKE_PREFIX_PATH=${CMAKE_PREFIX_PATH}:/opt/ros/humble /usr/bin/cmake --build /home/dilhan/ros2_ws/build/omni_description -- -j12 -l12
[0.389s] DEBUG:colcon.colcon_core.event_handler.log_command:Invoking command in '/home/dilhan/ros2_ws/build/omni_description': CMAKE_PREFIX_PATH=${CMAKE_PREFIX_PATH}:/opt/ros/humble /usr/bin/cmake --install /home/dilhan/ros2_ws/build/omni_description
[0.401s] Level 1:colcon.colcon_core.environment:create_environment_scripts_only(omni_description)
[0.402s] DEBUG:colcon.colcon_core.event_handler.log_command:Invoked command in '/home/dilhan/ros2_ws/build/omni_description' returned '0': CMAKE_PREFIX_PATH=${CMAKE_PREFIX_PATH}:/opt/ros/humble /usr/bin/cmake --install /home/dilhan/ros2_ws/build/omni_description
[0.404s] Level 1:colcon.colcon_core.environment:checking '/home/dilhan/ros2_ws/install/omni_description' for CMake module files
[0.405s] Level 1:colcon.colcon_core.environment:checking '/home/dilhan/ros2_ws/install/omni_description' for CMake config files
[0.405s] Level 1:colcon.colcon_core.shell:create_environment_hook('omni_description', 'cmake_prefix_path')
[0.406s] INFO:colcon.colcon_core.shell:Creating environment hook '/home/dilhan/ros2_ws/install/omni_description/share/omni_description/hook/cmake_prefix_path.ps1'
[0.406s] INFO:colcon.colcon_core.shell:Creating environment descriptor '/home/dilhan/ros2_ws/install/omni_description/share/omni_description/hook/cmake_prefix_path.dsv'
[0.407s] INFO:colcon.colcon_core.shell:Creating environment hook '/home/dilhan/ros2_ws/install/omni_description/share/omni_description/hook/cmake_prefix_path.sh'
[0.408s] Level 1:colcon.colcon_core.environment:checking '/home/dilhan/ros2_ws/install/omni_description/bin'
[0.408s] Level 1:colcon.colcon_core.environment:checking '/home/dilhan/ros2_ws/install/omni_description/lib/pkgconfig/omni_description.pc'
[0.408s] Level 1:colcon.colcon_core.environment:checking '/home/dilhan/ros2_ws/install/omni_description/lib/python3.10/site-packages'
[0.408s] Level 1:colcon.colcon_core.environment:checking '/home/dilhan/ros2_ws/install/omni_description/bin'
[0.409s] INFO:colcon.colcon_core.shell:Creating package script '/home/dilhan/ros2_ws/install/omni_description/share/omni_description/package.ps1'
[0.409s] INFO:colcon.colcon_core.shell:Creating package descriptor '/home/dilhan/ros2_ws/install/omni_description/share/omni_description/package.dsv'
[0.410s] INFO:colcon.colcon_core.shell:Creating package script '/home/dilhan/ros2_ws/install/omni_description/share/omni_description/package.sh'
[0.411s] INFO:colcon.colcon_core.shell:Creating package script '/home/dilhan/ros2_ws/install/omni_description/share/omni_description/package.bash'
[0.411s] INFO:colcon.colcon_core.shell:Creating package script '/home/dilhan/ros2_ws/install/omni_description/share/omni_description/package.zsh'
[0.412s] Level 1:colcon.colcon_core.environment:create_file_with_runtime_dependencies(/home/dilhan/ros2_ws/install/omni_description/share/colcon-core/packages/omni_description)
[0.412s] Level 1:colcon.colcon_core.environment:create_environment_scripts_only(omni_description)
[0.413s] Level 1:colcon.colcon_core.environment:checking '/home/dilhan/ros2_ws/install/omni_description' for CMake module files
[0.413s] Level 1:colcon.colcon_core.environment:checking '/home/dilhan/ros2_ws/install/omni_description' for CMake config files
[0.413s] Level 1:colcon.colcon_core.shell:create_environment_hook('omni_description', 'cmake_prefix_path')
[0.413s] INFO:colcon.colcon_core.shell:Creating environment hook '/home/dilhan/ros2_ws/install/omni_description/share/omni_description/hook/cmake_prefix_path.ps1'
[0.414s] INFO:colcon.colcon_core.shell:Creating environment descriptor '/home/dilhan/ros2_ws/install/omni_description/share/omni_description/hook/cmake_prefix_path.dsv'
[0.415s] INFO:colcon.colcon_core.shell:Creating environment hook '/home/dilhan/ros2_ws/install/omni_description/share/omni_description/hook/cmake_prefix_path.sh'
[0.415s] Level 1:colcon.colcon_core.environment:checking '/home/dilhan/ros2_ws/install/omni_description/bin'
[0.415s] Level 1:colcon.colcon_core.environment:checking '/home/dilhan/ros2_ws/install/omni_description/lib/pkgconfig/omni_description.pc'
[0.415s] Level 1:colcon.colcon_core.environment:checking '/home/dilhan/ros2_ws/install/omni_description/lib/python3.10/site-packages'
[0.416s] Level 1:colcon.colcon_core.environment:checking '/home/dilhan/ros2_ws/install/omni_description/bin'
[0.416s] INFO:colcon.colcon_core.shell:Creating package script '/home/dilhan/ros2_ws/install/omni_description/share/omni_description/package.ps1'
[0.416s] INFO:colcon.colcon_core.shell:Creating package descriptor '/home/dilhan/ros2_ws/install/omni_description/share/omni_description/package.dsv'
[0.417s] INFO:colcon.colcon_core.shell:Creating package script '/home/dilhan/ros2_ws/install/omni_description/share/omni_description/package.sh'
[0.417s] INFO:colcon.colcon_core.shell:Creating package script '/home/dilhan/ros2_ws/install/omni_description/share/omni_description/package.bash'
[0.417s] INFO:colcon.colcon_core.shell:Creating package script '/home/dilhan/ros2_ws/install/omni_description/share/omni_description/package.zsh'
[0.418s] Level 1:colcon.colcon_core.environment:create_file_with_runtime_dependencies(/home/dilhan/ros2_ws/install/omni_description/share/colcon-core/packages/omni_description)
[0.660s] DEBUG:colcon.colcon_core.event_handler.log_command:Invoked command in '/home/dilhan/ros2_ws/build/omni_msgs' returned '0': CMAKE_PREFIX_PATH=${CMAKE_PREFIX_PATH}:/opt/ros/humble /usr/bin/cmake --build /home/dilhan/ros2_ws/build/omni_msgs -- -j12 -l12
[0.661s] DEBUG:colcon.colcon_core.event_handler.log_command:Invoking command in '/home/dilhan/ros2_ws/build/omni_msgs': CMAKE_PREFIX_PATH=${CMAKE_PREFIX_PATH}:/opt/ros/humble /usr/bin/cmake --install /home/dilhan/ros2_ws/build/omni_msgs
[0.708s] Level 1:colcon.colcon_core.environment:create_environment_scripts_only(omni_msgs)
[0.709s] Level 1:colcon.colcon_core.environment:checking '/home/dilhan/ros2_ws/install/omni_msgs' for CMake module files
[0.709s] DEBUG:colcon.colcon_core.event_handler.log_command:Invoked command in '/home/dilhan/ros2_ws/build/omni_msgs' returned '0': CMAKE_PREFIX_PATH=${CMAKE_PREFIX_PATH}:/opt/ros/humble /usr/bin/cmake --install /home/dilhan/ros2_ws/build/omni_msgs
[0.710s] Level 1:colcon.colcon_core.environment:checking '/home/dilhan/ros2_ws/install/omni_msgs' for CMake config files
[0.710s] Level 1:colcon.colcon_core.shell:create_environment_hook('omni_msgs', 'cmake_prefix_path')
[0.710s] INFO:colcon.colcon_core.shell:Creating environment hook '/home/dilhan/ros2_ws/install/omni_msgs/share/omni_msgs/hook/cmake_prefix_path.ps1'
[0.710s] INFO:colcon.colcon_core.shell:Creating environment descriptor '/home/dilhan/ros2_ws/install/omni_msgs/share/omni_msgs/hook/cmake_prefix_path.dsv'
[0.711s] INFO:colcon.colcon_core.shell:Creating environment hook '/home/dilhan/ros2_ws/install/omni_msgs/share/omni_msgs/hook/cmake_prefix_path.sh'
[0.711s] Level 1:colcon.colcon_core.environment:checking '/home/dilhan/ros2_ws/install/omni_msgs/lib'
[0.711s] Level 1:colcon.colcon_core.shell:create_environment_hook('omni_msgs', 'ld_library_path_lib')
[0.711s] INFO:colcon.colcon_core.shell:Creating environment hook '/home/dilhan/ros2_ws/install/omni_msgs/share/omni_msgs/hook/ld_library_path_lib.ps1'
[0.712s] INFO:colcon.colcon_core.shell:Creating environment descriptor '/home/dilhan/ros2_ws/install/omni_msgs/share/omni_msgs/hook/ld_library_path_lib.dsv'
[0.712s] INFO:colcon.colcon_core.shell:Creating environment hook '/home/dilhan/ros2_ws/install/omni_msgs/share/omni_msgs/hook/ld_library_path_lib.sh'
[0.712s] Level 1:colcon.colcon_core.environment:checking '/home/dilhan/ros2_ws/install/omni_msgs/bin'
[0.712s] Level 1:colcon.colcon_core.environment:checking '/home/dilhan/ros2_ws/install/omni_msgs/lib/pkgconfig/omni_msgs.pc'
[0.712s] Level 1:colcon.colcon_core.environment:checking '/home/dilhan/ros2_ws/install/omni_msgs/lib/python3.10/site-packages'
[0.713s] Level 1:colcon.colcon_core.environment:checking '/home/dilhan/ros2_ws/install/omni_msgs/bin'
[0.713s] INFO:colcon.colcon_core.shell:Creating package script '/home/dilhan/ros2_ws/install/omni_msgs/share/omni_msgs/package.ps1'
[0.713s] INFO:colcon.colcon_core.shell:Creating package descriptor '/home/dilhan/ros2_ws/install/omni_msgs/share/omni_msgs/package.dsv'
[0.714s] INFO:colcon.colcon_core.shell:Creating package script '/home/dilhan/ros2_ws/install/omni_msgs/share/omni_msgs/package.sh'
[0.714s] INFO:colcon.colcon_core.shell:Creating package script '/home/dilhan/ros2_ws/install/omni_msgs/share/omni_msgs/package.bash'
[0.714s] INFO:colcon.colcon_core.shell:Creating package script '/home/dilhan/ros2_ws/install/omni_msgs/share/omni_msgs/package.zsh'
[0.714s] Level 1:colcon.colcon_core.environment:create_file_with_runtime_dependencies(/home/dilhan/ros2_ws/install/omni_msgs/share/colcon-core/packages/omni_msgs)
[0.715s] Level 1:colcon.colcon_core.environment:create_environment_scripts_only(omni_msgs)
[0.715s] Level 1:colcon.colcon_core.environment:checking '/home/dilhan/ros2_ws/install/omni_msgs' for CMake module files
[0.716s] Level 1:colcon.colcon_core.environment:checking '/home/dilhan/ros2_ws/install/omni_msgs' for CMake config files
[0.716s] Level 1:colcon.colcon_core.shell:create_environment_hook('omni_msgs', 'cmake_prefix_path')
[0.716s] INFO:colcon.colcon_core.shell:Creating environment hook '/home/dilhan/ros2_ws/install/omni_msgs/share/omni_msgs/hook/cmake_prefix_path.ps1'
[0.716s] INFO:colcon.colcon_core.shell:Creating environment descriptor '/home/dilhan/ros2_ws/install/omni_msgs/share/omni_msgs/hook/cmake_prefix_path.dsv'
[0.716s] INFO:colcon.colcon_core.shell:Creating environment hook '/home/dilhan/ros2_ws/install/omni_msgs/share/omni_msgs/hook/cmake_prefix_path.sh'
[0.717s] Level 1:colcon.colcon_core.environment:checking '/home/dilhan/ros2_ws/install/omni_msgs/lib'
[0.717s] Level 1:colcon.colcon_core.shell:create_environment_hook('omni_msgs', 'ld_library_path_lib')
[0.717s] INFO:colcon.colcon_core.shell:Creating environment hook '/home/dilhan/ros2_ws/install/omni_msgs/share/omni_msgs/hook/ld_library_path_lib.ps1'
[0.717s] INFO:colcon.colcon_core.shell:Creating environment descriptor '/home/dilhan/ros2_ws/install/omni_msgs/share/omni_msgs/hook/ld_library_path_lib.dsv'
[0.718s] INFO:colcon.colcon_core.shell:Creating environment hook '/home/dilhan/ros2_ws/install/omni_msgs/share/omni_msgs/hook/ld_library_path_lib.sh'
[0.718s] Level 1:colcon.colcon_core.environment:checking '/home/dilhan/ros2_ws/install/omni_msgs/bin'
[0.718s] Level 1:colcon.colcon_core.environment:checking '/home/dilhan/ros2_ws/install/omni_msgs/lib/pkgconfig/omni_msgs.pc'
[0.718s] Level 1:colcon.colcon_core.environment:checking '/home/dilhan/ros2_ws/install/omni_msgs/lib/python3.10/site-packages'
[0.718s] Level 1:colcon.colcon_core.environment:checking '/home/dilhan/ros2_ws/install/omni_msgs/bin'
[0.718s] INFO:colcon.colcon_core.shell:Creating package script '/home/dilhan/ros2_ws/install/omni_msgs/share/omni_msgs/package.ps1'
[0.719s] INFO:colcon.colcon_core.shell:Creating package descriptor '/home/dilhan/ros2_ws/install/omni_msgs/share/omni_msgs/package.dsv'
[0.719s] INFO:colcon.colcon_core.shell:Creating package script '/home/dilhan/ros2_ws/install/omni_msgs/share/omni_msgs/package.sh'
[0.720s] INFO:colcon.colcon_core.shell:Creating package script '/home/dilhan/ros2_ws/install/omni_msgs/share/omni_msgs/package.bash'
[0.720s] INFO:colcon.colcon_core.shell:Creating package script '/home/dilhan/ros2_ws/install/omni_msgs/share/omni_msgs/package.zsh'
[0.720s] Level 1:colcon.colcon_core.environment:create_file_with_runtime_dependencies(/home/dilhan/ros2_ws/install/omni_msgs/share/colcon-core/packages/omni_msgs)
[0.721s] INFO:colcon.colcon_ros.task.ament_cmake.build:Building ROS package in '/home/dilhan/ros2_ws/src/Geomagic_Touch_ROS2/omni_common' with build type 'ament_cmake'
[0.721s] INFO:colcon.colcon_cmake.task.cmake.build:Building CMake package in '/home/dilhan/ros2_ws/src/Geomagic_Touch_ROS2/omni_common'
[0.721s] INFO:colcon.colcon_core.shell:Skip shell extension 'powershell' for command environment: Not usable outside of PowerShell
[0.721s] DEBUG:colcon.colcon_core.shell:Skip shell extension 'dsv' for command environment
[0.731s] DEBUG:colcon.colcon_core.event_handler.log_command:Invoking command in '/home/dilhan/ros2_ws/build/omni_common': CMAKE_PREFIX_PATH=/home/dilhan/ros2_ws/install/omni_msgs:/home/dilhan/ur_ws/install/ur:/home/dilhan/ur_ws/install/ur_calibration:/home/dilhan/ur_ws/install/ur_robot_driver:/home/dilhan/ur_ws/install/ur_bringup:/home/dilhan/ur_ws/install/ur_controllers:/home/dilhan/ur_ws/install/ur_msgs:/home/dilhan/ur_ws/install/ur_moveit_config:/home/dilhan/ur_ws/install/ur_description:/home/dilhan/ur_ws/install/ur_dashboard_msgs:/home/dilhan/ur_ws/install/ur_client_library:/home/dilhan/ros2_ws/install/ur_to_touch_haptic_teleoperation:/home/dilhan/ros2_ws/install/omni_common:/home/dilhan/ros2_ws/install/omni_description:/opt/ros/humble LD_LIBRARY_PATH=/home/dilhan/ros2_ws/install/omni_msgs/lib:/usr/local/cuda-11.8/lib64:/usr/local/cuda-11.8/lib64:/home/dilhan/ur_ws/install/ur_robot_driver/lib:/home/dilhan/ur_ws/install/ur_controllers/lib:/home/dilhan/ur_ws/install/ur_msgs/lib:/home/dilhan/ur_ws/install/ur_dashboard_msgs/lib:/home/dilhan/ur_ws/install/ur_client_library/lib:/usr/local/cuda-11.8/lib64:/usr/local/cuda-11.8/lib64:/opt/ros/humble/opt/rviz_ogre_vendor/lib:/opt/ros/humble/lib/x86_64-linux-gnu:/opt/ros/humble/lib /usr/bin/cmake --build /home/dilhan/ros2_ws/build/omni_common -- -j12 -l12
[0.802s] DEBUG:colcon.colcon_core.event_handler.log_command:Invoked command in '/home/dilhan/ros2_ws/build/omni_common' returned '0': CMAKE_PREFIX_PATH=/home/dilhan/ros2_ws/install/omni_msgs:/home/dilhan/ur_ws/install/ur:/home/dilhan/ur_ws/install/ur_calibration:/home/dilhan/ur_ws/install/ur_robot_driver:/home/dilhan/ur_ws/install/ur_bringup:/home/dilhan/ur_ws/install/ur_controllers:/home/dilhan/ur_ws/install/ur_msgs:/home/dilhan/ur_ws/install/ur_moveit_config:/home/dilhan/ur_ws/install/ur_description:/home/dilhan/ur_ws/install/ur_dashboard_msgs:/home/dilhan/ur_ws/install/ur_client_library:/home/dilhan/ros2_ws/install/ur_to_touch_haptic_teleoperation:/home/dilhan/ros2_ws/install/omni_common:/home/dilhan/ros2_ws/install/omni_description:/opt/ros/humble LD_LIBRARY_PATH=/home/dilhan/ros2_ws/install/omni_msgs/lib:/usr/local/cuda-11.8/lib64:/usr/local/cuda-11.8/lib64:/home/dilhan/ur_ws/install/ur_robot_driver/lib:/home/dilhan/ur_ws/install/ur_controllers/lib:/home/dilhan/ur_ws/install/ur_msgs/lib:/home/dilhan/ur_ws/install/ur_dashboard_msgs/lib:/home/dilhan/ur_ws/install/ur_client_library/lib:/usr/local/cuda-11.8/lib64:/usr/local/cuda-11.8/lib64:/opt/ros/humble/opt/rviz_ogre_vendor/lib:/opt/ros/humble/lib/x86_64-linux-gnu:/opt/ros/humble/lib /usr/bin/cmake --build /home/dilhan/ros2_ws/build/omni_common -- -j12 -l12
[0.804s] DEBUG:colcon.colcon_core.event_handler.log_command:Invoking command in '/home/dilhan/ros2_ws/build/omni_common': CMAKE_PREFIX_PATH=/home/dilhan/ros2_ws/install/omni_msgs:/home/dilhan/ur_ws/install/ur:/home/dilhan/ur_ws/install/ur_calibration:/home/dilhan/ur_ws/install/ur_robot_driver:/home/dilhan/ur_ws/install/ur_bringup:/home/dilhan/ur_ws/install/ur_controllers:/home/dilhan/ur_ws/install/ur_msgs:/home/dilhan/ur_ws/install/ur_moveit_config:/home/dilhan/ur_ws/install/ur_description:/home/dilhan/ur_ws/install/ur_dashboard_msgs:/home/dilhan/ur_ws/install/ur_client_library:/home/dilhan/ros2_ws/install/ur_to_touch_haptic_teleoperation:/home/dilhan/ros2_ws/install/omni_common:/home/dilhan/ros2_ws/install/omni_description:/opt/ros/humble LD_LIBRARY_PATH=/home/dilhan/ros2_ws/install/omni_msgs/lib:/usr/local/cuda-11.8/lib64:/usr/local/cuda-11.8/lib64:/home/dilhan/ur_ws/install/ur_robot_driver/lib:/home/dilhan/ur_ws/install/ur_controllers/lib:/home/dilhan/ur_ws/install/ur_msgs/lib:/home/dilhan/ur_ws/install/ur_dashboard_msgs/lib:/home/dilhan/ur_ws/install/ur_client_library/lib:/usr/local/cuda-11.8/lib64:/usr/local/cuda-11.8/lib64:/opt/ros/humble/opt/rviz_ogre_vendor/lib:/opt/ros/humble/lib/x86_64-linux-gnu:/opt/ros/humble/lib /usr/bin/cmake --install /home/dilhan/ros2_ws/build/omni_common
[0.813s] Level 1:colcon.colcon_core.environment:create_environment_scripts_only(omni_common)
[0.814s] Level 1:colcon.colcon_core.environment:checking '/home/dilhan/ros2_ws/install/omni_common' for CMake module files
[0.814s] DEBUG:colcon.colcon_core.event_handler.log_command:Invoked command in '/home/dilhan/ros2_ws/build/omni_common' returned '0': CMAKE_PREFIX_PATH=/home/dilhan/ros2_ws/install/omni_msgs:/home/dilhan/ur_ws/install/ur:/home/dilhan/ur_ws/install/ur_calibration:/home/dilhan/ur_ws/install/ur_robot_driver:/home/dilhan/ur_ws/install/ur_bringup:/home/dilhan/ur_ws/install/ur_controllers:/home/dilhan/ur_ws/install/ur_msgs:/home/dilhan/ur_ws/install/ur_moveit_config:/home/dilhan/ur_ws/install/ur_description:/home/dilhan/ur_ws/install/ur_dashboard_msgs:/home/dilhan/ur_ws/install/ur_client_library:/home/dilhan/ros2_ws/install/ur_to_touch_haptic_teleoperation:/home/dilhan/ros2_ws/install/omni_common:/home/dilhan/ros2_ws/install/omni_description:/opt/ros/humble LD_LIBRARY_PATH=/home/dilhan/ros2_ws/install/omni_msgs/lib:/usr/local/cuda-11.8/lib64:/usr/local/cuda-11.8/lib64:/home/dilhan/ur_ws/install/ur_robot_driver/lib:/home/dilhan/ur_ws/install/ur_controllers/lib:/home/dilhan/ur_ws/install/ur_msgs/lib:/home/dilhan/ur_ws/install/ur_dashboard_msgs/lib:/home/dilhan/ur_ws/install/ur_client_library/lib:/usr/local/cuda-11.8/lib64:/usr/local/cuda-11.8/lib64:/opt/ros/humble/opt/rviz_ogre_vendor/lib:/opt/ros/humble/lib/x86_64-linux-gnu:/opt/ros/humble/lib /usr/bin/cmake --install /home/dilhan/ros2_ws/build/omni_common
[0.814s] Level 1:colcon.colcon_core.environment:checking '/home/dilhan/ros2_ws/install/omni_common' for CMake config files
[0.814s] Level 1:colcon.colcon_core.shell:create_environment_hook('omni_common', 'cmake_prefix_path')
[0.815s] INFO:colcon.colcon_core.shell:Creating environment hook '/home/dilhan/ros2_ws/install/omni_common/share/omni_common/hook/cmake_prefix_path.ps1'
[0.815s] INFO:colcon.colcon_core.shell:Creating environment descriptor '/home/dilhan/ros2_ws/install/omni_common/share/omni_common/hook/cmake_prefix_path.dsv'
[0.815s] INFO:colcon.colcon_core.shell:Creating environment hook '/home/dilhan/ros2_ws/install/omni_common/share/omni_common/hook/cmake_prefix_path.sh'
[0.816s] Level 1:colcon.colcon_core.environment:checking '/home/dilhan/ros2_ws/install/omni_common/lib'
[0.816s] Level 1:colcon.colcon_core.environment:checking '/home/dilhan/ros2_ws/install/omni_common/bin'
[0.816s] Level 1:colcon.colcon_core.environment:checking '/home/dilhan/ros2_ws/install/omni_common/lib/pkgconfig/omni_common.pc'
[0.816s] Level 1:colcon.colcon_core.environment:checking '/home/dilhan/ros2_ws/install/omni_common/lib/python3.10/site-packages'
[0.816s] Level 1:colcon.colcon_core.environment:checking '/home/dilhan/ros2_ws/install/omni_common/bin'
[0.816s] INFO:colcon.colcon_core.shell:Creating package script '/home/dilhan/ros2_ws/install/omni_common/share/omni_common/package.ps1'
[0.817s] INFO:colcon.colcon_core.shell:Creating package descriptor '/home/dilhan/ros2_ws/install/omni_common/share/omni_common/package.dsv'
[0.817s] INFO:colcon.colcon_core.shell:Creating package script '/home/dilhan/ros2_ws/install/omni_common/share/omni_common/package.sh'
[0.817s] INFO:colcon.colcon_core.shell:Creating package script '/home/dilhan/ros2_ws/install/omni_common/share/omni_common/package.bash'
[0.818s] INFO:colcon.colcon_core.shell:Creating package script '/home/dilhan/ros2_ws/install/omni_common/share/omni_common/package.zsh'
[0.818s] Level 1:colcon.colcon_core.environment:create_file_with_runtime_dependencies(/home/dilhan/ros2_ws/install/omni_common/share/colcon-core/packages/omni_common)
[0.819s] Level 1:colcon.colcon_core.environment:create_environment_scripts_only(omni_common)
[0.819s] Level 1:colcon.colcon_core.environment:checking '/home/dilhan/ros2_ws/install/omni_common' for CMake module files
[0.819s] Level 1:colcon.colcon_core.environment:checking '/home/dilhan/ros2_ws/install/omni_common' for CMake config files
[0.819s] Level 1:colcon.colcon_core.shell:create_environment_hook('omni_common', 'cmake_prefix_path')
[0.819s] INFO:colcon.colcon_core.shell:Creating environment hook '/home/dilhan/ros2_ws/install/omni_common/share/omni_common/hook/cmake_prefix_path.ps1'
[0.820s] INFO:colcon.colcon_core.shell:Creating environment descriptor '/home/dilhan/ros2_ws/install/omni_common/share/omni_common/hook/cmake_prefix_path.dsv'
[0.820s] INFO:colcon.colcon_core.shell:Creating environment hook '/home/dilhan/ros2_ws/install/omni_common/share/omni_common/hook/cmake_prefix_path.sh'
[0.820s] Level 1:colcon.colcon_core.environment:checking '/home/dilhan/ros2_ws/install/omni_common/lib'
[0.821s] Level 1:colcon.colcon_core.environment:checking '/home/dilhan/ros2_ws/install/omni_common/bin'
[0.821s] Level 1:colcon.colcon_core.environment:checking '/home/dilhan/ros2_ws/install/omni_common/lib/pkgconfig/omni_common.pc'
[0.821s] Level 1:colcon.colcon_core.environment:checking '/home/dilhan/ros2_ws/install/omni_common/lib/python3.10/site-packages'
[0.821s] Level 1:colcon.colcon_core.environment:checking '/home/dilhan/ros2_ws/install/omni_common/bin'
[0.821s] INFO:colcon.colcon_core.shell:Creating package script '/home/dilhan/ros2_ws/install/omni_common/share/omni_common/package.ps1'
[0.821s] INFO:colcon.colcon_core.shell:Creating package descriptor '/home/dilhan/ros2_ws/install/omni_common/share/omni_common/package.dsv'
[0.822s] INFO:colcon.colcon_core.shell:Creating package script '/home/dilhan/ros2_ws/install/omni_common/share/omni_common/package.sh'
[0.822s] INFO:colcon.colcon_core.shell:Creating package script '/home/dilhan/ros2_ws/install/omni_common/share/omni_common/package.bash'
[0.822s] INFO:colcon.colcon_core.shell:Creating package script '/home/dilhan/ros2_ws/install/omni_common/share/omni_common/package.zsh'
[0.823s] Level 1:colcon.colcon_core.environment:create_file_with_runtime_dependencies(/home/dilhan/ros2_ws/install/omni_common/share/colcon-core/packages/omni_common)
[0.823s] INFO:colcon.colcon_ros.task.ament_cmake.build:Building ROS package in '/home/dilhan/ros2_ws/src/ur_to_touch_haptic_teleoperation' with build type 'ament_cmake'
[0.823s] INFO:colcon.colcon_cmake.task.cmake.build:Building CMake package in '/home/dilhan/ros2_ws/src/ur_to_touch_haptic_teleoperation'
[0.823s] INFO:colcon.colcon_core.shell:Skip shell extension 'powershell' for command environment: Not usable outside of PowerShell
[0.823s] DEBUG:colcon.colcon_core.shell:Skip shell extension 'dsv' for command environment
[0.834s] DEBUG:colcon.colcon_core.event_handler.log_command:Invoking command in '/home/dilhan/ros2_ws/build/ur_to_touch_haptic_teleoperation': CMAKE_PREFIX_PATH=/home/dilhan/ros2_ws/install/omni_common:/home/dilhan/ros2_ws/install/omni_msgs:/home/dilhan/ur_ws/install/ur:/home/dilhan/ur_ws/install/ur_calibration:/home/dilhan/ur_ws/install/ur_robot_driver:/home/dilhan/ur_ws/install/ur_bringup:/home/dilhan/ur_ws/install/ur_controllers:/home/dilhan/ur_ws/install/ur_msgs:/home/dilhan/ur_ws/install/ur_moveit_config:/home/dilhan/ur_ws/install/ur_description:/home/dilhan/ur_ws/install/ur_dashboard_msgs:/home/dilhan/ur_ws/install/ur_client_library:/home/dilhan/ros2_ws/install/ur_to_touch_haptic_teleoperation:/home/dilhan/ros2_ws/install/omni_description:/opt/ros/humble LD_LIBRARY_PATH=/home/dilhan/ros2_ws/install/omni_msgs/lib:/usr/local/cuda-11.8/lib64:/usr/local/cuda-11.8/lib64:/home/dilhan/ur_ws/install/ur_robot_driver/lib:/home/dilhan/ur_ws/install/ur_controllers/lib:/home/dilhan/ur_ws/install/ur_msgs/lib:/home/dilhan/ur_ws/install/ur_dashboard_msgs/lib:/home/dilhan/ur_ws/install/ur_client_library/lib:/usr/local/cuda-11.8/lib64:/usr/local/cuda-11.8/lib64:/opt/ros/humble/opt/rviz_ogre_vendor/lib:/opt/ros/humble/lib/x86_64-linux-gnu:/opt/ros/humble/lib /usr/bin/cmake --build /home/dilhan/ros2_ws/build/ur_to_touch_haptic_teleoperation -- -j12 -l12
[0.904s] DEBUG:colcon.colcon_core.event_handler.log_command:Invoked command in '/home/dilhan/ros2_ws/build/ur_to_touch_haptic_teleoperation' returned '0': CMAKE_PREFIX_PATH=/home/dilhan/ros2_ws/install/omni_common:/home/dilhan/ros2_ws/install/omni_msgs:/home/dilhan/ur_ws/install/ur:/home/dilhan/ur_ws/install/ur_calibration:/home/dilhan/ur_ws/install/ur_robot_driver:/home/dilhan/ur_ws/install/ur_bringup:/home/dilhan/ur_ws/install/ur_controllers:/home/dilhan/ur_ws/install/ur_msgs:/home/dilhan/ur_ws/install/ur_moveit_config:/home/dilhan/ur_ws/install/ur_description:/home/dilhan/ur_ws/install/ur_dashboard_msgs:/home/dilhan/ur_ws/install/ur_client_library:/home/dilhan/ros2_ws/install/ur_to_touch_haptic_teleoperation:/home/dilhan/ros2_ws/install/omni_description:/opt/ros/humble LD_LIBRARY_PATH=/home/dilhan/ros2_ws/install/omni_msgs/lib:/usr/local/cuda-11.8/lib64:/usr/local/cuda-11.8/lib64:/home/dilhan/ur_ws/install/ur_robot_driver/lib:/home/dilhan/ur_ws/install/ur_controllers/lib:/home/dilhan/ur_ws/install/ur_msgs/lib:/home/dilhan/ur_ws/install/ur_dashboard_msgs/lib:/home/dilhan/ur_ws/install/ur_client_library/lib:/usr/local/cuda-11.8/lib64:/usr/local/cuda-11.8/lib64:/opt/ros/humble/opt/rviz_ogre_vendor/lib:/opt/ros/humble/lib/x86_64-linux-gnu:/opt/ros/humble/lib /usr/bin/cmake --build /home/dilhan/ros2_ws/build/ur_to_touch_haptic_teleoperation -- -j12 -l12
[0.905s] DEBUG:colcon.colcon_core.event_handler.log_command:Invoking command in '/home/dilhan/ros2_ws/build/ur_to_touch_haptic_teleoperation': CMAKE_PREFIX_PATH=/home/dilhan/ros2_ws/install/omni_common:/home/dilhan/ros2_ws/install/omni_msgs:/home/dilhan/ur_ws/install/ur:/home/dilhan/ur_ws/install/ur_calibration:/home/dilhan/ur_ws/install/ur_robot_driver:/home/dilhan/ur_ws/install/ur_bringup:/home/dilhan/ur_ws/install/ur_controllers:/home/dilhan/ur_ws/install/ur_msgs:/home/dilhan/ur_ws/install/ur_moveit_config:/home/dilhan/ur_ws/install/ur_description:/home/dilhan/ur_ws/install/ur_dashboard_msgs:/home/dilhan/ur_ws/install/ur_client_library:/home/dilhan/ros2_ws/install/ur_to_touch_haptic_teleoperation:/home/dilhan/ros2_ws/install/omni_description:/opt/ros/humble LD_LIBRARY_PATH=/home/dilhan/ros2_ws/install/omni_msgs/lib:/usr/local/cuda-11.8/lib64:/usr/local/cuda-11.8/lib64:/home/dilhan/ur_ws/install/ur_robot_driver/lib:/home/dilhan/ur_ws/install/ur_controllers/lib:/home/dilhan/ur_ws/install/ur_msgs/lib:/home/dilhan/ur_ws/install/ur_dashboard_msgs/lib:/home/dilhan/ur_ws/install/ur_client_library/lib:/usr/local/cuda-11.8/lib64:/usr/local/cuda-11.8/lib64:/opt/ros/humble/opt/rviz_ogre_vendor/lib:/opt/ros/humble/lib/x86_64-linux-gnu:/opt/ros/humble/lib /usr/bin/cmake --install /home/dilhan/ros2_ws/build/ur_to_touch_haptic_teleoperation
[0.914s] Level 1:colcon.colcon_core.environment:create_environment_scripts_only(ur_to_touch_haptic_teleoperation)
[0.914s] Level 1:colcon.colcon_core.environment:checking '/home/dilhan/ros2_ws/install/ur_to_touch_haptic_teleoperation' for CMake module files
[0.915s] DEBUG:colcon.colcon_core.event_handler.log_command:Invoked command in '/home/dilhan/ros2_ws/build/ur_to_touch_haptic_teleoperation' returned '0': CMAKE_PREFIX_PATH=/home/dilhan/ros2_ws/install/omni_common:/home/dilhan/ros2_ws/install/omni_msgs:/home/dilhan/ur_ws/install/ur:/home/dilhan/ur_ws/install/ur_calibration:/home/dilhan/ur_ws/install/ur_robot_driver:/home/dilhan/ur_ws/install/ur_bringup:/home/dilhan/ur_ws/install/ur_controllers:/home/dilhan/ur_ws/install/ur_msgs:/home/dilhan/ur_ws/install/ur_moveit_config:/home/dilhan/ur_ws/install/ur_description:/home/dilhan/ur_ws/install/ur_dashboard_msgs:/home/dilhan/ur_ws/install/ur_client_library:/home/dilhan/ros2_ws/install/ur_to_touch_haptic_teleoperation:/home/dilhan/ros2_ws/install/omni_description:/opt/ros/humble LD_LIBRARY_PATH=/home/dilhan/ros2_ws/install/omni_msgs/lib:/usr/local/cuda-11.8/lib64:/usr/local/cuda-11.8/lib64:/home/dilhan/ur_ws/install/ur_robot_driver/lib:/home/dilhan/ur_ws/install/ur_controllers/lib:/home/dilhan/ur_ws/install/ur_msgs/lib:/home/dilhan/ur_ws/install/ur_dashboard_msgs/lib:/home/dilhan/ur_ws/install/ur_client_library/lib:/usr/local/cuda-11.8/lib64:/usr/local/cuda-11.8/lib64:/opt/ros/humble/opt/rviz_ogre_vendor/lib:/opt/ros/humble/lib/x86_64-linux-gnu:/opt/ros/humble/lib /usr/bin/cmake --install /home/dilhan/ros2_ws/build/ur_to_touch_haptic_teleoperation
[0.915s] Level 1:colcon.colcon_core.environment:checking '/home/dilhan/ros2_ws/install/ur_to_touch_haptic_teleoperation' for CMake config files
[0.915s] Level 1:colcon.colcon_core.shell:create_environment_hook('ur_to_touch_haptic_teleoperation', 'cmake_prefix_path')
[0.915s] INFO:colcon.colcon_core.shell:Creating environment hook '/home/dilhan/ros2_ws/install/ur_to_touch_haptic_teleoperation/share/ur_to_touch_haptic_teleoperation/hook/cmake_prefix_path.ps1'
[0.916s] INFO:colcon.colcon_core.shell:Creating environment descriptor '/home/dilhan/ros2_ws/install/ur_to_touch_haptic_teleoperation/share/ur_to_touch_haptic_teleoperation/hook/cmake_prefix_path.dsv'
[0.916s] INFO:colcon.colcon_core.shell:Creating environment hook '/home/dilhan/ros2_ws/install/ur_to_touch_haptic_teleoperation/share/ur_to_touch_haptic_teleoperation/hook/cmake_prefix_path.sh'
[0.917s] Level 1:colcon.colcon_core.environment:checking '/home/dilhan/ros2_ws/install/ur_to_touch_haptic_teleoperation/lib'
[0.917s] Level 1:colcon.colcon_core.environment:checking '/home/dilhan/ros2_ws/install/ur_to_touch_haptic_teleoperation/bin'
[0.917s] Level 1:colcon.colcon_core.environment:checking '/home/dilhan/ros2_ws/install/ur_to_touch_haptic_teleoperation/lib/pkgconfig/ur_to_touch_haptic_teleoperation.pc'
[0.917s] Level 1:colcon.colcon_core.environment:checking '/home/dilhan/ros2_ws/install/ur_to_touch_haptic_teleoperation/lib/python3.10/site-packages'
[0.917s] Level 1:colcon.colcon_core.environment:checking '/home/dilhan/ros2_ws/install/ur_to_touch_haptic_teleoperation/bin'
[0.917s] INFO:colcon.colcon_core.shell:Creating package script '/home/dilhan/ros2_ws/install/ur_to_touch_haptic_teleoperation/share/ur_to_touch_haptic_teleoperation/package.ps1'
[0.918s] INFO:colcon.colcon_core.shell:Creating package descriptor '/home/dilhan/ros2_ws/install/ur_to_touch_haptic_teleoperation/share/ur_to_touch_haptic_teleoperation/package.dsv'
[0.918s] INFO:colcon.colcon_core.shell:Creating package script '/home/dilhan/ros2_ws/install/ur_to_touch_haptic_teleoperation/share/ur_to_touch_haptic_teleoperation/package.sh'
[0.918s] INFO:colcon.colcon_core.shell:Creating package script '/home/dilhan/ros2_ws/install/ur_to_touch_haptic_teleoperation/share/ur_to_touch_haptic_teleoperation/package.bash'
[0.918s] INFO:colcon.colcon_core.shell:Creating package script '/home/dilhan/ros2_ws/install/ur_to_touch_haptic_teleoperation/share/ur_to_touch_haptic_teleoperation/package.zsh'
[0.919s] Level 1:colcon.colcon_core.environment:create_file_with_runtime_dependencies(/home/dilhan/ros2_ws/install/ur_to_touch_haptic_teleoperation/share/colcon-core/packages/ur_to_touch_haptic_teleoperation)
[0.919s] Level 1:colcon.colcon_core.environment:create_environment_scripts_only(ur_to_touch_haptic_teleoperation)
[0.919s] Level 1:colcon.colcon_core.environment:checking '/home/dilhan/ros2_ws/install/ur_to_touch_haptic_teleoperation' for CMake module files
[0.920s] Level 1:colcon.colcon_core.environment:checking '/home/dilhan/ros2_ws/install/ur_to_touch_haptic_teleoperation' for CMake config files
[0.920s] Level 1:colcon.colcon_core.shell:create_environment_hook('ur_to_touch_haptic_teleoperation', 'cmake_prefix_path')
[0.920s] INFO:colcon.colcon_core.shell:Creating environment hook '/home/dilhan/ros2_ws/install/ur_to_touch_haptic_teleoperation/share/ur_to_touch_haptic_teleoperation/hook/cmake_prefix_path.ps1'
[0.920s] INFO:colcon.colcon_core.shell:Creating environment descriptor '/home/dilhan/ros2_ws/install/ur_to_touch_haptic_teleoperation/share/ur_to_touch_haptic_teleoperation/hook/cmake_prefix_path.dsv'
[0.921s] INFO:colcon.colcon_core.shell:Creating environment hook '/home/dilhan/ros2_ws/install/ur_to_touch_haptic_teleoperation/share/ur_to_touch_haptic_teleoperation/hook/cmake_prefix_path.sh'
[0.921s] Level 1:colcon.colcon_core.environment:checking '/home/dilhan/ros2_ws/install/ur_to_touch_haptic_teleoperation/lib'
[0.921s] Level 1:colcon.colcon_core.environment:checking '/home/dilhan/ros2_ws/install/ur_to_touch_haptic_teleoperation/bin'
[0.921s] Level 1:colcon.colcon_core.environment:checking '/home/dilhan/ros2_ws/install/ur_to_touch_haptic_teleoperation/lib/pkgconfig/ur_to_touch_haptic_teleoperation.pc'
[0.921s] Level 1:colcon.colcon_core.environment:checking '/home/dilhan/ros2_ws/install/ur_to_touch_haptic_teleoperation/lib/python3.10/site-packages'
[0.921s] Level 1:colcon.colcon_core.environment:checking '/home/dilhan/ros2_ws/install/ur_to_touch_haptic_teleoperation/bin'
[0.922s] INFO:colcon.colcon_core.shell:Creating package script '/home/dilhan/ros2_ws/install/ur_to_touch_haptic_teleoperation/share/ur_to_touch_haptic_teleoperation/package.ps1'
[0.922s] INFO:colcon.colcon_core.shell:Creating package descriptor '/home/dilhan/ros2_ws/install/ur_to_touch_haptic_teleoperation/share/ur_to_touch_haptic_teleoperation/package.dsv'
[0.922s] INFO:colcon.colcon_core.shell:Creating package script '/home/dilhan/ros2_ws/install/ur_to_touch_haptic_teleoperation/share/ur_to_touch_haptic_teleoperation/package.sh'
[0.923s] INFO:colcon.colcon_core.shell:Creating package script '/home/dilhan/ros2_ws/install/ur_to_touch_haptic_teleoperation/share/ur_to_touch_haptic_teleoperation/package.bash'
[0.923s] INFO:colcon.colcon_core.shell:Creating package script '/home/dilhan/ros2_ws/install/ur_to_touch_haptic_teleoperation/share/ur_to_touch_haptic_teleoperation/package.zsh'
[0.923s] Level 1:colcon.colcon_core.environment:create_file_with_runtime_dependencies(/home/dilhan/ros2_ws/install/ur_to_touch_haptic_teleoperation/share/colcon-core/packages/ur_to_touch_haptic_teleoperation)
[0.923s] DEBUG:colcon.colcon_parallel_executor.executor.parallel:closing loop
[0.924s] DEBUG:colcon.colcon_parallel_executor.executor.parallel:loop closed
[0.924s] DEBUG:colcon.colcon_parallel_executor.executor.parallel:run_until_complete finished with '0'
[0.924s] DEBUG:colcon.colcon_core.event_reactor:joining thread
[0.928s] INFO:colcon.colcon_core.plugin_system:Skipping extension 'colcon_notification.desktop_notification.terminal_notifier': Not used on non-Darwin systems
[0.928s] INFO:colcon.colcon_core.plugin_system:Skipping extension 'colcon_notification.desktop_notification.win32': Not used on non-Windows systems
[0.928s] INFO:colcon.colcon_notification.desktop_notification:Sending desktop notification using 'notify2'
[0.934s] DEBUG:colcon.colcon_core.event_reactor:joined thread
[0.934s] INFO:colcon.colcon_core.shell:Creating prefix script '/home/dilhan/ros2_ws/install/local_setup.ps1'
[0.935s] INFO:colcon.colcon_core.shell:Creating prefix util module '/home/dilhan/ros2_ws/install/_local_setup_util_ps1.py'
[0.936s] INFO:colcon.colcon_core.shell:Creating prefix chain script '/home/dilhan/ros2_ws/install/setup.ps1'
[0.937s] INFO:colcon.colcon_core.shell:Creating prefix script '/home/dilhan/ros2_ws/install/local_setup.sh'
[0.938s] INFO:colcon.colcon_core.shell:Creating prefix util module '/home/dilhan/ros2_ws/install/_local_setup_util_sh.py'
[0.938s] INFO:colcon.colcon_core.shell:Creating prefix chain script '/home/dilhan/ros2_ws/install/setup.sh'
[0.939s] INFO:colcon.colcon_core.shell:Creating prefix script '/home/dilhan/ros2_ws/install/local_setup.bash'
[0.940s] INFO:colcon.colcon_core.shell:Creating prefix chain script '/home/dilhan/ros2_ws/install/setup.bash'
[0.941s] INFO:colcon.colcon_core.shell:Creating prefix script '/home/dilhan/ros2_ws/install/local_setup.zsh'
[0.941s] INFO:colcon.colcon_core.shell:Creating prefix chain script '/home/dilhan/ros2_ws/install/setup.zsh'
