[0.010s] Invoking command in '/home/projet-echo/Projet_indus/build/omni_msgs': /usr/bin/cmake /home/projet-echo/Projet_indus/src/Geomagic_Touch_ROS2/omni_msgs -DCATKIN_INSTALL_INTO_PREFIX_ROOT=0 -DCMAKE_INSTALL_PREFIX=/home/projet-echo/Projet_indus/install/omni_msgs
[0.096s] -- The C compiler identification is GNU 11.4.0
[0.158s] -- The CXX compiler identification is GNU 11.4.0
[0.164s] -- Detecting C compiler ABI info
[0.213s] -- Detecting C compiler ABI info - done
[0.219s] -- Check for working C compiler: /usr/bin/cc - skipped
[0.219s] -- Detecting C compile features
[0.219s] -- Detecting C compile features - done
[0.221s] -- Detecting CXX compiler ABI info
[0.273s] -- Detecting CXX compiler ABI info - done
[0.280s] -- Check for working CXX compiler: /usr/bin/c++ - skipped
[0.280s] -- Detecting CXX compile features
[0.280s] -- Detecting CXX compile features - done
[0.284s] -- Found ament_cmake: 1.3.11 (/opt/ros/humble/share/ament_cmake/cmake)
[0.380s] -- Found Python3: /usr/bin/python3 (found version "3.10.12") found components: Interpreter 
[0.446s] -- Found rosidl_default_generators: 1.2.0 (/opt/ros/humble/share/rosidl_default_generators/cmake)
[0.449s] -- Using all available rosidl_typesupport_c: rosidl_typesupport_fastrtps_c;rosidl_typesupport_introspection_c
[0.457s] -- Found rosidl_adapter: 3.1.6 (/opt/ros/humble/share/rosidl_adapter/cmake)
[0.494s] -- Using all available rosidl_typesupport_cpp: rosidl_typesupport_fastrtps_cpp;rosidl_typesupport_introspection_cpp
[0.522s] -- Found geometry_msgs: 4.2.4 (/opt/ros/humble/share/geometry_msgs/cmake)
[0.565s] -- Found sensor_msgs: 4.2.4 (/opt/ros/humble/share/sensor_msgs/cmake)
[0.771s] -- Found ament_cmake_ros: 0.10.0 (/opt/ros/humble/share/ament_cmake_ros/cmake)
[0.939s] -- Using all available rosidl_typesupport_c: rosidl_typesupport_fastrtps_c;rosidl_typesupport_introspection_c
[1.165s] -- Using all available rosidl_typesupport_cpp: rosidl_typesupport_fastrtps_cpp;rosidl_typesupport_introspection_cpp
[1.184s] -- Found PythonInterp: /usr/bin/python3 (found suitable version "3.10.12", minimum required is "3.6") 
[1.185s] -- Found python_cmake_module: 0.10.0 (/opt/ros/humble/share/python_cmake_module/cmake)
[1.208s] -- Found PythonLibs: /usr/lib/x86_64-linux-gnu/libpython3.10.so (found suitable version "3.10.12", minimum required is "3.5") 
[1.208s] -- Using PYTHON_EXECUTABLE: /usr/bin/python3
[1.208s] -- Using PYTHON_INCLUDE_DIRS: /usr/include/python3.10
[1.208s] -- Using PYTHON_LIBRARIES: /usr/lib/x86_64-linux-gnu/libpython3.10.so
[1.223s] -- Found PythonExtra: .so  
[1.268s] -- Configuring done
[1.288s] -- Generating done
[1.289s] [33mCMake Warning:
[1.289s]   Manually-specified variables were not used by the project:
[1.289s] 
[1.289s]     CATKIN_INSTALL_INTO_PREFIX_ROOT
[1.289s] 
[1.289s] [0m
[1.294s] -- Build files have been written to: /home/projet-echo/Projet_indus/build/omni_msgs
[1.300s] Invoked command in '/home/projet-echo/Projet_indus/build/omni_msgs' returned '0': /usr/bin/cmake /home/projet-echo/Projet_indus/src/Geomagic_Touch_ROS2/omni_msgs -DCATKIN_INSTALL_INTO_PREFIX_ROOT=0 -DCMAKE_INSTALL_PREFIX=/home/projet-echo/Projet_indus/install/omni_msgs
[1.300s] Invoking command in '/home/projet-echo/Projet_indus/build/omni_msgs': /usr/bin/cmake --build /home/projet-echo/Projet_indus/build/omni_msgs -- -j20 -l20
[1.329s] [  2%] [34m[1mGenerating C code for ROS interfaces[0m
[1.338s] [  4%] [34m[1mGenerating C++ code for ROS interfaces[0m
[1.342s] [  4%] Built target ament_cmake_python_copy_omni_msgs
[1.481s] running egg_info
[1.481s] creating omni_msgs.egg-info
[1.482s] writing omni_msgs.egg-info/PKG-INFO
[1.482s] writing dependency_links to omni_msgs.egg-info/dependency_links.txt
[1.482s] writing top-level names to omni_msgs.egg-info/top_level.txt
[1.482s] writing manifest file 'omni_msgs.egg-info/SOURCES.txt'
[1.484s] reading manifest file 'omni_msgs.egg-info/SOURCES.txt'
[1.484s] writing manifest file 'omni_msgs.egg-info/SOURCES.txt'
[1.502s] [  4%] Built target ament_cmake_python_build_omni_msgs_egg
[1.557s] [  4%] Built target omni_msgs__cpp
[1.559s] [  6%] [32mBuilding C object CMakeFiles/omni_msgs__rosidl_generator_c.dir/rosidl_generator_c/omni_msgs/msg/detail/omni_feedback__functions.c.o[0m
[1.559s] [  8%] [32mBuilding C object CMakeFiles/omni_msgs__rosidl_generator_c.dir/rosidl_generator_c/omni_msgs/msg/detail/omni_state__functions.c.o[0m
[1.560s] [ 10%] [32mBuilding C object CMakeFiles/omni_msgs__rosidl_generator_c.dir/rosidl_generator_c/omni_msgs/msg/detail/omni_button_event__functions.c.o[0m
[1.565s] [ 12%] [34m[1mGenerating C++ type support for eProsima Fast-RTPS[0m
[1.565s] [ 14%] [34m[1mGenerating C++ introspection for ROS interfaces[0m
[1.565s] [ 17%] [34m[1mGenerating C++ type support dispatch for ROS interfaces[0m
[1.606s] [ 19%] [32m[1mLinking C shared library libomni_msgs__rosidl_generator_c.so[0m
[1.641s] [ 19%] Built target omni_msgs__rosidl_generator_c
[1.651s] [ 21%] [34m[1mGenerating C type support for eProsima Fast-RTPS[0m
[1.651s] [ 25%] [34m[1mGenerating C type support dispatch for ROS interfaces[0m
[1.651s] [ 25%] [34m[1mGenerating C introspection for ROS interfaces[0m
[1.763s] [ 27%] [32mBuilding CXX object CMakeFiles/omni_msgs__rosidl_typesupport_cpp.dir/rosidl_typesupport_cpp/omni_msgs/msg/omni_state__type_support.cpp.o[0m
[1.766s] [ 29%] [32mBuilding CXX object CMakeFiles/omni_msgs__rosidl_typesupport_cpp.dir/rosidl_typesupport_cpp/omni_msgs/msg/omni_feedback__type_support.cpp.o[0m
[1.766s] [ 31%] [32mBuilding CXX object CMakeFiles/omni_msgs__rosidl_typesupport_cpp.dir/rosidl_typesupport_cpp/omni_msgs/msg/omni_button_event__type_support.cpp.o[0m
[1.781s] [ 34%] [32mBuilding CXX object CMakeFiles/omni_msgs__rosidl_typesupport_introspection_cpp.dir/rosidl_typesupport_introspection_cpp/omni_msgs/msg/detail/omni_state__type_support.cpp.o[0m
[1.784s] [ 38%] [32mBuilding CXX object CMakeFiles/omni_msgs__rosidl_typesupport_introspection_cpp.dir/rosidl_typesupport_introspection_cpp/omni_msgs/msg/detail/omni_button_event__type_support.cpp.o[0m
[1.784s] [ 38%] [32mBuilding CXX object CMakeFiles/omni_msgs__rosidl_typesupport_introspection_cpp.dir/rosidl_typesupport_introspection_cpp/omni_msgs/msg/detail/omni_feedback__type_support.cpp.o[0m
[1.802s] [ 42%] [32mBuilding CXX object CMakeFiles/omni_msgs__rosidl_typesupport_fastrtps_cpp.dir/rosidl_typesupport_fastrtps_cpp/omni_msgs/msg/detail/dds_fastrtps/omni_button_event__type_support.cpp.o[0m
[1.803s] [ 42%] [32mBuilding CXX object CMakeFiles/omni_msgs__rosidl_typesupport_fastrtps_cpp.dir/rosidl_typesupport_fastrtps_cpp/omni_msgs/msg/detail/dds_fastrtps/omni_feedback__type_support.cpp.o[0m
[1.803s] [ 44%] [32mBuilding CXX object CMakeFiles/omni_msgs__rosidl_typesupport_fastrtps_cpp.dir/rosidl_typesupport_fastrtps_cpp/omni_msgs/msg/detail/dds_fastrtps/omni_state__type_support.cpp.o[0m
[1.865s] [ 46%] [32mBuilding CXX object CMakeFiles/omni_msgs__rosidl_typesupport_c.dir/rosidl_typesupport_c/omni_msgs/msg/omni_button_event__type_support.cpp.o[0m
[1.867s] [ 51%] [32mBuilding CXX object CMakeFiles/omni_msgs__rosidl_typesupport_c.dir/rosidl_typesupport_c/omni_msgs/msg/omni_feedback__type_support.cpp.o[0m
[1.867s] [ 51%] [32mBuilding CXX object CMakeFiles/omni_msgs__rosidl_typesupport_c.dir/rosidl_typesupport_c/omni_msgs/msg/omni_state__type_support.cpp.o[0m
[1.896s] [ 53%] [32m[1mLinking CXX shared library libomni_msgs__rosidl_typesupport_c.so[0m
[1.900s] [ 55%] [32mBuilding C object CMakeFiles/omni_msgs__rosidl_typesupport_introspection_c.dir/rosidl_typesupport_introspection_c/omni_msgs/msg/detail/omni_feedback__type_support.c.o[0m
[1.903s] [ 57%] [32mBuilding C object CMakeFiles/omni_msgs__rosidl_typesupport_introspection_c.dir/rosidl_typesupport_introspection_c/omni_msgs/msg/detail/omni_state__type_support.c.o[0m
[1.904s] [ 59%] [32mBuilding C object CMakeFiles/omni_msgs__rosidl_typesupport_introspection_c.dir/rosidl_typesupport_introspection_c/omni_msgs/msg/detail/omni_button_event__type_support.c.o[0m
[1.909s] [ 61%] [32mBuilding CXX object CMakeFiles/omni_msgs__rosidl_typesupport_fastrtps_c.dir/rosidl_typesupport_fastrtps_c/omni_msgs/msg/detail/omni_feedback__type_support_c.cpp.o[0m
[1.911s] [ 63%] [32mBuilding CXX object CMakeFiles/omni_msgs__rosidl_typesupport_fastrtps_c.dir/rosidl_typesupport_fastrtps_c/omni_msgs/msg/detail/omni_button_event__type_support_c.cpp.o[0m
[1.911s] [ 65%] [32mBuilding CXX object CMakeFiles/omni_msgs__rosidl_typesupport_fastrtps_c.dir/rosidl_typesupport_fastrtps_c/omni_msgs/msg/detail/omni_state__type_support_c.cpp.o[0m
[1.934s] [ 68%] [32m[1mLinking C shared library libomni_msgs__rosidl_typesupport_introspection_c.so[0m
[1.937s] [ 68%] Built target omni_msgs__rosidl_typesupport_c
[1.970s] [ 68%] Built target omni_msgs__rosidl_typesupport_introspection_c
[2.135s] [ 70%] [32m[1mLinking CXX shared library libomni_msgs__rosidl_typesupport_cpp.so[0m
[2.172s] [ 70%] Built target omni_msgs__rosidl_typesupport_cpp
[2.177s] [ 72%] [32m[1mLinking CXX shared library libomni_msgs__rosidl_typesupport_introspection_cpp.so[0m
[2.202s] [ 74%] [32m[1mLinking CXX shared library libomni_msgs__rosidl_typesupport_fastrtps_c.so[0m
[2.219s] [ 74%] Built target omni_msgs__rosidl_typesupport_introspection_cpp
[2.219s] [ 76%] [32m[1mLinking CXX shared library libomni_msgs__rosidl_typesupport_fastrtps_cpp.so[0m
[2.252s] [ 76%] Built target omni_msgs__rosidl_typesupport_fastrtps_c
[2.269s] [ 76%] Built target omni_msgs__rosidl_typesupport_fastrtps_cpp
[2.281s] [ 76%] Built target omni_msgs
[2.296s] [ 78%] [34m[1mGenerating Python code for ROS interfaces[0m
[2.559s] [ 78%] Built target omni_msgs__py
[2.572s] [ 82%] [32mBuilding C object CMakeFiles/omni_msgs__rosidl_generator_py.dir/rosidl_generator_py/omni_msgs/msg/_omni_button_event_s.c.o[0m
[2.572s] [ 82%] [32mBuilding C object CMakeFiles/omni_msgs__rosidl_generator_py.dir/rosidl_generator_py/omni_msgs/msg/_omni_feedback_s.c.o[0m
[2.572s] [ 85%] [32mBuilding C object CMakeFiles/omni_msgs__rosidl_generator_py.dir/rosidl_generator_py/omni_msgs/msg/_omni_state_s.c.o[0m
[2.642s] [ 87%] [32m[1mLinking C shared library rosidl_generator_py/omni_msgs/libomni_msgs__rosidl_generator_py.so[0m
[2.677s] [ 87%] Built target omni_msgs__rosidl_generator_py
[2.690s] [ 89%] [32mBuilding C object CMakeFiles/omni_msgs__rosidl_typesupport_fastrtps_c__pyext.dir/rosidl_generator_py/omni_msgs/_omni_msgs_s.ep.rosidl_typesupport_fastrtps_c.c.o[0m
[2.692s] [ 93%] [32mBuilding C object CMakeFiles/omni_msgs__rosidl_typesupport_c__pyext.dir/rosidl_generator_py/omni_msgs/_omni_msgs_s.ep.rosidl_typesupport_c.c.o[0m
[2.692s] [ 93%] [32mBuilding C object CMakeFiles/omni_msgs__rosidl_typesupport_introspection_c__pyext.dir/rosidl_generator_py/omni_msgs/_omni_msgs_s.ep.rosidl_typesupport_introspection_c.c.o[0m
[2.750s] [ 95%] [32m[1mLinking C shared library rosidl_generator_py/omni_msgs/omni_msgs_s__rosidl_typesupport_fastrtps_c.cpython-310-x86_64-linux-gnu.so[0m
[2.754s] [ 97%] [32m[1mLinking C shared library rosidl_generator_py/omni_msgs/omni_msgs_s__rosidl_typesupport_introspection_c.cpython-310-x86_64-linux-gnu.so[0m
[2.754s] [100%] [32m[1mLinking C shared library rosidl_generator_py/omni_msgs/omni_msgs_s__rosidl_typesupport_c.cpython-310-x86_64-linux-gnu.so[0m
[2.781s] [100%] Built target omni_msgs__rosidl_typesupport_fastrtps_c__pyext
[2.783s] [100%] Built target omni_msgs__rosidl_typesupport_introspection_c__pyext
[2.784s] [100%] Built target omni_msgs__rosidl_typesupport_c__pyext
[2.792s] Invoked command in '/home/projet-echo/Projet_indus/build/omni_msgs' returned '0': /usr/bin/cmake --build /home/projet-echo/Projet_indus/build/omni_msgs -- -j20 -l20
[2.793s] Invoking command in '/home/projet-echo/Projet_indus/build/omni_msgs': /usr/bin/cmake --install /home/projet-echo/Projet_indus/build/omni_msgs
[2.797s] -- Install configuration: ""
[2.797s] -- Installing: /home/projet-echo/Projet_indus/install/omni_msgs/share/ament_index/resource_index/rosidl_interfaces/omni_msgs
[2.797s] -- Installing: /home/projet-echo/Projet_indus/install/omni_msgs/include/omni_msgs/omni_msgs
[2.797s] -- Installing: /home/projet-echo/Projet_indus/install/omni_msgs/include/omni_msgs/omni_msgs/msg
[2.797s] -- Installing: /home/projet-echo/Projet_indus/install/omni_msgs/include/omni_msgs/omni_msgs/msg/detail
[2.797s] -- Installing: /home/projet-echo/Projet_indus/install/omni_msgs/include/omni_msgs/omni_msgs/msg/detail/omni_button_event__functions.c
[2.797s] -- Installing: /home/projet-echo/Projet_indus/install/omni_msgs/include/omni_msgs/omni_msgs/msg/detail/omni_state__functions.c
[2.797s] -- Installing: /home/projet-echo/Projet_indus/install/omni_msgs/include/omni_msgs/omni_msgs/msg/detail/omni_button_event__type_support.h
[2.797s] -- Installing: /home/projet-echo/Projet_indus/install/omni_msgs/include/omni_msgs/omni_msgs/msg/detail/omni_state__struct.h
[2.797s] -- Installing: /home/projet-echo/Projet_indus/install/omni_msgs/include/omni_msgs/omni_msgs/msg/detail/omni_state__type_support.h
[2.797s] -- Installing: /home/projet-echo/Projet_indus/install/omni_msgs/include/omni_msgs/omni_msgs/msg/detail/omni_feedback__functions.h
[2.797s] -- Installing: /home/projet-echo/Projet_indus/install/omni_msgs/include/omni_msgs/omni_msgs/msg/detail/omni_feedback__type_support.h
[2.797s] -- Installing: /home/projet-echo/Projet_indus/install/omni_msgs/include/omni_msgs/omni_msgs/msg/detail/omni_state__functions.h
[2.797s] -- Installing: /home/projet-echo/Projet_indus/install/omni_msgs/include/omni_msgs/omni_msgs/msg/detail/omni_button_event__functions.h
[2.797s] -- Installing: /home/projet-echo/Projet_indus/install/omni_msgs/include/omni_msgs/omni_msgs/msg/detail/omni_feedback__functions.c
[2.798s] -- Installing: /home/projet-echo/Projet_indus/install/omni_msgs/include/omni_msgs/omni_msgs/msg/detail/omni_feedback__struct.h
[2.798s] -- Installing: /home/projet-echo/Projet_indus/install/omni_msgs/include/omni_msgs/omni_msgs/msg/detail/omni_button_event__struct.h
[2.798s] -- Installing: /home/projet-echo/Projet_indus/install/omni_msgs/include/omni_msgs/omni_msgs/msg/omni_state.h
[2.798s] -- Installing: /home/projet-echo/Projet_indus/install/omni_msgs/include/omni_msgs/omni_msgs/msg/rosidl_generator_c__visibility_control.h
[2.798s] -- Installing: /home/projet-echo/Projet_indus/install/omni_msgs/include/omni_msgs/omni_msgs/msg/omni_feedback.h
[2.798s] -- Installing: /home/projet-echo/Projet_indus/install/omni_msgs/include/omni_msgs/omni_msgs/msg/omni_button_event.h
[2.798s] -- Installing: /home/projet-echo/Projet_indus/install/omni_msgs/share/omni_msgs/environment/library_path.sh
[2.798s] -- Installing: /home/projet-echo/Projet_indus/install/omni_msgs/share/omni_msgs/environment/library_path.dsv
[2.798s] -- Installing: /home/projet-echo/Projet_indus/install/omni_msgs/lib/libomni_msgs__rosidl_generator_c.so
[2.798s] -- Set runtime path of "/home/projet-echo/Projet_indus/install/omni_msgs/lib/libomni_msgs__rosidl_generator_c.so" to ""
[2.798s] -- Up-to-date: /home/projet-echo/Projet_indus/install/omni_msgs/include/omni_msgs/omni_msgs
[2.798s] -- Up-to-date: /home/projet-echo/Projet_indus/install/omni_msgs/include/omni_msgs/omni_msgs/msg
[2.798s] -- Installing: /home/projet-echo/Projet_indus/install/omni_msgs/include/omni_msgs/omni_msgs/msg/rosidl_typesupport_fastrtps_c__visibility_control.h
[2.798s] -- Up-to-date: /home/projet-echo/Projet_indus/install/omni_msgs/include/omni_msgs/omni_msgs/msg/detail
[2.798s] -- Installing: /home/projet-echo/Projet_indus/install/omni_msgs/include/omni_msgs/omni_msgs/msg/detail/omni_button_event__rosidl_typesupport_fastrtps_c.h
[2.798s] -- Installing: /home/projet-echo/Projet_indus/install/omni_msgs/include/omni_msgs/omni_msgs/msg/detail/omni_state__rosidl_typesupport_fastrtps_c.h
[2.798s] -- Installing: /home/projet-echo/Projet_indus/install/omni_msgs/include/omni_msgs/omni_msgs/msg/detail/omni_feedback__rosidl_typesupport_fastrtps_c.h
[2.798s] -- Installing: /home/projet-echo/Projet_indus/install/omni_msgs/lib/libomni_msgs__rosidl_typesupport_fastrtps_c.so
[2.798s] -- Set runtime path of "/home/projet-echo/Projet_indus/install/omni_msgs/lib/libomni_msgs__rosidl_typesupport_fastrtps_c.so" to ""
[2.798s] -- Up-to-date: /home/projet-echo/Projet_indus/install/omni_msgs/include/omni_msgs/omni_msgs
[2.798s] -- Up-to-date: /home/projet-echo/Projet_indus/install/omni_msgs/include/omni_msgs/omni_msgs/msg
[2.799s] -- Up-to-date: /home/projet-echo/Projet_indus/install/omni_msgs/include/omni_msgs/omni_msgs/msg/detail
[2.799s] -- Installing: /home/projet-echo/Projet_indus/install/omni_msgs/include/omni_msgs/omni_msgs/msg/detail/omni_state__rosidl_typesupport_introspection_c.h
[2.799s] -- Installing: /home/projet-echo/Projet_indus/install/omni_msgs/include/omni_msgs/omni_msgs/msg/detail/omni_state__type_support.c
[2.799s] -- Installing: /home/projet-echo/Projet_indus/install/omni_msgs/include/omni_msgs/omni_msgs/msg/detail/omni_feedback__type_support.c
[2.799s] -- Installing: /home/projet-echo/Projet_indus/install/omni_msgs/include/omni_msgs/omni_msgs/msg/detail/omni_button_event__rosidl_typesupport_introspection_c.h
[2.799s] -- Installing: /home/projet-echo/Projet_indus/install/omni_msgs/include/omni_msgs/omni_msgs/msg/detail/omni_feedback__rosidl_typesupport_introspection_c.h
[2.799s] -- Installing: /home/projet-echo/Projet_indus/install/omni_msgs/include/omni_msgs/omni_msgs/msg/detail/omni_button_event__type_support.c
[2.799s] -- Installing: /home/projet-echo/Projet_indus/install/omni_msgs/include/omni_msgs/omni_msgs/msg/rosidl_typesupport_introspection_c__visibility_control.h
[2.799s] -- Installing: /home/projet-echo/Projet_indus/install/omni_msgs/lib/libomni_msgs__rosidl_typesupport_introspection_c.so
[2.799s] -- Set runtime path of "/home/projet-echo/Projet_indus/install/omni_msgs/lib/libomni_msgs__rosidl_typesupport_introspection_c.so" to ""
[2.799s] -- Installing: /home/projet-echo/Projet_indus/install/omni_msgs/lib/libomni_msgs__rosidl_typesupport_c.so
[2.799s] -- Set runtime path of "/home/projet-echo/Projet_indus/install/omni_msgs/lib/libomni_msgs__rosidl_typesupport_c.so" to ""
[2.799s] -- Up-to-date: /home/projet-echo/Projet_indus/install/omni_msgs/include/omni_msgs/omni_msgs
[2.799s] -- Up-to-date: /home/projet-echo/Projet_indus/install/omni_msgs/include/omni_msgs/omni_msgs/msg
[2.799s] -- Up-to-date: /home/projet-echo/Projet_indus/install/omni_msgs/include/omni_msgs/omni_msgs/msg/detail
[2.799s] -- Installing: /home/projet-echo/Projet_indus/install/omni_msgs/include/omni_msgs/omni_msgs/msg/detail/omni_state__struct.hpp
[2.799s] -- Installing: /home/projet-echo/Projet_indus/install/omni_msgs/include/omni_msgs/omni_msgs/msg/detail/omni_button_event__builder.hpp
[2.799s] -- Installing: /home/projet-echo/Projet_indus/install/omni_msgs/include/omni_msgs/omni_msgs/msg/detail/omni_feedback__type_support.hpp
[2.799s] -- Installing: /home/projet-echo/Projet_indus/install/omni_msgs/include/omni_msgs/omni_msgs/msg/detail/omni_button_event__type_support.hpp
[2.799s] -- Installing: /home/projet-echo/Projet_indus/install/omni_msgs/include/omni_msgs/omni_msgs/msg/detail/omni_state__builder.hpp
[2.799s] -- Installing: /home/projet-echo/Projet_indus/install/omni_msgs/include/omni_msgs/omni_msgs/msg/detail/omni_feedback__struct.hpp
[2.799s] -- Installing: /home/projet-echo/Projet_indus/install/omni_msgs/include/omni_msgs/omni_msgs/msg/detail/omni_button_event__struct.hpp
[2.799s] -- Installing: /home/projet-echo/Projet_indus/install/omni_msgs/include/omni_msgs/omni_msgs/msg/detail/omni_button_event__traits.hpp
[2.799s] -- Installing: /home/projet-echo/Projet_indus/install/omni_msgs/include/omni_msgs/omni_msgs/msg/detail/omni_feedback__builder.hpp
[2.799s] -- Installing: /home/projet-echo/Projet_indus/install/omni_msgs/include/omni_msgs/omni_msgs/msg/detail/omni_state__type_support.hpp
[2.799s] -- Installing: /home/projet-echo/Projet_indus/install/omni_msgs/include/omni_msgs/omni_msgs/msg/detail/omni_feedback__traits.hpp
[2.799s] -- Installing: /home/projet-echo/Projet_indus/install/omni_msgs/include/omni_msgs/omni_msgs/msg/detail/omni_state__traits.hpp
[2.799s] -- Installing: /home/projet-echo/Projet_indus/install/omni_msgs/include/omni_msgs/omni_msgs/msg/omni_state.hpp
[2.800s] -- Installing: /home/projet-echo/Projet_indus/install/omni_msgs/include/omni_msgs/omni_msgs/msg/rosidl_generator_cpp__visibility_control.hpp
[2.800s] -- Installing: /home/projet-echo/Projet_indus/install/omni_msgs/include/omni_msgs/omni_msgs/msg/omni_feedback.hpp
[2.800s] -- Installing: /home/projet-echo/Projet_indus/install/omni_msgs/include/omni_msgs/omni_msgs/msg/omni_button_event.hpp
[2.800s] -- Up-to-date: /home/projet-echo/Projet_indus/install/omni_msgs/include/omni_msgs/omni_msgs
[2.800s] -- Up-to-date: /home/projet-echo/Projet_indus/install/omni_msgs/include/omni_msgs/omni_msgs/msg
[2.800s] -- Up-to-date: /home/projet-echo/Projet_indus/install/omni_msgs/include/omni_msgs/omni_msgs/msg/detail
[2.800s] -- Installing: /home/projet-echo/Projet_indus/install/omni_msgs/include/omni_msgs/omni_msgs/msg/detail/omni_state__rosidl_typesupport_fastrtps_cpp.hpp
[2.800s] -- Installing: /home/projet-echo/Projet_indus/install/omni_msgs/include/omni_msgs/omni_msgs/msg/detail/omni_feedback__rosidl_typesupport_fastrtps_cpp.hpp
[2.800s] -- Installing: /home/projet-echo/Projet_indus/install/omni_msgs/include/omni_msgs/omni_msgs/msg/detail/omni_button_event__rosidl_typesupport_fastrtps_cpp.hpp
[2.800s] -- Installing: /home/projet-echo/Projet_indus/install/omni_msgs/include/omni_msgs/omni_msgs/msg/detail/dds_fastrtps
[2.800s] -- Installing: /home/projet-echo/Projet_indus/install/omni_msgs/include/omni_msgs/omni_msgs/msg/rosidl_typesupport_fastrtps_cpp__visibility_control.h
[2.800s] -- Installing: /home/projet-echo/Projet_indus/install/omni_msgs/lib/libomni_msgs__rosidl_typesupport_fastrtps_cpp.so
[2.800s] -- Set runtime path of "/home/projet-echo/Projet_indus/install/omni_msgs/lib/libomni_msgs__rosidl_typesupport_fastrtps_cpp.so" to ""
[2.800s] -- Up-to-date: /home/projet-echo/Projet_indus/install/omni_msgs/include/omni_msgs/omni_msgs
[2.800s] -- Up-to-date: /home/projet-echo/Projet_indus/install/omni_msgs/include/omni_msgs/omni_msgs/msg
[2.800s] -- Up-to-date: /home/projet-echo/Projet_indus/install/omni_msgs/include/omni_msgs/omni_msgs/msg/detail
[2.800s] -- Installing: /home/projet-echo/Projet_indus/install/omni_msgs/include/omni_msgs/omni_msgs/msg/detail/omni_button_event__type_support.cpp
[2.800s] -- Installing: /home/projet-echo/Projet_indus/install/omni_msgs/include/omni_msgs/omni_msgs/msg/detail/omni_state__type_support.cpp
[2.800s] -- Installing: /home/projet-echo/Projet_indus/install/omni_msgs/include/omni_msgs/omni_msgs/msg/detail/omni_state__rosidl_typesupport_introspection_cpp.hpp
[2.800s] -- Installing: /home/projet-echo/Projet_indus/install/omni_msgs/include/omni_msgs/omni_msgs/msg/detail/omni_feedback__rosidl_typesupport_introspection_cpp.hpp
[2.800s] -- Installing: /home/projet-echo/Projet_indus/install/omni_msgs/include/omni_msgs/omni_msgs/msg/detail/omni_feedback__type_support.cpp
[2.800s] -- Installing: /home/projet-echo/Projet_indus/install/omni_msgs/include/omni_msgs/omni_msgs/msg/detail/omni_button_event__rosidl_typesupport_introspection_cpp.hpp
[2.800s] -- Installing: /home/projet-echo/Projet_indus/install/omni_msgs/lib/libomni_msgs__rosidl_typesupport_introspection_cpp.so
[2.800s] -- Set runtime path of "/home/projet-echo/Projet_indus/install/omni_msgs/lib/libomni_msgs__rosidl_typesupport_introspection_cpp.so" to ""
[2.800s] -- Installing: /home/projet-echo/Projet_indus/install/omni_msgs/lib/libomni_msgs__rosidl_typesupport_cpp.so
[2.801s] -- Set runtime path of "/home/projet-echo/Projet_indus/install/omni_msgs/lib/libomni_msgs__rosidl_typesupport_cpp.so" to ""
[2.801s] -- Installing: /home/projet-echo/Projet_indus/install/omni_msgs/share/omni_msgs/environment/pythonpath.sh
[2.801s] -- Installing: /home/projet-echo/Projet_indus/install/omni_msgs/share/omni_msgs/environment/pythonpath.dsv
[2.801s] -- Installing: /home/projet-echo/Projet_indus/install/omni_msgs/local/lib/python3.10/dist-packages/omni_msgs-0.0.0-py3.10.egg-info
[2.801s] -- Installing: /home/projet-echo/Projet_indus/install/omni_msgs/local/lib/python3.10/dist-packages/omni_msgs-0.0.0-py3.10.egg-info/SOURCES.txt
[2.801s] -- Installing: /home/projet-echo/Projet_indus/install/omni_msgs/local/lib/python3.10/dist-packages/omni_msgs-0.0.0-py3.10.egg-info/PKG-INFO
[2.801s] -- Installing: /home/projet-echo/Projet_indus/install/omni_msgs/local/lib/python3.10/dist-packages/omni_msgs-0.0.0-py3.10.egg-info/top_level.txt
[2.802s] -- Installing: /home/projet-echo/Projet_indus/install/omni_msgs/local/lib/python3.10/dist-packages/omni_msgs-0.0.0-py3.10.egg-info/dependency_links.txt
[2.802s] -- Installing: /home/projet-echo/Projet_indus/install/omni_msgs/local/lib/python3.10/dist-packages/omni_msgs
[2.802s] -- Installing: /home/projet-echo/Projet_indus/install/omni_msgs/local/lib/python3.10/dist-packages/omni_msgs/msg
[2.802s] -- Installing: /home/projet-echo/Projet_indus/install/omni_msgs/local/lib/python3.10/dist-packages/omni_msgs/msg/_omni_state_s.c
[2.802s] -- Installing: /home/projet-echo/Projet_indus/install/omni_msgs/local/lib/python3.10/dist-packages/omni_msgs/msg/_omni_button_event_s.c
[2.802s] -- Installing: /home/projet-echo/Projet_indus/install/omni_msgs/local/lib/python3.10/dist-packages/omni_msgs/msg/_omni_feedback.py
[2.802s] -- Installing: /home/projet-echo/Projet_indus/install/omni_msgs/local/lib/python3.10/dist-packages/omni_msgs/msg/_omni_feedback_s.c
[2.802s] -- Installing: /home/projet-echo/Projet_indus/install/omni_msgs/local/lib/python3.10/dist-packages/omni_msgs/msg/_omni_button_event.py
[2.802s] -- Installing: /home/projet-echo/Projet_indus/install/omni_msgs/local/lib/python3.10/dist-packages/omni_msgs/msg/_omni_state.py
[2.802s] -- Installing: /home/projet-echo/Projet_indus/install/omni_msgs/local/lib/python3.10/dist-packages/omni_msgs/msg/__init__.py
[2.802s] -- Installing: /home/projet-echo/Projet_indus/install/omni_msgs/local/lib/python3.10/dist-packages/omni_msgs/_omni_msgs_s.ep.rosidl_typesupport_fastrtps_c.c
[2.802s] -- Installing: /home/projet-echo/Projet_indus/install/omni_msgs/local/lib/python3.10/dist-packages/omni_msgs/_omni_msgs_s.ep.rosidl_typesupport_c.c
[2.802s] -- Installing: /home/projet-echo/Projet_indus/install/omni_msgs/local/lib/python3.10/dist-packages/omni_msgs/libomni_msgs__rosidl_generator_py.so
[2.802s] -- Installing: /home/projet-echo/Projet_indus/install/omni_msgs/local/lib/python3.10/dist-packages/omni_msgs/omni_msgs_s__rosidl_typesupport_introspection_c.cpython-310-x86_64-linux-gnu.so
[2.802s] -- Installing: /home/projet-echo/Projet_indus/install/omni_msgs/local/lib/python3.10/dist-packages/omni_msgs/_omni_msgs_s.ep.rosidl_typesupport_introspection_c.c
[2.802s] -- Installing: /home/projet-echo/Projet_indus/install/omni_msgs/local/lib/python3.10/dist-packages/omni_msgs/omni_msgs_s__rosidl_typesupport_c.cpython-310-x86_64-linux-gnu.so
[2.802s] -- Installing: /home/projet-echo/Projet_indus/install/omni_msgs/local/lib/python3.10/dist-packages/omni_msgs/__init__.py
[2.802s] -- Installing: /home/projet-echo/Projet_indus/install/omni_msgs/local/lib/python3.10/dist-packages/omni_msgs/omni_msgs_s__rosidl_typesupport_fastrtps_c.cpython-310-x86_64-linux-gnu.so
[2.825s] Listing '/home/projet-echo/Projet_indus/install/omni_msgs/local/lib/python3.10/dist-packages/omni_msgs'...
[2.825s] Compiling '/home/projet-echo/Projet_indus/install/omni_msgs/local/lib/python3.10/dist-packages/omni_msgs/__init__.py'...
[2.825s] Listing '/home/projet-echo/Projet_indus/install/omni_msgs/local/lib/python3.10/dist-packages/omni_msgs/msg'...
[2.825s] Compiling '/home/projet-echo/Projet_indus/install/omni_msgs/local/lib/python3.10/dist-packages/omni_msgs/msg/__init__.py'...
[2.825s] Compiling '/home/projet-echo/Projet_indus/install/omni_msgs/local/lib/python3.10/dist-packages/omni_msgs/msg/_omni_button_event.py'...
[2.825s] Compiling '/home/projet-echo/Projet_indus/install/omni_msgs/local/lib/python3.10/dist-packages/omni_msgs/msg/_omni_feedback.py'...
[2.825s] Compiling '/home/projet-echo/Projet_indus/install/omni_msgs/local/lib/python3.10/dist-packages/omni_msgs/msg/_omni_state.py'...
[2.828s] -- Installing: /home/projet-echo/Projet_indus/install/omni_msgs/local/lib/python3.10/dist-packages/omni_msgs/omni_msgs_s__rosidl_typesupport_fastrtps_c.cpython-310-x86_64-linux-gnu.so
[2.828s] -- Set runtime path of "/home/projet-echo/Projet_indus/install/omni_msgs/local/lib/python3.10/dist-packages/omni_msgs/omni_msgs_s__rosidl_typesupport_fastrtps_c.cpython-310-x86_64-linux-gnu.so" to ""
[2.828s] -- Installing: /home/projet-echo/Projet_indus/install/omni_msgs/local/lib/python3.10/dist-packages/omni_msgs/omni_msgs_s__rosidl_typesupport_introspection_c.cpython-310-x86_64-linux-gnu.so
[2.828s] -- Set runtime path of "/home/projet-echo/Projet_indus/install/omni_msgs/local/lib/python3.10/dist-packages/omni_msgs/omni_msgs_s__rosidl_typesupport_introspection_c.cpython-310-x86_64-linux-gnu.so" to ""
[2.828s] -- Installing: /home/projet-echo/Projet_indus/install/omni_msgs/local/lib/python3.10/dist-packages/omni_msgs/omni_msgs_s__rosidl_typesupport_c.cpython-310-x86_64-linux-gnu.so
[2.828s] -- Set runtime path of "/home/projet-echo/Projet_indus/install/omni_msgs/local/lib/python3.10/dist-packages/omni_msgs/omni_msgs_s__rosidl_typesupport_c.cpython-310-x86_64-linux-gnu.so" to ""
[2.829s] -- Installing: /home/projet-echo/Projet_indus/install/omni_msgs/lib/libomni_msgs__rosidl_generator_py.so
[2.829s] -- Set runtime path of "/home/projet-echo/Projet_indus/install/omni_msgs/lib/libomni_msgs__rosidl_generator_py.so" to ""
[2.829s] -- Installing: /home/projet-echo/Projet_indus/install/omni_msgs/share/omni_msgs/msg/OmniFeedback.idl
[2.829s] -- Installing: /home/projet-echo/Projet_indus/install/omni_msgs/share/omni_msgs/msg/OmniButtonEvent.idl
[2.829s] -- Installing: /home/projet-echo/Projet_indus/install/omni_msgs/share/omni_msgs/msg/OmniState.idl
[2.829s] -- Installing: /home/projet-echo/Projet_indus/install/omni_msgs/share/omni_msgs/msg/OmniFeedback.msg
[2.829s] -- Installing: /home/projet-echo/Projet_indus/install/omni_msgs/share/omni_msgs/msg/OmniButtonEvent.msg
[2.829s] -- Installing: /home/projet-echo/Projet_indus/install/omni_msgs/share/omni_msgs/msg/OmniState.msg
[2.829s] -- Installing: /home/projet-echo/Projet_indus/install/omni_msgs/share/ament_index/resource_index/package_run_dependencies/omni_msgs
[2.830s] -- Installing: /home/projet-echo/Projet_indus/install/omni_msgs/share/ament_index/resource_index/parent_prefix_path/omni_msgs
[2.830s] -- Installing: /home/projet-echo/Projet_indus/install/omni_msgs/share/omni_msgs/environment/ament_prefix_path.sh
[2.830s] -- Installing: /home/projet-echo/Projet_indus/install/omni_msgs/share/omni_msgs/environment/ament_prefix_path.dsv
[2.830s] -- Installing: /home/projet-echo/Projet_indus/install/omni_msgs/share/omni_msgs/environment/path.sh
[2.830s] -- Installing: /home/projet-echo/Projet_indus/install/omni_msgs/share/omni_msgs/environment/path.dsv
[2.830s] -- Installing: /home/projet-echo/Projet_indus/install/omni_msgs/share/omni_msgs/local_setup.bash
[2.830s] -- Installing: /home/projet-echo/Projet_indus/install/omni_msgs/share/omni_msgs/local_setup.sh
[2.830s] -- Installing: /home/projet-echo/Projet_indus/install/omni_msgs/share/omni_msgs/local_setup.zsh
[2.830s] -- Installing: /home/projet-echo/Projet_indus/install/omni_msgs/share/omni_msgs/local_setup.dsv
[2.830s] -- Installing: /home/projet-echo/Projet_indus/install/omni_msgs/share/omni_msgs/package.dsv
[2.830s] -- Installing: /home/projet-echo/Projet_indus/install/omni_msgs/share/ament_index/resource_index/packages/omni_msgs
[2.830s] -- Installing: /home/projet-echo/Projet_indus/install/omni_msgs/share/omni_msgs/cmake/export_omni_msgs__rosidl_generator_cExport.cmake
[2.830s] -- Installing: /home/projet-echo/Projet_indus/install/omni_msgs/share/omni_msgs/cmake/export_omni_msgs__rosidl_generator_cExport-noconfig.cmake
[2.830s] -- Installing: /home/projet-echo/Projet_indus/install/omni_msgs/share/omni_msgs/cmake/export_omni_msgs__rosidl_typesupport_fastrtps_cExport.cmake
[2.830s] -- Installing: /home/projet-echo/Projet_indus/install/omni_msgs/share/omni_msgs/cmake/export_omni_msgs__rosidl_typesupport_fastrtps_cExport-noconfig.cmake
[2.830s] -- Installing: /home/projet-echo/Projet_indus/install/omni_msgs/share/omni_msgs/cmake/omni_msgs__rosidl_typesupport_introspection_cExport.cmake
[2.830s] -- Installing: /home/projet-echo/Projet_indus/install/omni_msgs/share/omni_msgs/cmake/omni_msgs__rosidl_typesupport_introspection_cExport-noconfig.cmake
[2.830s] -- Installing: /home/projet-echo/Projet_indus/install/omni_msgs/share/omni_msgs/cmake/omni_msgs__rosidl_typesupport_cExport.cmake
[2.830s] -- Installing: /home/projet-echo/Projet_indus/install/omni_msgs/share/omni_msgs/cmake/omni_msgs__rosidl_typesupport_cExport-noconfig.cmake
[2.830s] -- Installing: /home/projet-echo/Projet_indus/install/omni_msgs/share/omni_msgs/cmake/export_omni_msgs__rosidl_generator_cppExport.cmake
[2.830s] -- Installing: /home/projet-echo/Projet_indus/install/omni_msgs/share/omni_msgs/cmake/export_omni_msgs__rosidl_typesupport_fastrtps_cppExport.cmake
[2.830s] -- Installing: /home/projet-echo/Projet_indus/install/omni_msgs/share/omni_msgs/cmake/export_omni_msgs__rosidl_typesupport_fastrtps_cppExport-noconfig.cmake
[2.830s] -- Installing: /home/projet-echo/Projet_indus/install/omni_msgs/share/omni_msgs/cmake/omni_msgs__rosidl_typesupport_introspection_cppExport.cmake
[2.830s] -- Installing: /home/projet-echo/Projet_indus/install/omni_msgs/share/omni_msgs/cmake/omni_msgs__rosidl_typesupport_introspection_cppExport-noconfig.cmake
[2.830s] -- Installing: /home/projet-echo/Projet_indus/install/omni_msgs/share/omni_msgs/cmake/omni_msgs__rosidl_typesupport_cppExport.cmake
[2.830s] -- Installing: /home/projet-echo/Projet_indus/install/omni_msgs/share/omni_msgs/cmake/omni_msgs__rosidl_typesupport_cppExport-noconfig.cmake
[2.830s] -- Installing: /home/projet-echo/Projet_indus/install/omni_msgs/share/omni_msgs/cmake/export_omni_msgs__rosidl_generator_pyExport.cmake
[2.830s] -- Installing: /home/projet-echo/Projet_indus/install/omni_msgs/share/omni_msgs/cmake/export_omni_msgs__rosidl_generator_pyExport-noconfig.cmake
[2.830s] -- Installing: /home/projet-echo/Projet_indus/install/omni_msgs/share/omni_msgs/cmake/rosidl_cmake-extras.cmake
[2.830s] -- Installing: /home/projet-echo/Projet_indus/install/omni_msgs/share/omni_msgs/cmake/ament_cmake_export_dependencies-extras.cmake
[2.831s] -- Installing: /home/projet-echo/Projet_indus/install/omni_msgs/share/omni_msgs/cmake/ament_cmake_export_include_directories-extras.cmake
[2.831s] -- Installing: /home/projet-echo/Projet_indus/install/omni_msgs/share/omni_msgs/cmake/ament_cmake_export_libraries-extras.cmake
[2.831s] -- Installing: /home/projet-echo/Projet_indus/install/omni_msgs/share/omni_msgs/cmake/ament_cmake_export_targets-extras.cmake
[2.831s] -- Installing: /home/projet-echo/Projet_indus/install/omni_msgs/share/omni_msgs/cmake/rosidl_cmake_export_typesupport_targets-extras.cmake
[2.831s] -- Installing: /home/projet-echo/Projet_indus/install/omni_msgs/share/omni_msgs/cmake/rosidl_cmake_export_typesupport_libraries-extras.cmake
[2.831s] -- Installing: /home/projet-echo/Projet_indus/install/omni_msgs/share/omni_msgs/cmake/omni_msgsConfig.cmake
[2.831s] -- Installing: /home/projet-echo/Projet_indus/install/omni_msgs/share/omni_msgs/cmake/omni_msgsConfig-version.cmake
[2.831s] -- Installing: /home/projet-echo/Projet_indus/install/omni_msgs/share/omni_msgs/package.xml
[2.832s] Invoked command in '/home/projet-echo/Projet_indus/build/omni_msgs' returned '0': /usr/bin/cmake --install /home/projet-echo/Projet_indus/build/omni_msgs
