[0.011s] Invoking command in '/home/projet-echo/Projet_indus/build/omni_common': CMAKE_PREFIX_PATH=/opt/ros/humble:/home/projet-echo/Projet_indus/install/omni_msgs LD_LIBRARY_PATH=/home/projet-echo/Projet_indus/install/omni_msgs/lib:${LD_LIBRARY_PATH} PKG_CONFIG_PATH=/home/projet-echo/Projet_indus/install/omni_msgs/lib/x86_64-linux-gnu/pkgconfig:/home/projet-echo/Projet_indus/install/omni_msgs/lib/pkgconfig PYTHONPATH=/home/projet-echo/Projet_indus/install/omni_msgs/local/lib/python3.10/dist-packages:${PYTHONPATH} ROS_PACKAGE_PATH=/home/projet-echo/Projet_indus/install/omni_msgs/share /usr/bin/cmake --build /home/projet-echo/Projet_indus/build/omni_common -- -j20 -l20
[0.056s] [ 50%] Built target omni
[0.060s] [100%] Built target omni_state
[0.070s] Invoked command in '/home/projet-echo/Projet_indus/build/omni_common' returned '0': CMAKE_PREFIX_PATH=/opt/ros/humble:/home/projet-echo/Projet_indus/install/omni_msgs LD_LIBRARY_PATH=/home/projet-echo/Projet_indus/install/omni_msgs/lib:${LD_LIBRARY_PATH} PKG_CONFIG_PATH=/home/projet-echo/Projet_indus/install/omni_msgs/lib/x86_64-linux-gnu/pkgconfig:/home/projet-echo/Projet_indus/install/omni_msgs/lib/pkgconfig PYTHONPATH=/home/projet-echo/Projet_indus/install/omni_msgs/local/lib/python3.10/dist-packages:${PYTHONPATH} ROS_PACKAGE_PATH=/home/projet-echo/Projet_indus/install/omni_msgs/share /usr/bin/cmake --build /home/projet-echo/Projet_indus/build/omni_common -- -j20 -l20
[0.071s] Invoking command in '/home/projet-echo/Projet_indus/build/omni_common': CMAKE_PREFIX_PATH=/opt/ros/humble:/home/projet-echo/Projet_indus/install/omni_msgs LD_LIBRARY_PATH=/home/projet-echo/Projet_indus/install/omni_msgs/lib:${LD_LIBRARY_PATH} PKG_CONFIG_PATH=/home/projet-echo/Projet_indus/install/omni_msgs/lib/x86_64-linux-gnu/pkgconfig:/home/projet-echo/Projet_indus/install/omni_msgs/lib/pkgconfig PYTHONPATH=/home/projet-echo/Projet_indus/install/omni_msgs/local/lib/python3.10/dist-packages:${PYTHONPATH} ROS_PACKAGE_PATH=/home/projet-echo/Projet_indus/install/omni_msgs/share /usr/bin/cmake --install /home/projet-echo/Projet_indus/build/omni_common
[0.078s] -- Install configuration: ""
[0.078s] -- Up-to-date: /home/projet-echo/Projet_indus/install/omni_common/lib/omni_common/omni
[0.079s] -- Up-to-date: /home/projet-echo/Projet_indus/install/omni_common/lib/omni_common/omni_state
[0.079s] -- Up-to-date: /home/projet-echo/Projet_indus/install/omni_common/include/omni_common/
[0.079s] -- Up-to-date: /home/projet-echo/Projet_indus/install/omni_common/include/omni_common//empty.md
[0.079s] -- Up-to-date: /home/projet-echo/Projet_indus/install/omni_common/share/omni_common/launch
[0.079s] -- Installing: /home/projet-echo/Projet_indus/install/omni_common/share/omni_common/launch/omni_state.launch.py
[0.079s] -- Up-to-date: /home/projet-echo/Projet_indus/install/omni_common/share/omni_common/launch/__pycache__
[0.080s] -- Up-to-date: /home/projet-echo/Projet_indus/install/omni_common/share/omni_common/launch/__pycache__/omni_state.launch.cpython-310.pyc
[0.080s] -- Up-to-date: /home/projet-echo/Projet_indus/install/omni_common/share/omni_common/launch/omni.launch.py
[0.080s] -- Up-to-date: /home/projet-echo/Projet_indus/install/omni_common/share/ament_index/resource_index/package_run_dependencies/omni_common
[0.080s] -- Up-to-date: /home/projet-echo/Projet_indus/install/omni_common/share/ament_index/resource_index/parent_prefix_path/omni_common
[0.080s] -- Up-to-date: /home/projet-echo/Projet_indus/install/omni_common/share/omni_common/environment/ament_prefix_path.sh
[0.080s] -- Up-to-date: /home/projet-echo/Projet_indus/install/omni_common/share/omni_common/environment/ament_prefix_path.dsv
[0.080s] -- Up-to-date: /home/projet-echo/Projet_indus/install/omni_common/share/omni_common/environment/path.sh
[0.080s] -- Up-to-date: /home/projet-echo/Projet_indus/install/omni_common/share/omni_common/environment/path.dsv
[0.080s] -- Up-to-date: /home/projet-echo/Projet_indus/install/omni_common/share/omni_common/local_setup.bash
[0.081s] -- Up-to-date: /home/projet-echo/Projet_indus/install/omni_common/share/omni_common/local_setup.sh
[0.081s] -- Up-to-date: /home/projet-echo/Projet_indus/install/omni_common/share/omni_common/local_setup.zsh
[0.081s] -- Up-to-date: /home/projet-echo/Projet_indus/install/omni_common/share/omni_common/local_setup.dsv
[0.081s] -- Installing: /home/projet-echo/Projet_indus/install/omni_common/share/omni_common/package.dsv
[0.081s] -- Up-to-date: /home/projet-echo/Projet_indus/install/omni_common/share/ament_index/resource_index/packages/omni_common
[0.081s] -- Up-to-date: /home/projet-echo/Projet_indus/install/omni_common/share/omni_common/cmake/omni_commonConfig.cmake
[0.081s] -- Up-to-date: /home/projet-echo/Projet_indus/install/omni_common/share/omni_common/cmake/omni_commonConfig-version.cmake
[0.081s] -- Up-to-date: /home/projet-echo/Projet_indus/install/omni_common/share/omni_common/package.xml
[0.082s] Invoked command in '/home/projet-echo/Projet_indus/build/omni_common' returned '0': CMAKE_PREFIX_PATH=/opt/ros/humble:/home/projet-echo/Projet_indus/install/omni_msgs LD_LIBRARY_PATH=/home/projet-echo/Projet_indus/install/omni_msgs/lib:${LD_LIBRARY_PATH} PKG_CONFIG_PATH=/home/projet-echo/Projet_indus/install/omni_msgs/lib/x86_64-linux-gnu/pkgconfig:/home/projet-echo/Projet_indus/install/omni_msgs/lib/pkgconfig PYTHONPATH=/home/projet-echo/Projet_indus/install/omni_msgs/local/lib/python3.10/dist-packages:${PYTHONPATH} ROS_PACKAGE_PATH=/home/projet-echo/Projet_indus/install/omni_msgs/share /usr/bin/cmake --install /home/projet-echo/Projet_indus/build/omni_common
