[0.039s] Invoking command in '/home/projet-echo/Projet_indus/build/ur_to_touch_haptic_teleoperation': CMAKE_PREFIX_PATH=/home/projet-echo/Projet_indus/install/omni_common:/home/projet-echo/Projet_indus/install/ur_control:/opt/ros/humble:/home/projet-echo/Projet_indus/install/omni_msgs:/home/projet-echo/Projet_indus/install/ur_udp:/home/projet-echo/Projet_indus/install/ur_to_touch_haptic_teleoperation:/home/projet-echo/Projet_indus/install/omni_description PYTHONPATH=/home/projet-echo/Projet_indus/install/omni_msgs/local/lib/python3.10/dist-packages:/home/projet-echo/Projet_indus/install/ur_control/lib/python3.10/site-packages:/opt/ros/humble/lib/python3.10/site-packages:/opt/ros/humble/local/lib/python3.10/dist-packages /usr/bin/cmake --build /home/projet-echo/Projet_indus/build/ur_to_touch_haptic_teleoperation -- -j20 -l20
[0.098s] -- Found ament_cmake: 1.3.11 (/opt/ros/humble/share/ament_cmake/cmake)
[0.397s] -- Found rclcpp: 16.0.11 (/opt/ros/humble/share/rclcpp/cmake)
[0.465s] -- Found rosidl_generator_c: 3.1.6 (/opt/ros/humble/share/rosidl_generator_c/cmake)
[0.472s] -- Found rosidl_adapter: 3.1.6 (/opt/ros/humble/share/rosidl_adapter/cmake)
[0.488s] -- Found rosidl_generator_cpp: 3.1.6 (/opt/ros/humble/share/rosidl_generator_cpp/cmake)
[0.508s] -- Using all available rosidl_typesupport_c: rosidl_typesupport_fastrtps_c;rosidl_typesupport_introspection_c
[0.539s] -- Using all available rosidl_typesupport_cpp: rosidl_typesupport_fastrtps_cpp;rosidl_typesupport_introspection_cpp
[0.618s] -- Found rmw_implementation_cmake: 6.1.2 (/opt/ros/humble/share/rmw_implementation_cmake/cmake)
[0.622s] -- Found rmw_fastrtps_cpp: 6.2.7 (/opt/ros/humble/share/rmw_fastrtps_cpp/cmake)
[0.854s] -- Using RMW implementation 'rmw_fastrtps_cpp' as default
[0.980s] -- Found geometry_msgs: 4.2.4 (/opt/ros/humble/share/geometry_msgs/cmake)
[1.024s] -- Found omni_msgs: 0.0.0 (/home/projet-echo/Projet_indus/install/omni_msgs/share/omni_msgs/cmake)
[1.278s] -- Configuring done
[1.283s] [31mCMake Error at CMakeLists.txt:18 (add_executable):
[1.283s]   Cannot find source file:
[1.283s] 
[1.283s]     ur3e.cpp
[1.284s] 
[1.284s]   Tried extensions .c .C .c++ .cc .cpp .cxx .cu .mpp .m .M .mm .ixx .cppm .h
[1.284s]   .hh .h++ .hm .hpp .hxx .in .txx .f .F .for .f77 .f90 .f95 .f03 .hip .ispc
[1.284s] 
[1.284s] [0m
[1.291s] [31mCMake Error at CMakeLists.txt:18 (add_executable):
[1.291s]   No SOURCES given to target: ur3e
[1.291s] 
[1.292s] [0m
[1.292s] [0mCMake Generate step failed.  Build files cannot be regenerated correctly.[0m
[1.303s] gmake: *** [Makefile:308 : cmake_check_build_system] Erreur 1
[1.307s] Invoked command in '/home/projet-echo/Projet_indus/build/ur_to_touch_haptic_teleoperation' returned '2': CMAKE_PREFIX_PATH=/home/projet-echo/Projet_indus/install/omni_common:/home/projet-echo/Projet_indus/install/ur_control:/opt/ros/humble:/home/projet-echo/Projet_indus/install/omni_msgs:/home/projet-echo/Projet_indus/install/ur_udp:/home/projet-echo/Projet_indus/install/ur_to_touch_haptic_teleoperation:/home/projet-echo/Projet_indus/install/omni_description PYTHONPATH=/home/projet-echo/Projet_indus/install/omni_msgs/local/lib/python3.10/dist-packages:/home/projet-echo/Projet_indus/install/ur_control/lib/python3.10/site-packages:/opt/ros/humble/lib/python3.10/site-packages:/opt/ros/humble/local/lib/python3.10/dist-packages /usr/bin/cmake --build /home/projet-echo/Projet_indus/build/ur_to_touch_haptic_teleoperation -- -j20 -l20
