[0.011s] Invoking command in '/home/dilhan/ros2_ws/build/omni_description': CMAKE_PREFIX_PATH=${CMAKE_PREFIX_PATH}:/opt/ros/humble /usr/bin/cmake --build /home/dilhan/ros2_ws/build/omni_description -- -j12 -l12
[0.043s] Invoked command in '/home/dilhan/ros2_ws/build/omni_description' returned '0': CMAKE_PREFIX_PATH=${CMAKE_PREFIX_PATH}:/opt/ros/humble /usr/bin/cmake --build /home/dilhan/ros2_ws/build/omni_description -- -j12 -l12
[0.053s] Invoking command in '/home/dilhan/ros2_ws/build/omni_description': CMAKE_PREFIX_PATH=${CMAKE_PREFIX_PATH}:/opt/ros/humble /usr/bin/cmake --install /home/dilhan/ros2_ws/build/omni_description
[0.060s] -- Install configuration: ""
[0.060s] -- Up-to-date: /home/dilhan/ros2_ws/install/omni_description/share/omni_description/meshes
[0.060s] -- Up-to-date: /home/dilhan/ros2_ws/install/omni_description/share/omni_description/meshes/wrist.stl
[0.060s] -- Up-to-date: /home/dilhan/ros2_ws/install/omni_description/share/omni_description/meshes/lower_arm.stl
[0.060s] -- Up-to-date: /home/dilhan/ros2_ws/install/omni_description/share/omni_description/meshes/upper_arm.stl
[0.060s] -- Up-to-date: /home/dilhan/ros2_ws/install/omni_description/share/omni_description/meshes/base.stl
[0.060s] -- Up-to-date: /home/dilhan/ros2_ws/install/omni_description/share/omni_description/meshes/tip.stl
[0.060s] -- Up-to-date: /home/dilhan/ros2_ws/install/omni_description/share/omni_description/meshes/torso.stl
[0.061s] -- Up-to-date: /home/dilhan/ros2_ws/install/omni_description/share/omni_description/meshes/pen.stl
[0.061s] -- Up-to-date: /home/dilhan/ros2_ws/install/omni_description/share/omni_description/resources
[0.061s] -- Up-to-date: /home/dilhan/ros2_ws/install/omni_description/share/omni_description/resources/omni.rviz
[0.061s] -- Up-to-date: /home/dilhan/ros2_ws/install/omni_description/share/omni_description/resources/OmniRviz.png
[0.061s] -- Up-to-date: /home/dilhan/ros2_ws/install/omni_description/share/omni_description/urdf
[0.061s] -- Up-to-date: /home/dilhan/ros2_ws/install/omni_description/share/omni_description/urdf/omni.dae
[0.061s] -- Up-to-date: /home/dilhan/ros2_ws/install/omni_description/share/omni_description/urdf/omni.robot.xml
[0.061s] -- Up-to-date: /home/dilhan/ros2_ws/install/omni_description/share/omni_description/urdf/omni.urdf
[0.061s] -- Up-to-date: /home/dilhan/ros2_ws/install/omni_description/share/ament_index/resource_index/package_run_dependencies/omni_description
[0.061s] -- Up-to-date: /home/dilhan/ros2_ws/install/omni_description/share/ament_index/resource_index/parent_prefix_path/omni_description
[0.061s] -- Up-to-date: /home/dilhan/ros2_ws/install/omni_description/share/omni_description/environment/ament_prefix_path.sh
[0.062s] -- Up-to-date: /home/dilhan/ros2_ws/install/omni_description/share/omni_description/environment/ament_prefix_path.dsv
[0.062s] -- Up-to-date: /home/dilhan/ros2_ws/install/omni_description/share/omni_description/environment/path.sh
[0.062s] -- Up-to-date: /home/dilhan/ros2_ws/install/omni_description/share/omni_description/environment/path.dsv
[0.062s] -- Up-to-date: /home/dilhan/ros2_ws/install/omni_description/share/omni_description/local_setup.bash
[0.062s] -- Up-to-date: /home/dilhan/ros2_ws/install/omni_description/share/omni_description/local_setup.sh
[0.062s] -- Up-to-date: /home/dilhan/ros2_ws/install/omni_description/share/omni_description/local_setup.zsh
[0.063s] -- Up-to-date: /home/dilhan/ros2_ws/install/omni_description/share/omni_description/local_setup.dsv
[0.063s] -- Installing: /home/dilhan/ros2_ws/install/omni_description/share/omni_description/package.dsv
[0.063s] -- Up-to-date: /home/dilhan/ros2_ws/install/omni_description/share/ament_index/resource_index/packages/omni_description
[0.064s] -- Up-to-date: /home/dilhan/ros2_ws/install/omni_description/share/omni_description/cmake/omni_descriptionConfig.cmake
[0.064s] -- Up-to-date: /home/dilhan/ros2_ws/install/omni_description/share/omni_description/cmake/omni_descriptionConfig-version.cmake
[0.064s] -- Up-to-date: /home/dilhan/ros2_ws/install/omni_description/share/omni_description/package.xml
[0.064s] Invoked command in '/home/dilhan/ros2_ws/build/omni_description' returned '0': CMAKE_PREFIX_PATH=${CMAKE_PREFIX_PATH}:/opt/ros/humble /usr/bin/cmake --install /home/dilhan/ros2_ws/build/omni_description
