[0.006s] Invoking command in '/home/projet-echo/Projet_indus/build/omni_common': CMAKE_PREFIX_PATH=/opt/ros/humble:/home/projet-echo/Projet_indus/install/omni_msgs:/home/projet-echo/Projet_indus/install/ur_udp:/home/projet-echo/Projet_indus/install/ur_to_touch_haptic_teleoperation:/home/projet-echo/Projet_indus/install/omni_common:/home/projet-echo/Projet_indus/install/omni_description /usr/bin/cmake --build /home/projet-echo/Projet_indus/build/omni_common -- -j20 -l20
[0.047s] [ 50%] Built target omni_state
[0.048s] [100%] Built target omni
[0.056s] Invoked command in '/home/projet-echo/Projet_indus/build/omni_common' returned '0': CMAKE_PREFIX_PATH=/opt/ros/humble:/home/projet-echo/Projet_indus/install/omni_msgs:/home/projet-echo/Projet_indus/install/ur_udp:/home/projet-echo/Projet_indus/install/ur_to_touch_haptic_teleoperation:/home/projet-echo/Projet_indus/install/omni_common:/home/projet-echo/Projet_indus/install/omni_description /usr/bin/cmake --build /home/projet-echo/Projet_indus/build/omni_common -- -j20 -l20
[0.057s] Invoking command in '/home/projet-echo/Projet_indus/build/omni_common': CMAKE_PREFIX_PATH=/opt/ros/humble:/home/projet-echo/Projet_indus/install/omni_msgs:/home/projet-echo/Projet_indus/install/ur_udp:/home/projet-echo/Projet_indus/install/ur_to_touch_haptic_teleoperation:/home/projet-echo/Projet_indus/install/omni_common:/home/projet-echo/Projet_indus/install/omni_description /usr/bin/cmake --install /home/projet-echo/Projet_indus/build/omni_common
[0.062s] -- Install configuration: ""
[0.062s] -- Up-to-date: /home/projet-echo/Projet_indus/install/omni_common/lib/omni_common/omni
[0.062s] -- Up-to-date: /home/projet-echo/Projet_indus/install/omni_common/lib/omni_common/omni_state
[0.062s] -- Up-to-date: /home/projet-echo/Projet_indus/install/omni_common/include/omni_common/
[0.062s] -- Up-to-date: /home/projet-echo/Projet_indus/install/omni_common/include/omni_common//empty.md
[0.062s] -- Up-to-date: /home/projet-echo/Projet_indus/install/omni_common/share/omni_common/launch
[0.062s] -- Up-to-date: /home/projet-echo/Projet_indus/install/omni_common/share/omni_common/launch/omni_state.launch.py
[0.062s] -- Up-to-date: /home/projet-echo/Projet_indus/install/omni_common/share/omni_common/launch/__pycache__
[0.062s] -- Up-to-date: /home/projet-echo/Projet_indus/install/omni_common/share/omni_common/launch/__pycache__/omni_state.launch.cpython-310.pyc
[0.062s] -- Up-to-date: /home/projet-echo/Projet_indus/install/omni_common/share/omni_common/launch/omni.launch.py
[0.062s] -- Up-to-date: /home/projet-echo/Projet_indus/install/omni_common/share/ament_index/resource_index/package_run_dependencies/omni_common
[0.062s] -- Up-to-date: /home/projet-echo/Projet_indus/install/omni_common/share/ament_index/resource_index/parent_prefix_path/omni_common
[0.062s] -- Up-to-date: /home/projet-echo/Projet_indus/install/omni_common/share/omni_common/environment/ament_prefix_path.sh
[0.062s] -- Up-to-date: /home/projet-echo/Projet_indus/install/omni_common/share/omni_common/environment/ament_prefix_path.dsv
[0.062s] -- Up-to-date: /home/projet-echo/Projet_indus/install/omni_common/share/omni_common/environment/path.sh
[0.062s] -- Up-to-date: /home/projet-echo/Projet_indus/install/omni_common/share/omni_common/environment/path.dsv
[0.062s] -- Up-to-date: /home/projet-echo/Projet_indus/install/omni_common/share/omni_common/local_setup.bash
[0.062s] -- Up-to-date: /home/projet-echo/Projet_indus/install/omni_common/share/omni_common/local_setup.sh
[0.062s] -- Up-to-date: /home/projet-echo/Projet_indus/install/omni_common/share/omni_common/local_setup.zsh
[0.062s] -- Up-to-date: /home/projet-echo/Projet_indus/install/omni_common/share/omni_common/local_setup.dsv
[0.062s] -- Installing: /home/projet-echo/Projet_indus/install/omni_common/share/omni_common/package.dsv
[0.062s] -- Up-to-date: /home/projet-echo/Projet_indus/install/omni_common/share/ament_index/resource_index/packages/omni_common
[0.063s] -- Up-to-date: /home/projet-echo/Projet_indus/install/omni_common/share/omni_common/cmake/omni_commonConfig.cmake
[0.063s] -- Up-to-date: /home/projet-echo/Projet_indus/install/omni_common/share/omni_common/cmake/omni_commonConfig-version.cmake
[0.063s] -- Up-to-date: /home/projet-echo/Projet_indus/install/omni_common/share/omni_common/package.xml
[0.064s] Invoked command in '/home/projet-echo/Projet_indus/build/omni_common' returned '0': CMAKE_PREFIX_PATH=/opt/ros/humble:/home/projet-echo/Projet_indus/install/omni_msgs:/home/projet-echo/Projet_indus/install/ur_udp:/home/projet-echo/Projet_indus/install/ur_to_touch_haptic_teleoperation:/home/projet-echo/Projet_indus/install/omni_common:/home/projet-echo/Projet_indus/install/omni_description /usr/bin/cmake --install /home/projet-echo/Projet_indus/build/omni_common
