[0.021s] Invoking command in '/home/projet-echo/Projet_indus/build/omni_common': CMAKE_PREFIX_PATH=/home/projet-echo/Projet_indus/install/ur_control:/opt/ros/humble:/home/projet-echo/Projet_indus/install/omni_msgs:/home/projet-echo/Projet_indus/install/ur_udp:/home/projet-echo/Projet_indus/install/ur_to_touch_haptic_teleoperation:/home/projet-echo/Projet_indus/install/omni_common:/home/projet-echo/Projet_indus/install/omni_description PYTHONPATH=/home/projet-echo/Projet_indus/install/omni_msgs/local/lib/python3.10/dist-packages:/home/projet-echo/Projet_indus/install/ur_control/lib/python3.10/site-packages:/opt/ros/humble/lib/python3.10/site-packages:/opt/ros/humble/local/lib/python3.10/dist-packages /usr/bin/cmake --build /home/projet-echo/Projet_indus/build/omni_common -- -j20 -l20
[0.136s] [35m[1mConsolidate compiler generated dependencies of target omni[0m
[0.138s] [35m[1mConsolidate compiler generated dependencies of target omni_state[0m
[0.193s] [ 75%] Built target omni_state
[0.193s] [100%] Built target omni
[0.216s] Invoked command in '/home/projet-echo/Projet_indus/build/omni_common' returned '0': CMAKE_PREFIX_PATH=/home/projet-echo/Projet_indus/install/ur_control:/opt/ros/humble:/home/projet-echo/Projet_indus/install/omni_msgs:/home/projet-echo/Projet_indus/install/ur_udp:/home/projet-echo/Projet_indus/install/ur_to_touch_haptic_teleoperation:/home/projet-echo/Projet_indus/install/omni_common:/home/projet-echo/Projet_indus/install/omni_description PYTHONPATH=/home/projet-echo/Projet_indus/install/omni_msgs/local/lib/python3.10/dist-packages:/home/projet-echo/Projet_indus/install/ur_control/lib/python3.10/site-packages:/opt/ros/humble/lib/python3.10/site-packages:/opt/ros/humble/local/lib/python3.10/dist-packages /usr/bin/cmake --build /home/projet-echo/Projet_indus/build/omni_common -- -j20 -l20
[0.218s] Invoking command in '/home/projet-echo/Projet_indus/build/omni_common': CMAKE_PREFIX_PATH=/home/projet-echo/Projet_indus/install/ur_control:/opt/ros/humble:/home/projet-echo/Projet_indus/install/omni_msgs:/home/projet-echo/Projet_indus/install/ur_udp:/home/projet-echo/Projet_indus/install/ur_to_touch_haptic_teleoperation:/home/projet-echo/Projet_indus/install/omni_common:/home/projet-echo/Projet_indus/install/omni_description PYTHONPATH=/home/projet-echo/Projet_indus/install/omni_msgs/local/lib/python3.10/dist-packages:/home/projet-echo/Projet_indus/install/ur_control/lib/python3.10/site-packages:/opt/ros/humble/lib/python3.10/site-packages:/opt/ros/humble/local/lib/python3.10/dist-packages /usr/bin/cmake --install /home/projet-echo/Projet_indus/build/omni_common
[0.238s] -- Install configuration: ""
[0.238s] -- Up-to-date: /home/projet-echo/Projet_indus/install/omni_common/lib/omni_common/omni
[0.241s] -- Up-to-date: /home/projet-echo/Projet_indus/install/omni_common/lib/omni_common/omni_state
[0.241s] -- Up-to-date: /home/projet-echo/Projet_indus/install/omni_common/include/omni_common/
[0.242s] -- Up-to-date: /home/projet-echo/Projet_indus/install/omni_common/include/omni_common//empty.md
[0.245s] -- Up-to-date: /home/projet-echo/Projet_indus/install/omni_common/share/omni_common/launch
[0.246s] -- Up-to-date: /home/projet-echo/Projet_indus/install/omni_common/share/omni_common/launch/omni_state.launch.py
[0.247s] -- Up-to-date: /home/projet-echo/Projet_indus/install/omni_common/share/omni_common/launch/__pycache__
[0.248s] -- Up-to-date: /home/projet-echo/Projet_indus/install/omni_common/share/omni_common/launch/__pycache__/omni_state.launch.cpython-310.pyc
[0.248s] -- Up-to-date: /home/projet-echo/Projet_indus/install/omni_common/share/omni_common/launch/omni.launch.py
[0.248s] -- Up-to-date: /home/projet-echo/Projet_indus/install/omni_common/share/ament_index/resource_index/package_run_dependencies/omni_common
[0.251s] -- Up-to-date: /home/projet-echo/Projet_indus/install/omni_common/share/ament_index/resource_index/parent_prefix_path/omni_common
[0.252s] -- Up-to-date: /home/projet-echo/Projet_indus/install/omni_common/share/omni_common/environment/ament_prefix_path.sh
[0.252s] -- Up-to-date: /home/projet-echo/Projet_indus/install/omni_common/share/omni_common/environment/ament_prefix_path.dsv
[0.253s] -- Up-to-date: /home/projet-echo/Projet_indus/install/omni_common/share/omni_common/environment/path.sh
[0.253s] -- Up-to-date: /home/projet-echo/Projet_indus/install/omni_common/share/omni_common/environment/path.dsv
[0.253s] -- Up-to-date: /home/projet-echo/Projet_indus/install/omni_common/share/omni_common/local_setup.bash
[0.253s] -- Up-to-date: /home/projet-echo/Projet_indus/install/omni_common/share/omni_common/local_setup.sh
[0.254s] -- Up-to-date: /home/projet-echo/Projet_indus/install/omni_common/share/omni_common/local_setup.zsh
[0.254s] -- Up-to-date: /home/projet-echo/Projet_indus/install/omni_common/share/omni_common/local_setup.dsv
[0.254s] -- Installing: /home/projet-echo/Projet_indus/install/omni_common/share/omni_common/package.dsv
[0.255s] -- Up-to-date: /home/projet-echo/Projet_indus/install/omni_common/share/ament_index/resource_index/packages/omni_common
[0.256s] -- Up-to-date: /home/projet-echo/Projet_indus/install/omni_common/share/omni_common/cmake/omni_commonConfig.cmake
[0.258s] -- Up-to-date: /home/projet-echo/Projet_indus/install/omni_common/share/omni_common/cmake/omni_commonConfig-version.cmake
[0.259s] -- Up-to-date: /home/projet-echo/Projet_indus/install/omni_common/share/omni_common/package.xml
[0.262s] Invoked command in '/home/projet-echo/Projet_indus/build/omni_common' returned '0': CMAKE_PREFIX_PATH=/home/projet-echo/Projet_indus/install/ur_control:/opt/ros/humble:/home/projet-echo/Projet_indus/install/omni_msgs:/home/projet-echo/Projet_indus/install/ur_udp:/home/projet-echo/Projet_indus/install/ur_to_touch_haptic_teleoperation:/home/projet-echo/Projet_indus/install/omni_common:/home/projet-echo/Projet_indus/install/omni_description PYTHONPATH=/home/projet-echo/Projet_indus/install/omni_msgs/local/lib/python3.10/dist-packages:/home/projet-echo/Projet_indus/install/ur_control/lib/python3.10/site-packages:/opt/ros/humble/lib/python3.10/site-packages:/opt/ros/humble/local/lib/python3.10/dist-packages /usr/bin/cmake --install /home/projet-echo/Projet_indus/build/omni_common
