[0.006s] Invoking command in '/home/projet-echo/Projet_indus/build/omni_description': CMAKE_PREFIX_PATH=${CMAKE_PREFIX_PATH}:/opt/ros/humble /usr/bin/cmake /home/projet-echo/Projet_indus/src/Geomagic_Touch_ROS2/omni_description -DCMAKE_INSTALL_PREFIX=/home/projet-echo/Projet_indus/install/omni_description
[0.091s] -- The C compiler identification is GNU 11.4.0
[0.153s] -- The CXX compiler identification is GNU 11.4.0
[0.158s] -- Detecting C compiler ABI info
[0.207s] -- Detecting C compiler ABI info - done
[0.210s] -- Check for working C compiler: /usr/bin/cc - skipped
[0.211s] -- Detecting C compile features
[0.211s] -- Detecting C compile features - done
[0.214s] -- Detecting CXX compiler ABI info
[0.268s] -- Detecting CXX compiler ABI info - done
[0.275s] -- Check for working CXX compiler: /usr/bin/c++ - skipped
[0.275s] -- Detecting CXX compile features
[0.276s] -- Detecting CXX compile features - done
[0.279s] -- Found ament_cmake: 1.3.11 (/opt/ros/humble/share/ament_cmake/cmake)
[0.375s] -- Found Python3: /usr/bin/python3 (found version "3.10.12") found components: Interpreter 
[0.441s] -- Found ament_lint_auto: 0.12.11 (/opt/ros/humble/share/ament_lint_auto/cmake)
[0.488s] -- Added test 'copyright' to check source files copyright and LICENSE
[0.489s] -- Added test 'lint_cmake' to check CMake code style
[0.490s] -- Added test 'xmllint' to check XML markup files
[0.491s] -- Configuring done
[0.492s] -- Generating done
[0.493s] -- Build files have been written to: /home/projet-echo/Projet_indus/build/omni_description
[0.496s] Invoked command in '/home/projet-echo/Projet_indus/build/omni_description' returned '0': CMAKE_PREFIX_PATH=${CMAKE_PREFIX_PATH}:/opt/ros/humble /usr/bin/cmake /home/projet-echo/Projet_indus/src/Geomagic_Touch_ROS2/omni_description -DCMAKE_INSTALL_PREFIX=/home/projet-echo/Projet_indus/install/omni_description
[0.497s] Invoking command in '/home/projet-echo/Projet_indus/build/omni_description': CMAKE_PREFIX_PATH=${CMAKE_PREFIX_PATH}:/opt/ros/humble /usr/bin/cmake --build /home/projet-echo/Projet_indus/build/omni_description -- -j20 -l20
[0.520s] Invoked command in '/home/projet-echo/Projet_indus/build/omni_description' returned '0': CMAKE_PREFIX_PATH=${CMAKE_PREFIX_PATH}:/opt/ros/humble /usr/bin/cmake --build /home/projet-echo/Projet_indus/build/omni_description -- -j20 -l20
[0.527s] Invoking command in '/home/projet-echo/Projet_indus/build/omni_description': CMAKE_PREFIX_PATH=${CMAKE_PREFIX_PATH}:/opt/ros/humble /usr/bin/cmake --install /home/projet-echo/Projet_indus/build/omni_description
[0.532s] -- Install configuration: ""
[0.532s] -- Installing: /home/projet-echo/Projet_indus/install/omni_description/share/omni_description/meshes
[0.532s] -- Installing: /home/projet-echo/Projet_indus/install/omni_description/share/omni_description/meshes/base.stl
[0.533s] -- Installing: /home/projet-echo/Projet_indus/install/omni_description/share/omni_description/meshes/tip.stl
[0.533s] -- Installing: /home/projet-echo/Projet_indus/install/omni_description/share/omni_description/meshes/wrist.stl
[0.533s] -- Installing: /home/projet-echo/Projet_indus/install/omni_description/share/omni_description/meshes/upper_arm.stl
[0.533s] -- Installing: /home/projet-echo/Projet_indus/install/omni_description/share/omni_description/meshes/lower_arm.stl
[0.533s] -- Installing: /home/projet-echo/Projet_indus/install/omni_description/share/omni_description/meshes/torso.stl
[0.533s] -- Installing: /home/projet-echo/Projet_indus/install/omni_description/share/omni_description/meshes/pen.stl
[0.533s] -- Installing: /home/projet-echo/Projet_indus/install/omni_description/share/omni_description/resources
[0.533s] -- Installing: /home/projet-echo/Projet_indus/install/omni_description/share/omni_description/resources/omni.rviz
[0.534s] -- Installing: /home/projet-echo/Projet_indus/install/omni_description/share/omni_description/resources/OmniRviz.png
[0.534s] -- Installing: /home/projet-echo/Projet_indus/install/omni_description/share/omni_description/urdf
[0.534s] -- Installing: /home/projet-echo/Projet_indus/install/omni_description/share/omni_description/urdf/omni.urdf
[0.534s] -- Installing: /home/projet-echo/Projet_indus/install/omni_description/share/omni_description/urdf/omni.dae
[0.537s] -- Installing: /home/projet-echo/Projet_indus/install/omni_description/share/omni_description/urdf/omni.robot.xml
[0.537s] -- Installing: /home/projet-echo/Projet_indus/install/omni_description/share/ament_index/resource_index/package_run_dependencies/omni_description
[0.537s] -- Installing: /home/projet-echo/Projet_indus/install/omni_description/share/ament_index/resource_index/parent_prefix_path/omni_description
[0.538s] -- Installing: /home/projet-echo/Projet_indus/install/omni_description/share/omni_description/environment/ament_prefix_path.sh
[0.538s] -- Installing: /home/projet-echo/Projet_indus/install/omni_description/share/omni_description/environment/ament_prefix_path.dsv
[0.538s] -- Installing: /home/projet-echo/Projet_indus/install/omni_description/share/omni_description/environment/path.sh
[0.538s] -- Installing: /home/projet-echo/Projet_indus/install/omni_description/share/omni_description/environment/path.dsv
[0.538s] -- Installing: /home/projet-echo/Projet_indus/install/omni_description/share/omni_description/local_setup.bash
[0.539s] -- Installing: /home/projet-echo/Projet_indus/install/omni_description/share/omni_description/local_setup.sh
[0.539s] -- Installing: /home/projet-echo/Projet_indus/install/omni_description/share/omni_description/local_setup.zsh
[0.539s] -- Installing: /home/projet-echo/Projet_indus/install/omni_description/share/omni_description/local_setup.dsv
[0.539s] -- Installing: /home/projet-echo/Projet_indus/install/omni_description/share/omni_description/package.dsv
[0.539s] -- Installing: /home/projet-echo/Projet_indus/install/omni_description/share/ament_index/resource_index/packages/omni_description
[0.539s] -- Installing: /home/projet-echo/Projet_indus/install/omni_description/share/omni_description/cmake/omni_descriptionConfig.cmake
[0.539s] -- Installing: /home/projet-echo/Projet_indus/install/omni_description/share/omni_description/cmake/omni_descriptionConfig-version.cmake
[0.539s] -- Installing: /home/projet-echo/Projet_indus/install/omni_description/share/omni_description/package.xml
[0.540s] Invoked command in '/home/projet-echo/Projet_indus/build/omni_description' returned '0': CMAKE_PREFIX_PATH=${CMAKE_PREFIX_PATH}:/opt/ros/humble /usr/bin/cmake --install /home/projet-echo/Projet_indus/build/omni_description
