[0.105s] DEBUG:colcon:Command line arguments: ['/usr/bin/colcon', 'build']
[0.105s] DEBUG:colcon:Parsed command line arguments: Namespace(log_base=None, log_level=None, verb_name='build', build_base='build', install_base='install', merge_install=False, symlink_install=False, test_result_base=None, continue_on_error=False, executor='parallel', parallel_workers=12, event_handlers=None, ignore_user_meta=False, metas=['./colcon.meta'], base_paths=['.'], packages_ignore=None, packages_ignore_regex=None, paths=None, packages_up_to=None, packages_up_to_regex=None, packages_above=None, packages_above_and_dependencies=None, packages_above_depth=None, packages_select_by_dep=None, packages_skip_by_dep=None, packages_skip_up_to=None, packages_select_build_failed=False, packages_skip_build_finished=False, packages_select_test_failures=False, packages_skip_test_passed=False, packages_select=None, packages_skip=None, packages_select_regex=None, packages_skip_regex=None, packages_start=None, packages_end=None, allow_overriding=[], cmake_args=None, cmake_target=None, cmake_target_skip_unavailable=False, cmake_clean_cache=False, cmake_clean_first=False, cmake_force_configure=False, ament_cmake_args=None, catkin_cmake_args=None, catkin_skip_building_tests=False, mixin_files=None, mixin=None, verb_parser=<colcon_mixin.mixin.mixin_argument.MixinArgumentDecorator object at 0x7e2913153580>, verb_extension=<colcon_core.verb.build.BuildVerb object at 0x7e2913152f80>, main=<bound method BuildVerb.main of <colcon_core.verb.build.BuildVerb object at 0x7e2913152f80>>, mixin_verb=('build',))
[0.251s] Level 1:colcon.colcon_core.package_discovery:discover_packages(colcon_meta) check parameters
[0.251s] Level 1:colcon.colcon_core.package_discovery:discover_packages(recursive) check parameters
[0.251s] Level 1:colcon.colcon_core.package_discovery:discover_packages(ignore) check parameters
[0.251s] Level 1:colcon.colcon_core.package_discovery:discover_packages(path) check parameters
[0.251s] Level 1:colcon.colcon_core.package_discovery:discover_packages(colcon_meta) discover
[0.251s] Level 1:colcon.colcon_core.package_discovery:discover_packages(recursive) discover
[0.251s] INFO:colcon.colcon_core.package_discovery:Crawling recursively for packages in '/home/dilhan/ros2_ws'
[0.251s] Level 1:colcon.colcon_core.package_identification:_identify(.) by extensions ['ignore', 'ignore_ament_install']
[0.251s] Level 1:colcon.colcon_core.package_identification:_identify(.) by extension 'ignore'
[0.251s] Level 1:colcon.colcon_core.package_identification:_identify(.) by extension 'ignore_ament_install'
[0.251s] Level 1:colcon.colcon_core.package_identification:_identify(.) by extensions ['colcon_pkg']
[0.251s] Level 1:colcon.colcon_core.package_identification:_identify(.) by extension 'colcon_pkg'
[0.251s] Level 1:colcon.colcon_core.package_identification:_identify(.) by extensions ['colcon_meta']
[0.251s] Level 1:colcon.colcon_core.package_identification:_identify(.) by extension 'colcon_meta'
[0.251s] Level 1:colcon.colcon_core.package_identification:_identify(.) by extensions ['ros']
[0.251s] Level 1:colcon.colcon_core.package_identification:_identify(.) by extension 'ros'
[0.260s] Level 1:colcon.colcon_core.package_identification:_identify(.) by extensions ['cmake', 'python']
[0.260s] Level 1:colcon.colcon_core.package_identification:_identify(.) by extension 'cmake'
[0.260s] Level 1:colcon.colcon_core.package_identification:_identify(.) by extension 'python'
[0.260s] Level 1:colcon.colcon_core.package_identification:_identify(.) by extensions ['python_setup_py']
[0.260s] Level 1:colcon.colcon_core.package_identification:_identify(.) by extension 'python_setup_py'
[0.260s] Level 1:colcon.colcon_core.package_identification:_identify(build) by extensions ['ignore', 'ignore_ament_install']
[0.260s] Level 1:colcon.colcon_core.package_identification:_identify(build) by extension 'ignore'
[0.260s] Level 1:colcon.colcon_core.package_identification:_identify(build) ignored
[0.260s] Level 1:colcon.colcon_core.package_identification:_identify(install) by extensions ['ignore', 'ignore_ament_install']
[0.260s] Level 1:colcon.colcon_core.package_identification:_identify(install) by extension 'ignore'
[0.260s] Level 1:colcon.colcon_core.package_identification:_identify(install) ignored
[0.261s] Level 1:colcon.colcon_core.package_identification:_identify(log) by extensions ['ignore', 'ignore_ament_install']
[0.261s] Level 1:colcon.colcon_core.package_identification:_identify(log) by extension 'ignore'
[0.261s] Level 1:colcon.colcon_core.package_identification:_identify(log) ignored
[0.261s] Level 1:colcon.colcon_core.package_identification:_identify(src) by extensions ['ignore', 'ignore_ament_install']
[0.261s] Level 1:colcon.colcon_core.package_identification:_identify(src) by extension 'ignore'
[0.261s] Level 1:colcon.colcon_core.package_identification:_identify(src) by extension 'ignore_ament_install'
[0.261s] Level 1:colcon.colcon_core.package_identification:_identify(src) by extensions ['colcon_pkg']
[0.261s] Level 1:colcon.colcon_core.package_identification:_identify(src) by extension 'colcon_pkg'
[0.261s] Level 1:colcon.colcon_core.package_identification:_identify(src) by extensions ['colcon_meta']
[0.261s] Level 1:colcon.colcon_core.package_identification:_identify(src) by extension 'colcon_meta'
[0.261s] Level 1:colcon.colcon_core.package_identification:_identify(src) by extensions ['ros']
[0.261s] Level 1:colcon.colcon_core.package_identification:_identify(src) by extension 'ros'
[0.261s] Level 1:colcon.colcon_core.package_identification:_identify(src) by extensions ['cmake', 'python']
[0.261s] Level 1:colcon.colcon_core.package_identification:_identify(src) by extension 'cmake'
[0.261s] Level 1:colcon.colcon_core.package_identification:_identify(src) by extension 'python'
[0.261s] Level 1:colcon.colcon_core.package_identification:_identify(src) by extensions ['python_setup_py']
[0.261s] Level 1:colcon.colcon_core.package_identification:_identify(src) by extension 'python_setup_py'
[0.261s] Level 1:colcon.colcon_core.package_identification:_identify(src/Geomagic_Touch_ROS2) by extensions ['ignore', 'ignore_ament_install']
[0.261s] Level 1:colcon.colcon_core.package_identification:_identify(src/Geomagic_Touch_ROS2) by extension 'ignore'
[0.261s] Level 1:colcon.colcon_core.package_identification:_identify(src/Geomagic_Touch_ROS2) by extension 'ignore_ament_install'
[0.261s] Level 1:colcon.colcon_core.package_identification:_identify(src/Geomagic_Touch_ROS2) by extensions ['colcon_pkg']
[0.261s] Level 1:colcon.colcon_core.package_identification:_identify(src/Geomagic_Touch_ROS2) by extension 'colcon_pkg'
[0.261s] Level 1:colcon.colcon_core.package_identification:_identify(src/Geomagic_Touch_ROS2) by extensions ['colcon_meta']
[0.261s] Level 1:colcon.colcon_core.package_identification:_identify(src/Geomagic_Touch_ROS2) by extension 'colcon_meta'
[0.262s] Level 1:colcon.colcon_core.package_identification:_identify(src/Geomagic_Touch_ROS2) by extensions ['ros']
[0.262s] Level 1:colcon.colcon_core.package_identification:_identify(src/Geomagic_Touch_ROS2) by extension 'ros'
[0.262s] Level 1:colcon.colcon_core.package_identification:_identify(src/Geomagic_Touch_ROS2) by extensions ['cmake', 'python']
[0.262s] Level 1:colcon.colcon_core.package_identification:_identify(src/Geomagic_Touch_ROS2) by extension 'cmake'
[0.262s] Level 1:colcon.colcon_core.package_identification:_identify(src/Geomagic_Touch_ROS2) by extension 'python'
[0.262s] Level 1:colcon.colcon_core.package_identification:_identify(src/Geomagic_Touch_ROS2) by extensions ['python_setup_py']
[0.262s] Level 1:colcon.colcon_core.package_identification:_identify(src/Geomagic_Touch_ROS2) by extension 'python_setup_py'
[0.262s] Level 1:colcon.colcon_core.package_identification:_identify(src/Geomagic_Touch_ROS2/omni_common) by extensions ['ignore', 'ignore_ament_install']
[0.262s] Level 1:colcon.colcon_core.package_identification:_identify(src/Geomagic_Touch_ROS2/omni_common) by extension 'ignore'
[0.262s] Level 1:colcon.colcon_core.package_identification:_identify(src/Geomagic_Touch_ROS2/omni_common) by extension 'ignore_ament_install'
[0.262s] Level 1:colcon.colcon_core.package_identification:_identify(src/Geomagic_Touch_ROS2/omni_common) by extensions ['colcon_pkg']
[0.262s] Level 1:colcon.colcon_core.package_identification:_identify(src/Geomagic_Touch_ROS2/omni_common) by extension 'colcon_pkg'
[0.262s] Level 1:colcon.colcon_core.package_identification:_identify(src/Geomagic_Touch_ROS2/omni_common) by extensions ['colcon_meta']
[0.262s] Level 1:colcon.colcon_core.package_identification:_identify(src/Geomagic_Touch_ROS2/omni_common) by extension 'colcon_meta'
[0.262s] Level 1:colcon.colcon_core.package_identification:_identify(src/Geomagic_Touch_ROS2/omni_common) by extensions ['ros']
[0.262s] Level 1:colcon.colcon_core.package_identification:_identify(src/Geomagic_Touch_ROS2/omni_common) by extension 'ros'
[0.271s] DEBUG:colcon.colcon_core.package_identification:Package 'src/Geomagic_Touch_ROS2/omni_common' with type 'ros.ament_cmake' and name 'omni_common'
[0.272s] Level 1:colcon.colcon_core.package_identification:_identify(src/Geomagic_Touch_ROS2/omni_description) by extensions ['ignore', 'ignore_ament_install']
[0.272s] Level 1:colcon.colcon_core.package_identification:_identify(src/Geomagic_Touch_ROS2/omni_description) by extension 'ignore'
[0.272s] Level 1:colcon.colcon_core.package_identification:_identify(src/Geomagic_Touch_ROS2/omni_description) by extension 'ignore_ament_install'
[0.272s] Level 1:colcon.colcon_core.package_identification:_identify(src/Geomagic_Touch_ROS2/omni_description) by extensions ['colcon_pkg']
[0.272s] Level 1:colcon.colcon_core.package_identification:_identify(src/Geomagic_Touch_ROS2/omni_description) by extension 'colcon_pkg'
[0.272s] Level 1:colcon.colcon_core.package_identification:_identify(src/Geomagic_Touch_ROS2/omni_description) by extensions ['colcon_meta']
[0.272s] Level 1:colcon.colcon_core.package_identification:_identify(src/Geomagic_Touch_ROS2/omni_description) by extension 'colcon_meta'
[0.272s] Level 1:colcon.colcon_core.package_identification:_identify(src/Geomagic_Touch_ROS2/omni_description) by extensions ['ros']
[0.272s] Level 1:colcon.colcon_core.package_identification:_identify(src/Geomagic_Touch_ROS2/omni_description) by extension 'ros'
[0.272s] DEBUG:colcon.colcon_core.package_identification:Package 'src/Geomagic_Touch_ROS2/omni_description' with type 'ros.ament_cmake' and name 'omni_description'
[0.272s] Level 1:colcon.colcon_core.package_identification:_identify(src/Geomagic_Touch_ROS2/omni_msgs) by extensions ['ignore', 'ignore_ament_install']
[0.272s] Level 1:colcon.colcon_core.package_identification:_identify(src/Geomagic_Touch_ROS2/omni_msgs) by extension 'ignore'
[0.272s] Level 1:colcon.colcon_core.package_identification:_identify(src/Geomagic_Touch_ROS2/omni_msgs) by extension 'ignore_ament_install'
[0.273s] Level 1:colcon.colcon_core.package_identification:_identify(src/Geomagic_Touch_ROS2/omni_msgs) by extensions ['colcon_pkg']
[0.273s] Level 1:colcon.colcon_core.package_identification:_identify(src/Geomagic_Touch_ROS2/omni_msgs) by extension 'colcon_pkg'
[0.273s] Level 1:colcon.colcon_core.package_identification:_identify(src/Geomagic_Touch_ROS2/omni_msgs) by extensions ['colcon_meta']
[0.273s] Level 1:colcon.colcon_core.package_identification:_identify(src/Geomagic_Touch_ROS2/omni_msgs) by extension 'colcon_meta'
[0.273s] Level 1:colcon.colcon_core.package_identification:_identify(src/Geomagic_Touch_ROS2/omni_msgs) by extensions ['ros']
[0.273s] Level 1:colcon.colcon_core.package_identification:_identify(src/Geomagic_Touch_ROS2/omni_msgs) by extension 'ros'
[0.273s] DEBUG:colcon.colcon_core.package_identification:Package 'src/Geomagic_Touch_ROS2/omni_msgs' with type 'ros.ament_cmake' and name 'omni_msgs'
[0.273s] Level 1:colcon.colcon_core.package_identification:_identify(src/ur_to_touch_haptic_teleoperation) by extensions ['ignore', 'ignore_ament_install']
[0.273s] Level 1:colcon.colcon_core.package_identification:_identify(src/ur_to_touch_haptic_teleoperation) by extension 'ignore'
[0.273s] Level 1:colcon.colcon_core.package_identification:_identify(src/ur_to_touch_haptic_teleoperation) by extension 'ignore_ament_install'
[0.273s] Level 1:colcon.colcon_core.package_identification:_identify(src/ur_to_touch_haptic_teleoperation) by extensions ['colcon_pkg']
[0.273s] Level 1:colcon.colcon_core.package_identification:_identify(src/ur_to_touch_haptic_teleoperation) by extension 'colcon_pkg'
[0.274s] Level 1:colcon.colcon_core.package_identification:_identify(src/ur_to_touch_haptic_teleoperation) by extensions ['colcon_meta']
[0.274s] Level 1:colcon.colcon_core.package_identification:_identify(src/ur_to_touch_haptic_teleoperation) by extension 'colcon_meta'
[0.274s] Level 1:colcon.colcon_core.package_identification:_identify(src/ur_to_touch_haptic_teleoperation) by extensions ['ros']
[0.274s] Level 1:colcon.colcon_core.package_identification:_identify(src/ur_to_touch_haptic_teleoperation) by extension 'ros'
[0.274s] DEBUG:colcon.colcon_core.package_identification:Package 'src/ur_to_touch_haptic_teleoperation' with type 'ros.ament_cmake' and name 'ur_to_touch_haptic_teleoperation'
[0.274s] Level 1:colcon.colcon_core.package_discovery:discover_packages(recursive) using defaults
[0.274s] Level 1:colcon.colcon_core.package_discovery:discover_packages(ignore) discover
[0.274s] Level 1:colcon.colcon_core.package_discovery:discover_packages(ignore) using defaults
[0.274s] Level 1:colcon.colcon_core.package_discovery:discover_packages(path) discover
[0.274s] Level 1:colcon.colcon_core.package_discovery:discover_packages(path) using defaults
[0.297s] Level 1:colcon.colcon_core.package_discovery:discover_packages(prefix_path) check parameters
[0.297s] Level 1:colcon.colcon_core.package_discovery:discover_packages(prefix_path) discover
[0.300s] DEBUG:colcon.colcon_installed_package_information.package_discovery:Found 10 installed packages in /home/dilhan/ur_ws/install
[0.301s] DEBUG:colcon.colcon_installed_package_information.package_discovery:Found 4 installed packages in /home/dilhan/ros2_ws/install
[0.302s] DEBUG:colcon.colcon_installed_package_information.package_discovery:Found 388 installed packages in /opt/ros/humble
[0.304s] Level 1:colcon.colcon_core.package_discovery:discover_packages(prefix_path) using defaults
[0.343s] Level 5:colcon.colcon_core.verb:set package 'omni_description' build argument 'cmake_args' from command line to 'None'
[0.343s] Level 5:colcon.colcon_core.verb:set package 'omni_description' build argument 'cmake_target' from command line to 'None'
[0.343s] Level 5:colcon.colcon_core.verb:set package 'omni_description' build argument 'cmake_target_skip_unavailable' from command line to 'False'
[0.343s] Level 5:colcon.colcon_core.verb:set package 'omni_description' build argument 'cmake_clean_cache' from command line to 'False'
[0.343s] Level 5:colcon.colcon_core.verb:set package 'omni_description' build argument 'cmake_clean_first' from command line to 'False'
[0.343s] Level 5:colcon.colcon_core.verb:set package 'omni_description' build argument 'cmake_force_configure' from command line to 'False'
[0.343s] Level 5:colcon.colcon_core.verb:set package 'omni_description' build argument 'ament_cmake_args' from command line to 'None'
[0.343s] Level 5:colcon.colcon_core.verb:set package 'omni_description' build argument 'catkin_cmake_args' from command line to 'None'
[0.343s] Level 5:colcon.colcon_core.verb:set package 'omni_description' build argument 'catkin_skip_building_tests' from command line to 'False'
[0.343s] DEBUG:colcon.colcon_core.verb:Building package 'omni_description' with the following arguments: {'ament_cmake_args': None, 'build_base': '/home/dilhan/ros2_ws/build/omni_description', 'catkin_cmake_args': None, 'catkin_skip_building_tests': False, 'cmake_args': None, 'cmake_clean_cache': False, 'cmake_clean_first': False, 'cmake_force_configure': False, 'cmake_target': None, 'cmake_target_skip_unavailable': False, 'install_base': '/home/dilhan/ros2_ws/install/omni_description', 'merge_install': False, 'path': '/home/dilhan/ros2_ws/src/Geomagic_Touch_ROS2/omni_description', 'symlink_install': False, 'test_result_base': None}
[0.344s] Level 5:colcon.colcon_core.verb:set package 'omni_msgs' build argument 'cmake_args' from command line to 'None'
[0.344s] Level 5:colcon.colcon_core.verb:set package 'omni_msgs' build argument 'cmake_target' from command line to 'None'
[0.344s] Level 5:colcon.colcon_core.verb:set package 'omni_msgs' build argument 'cmake_target_skip_unavailable' from command line to 'False'
[0.344s] Level 5:colcon.colcon_core.verb:set package 'omni_msgs' build argument 'cmake_clean_cache' from command line to 'False'
[0.344s] Level 5:colcon.colcon_core.verb:set package 'omni_msgs' build argument 'cmake_clean_first' from command line to 'False'
[0.344s] Level 5:colcon.colcon_core.verb:set package 'omni_msgs' build argument 'cmake_force_configure' from command line to 'False'
[0.344s] Level 5:colcon.colcon_core.verb:set package 'omni_msgs' build argument 'ament_cmake_args' from command line to 'None'
[0.344s] Level 5:colcon.colcon_core.verb:set package 'omni_msgs' build argument 'catkin_cmake_args' from command line to 'None'
[0.344s] Level 5:colcon.colcon_core.verb:set package 'omni_msgs' build argument 'catkin_skip_building_tests' from command line to 'False'
[0.344s] DEBUG:colcon.colcon_core.verb:Building package 'omni_msgs' with the following arguments: {'ament_cmake_args': None, 'build_base': '/home/dilhan/ros2_ws/build/omni_msgs', 'catkin_cmake_args': None, 'catkin_skip_building_tests': False, 'cmake_args': None, 'cmake_clean_cache': False, 'cmake_clean_first': False, 'cmake_force_configure': False, 'cmake_target': None, 'cmake_target_skip_unavailable': False, 'install_base': '/home/dilhan/ros2_ws/install/omni_msgs', 'merge_install': False, 'path': '/home/dilhan/ros2_ws/src/Geomagic_Touch_ROS2/omni_msgs', 'symlink_install': False, 'test_result_base': None}
[0.344s] Level 5:colcon.colcon_core.verb:set package 'omni_common' build argument 'cmake_args' from command line to 'None'
[0.344s] Level 5:colcon.colcon_core.verb:set package 'omni_common' build argument 'cmake_target' from command line to 'None'
[0.344s] Level 5:colcon.colcon_core.verb:set package 'omni_common' build argument 'cmake_target_skip_unavailable' from command line to 'False'
[0.344s] Level 5:colcon.colcon_core.verb:set package 'omni_common' build argument 'cmake_clean_cache' from command line to 'False'
[0.344s] Level 5:colcon.colcon_core.verb:set package 'omni_common' build argument 'cmake_clean_first' from command line to 'False'
[0.344s] Level 5:colcon.colcon_core.verb:set package 'omni_common' build argument 'cmake_force_configure' from command line to 'False'
[0.344s] Level 5:colcon.colcon_core.verb:set package 'omni_common' build argument 'ament_cmake_args' from command line to 'None'
[0.344s] Level 5:colcon.colcon_core.verb:set package 'omni_common' build argument 'catkin_cmake_args' from command line to 'None'
[0.344s] Level 5:colcon.colcon_core.verb:set package 'omni_common' build argument 'catkin_skip_building_tests' from command line to 'False'
[0.344s] DEBUG:colcon.colcon_core.verb:Building package 'omni_common' with the following arguments: {'ament_cmake_args': None, 'build_base': '/home/dilhan/ros2_ws/build/omni_common', 'catkin_cmake_args': None, 'catkin_skip_building_tests': False, 'cmake_args': None, 'cmake_clean_cache': False, 'cmake_clean_first': False, 'cmake_force_configure': False, 'cmake_target': None, 'cmake_target_skip_unavailable': False, 'install_base': '/home/dilhan/ros2_ws/install/omni_common', 'merge_install': False, 'path': '/home/dilhan/ros2_ws/src/Geomagic_Touch_ROS2/omni_common', 'symlink_install': False, 'test_result_base': None}
[0.344s] Level 5:colcon.colcon_core.verb:set package 'ur_to_touch_haptic_teleoperation' build argument 'cmake_args' from command line to 'None'
[0.344s] Level 5:colcon.colcon_core.verb:set package 'ur_to_touch_haptic_teleoperation' build argument 'cmake_target' from command line to 'None'
[0.345s] Level 5:colcon.colcon_core.verb:set package 'ur_to_touch_haptic_teleoperation' build argument 'cmake_target_skip_unavailable' from command line to 'False'
[0.345s] Level 5:colcon.colcon_core.verb:set package 'ur_to_touch_haptic_teleoperation' build argument 'cmake_clean_cache' from command line to 'False'
[0.345s] Level 5:colcon.colcon_core.verb:set package 'ur_to_touch_haptic_teleoperation' build argument 'cmake_clean_first' from command line to 'False'
[0.345s] Level 5:colcon.colcon_core.verb:set package 'ur_to_touch_haptic_teleoperation' build argument 'cmake_force_configure' from command line to 'False'
[0.345s] Level 5:colcon.colcon_core.verb:set package 'ur_to_touch_haptic_teleoperation' build argument 'ament_cmake_args' from command line to 'None'
[0.345s] Level 5:colcon.colcon_core.verb:set package 'ur_to_touch_haptic_teleoperation' build argument 'catkin_cmake_args' from command line to 'None'
[0.345s] Level 5:colcon.colcon_core.verb:set package 'ur_to_touch_haptic_teleoperation' build argument 'catkin_skip_building_tests' from command line to 'False'
[0.345s] DEBUG:colcon.colcon_core.verb:Building package 'ur_to_touch_haptic_teleoperation' with the following arguments: {'ament_cmake_args': None, 'build_base': '/home/dilhan/ros2_ws/build/ur_to_touch_haptic_teleoperation', 'catkin_cmake_args': None, 'catkin_skip_building_tests': False, 'cmake_args': None, 'cmake_clean_cache': False, 'cmake_clean_first': False, 'cmake_force_configure': False, 'cmake_target': None, 'cmake_target_skip_unavailable': False, 'install_base': '/home/dilhan/ros2_ws/install/ur_to_touch_haptic_teleoperation', 'merge_install': False, 'path': '/home/dilhan/ros2_ws/src/ur_to_touch_haptic_teleoperation', 'symlink_install': False, 'test_result_base': None}
[0.345s] INFO:colcon.colcon_core.executor:Executing jobs using 'parallel' executor
[0.346s] DEBUG:colcon.colcon_parallel_executor.executor.parallel:run_until_complete
[0.346s] INFO:colcon.colcon_ros.task.ament_cmake.build:Building ROS package in '/home/dilhan/ros2_ws/src/Geomagic_Touch_ROS2/omni_msgs' with build type 'ament_cmake'
[0.346s] INFO:colcon.colcon_cmake.task.cmake.build:Building CMake package in '/home/dilhan/ros2_ws/src/Geomagic_Touch_ROS2/omni_msgs'
[0.348s] INFO:colcon.colcon_core.plugin_system:Skipping extension 'colcon_core.shell.bat': Not used on non-Windows systems
[0.349s] INFO:colcon.colcon_core.shell:Skip shell extension 'powershell' for command environment: Not usable outside of PowerShell
[0.349s] DEBUG:colcon.colcon_core.shell:Skip shell extension 'dsv' for command environment
[0.353s] INFO:colcon.colcon_ros.task.ament_cmake.build:Building ROS package in '/home/dilhan/ros2_ws/src/Geomagic_Touch_ROS2/omni_description' with build type 'ament_cmake'
[0.353s] INFO:colcon.colcon_cmake.task.cmake.build:Building CMake package in '/home/dilhan/ros2_ws/src/Geomagic_Touch_ROS2/omni_description'
[0.353s] INFO:colcon.colcon_core.shell:Skip shell extension 'powershell' for command environment: Not usable outside of PowerShell
[0.353s] DEBUG:colcon.colcon_core.shell:Skip shell extension 'dsv' for command environment
[0.361s] DEBUG:colcon.colcon_core.event_handler.log_command:Invoking command in '/home/dilhan/ros2_ws/build/omni_msgs': CMAKE_PREFIX_PATH=${CMAKE_PREFIX_PATH}:/opt/ros/humble /usr/bin/cmake --build /home/dilhan/ros2_ws/build/omni_msgs -- -j12 -l12
[0.364s] DEBUG:colcon.colcon_core.event_handler.log_command:Invoking command in '/home/dilhan/ros2_ws/build/omni_description': CMAKE_PREFIX_PATH=${CMAKE_PREFIX_PATH}:/opt/ros/humble /usr/bin/cmake --build /home/dilhan/ros2_ws/build/omni_description -- -j12 -l12
[0.405s] DEBUG:colcon.colcon_core.event_handler.log_command:Invoked command in '/home/dilhan/ros2_ws/build/omni_description' returned '0': CMAKE_PREFIX_PATH=${CMAKE_PREFIX_PATH}:/opt/ros/humble /usr/bin/cmake --build /home/dilhan/ros2_ws/build/omni_description -- -j12 -l12
[0.414s] DEBUG:colcon.colcon_core.event_handler.log_command:Invoking command in '/home/dilhan/ros2_ws/build/omni_description': CMAKE_PREFIX_PATH=${CMAKE_PREFIX_PATH}:/opt/ros/humble /usr/bin/cmake --install /home/dilhan/ros2_ws/build/omni_description
[0.424s] Level 1:colcon.colcon_core.environment:create_environment_scripts_only(omni_description)
[0.425s] DEBUG:colcon.colcon_core.event_handler.log_command:Invoked command in '/home/dilhan/ros2_ws/build/omni_description' returned '0': CMAKE_PREFIX_PATH=${CMAKE_PREFIX_PATH}:/opt/ros/humble /usr/bin/cmake --install /home/dilhan/ros2_ws/build/omni_description
[0.429s] Level 1:colcon.colcon_core.environment:checking '/home/dilhan/ros2_ws/install/omni_description' for CMake module files
[0.429s] Level 1:colcon.colcon_core.environment:checking '/home/dilhan/ros2_ws/install/omni_description' for CMake config files
[0.430s] Level 1:colcon.colcon_core.shell:create_environment_hook('omni_description', 'cmake_prefix_path')
[0.430s] INFO:colcon.colcon_core.shell:Creating environment hook '/home/dilhan/ros2_ws/install/omni_description/share/omni_description/hook/cmake_prefix_path.ps1'
[0.431s] INFO:colcon.colcon_core.shell:Creating environment descriptor '/home/dilhan/ros2_ws/install/omni_description/share/omni_description/hook/cmake_prefix_path.dsv'
[0.431s] INFO:colcon.colcon_core.shell:Creating environment hook '/home/dilhan/ros2_ws/install/omni_description/share/omni_description/hook/cmake_prefix_path.sh'
[0.432s] Level 1:colcon.colcon_core.environment:checking '/home/dilhan/ros2_ws/install/omni_description/bin'
[0.432s] Level 1:colcon.colcon_core.environment:checking '/home/dilhan/ros2_ws/install/omni_description/lib/pkgconfig/omni_description.pc'
[0.433s] Level 1:colcon.colcon_core.environment:checking '/home/dilhan/ros2_ws/install/omni_description/lib/python3.10/site-packages'
[0.433s] Level 1:colcon.colcon_core.environment:checking '/home/dilhan/ros2_ws/install/omni_description/bin'
[0.433s] INFO:colcon.colcon_core.shell:Creating package script '/home/dilhan/ros2_ws/install/omni_description/share/omni_description/package.ps1'
[0.434s] INFO:colcon.colcon_core.shell:Creating package descriptor '/home/dilhan/ros2_ws/install/omni_description/share/omni_description/package.dsv'
[0.435s] INFO:colcon.colcon_core.shell:Creating package script '/home/dilhan/ros2_ws/install/omni_description/share/omni_description/package.sh'
[0.436s] INFO:colcon.colcon_core.shell:Creating package script '/home/dilhan/ros2_ws/install/omni_description/share/omni_description/package.bash'
[0.437s] INFO:colcon.colcon_core.shell:Creating package script '/home/dilhan/ros2_ws/install/omni_description/share/omni_description/package.zsh'
[0.438s] Level 1:colcon.colcon_core.environment:create_file_with_runtime_dependencies(/home/dilhan/ros2_ws/install/omni_description/share/colcon-core/packages/omni_description)
[0.439s] Level 1:colcon.colcon_core.environment:create_environment_scripts_only(omni_description)
[0.439s] Level 1:colcon.colcon_core.environment:checking '/home/dilhan/ros2_ws/install/omni_description' for CMake module files
[0.440s] Level 1:colcon.colcon_core.environment:checking '/home/dilhan/ros2_ws/install/omni_description' for CMake config files
[0.440s] Level 1:colcon.colcon_core.shell:create_environment_hook('omni_description', 'cmake_prefix_path')
[0.440s] INFO:colcon.colcon_core.shell:Creating environment hook '/home/dilhan/ros2_ws/install/omni_description/share/omni_description/hook/cmake_prefix_path.ps1'
[0.441s] INFO:colcon.colcon_core.shell:Creating environment descriptor '/home/dilhan/ros2_ws/install/omni_description/share/omni_description/hook/cmake_prefix_path.dsv'
[0.441s] INFO:colcon.colcon_core.shell:Creating environment hook '/home/dilhan/ros2_ws/install/omni_description/share/omni_description/hook/cmake_prefix_path.sh'
[0.442s] Level 1:colcon.colcon_core.environment:checking '/home/dilhan/ros2_ws/install/omni_description/bin'
[0.442s] Level 1:colcon.colcon_core.environment:checking '/home/dilhan/ros2_ws/install/omni_description/lib/pkgconfig/omni_description.pc'
[0.442s] Level 1:colcon.colcon_core.environment:checking '/home/dilhan/ros2_ws/install/omni_description/lib/python3.10/site-packages'
[0.443s] Level 1:colcon.colcon_core.environment:checking '/home/dilhan/ros2_ws/install/omni_description/bin'
[0.443s] INFO:colcon.colcon_core.shell:Creating package script '/home/dilhan/ros2_ws/install/omni_description/share/omni_description/package.ps1'
[0.444s] INFO:colcon.colcon_core.shell:Creating package descriptor '/home/dilhan/ros2_ws/install/omni_description/share/omni_description/package.dsv'
[0.444s] INFO:colcon.colcon_core.shell:Creating package script '/home/dilhan/ros2_ws/install/omni_description/share/omni_description/package.sh'
[0.445s] INFO:colcon.colcon_core.shell:Creating package script '/home/dilhan/ros2_ws/install/omni_description/share/omni_description/package.bash'
[0.447s] INFO:colcon.colcon_core.shell:Creating package script '/home/dilhan/ros2_ws/install/omni_description/share/omni_description/package.zsh'
[0.448s] Level 1:colcon.colcon_core.environment:create_file_with_runtime_dependencies(/home/dilhan/ros2_ws/install/omni_description/share/colcon-core/packages/omni_description)
[1.534s] DEBUG:colcon.colcon_core.event_handler.log_command:Invoked command in '/home/dilhan/ros2_ws/build/omni_msgs' returned '0': CMAKE_PREFIX_PATH=${CMAKE_PREFIX_PATH}:/opt/ros/humble /usr/bin/cmake --build /home/dilhan/ros2_ws/build/omni_msgs -- -j12 -l12
[1.535s] DEBUG:colcon.colcon_core.event_handler.log_command:Invoking command in '/home/dilhan/ros2_ws/build/omni_msgs': CMAKE_PREFIX_PATH=${CMAKE_PREFIX_PATH}:/opt/ros/humble /usr/bin/cmake --install /home/dilhan/ros2_ws/build/omni_msgs
[1.592s] Level 1:colcon.colcon_core.environment:create_environment_scripts_only(omni_msgs)
[1.592s] Level 1:colcon.colcon_core.environment:checking '/home/dilhan/ros2_ws/install/omni_msgs' for CMake module files
[1.593s] DEBUG:colcon.colcon_core.event_handler.log_command:Invoked command in '/home/dilhan/ros2_ws/build/omni_msgs' returned '0': CMAKE_PREFIX_PATH=${CMAKE_PREFIX_PATH}:/opt/ros/humble /usr/bin/cmake --install /home/dilhan/ros2_ws/build/omni_msgs
[1.593s] Level 1:colcon.colcon_core.environment:checking '/home/dilhan/ros2_ws/install/omni_msgs' for CMake config files
[1.593s] Level 1:colcon.colcon_core.shell:create_environment_hook('omni_msgs', 'cmake_prefix_path')
[1.593s] INFO:colcon.colcon_core.shell:Creating environment hook '/home/dilhan/ros2_ws/install/omni_msgs/share/omni_msgs/hook/cmake_prefix_path.ps1'
[1.594s] INFO:colcon.colcon_core.shell:Creating environment descriptor '/home/dilhan/ros2_ws/install/omni_msgs/share/omni_msgs/hook/cmake_prefix_path.dsv'
[1.594s] INFO:colcon.colcon_core.shell:Creating environment hook '/home/dilhan/ros2_ws/install/omni_msgs/share/omni_msgs/hook/cmake_prefix_path.sh'
[1.594s] Level 1:colcon.colcon_core.environment:checking '/home/dilhan/ros2_ws/install/omni_msgs/lib'
[1.594s] Level 1:colcon.colcon_core.shell:create_environment_hook('omni_msgs', 'ld_library_path_lib')
[1.595s] INFO:colcon.colcon_core.shell:Creating environment hook '/home/dilhan/ros2_ws/install/omni_msgs/share/omni_msgs/hook/ld_library_path_lib.ps1'
[1.595s] INFO:colcon.colcon_core.shell:Creating environment descriptor '/home/dilhan/ros2_ws/install/omni_msgs/share/omni_msgs/hook/ld_library_path_lib.dsv'
[1.595s] INFO:colcon.colcon_core.shell:Creating environment hook '/home/dilhan/ros2_ws/install/omni_msgs/share/omni_msgs/hook/ld_library_path_lib.sh'
[1.596s] Level 1:colcon.colcon_core.environment:checking '/home/dilhan/ros2_ws/install/omni_msgs/bin'
[1.596s] Level 1:colcon.colcon_core.environment:checking '/home/dilhan/ros2_ws/install/omni_msgs/lib/pkgconfig/omni_msgs.pc'
[1.596s] Level 1:colcon.colcon_core.environment:checking '/home/dilhan/ros2_ws/install/omni_msgs/lib/python3.10/site-packages'
[1.596s] Level 1:colcon.colcon_core.environment:checking '/home/dilhan/ros2_ws/install/omni_msgs/bin'
[1.596s] INFO:colcon.colcon_core.shell:Creating package script '/home/dilhan/ros2_ws/install/omni_msgs/share/omni_msgs/package.ps1'
[1.596s] INFO:colcon.colcon_core.shell:Creating package descriptor '/home/dilhan/ros2_ws/install/omni_msgs/share/omni_msgs/package.dsv'
[1.597s] INFO:colcon.colcon_core.shell:Creating package script '/home/dilhan/ros2_ws/install/omni_msgs/share/omni_msgs/package.sh'
[1.597s] INFO:colcon.colcon_core.shell:Creating package script '/home/dilhan/ros2_ws/install/omni_msgs/share/omni_msgs/package.bash'
[1.597s] INFO:colcon.colcon_core.shell:Creating package script '/home/dilhan/ros2_ws/install/omni_msgs/share/omni_msgs/package.zsh'
[1.598s] Level 1:colcon.colcon_core.environment:create_file_with_runtime_dependencies(/home/dilhan/ros2_ws/install/omni_msgs/share/colcon-core/packages/omni_msgs)
[1.598s] Level 1:colcon.colcon_core.environment:create_environment_scripts_only(omni_msgs)
[1.598s] Level 1:colcon.colcon_core.environment:checking '/home/dilhan/ros2_ws/install/omni_msgs' for CMake module files
[1.599s] Level 1:colcon.colcon_core.environment:checking '/home/dilhan/ros2_ws/install/omni_msgs' for CMake config files
[1.599s] Level 1:colcon.colcon_core.shell:create_environment_hook('omni_msgs', 'cmake_prefix_path')
[1.599s] INFO:colcon.colcon_core.shell:Creating environment hook '/home/dilhan/ros2_ws/install/omni_msgs/share/omni_msgs/hook/cmake_prefix_path.ps1'
[1.599s] INFO:colcon.colcon_core.shell:Creating environment descriptor '/home/dilhan/ros2_ws/install/omni_msgs/share/omni_msgs/hook/cmake_prefix_path.dsv'
[1.600s] INFO:colcon.colcon_core.shell:Creating environment hook '/home/dilhan/ros2_ws/install/omni_msgs/share/omni_msgs/hook/cmake_prefix_path.sh'
[1.600s] Level 1:colcon.colcon_core.environment:checking '/home/dilhan/ros2_ws/install/omni_msgs/lib'
[1.600s] Level 1:colcon.colcon_core.shell:create_environment_hook('omni_msgs', 'ld_library_path_lib')
[1.600s] INFO:colcon.colcon_core.shell:Creating environment hook '/home/dilhan/ros2_ws/install/omni_msgs/share/omni_msgs/hook/ld_library_path_lib.ps1'
[1.600s] INFO:colcon.colcon_core.shell:Creating environment descriptor '/home/dilhan/ros2_ws/install/omni_msgs/share/omni_msgs/hook/ld_library_path_lib.dsv'
[1.601s] INFO:colcon.colcon_core.shell:Creating environment hook '/home/dilhan/ros2_ws/install/omni_msgs/share/omni_msgs/hook/ld_library_path_lib.sh'
[1.601s] Level 1:colcon.colcon_core.environment:checking '/home/dilhan/ros2_ws/install/omni_msgs/bin'
[1.601s] Level 1:colcon.colcon_core.environment:checking '/home/dilhan/ros2_ws/install/omni_msgs/lib/pkgconfig/omni_msgs.pc'
[1.601s] Level 1:colcon.colcon_core.environment:checking '/home/dilhan/ros2_ws/install/omni_msgs/lib/python3.10/site-packages'
[1.601s] Level 1:colcon.colcon_core.environment:checking '/home/dilhan/ros2_ws/install/omni_msgs/bin'
[1.602s] INFO:colcon.colcon_core.shell:Creating package script '/home/dilhan/ros2_ws/install/omni_msgs/share/omni_msgs/package.ps1'
[1.602s] INFO:colcon.colcon_core.shell:Creating package descriptor '/home/dilhan/ros2_ws/install/omni_msgs/share/omni_msgs/package.dsv'
[1.602s] INFO:colcon.colcon_core.shell:Creating package script '/home/dilhan/ros2_ws/install/omni_msgs/share/omni_msgs/package.sh'
[1.603s] INFO:colcon.colcon_core.shell:Creating package script '/home/dilhan/ros2_ws/install/omni_msgs/share/omni_msgs/package.bash'
[1.603s] INFO:colcon.colcon_core.shell:Creating package script '/home/dilhan/ros2_ws/install/omni_msgs/share/omni_msgs/package.zsh'
[1.603s] Level 1:colcon.colcon_core.environment:create_file_with_runtime_dependencies(/home/dilhan/ros2_ws/install/omni_msgs/share/colcon-core/packages/omni_msgs)
[1.604s] INFO:colcon.colcon_ros.task.ament_cmake.build:Building ROS package in '/home/dilhan/ros2_ws/src/Geomagic_Touch_ROS2/omni_common' with build type 'ament_cmake'
[1.604s] INFO:colcon.colcon_cmake.task.cmake.build:Building CMake package in '/home/dilhan/ros2_ws/src/Geomagic_Touch_ROS2/omni_common'
[1.604s] INFO:colcon.colcon_core.shell:Skip shell extension 'powershell' for command environment: Not usable outside of PowerShell
[1.604s] DEBUG:colcon.colcon_core.shell:Skip shell extension 'dsv' for command environment
[1.615s] DEBUG:colcon.colcon_core.event_handler.log_command:Invoking command in '/home/dilhan/ros2_ws/build/omni_common': CMAKE_PREFIX_PATH=/home/dilhan/ros2_ws/install/omni_msgs:/home/dilhan/ur_ws/install/ur:/home/dilhan/ur_ws/install/ur_calibration:/home/dilhan/ur_ws/install/ur_robot_driver:/home/dilhan/ur_ws/install/ur_bringup:/home/dilhan/ur_ws/install/ur_controllers:/home/dilhan/ur_ws/install/ur_msgs:/home/dilhan/ur_ws/install/ur_moveit_config:/home/dilhan/ur_ws/install/ur_description:/home/dilhan/ur_ws/install/ur_dashboard_msgs:/home/dilhan/ur_ws/install/ur_client_library:/home/dilhan/ros2_ws/install/ur_to_touch_haptic_teleoperation:/home/dilhan/ros2_ws/install/omni_common:/home/dilhan/ros2_ws/install/omni_description:/opt/ros/humble LD_LIBRARY_PATH=/home/dilhan/ros2_ws/install/omni_msgs/lib:/usr/local/cuda-11.8/lib64:/usr/local/cuda-11.8/lib64:/home/dilhan/ur_ws/install/ur_robot_driver/lib:/home/dilhan/ur_ws/install/ur_controllers/lib:/home/dilhan/ur_ws/install/ur_msgs/lib:/home/dilhan/ur_ws/install/ur_dashboard_msgs/lib:/home/dilhan/ur_ws/install/ur_client_library/lib:/usr/local/cuda-11.8/lib64:/usr/local/cuda-11.8/lib64:/opt/ros/humble/opt/rviz_ogre_vendor/lib:/opt/ros/humble/lib/x86_64-linux-gnu:/opt/ros/humble/lib /usr/bin/cmake --build /home/dilhan/ros2_ws/build/omni_common -- -j12 -l12
[10.591s] DEBUG:colcon.colcon_core.event_handler.log_command:Invoked command in '/home/dilhan/ros2_ws/build/omni_common' returned '0': CMAKE_PREFIX_PATH=/home/dilhan/ros2_ws/install/omni_msgs:/home/dilhan/ur_ws/install/ur:/home/dilhan/ur_ws/install/ur_calibration:/home/dilhan/ur_ws/install/ur_robot_driver:/home/dilhan/ur_ws/install/ur_bringup:/home/dilhan/ur_ws/install/ur_controllers:/home/dilhan/ur_ws/install/ur_msgs:/home/dilhan/ur_ws/install/ur_moveit_config:/home/dilhan/ur_ws/install/ur_description:/home/dilhan/ur_ws/install/ur_dashboard_msgs:/home/dilhan/ur_ws/install/ur_client_library:/home/dilhan/ros2_ws/install/ur_to_touch_haptic_teleoperation:/home/dilhan/ros2_ws/install/omni_common:/home/dilhan/ros2_ws/install/omni_description:/opt/ros/humble LD_LIBRARY_PATH=/home/dilhan/ros2_ws/install/omni_msgs/lib:/usr/local/cuda-11.8/lib64:/usr/local/cuda-11.8/lib64:/home/dilhan/ur_ws/install/ur_robot_driver/lib:/home/dilhan/ur_ws/install/ur_controllers/lib:/home/dilhan/ur_ws/install/ur_msgs/lib:/home/dilhan/ur_ws/install/ur_dashboard_msgs/lib:/home/dilhan/ur_ws/install/ur_client_library/lib:/usr/local/cuda-11.8/lib64:/usr/local/cuda-11.8/lib64:/opt/ros/humble/opt/rviz_ogre_vendor/lib:/opt/ros/humble/lib/x86_64-linux-gnu:/opt/ros/humble/lib /usr/bin/cmake --build /home/dilhan/ros2_ws/build/omni_common -- -j12 -l12
[10.592s] DEBUG:colcon.colcon_core.event_handler.log_command:Invoking command in '/home/dilhan/ros2_ws/build/omni_common': CMAKE_PREFIX_PATH=/home/dilhan/ros2_ws/install/omni_msgs:/home/dilhan/ur_ws/install/ur:/home/dilhan/ur_ws/install/ur_calibration:/home/dilhan/ur_ws/install/ur_robot_driver:/home/dilhan/ur_ws/install/ur_bringup:/home/dilhan/ur_ws/install/ur_controllers:/home/dilhan/ur_ws/install/ur_msgs:/home/dilhan/ur_ws/install/ur_moveit_config:/home/dilhan/ur_ws/install/ur_description:/home/dilhan/ur_ws/install/ur_dashboard_msgs:/home/dilhan/ur_ws/install/ur_client_library:/home/dilhan/ros2_ws/install/ur_to_touch_haptic_teleoperation:/home/dilhan/ros2_ws/install/omni_common:/home/dilhan/ros2_ws/install/omni_description:/opt/ros/humble LD_LIBRARY_PATH=/home/dilhan/ros2_ws/install/omni_msgs/lib:/usr/local/cuda-11.8/lib64:/usr/local/cuda-11.8/lib64:/home/dilhan/ur_ws/install/ur_robot_driver/lib:/home/dilhan/ur_ws/install/ur_controllers/lib:/home/dilhan/ur_ws/install/ur_msgs/lib:/home/dilhan/ur_ws/install/ur_dashboard_msgs/lib:/home/dilhan/ur_ws/install/ur_client_library/lib:/usr/local/cuda-11.8/lib64:/usr/local/cuda-11.8/lib64:/opt/ros/humble/opt/rviz_ogre_vendor/lib:/opt/ros/humble/lib/x86_64-linux-gnu:/opt/ros/humble/lib /usr/bin/cmake --install /home/dilhan/ros2_ws/build/omni_common
[10.615s] Level 1:colcon.colcon_core.environment:create_environment_scripts_only(omni_common)
[10.615s] Level 1:colcon.colcon_core.environment:checking '/home/dilhan/ros2_ws/install/omni_common' for CMake module files
[10.615s] DEBUG:colcon.colcon_core.event_handler.log_command:Invoked command in '/home/dilhan/ros2_ws/build/omni_common' returned '0': CMAKE_PREFIX_PATH=/home/dilhan/ros2_ws/install/omni_msgs:/home/dilhan/ur_ws/install/ur:/home/dilhan/ur_ws/install/ur_calibration:/home/dilhan/ur_ws/install/ur_robot_driver:/home/dilhan/ur_ws/install/ur_bringup:/home/dilhan/ur_ws/install/ur_controllers:/home/dilhan/ur_ws/install/ur_msgs:/home/dilhan/ur_ws/install/ur_moveit_config:/home/dilhan/ur_ws/install/ur_description:/home/dilhan/ur_ws/install/ur_dashboard_msgs:/home/dilhan/ur_ws/install/ur_client_library:/home/dilhan/ros2_ws/install/ur_to_touch_haptic_teleoperation:/home/dilhan/ros2_ws/install/omni_common:/home/dilhan/ros2_ws/install/omni_description:/opt/ros/humble LD_LIBRARY_PATH=/home/dilhan/ros2_ws/install/omni_msgs/lib:/usr/local/cuda-11.8/lib64:/usr/local/cuda-11.8/lib64:/home/dilhan/ur_ws/install/ur_robot_driver/lib:/home/dilhan/ur_ws/install/ur_controllers/lib:/home/dilhan/ur_ws/install/ur_msgs/lib:/home/dilhan/ur_ws/install/ur_dashboard_msgs/lib:/home/dilhan/ur_ws/install/ur_client_library/lib:/usr/local/cuda-11.8/lib64:/usr/local/cuda-11.8/lib64:/opt/ros/humble/opt/rviz_ogre_vendor/lib:/opt/ros/humble/lib/x86_64-linux-gnu:/opt/ros/humble/lib /usr/bin/cmake --install /home/dilhan/ros2_ws/build/omni_common
[10.616s] Level 1:colcon.colcon_core.environment:checking '/home/dilhan/ros2_ws/install/omni_common' for CMake config files
[10.616s] Level 1:colcon.colcon_core.shell:create_environment_hook('omni_common', 'cmake_prefix_path')
[10.616s] INFO:colcon.colcon_core.shell:Creating environment hook '/home/dilhan/ros2_ws/install/omni_common/share/omni_common/hook/cmake_prefix_path.ps1'
[10.617s] INFO:colcon.colcon_core.shell:Creating environment descriptor '/home/dilhan/ros2_ws/install/omni_common/share/omni_common/hook/cmake_prefix_path.dsv'
[10.617s] INFO:colcon.colcon_core.shell:Creating environment hook '/home/dilhan/ros2_ws/install/omni_common/share/omni_common/hook/cmake_prefix_path.sh'
[10.617s] Level 1:colcon.colcon_core.environment:checking '/home/dilhan/ros2_ws/install/omni_common/lib'
[10.617s] Level 1:colcon.colcon_core.environment:checking '/home/dilhan/ros2_ws/install/omni_common/bin'
[10.617s] Level 1:colcon.colcon_core.environment:checking '/home/dilhan/ros2_ws/install/omni_common/lib/pkgconfig/omni_common.pc'
[10.618s] Level 1:colcon.colcon_core.environment:checking '/home/dilhan/ros2_ws/install/omni_common/lib/python3.10/site-packages'
[10.618s] Level 1:colcon.colcon_core.environment:checking '/home/dilhan/ros2_ws/install/omni_common/bin'
[10.618s] INFO:colcon.colcon_core.shell:Creating package script '/home/dilhan/ros2_ws/install/omni_common/share/omni_common/package.ps1'
[10.618s] INFO:colcon.colcon_core.shell:Creating package descriptor '/home/dilhan/ros2_ws/install/omni_common/share/omni_common/package.dsv'
[10.619s] INFO:colcon.colcon_core.shell:Creating package script '/home/dilhan/ros2_ws/install/omni_common/share/omni_common/package.sh'
[10.619s] INFO:colcon.colcon_core.shell:Creating package script '/home/dilhan/ros2_ws/install/omni_common/share/omni_common/package.bash'
[10.619s] INFO:colcon.colcon_core.shell:Creating package script '/home/dilhan/ros2_ws/install/omni_common/share/omni_common/package.zsh'
[10.620s] Level 1:colcon.colcon_core.environment:create_file_with_runtime_dependencies(/home/dilhan/ros2_ws/install/omni_common/share/colcon-core/packages/omni_common)
[10.620s] Level 1:colcon.colcon_core.environment:create_environment_scripts_only(omni_common)
[10.620s] Level 1:colcon.colcon_core.environment:checking '/home/dilhan/ros2_ws/install/omni_common' for CMake module files
[10.620s] Level 1:colcon.colcon_core.environment:checking '/home/dilhan/ros2_ws/install/omni_common' for CMake config files
[10.621s] Level 1:colcon.colcon_core.shell:create_environment_hook('omni_common', 'cmake_prefix_path')
[10.621s] INFO:colcon.colcon_core.shell:Creating environment hook '/home/dilhan/ros2_ws/install/omni_common/share/omni_common/hook/cmake_prefix_path.ps1'
[10.621s] INFO:colcon.colcon_core.shell:Creating environment descriptor '/home/dilhan/ros2_ws/install/omni_common/share/omni_common/hook/cmake_prefix_path.dsv'
[10.621s] INFO:colcon.colcon_core.shell:Creating environment hook '/home/dilhan/ros2_ws/install/omni_common/share/omni_common/hook/cmake_prefix_path.sh'
[10.622s] Level 1:colcon.colcon_core.environment:checking '/home/dilhan/ros2_ws/install/omni_common/lib'
[10.622s] Level 1:colcon.colcon_core.environment:checking '/home/dilhan/ros2_ws/install/omni_common/bin'
[10.622s] Level 1:colcon.colcon_core.environment:checking '/home/dilhan/ros2_ws/install/omni_common/lib/pkgconfig/omni_common.pc'
[10.622s] Level 1:colcon.colcon_core.environment:checking '/home/dilhan/ros2_ws/install/omni_common/lib/python3.10/site-packages'
[10.622s] Level 1:colcon.colcon_core.environment:checking '/home/dilhan/ros2_ws/install/omni_common/bin'
[10.622s] INFO:colcon.colcon_core.shell:Creating package script '/home/dilhan/ros2_ws/install/omni_common/share/omni_common/package.ps1'
[10.623s] INFO:colcon.colcon_core.shell:Creating package descriptor '/home/dilhan/ros2_ws/install/omni_common/share/omni_common/package.dsv'
[10.623s] INFO:colcon.colcon_core.shell:Creating package script '/home/dilhan/ros2_ws/install/omni_common/share/omni_common/package.sh'
[10.623s] INFO:colcon.colcon_core.shell:Creating package script '/home/dilhan/ros2_ws/install/omni_common/share/omni_common/package.bash'
[10.624s] INFO:colcon.colcon_core.shell:Creating package script '/home/dilhan/ros2_ws/install/omni_common/share/omni_common/package.zsh'
[10.624s] Level 1:colcon.colcon_core.environment:create_file_with_runtime_dependencies(/home/dilhan/ros2_ws/install/omni_common/share/colcon-core/packages/omni_common)
[10.624s] INFO:colcon.colcon_ros.task.ament_cmake.build:Building ROS package in '/home/dilhan/ros2_ws/src/ur_to_touch_haptic_teleoperation' with build type 'ament_cmake'
[10.624s] INFO:colcon.colcon_cmake.task.cmake.build:Building CMake package in '/home/dilhan/ros2_ws/src/ur_to_touch_haptic_teleoperation'
[10.625s] INFO:colcon.colcon_core.shell:Skip shell extension 'powershell' for command environment: Not usable outside of PowerShell
[10.625s] DEBUG:colcon.colcon_core.shell:Skip shell extension 'dsv' for command environment
[10.637s] DEBUG:colcon.colcon_core.event_handler.log_command:Invoking command in '/home/dilhan/ros2_ws/build/ur_to_touch_haptic_teleoperation': CMAKE_PREFIX_PATH=/home/dilhan/ros2_ws/install/omni_common:/home/dilhan/ros2_ws/install/omni_msgs:/home/dilhan/ur_ws/install/ur:/home/dilhan/ur_ws/install/ur_calibration:/home/dilhan/ur_ws/install/ur_robot_driver:/home/dilhan/ur_ws/install/ur_bringup:/home/dilhan/ur_ws/install/ur_controllers:/home/dilhan/ur_ws/install/ur_msgs:/home/dilhan/ur_ws/install/ur_moveit_config:/home/dilhan/ur_ws/install/ur_description:/home/dilhan/ur_ws/install/ur_dashboard_msgs:/home/dilhan/ur_ws/install/ur_client_library:/home/dilhan/ros2_ws/install/ur_to_touch_haptic_teleoperation:/home/dilhan/ros2_ws/install/omni_description:/opt/ros/humble LD_LIBRARY_PATH=/home/dilhan/ros2_ws/install/omni_msgs/lib:/usr/local/cuda-11.8/lib64:/usr/local/cuda-11.8/lib64:/home/dilhan/ur_ws/install/ur_robot_driver/lib:/home/dilhan/ur_ws/install/ur_controllers/lib:/home/dilhan/ur_ws/install/ur_msgs/lib:/home/dilhan/ur_ws/install/ur_dashboard_msgs/lib:/home/dilhan/ur_ws/install/ur_client_library/lib:/usr/local/cuda-11.8/lib64:/usr/local/cuda-11.8/lib64:/opt/ros/humble/opt/rviz_ogre_vendor/lib:/opt/ros/humble/lib/x86_64-linux-gnu:/opt/ros/humble/lib /usr/bin/cmake --build /home/dilhan/ros2_ws/build/ur_to_touch_haptic_teleoperation -- -j12 -l12
[19.808s] DEBUG:colcon.colcon_core.event_handler.log_command:Invoked command in '/home/dilhan/ros2_ws/build/ur_to_touch_haptic_teleoperation' returned '0': CMAKE_PREFIX_PATH=/home/dilhan/ros2_ws/install/omni_common:/home/dilhan/ros2_ws/install/omni_msgs:/home/dilhan/ur_ws/install/ur:/home/dilhan/ur_ws/install/ur_calibration:/home/dilhan/ur_ws/install/ur_robot_driver:/home/dilhan/ur_ws/install/ur_bringup:/home/dilhan/ur_ws/install/ur_controllers:/home/dilhan/ur_ws/install/ur_msgs:/home/dilhan/ur_ws/install/ur_moveit_config:/home/dilhan/ur_ws/install/ur_description:/home/dilhan/ur_ws/install/ur_dashboard_msgs:/home/dilhan/ur_ws/install/ur_client_library:/home/dilhan/ros2_ws/install/ur_to_touch_haptic_teleoperation:/home/dilhan/ros2_ws/install/omni_description:/opt/ros/humble LD_LIBRARY_PATH=/home/dilhan/ros2_ws/install/omni_msgs/lib:/usr/local/cuda-11.8/lib64:/usr/local/cuda-11.8/lib64:/home/dilhan/ur_ws/install/ur_robot_driver/lib:/home/dilhan/ur_ws/install/ur_controllers/lib:/home/dilhan/ur_ws/install/ur_msgs/lib:/home/dilhan/ur_ws/install/ur_dashboard_msgs/lib:/home/dilhan/ur_ws/install/ur_client_library/lib:/usr/local/cuda-11.8/lib64:/usr/local/cuda-11.8/lib64:/opt/ros/humble/opt/rviz_ogre_vendor/lib:/opt/ros/humble/lib/x86_64-linux-gnu:/opt/ros/humble/lib /usr/bin/cmake --build /home/dilhan/ros2_ws/build/ur_to_touch_haptic_teleoperation -- -j12 -l12
[19.810s] DEBUG:colcon.colcon_core.event_handler.log_command:Invoking command in '/home/dilhan/ros2_ws/build/ur_to_touch_haptic_teleoperation': CMAKE_PREFIX_PATH=/home/dilhan/ros2_ws/install/omni_common:/home/dilhan/ros2_ws/install/omni_msgs:/home/dilhan/ur_ws/install/ur:/home/dilhan/ur_ws/install/ur_calibration:/home/dilhan/ur_ws/install/ur_robot_driver:/home/dilhan/ur_ws/install/ur_bringup:/home/dilhan/ur_ws/install/ur_controllers:/home/dilhan/ur_ws/install/ur_msgs:/home/dilhan/ur_ws/install/ur_moveit_config:/home/dilhan/ur_ws/install/ur_description:/home/dilhan/ur_ws/install/ur_dashboard_msgs:/home/dilhan/ur_ws/install/ur_client_library:/home/dilhan/ros2_ws/install/ur_to_touch_haptic_teleoperation:/home/dilhan/ros2_ws/install/omni_description:/opt/ros/humble LD_LIBRARY_PATH=/home/dilhan/ros2_ws/install/omni_msgs/lib:/usr/local/cuda-11.8/lib64:/usr/local/cuda-11.8/lib64:/home/dilhan/ur_ws/install/ur_robot_driver/lib:/home/dilhan/ur_ws/install/ur_controllers/lib:/home/dilhan/ur_ws/install/ur_msgs/lib:/home/dilhan/ur_ws/install/ur_dashboard_msgs/lib:/home/dilhan/ur_ws/install/ur_client_library/lib:/usr/local/cuda-11.8/lib64:/usr/local/cuda-11.8/lib64:/opt/ros/humble/opt/rviz_ogre_vendor/lib:/opt/ros/humble/lib/x86_64-linux-gnu:/opt/ros/humble/lib /usr/bin/cmake --install /home/dilhan/ros2_ws/build/ur_to_touch_haptic_teleoperation
[19.835s] Level 1:colcon.colcon_core.environment:create_environment_scripts_only(ur_to_touch_haptic_teleoperation)
[19.835s] Level 1:colcon.colcon_core.environment:checking '/home/dilhan/ros2_ws/install/ur_to_touch_haptic_teleoperation' for CMake module files
[19.835s] DEBUG:colcon.colcon_core.event_handler.log_command:Invoked command in '/home/dilhan/ros2_ws/build/ur_to_touch_haptic_teleoperation' returned '0': CMAKE_PREFIX_PATH=/home/dilhan/ros2_ws/install/omni_common:/home/dilhan/ros2_ws/install/omni_msgs:/home/dilhan/ur_ws/install/ur:/home/dilhan/ur_ws/install/ur_calibration:/home/dilhan/ur_ws/install/ur_robot_driver:/home/dilhan/ur_ws/install/ur_bringup:/home/dilhan/ur_ws/install/ur_controllers:/home/dilhan/ur_ws/install/ur_msgs:/home/dilhan/ur_ws/install/ur_moveit_config:/home/dilhan/ur_ws/install/ur_description:/home/dilhan/ur_ws/install/ur_dashboard_msgs:/home/dilhan/ur_ws/install/ur_client_library:/home/dilhan/ros2_ws/install/ur_to_touch_haptic_teleoperation:/home/dilhan/ros2_ws/install/omni_description:/opt/ros/humble LD_LIBRARY_PATH=/home/dilhan/ros2_ws/install/omni_msgs/lib:/usr/local/cuda-11.8/lib64:/usr/local/cuda-11.8/lib64:/home/dilhan/ur_ws/install/ur_robot_driver/lib:/home/dilhan/ur_ws/install/ur_controllers/lib:/home/dilhan/ur_ws/install/ur_msgs/lib:/home/dilhan/ur_ws/install/ur_dashboard_msgs/lib:/home/dilhan/ur_ws/install/ur_client_library/lib:/usr/local/cuda-11.8/lib64:/usr/local/cuda-11.8/lib64:/opt/ros/humble/opt/rviz_ogre_vendor/lib:/opt/ros/humble/lib/x86_64-linux-gnu:/opt/ros/humble/lib /usr/bin/cmake --install /home/dilhan/ros2_ws/build/ur_to_touch_haptic_teleoperation
[19.836s] Level 1:colcon.colcon_core.environment:checking '/home/dilhan/ros2_ws/install/ur_to_touch_haptic_teleoperation' for CMake config files
[19.836s] Level 1:colcon.colcon_core.shell:create_environment_hook('ur_to_touch_haptic_teleoperation', 'cmake_prefix_path')
[19.836s] INFO:colcon.colcon_core.shell:Creating environment hook '/home/dilhan/ros2_ws/install/ur_to_touch_haptic_teleoperation/share/ur_to_touch_haptic_teleoperation/hook/cmake_prefix_path.ps1'
[19.836s] INFO:colcon.colcon_core.shell:Creating environment descriptor '/home/dilhan/ros2_ws/install/ur_to_touch_haptic_teleoperation/share/ur_to_touch_haptic_teleoperation/hook/cmake_prefix_path.dsv'
[19.837s] INFO:colcon.colcon_core.shell:Creating environment hook '/home/dilhan/ros2_ws/install/ur_to_touch_haptic_teleoperation/share/ur_to_touch_haptic_teleoperation/hook/cmake_prefix_path.sh'
[19.837s] Level 1:colcon.colcon_core.environment:checking '/home/dilhan/ros2_ws/install/ur_to_touch_haptic_teleoperation/lib'
[19.837s] Level 1:colcon.colcon_core.environment:checking '/home/dilhan/ros2_ws/install/ur_to_touch_haptic_teleoperation/bin'
[19.837s] Level 1:colcon.colcon_core.environment:checking '/home/dilhan/ros2_ws/install/ur_to_touch_haptic_teleoperation/lib/pkgconfig/ur_to_touch_haptic_teleoperation.pc'
[19.837s] Level 1:colcon.colcon_core.environment:checking '/home/dilhan/ros2_ws/install/ur_to_touch_haptic_teleoperation/lib/python3.10/site-packages'
[19.838s] Level 1:colcon.colcon_core.environment:checking '/home/dilhan/ros2_ws/install/ur_to_touch_haptic_teleoperation/bin'
[19.838s] INFO:colcon.colcon_core.shell:Creating package script '/home/dilhan/ros2_ws/install/ur_to_touch_haptic_teleoperation/share/ur_to_touch_haptic_teleoperation/package.ps1'
[19.838s] INFO:colcon.colcon_core.shell:Creating package descriptor '/home/dilhan/ros2_ws/install/ur_to_touch_haptic_teleoperation/share/ur_to_touch_haptic_teleoperation/package.dsv'
[19.839s] INFO:colcon.colcon_core.shell:Creating package script '/home/dilhan/ros2_ws/install/ur_to_touch_haptic_teleoperation/share/ur_to_touch_haptic_teleoperation/package.sh'
[19.839s] INFO:colcon.colcon_core.shell:Creating package script '/home/dilhan/ros2_ws/install/ur_to_touch_haptic_teleoperation/share/ur_to_touch_haptic_teleoperation/package.bash'
[19.839s] INFO:colcon.colcon_core.shell:Creating package script '/home/dilhan/ros2_ws/install/ur_to_touch_haptic_teleoperation/share/ur_to_touch_haptic_teleoperation/package.zsh'
[19.840s] Level 1:colcon.colcon_core.environment:create_file_with_runtime_dependencies(/home/dilhan/ros2_ws/install/ur_to_touch_haptic_teleoperation/share/colcon-core/packages/ur_to_touch_haptic_teleoperation)
[19.840s] Level 1:colcon.colcon_core.environment:create_environment_scripts_only(ur_to_touch_haptic_teleoperation)
[19.840s] Level 1:colcon.colcon_core.environment:checking '/home/dilhan/ros2_ws/install/ur_to_touch_haptic_teleoperation' for CMake module files
[19.840s] Level 1:colcon.colcon_core.environment:checking '/home/dilhan/ros2_ws/install/ur_to_touch_haptic_teleoperation' for CMake config files
[19.841s] Level 1:colcon.colcon_core.shell:create_environment_hook('ur_to_touch_haptic_teleoperation', 'cmake_prefix_path')
[19.841s] INFO:colcon.colcon_core.shell:Creating environment hook '/home/dilhan/ros2_ws/install/ur_to_touch_haptic_teleoperation/share/ur_to_touch_haptic_teleoperation/hook/cmake_prefix_path.ps1'
[19.841s] INFO:colcon.colcon_core.shell:Creating environment descriptor '/home/dilhan/ros2_ws/install/ur_to_touch_haptic_teleoperation/share/ur_to_touch_haptic_teleoperation/hook/cmake_prefix_path.dsv'
[19.841s] INFO:colcon.colcon_core.shell:Creating environment hook '/home/dilhan/ros2_ws/install/ur_to_touch_haptic_teleoperation/share/ur_to_touch_haptic_teleoperation/hook/cmake_prefix_path.sh'
[19.842s] Level 1:colcon.colcon_core.environment:checking '/home/dilhan/ros2_ws/install/ur_to_touch_haptic_teleoperation/lib'
[19.842s] Level 1:colcon.colcon_core.environment:checking '/home/dilhan/ros2_ws/install/ur_to_touch_haptic_teleoperation/bin'
[19.842s] Level 1:colcon.colcon_core.environment:checking '/home/dilhan/ros2_ws/install/ur_to_touch_haptic_teleoperation/lib/pkgconfig/ur_to_touch_haptic_teleoperation.pc'
[19.842s] Level 1:colcon.colcon_core.environment:checking '/home/dilhan/ros2_ws/install/ur_to_touch_haptic_teleoperation/lib/python3.10/site-packages'
[19.842s] Level 1:colcon.colcon_core.environment:checking '/home/dilhan/ros2_ws/install/ur_to_touch_haptic_teleoperation/bin'
[19.842s] INFO:colcon.colcon_core.shell:Creating package script '/home/dilhan/ros2_ws/install/ur_to_touch_haptic_teleoperation/share/ur_to_touch_haptic_teleoperation/package.ps1'
[19.843s] INFO:colcon.colcon_core.shell:Creating package descriptor '/home/dilhan/ros2_ws/install/ur_to_touch_haptic_teleoperation/share/ur_to_touch_haptic_teleoperation/package.dsv'
[19.843s] INFO:colcon.colcon_core.shell:Creating package script '/home/dilhan/ros2_ws/install/ur_to_touch_haptic_teleoperation/share/ur_to_touch_haptic_teleoperation/package.sh'
[19.843s] INFO:colcon.colcon_core.shell:Creating package script '/home/dilhan/ros2_ws/install/ur_to_touch_haptic_teleoperation/share/ur_to_touch_haptic_teleoperation/package.bash'
[19.844s] INFO:colcon.colcon_core.shell:Creating package script '/home/dilhan/ros2_ws/install/ur_to_touch_haptic_teleoperation/share/ur_to_touch_haptic_teleoperation/package.zsh'
[19.844s] Level 1:colcon.colcon_core.environment:create_file_with_runtime_dependencies(/home/dilhan/ros2_ws/install/ur_to_touch_haptic_teleoperation/share/colcon-core/packages/ur_to_touch_haptic_teleoperation)
[19.844s] DEBUG:colcon.colcon_parallel_executor.executor.parallel:closing loop
[19.844s] DEBUG:colcon.colcon_parallel_executor.executor.parallel:loop closed
[19.844s] DEBUG:colcon.colcon_parallel_executor.executor.parallel:run_until_complete finished with '0'
[19.844s] DEBUG:colcon.colcon_core.event_reactor:joining thread
[19.849s] INFO:colcon.colcon_core.plugin_system:Skipping extension 'colcon_notification.desktop_notification.terminal_notifier': Not used on non-Darwin systems
[19.849s] INFO:colcon.colcon_core.plugin_system:Skipping extension 'colcon_notification.desktop_notification.win32': Not used on non-Windows systems
[19.849s] INFO:colcon.colcon_notification.desktop_notification:Sending desktop notification using 'notify2'
[19.859s] DEBUG:colcon.colcon_core.event_reactor:joined thread
[19.860s] INFO:colcon.colcon_core.shell:Creating prefix script '/home/dilhan/ros2_ws/install/local_setup.ps1'
[19.861s] INFO:colcon.colcon_core.shell:Creating prefix util module '/home/dilhan/ros2_ws/install/_local_setup_util_ps1.py'
[19.863s] INFO:colcon.colcon_core.shell:Creating prefix chain script '/home/dilhan/ros2_ws/install/setup.ps1'
[19.864s] INFO:colcon.colcon_core.shell:Creating prefix script '/home/dilhan/ros2_ws/install/local_setup.sh'
[19.865s] INFO:colcon.colcon_core.shell:Creating prefix util module '/home/dilhan/ros2_ws/install/_local_setup_util_sh.py'
[19.865s] INFO:colcon.colcon_core.shell:Creating prefix chain script '/home/dilhan/ros2_ws/install/setup.sh'
[19.867s] INFO:colcon.colcon_core.shell:Creating prefix script '/home/dilhan/ros2_ws/install/local_setup.bash'
[19.867s] INFO:colcon.colcon_core.shell:Creating prefix chain script '/home/dilhan/ros2_ws/install/setup.bash'
[19.868s] INFO:colcon.colcon_core.shell:Creating prefix script '/home/dilhan/ros2_ws/install/local_setup.zsh'
[19.869s] INFO:colcon.colcon_core.shell:Creating prefix chain script '/home/dilhan/ros2_ws/install/setup.zsh'
