[0.059s] DEBUG:colcon:Command line arguments: ['/usr/bin/colcon', 'build']
[0.059s] DEBUG:colcon:Parsed command line arguments: Namespace(log_base=None, log_level=None, verb_name='build', build_base='build', install_base='install', merge_install=False, symlink_install=False, test_result_base=None, continue_on_error=False, executor='parallel', parallel_workers=20, event_handlers=None, ignore_user_meta=False, metas=['./colcon.meta'], base_paths=['.'], packages_ignore=None, packages_ignore_regex=None, paths=None, packages_up_to=None, packages_up_to_regex=None, packages_above=None, packages_above_and_dependencies=None, packages_above_depth=None, packages_select_by_dep=None, packages_skip_by_dep=None, packages_skip_up_to=None, packages_select_build_failed=False, packages_skip_build_finished=False, packages_select_test_failures=False, packages_skip_test_passed=False, packages_select=None, packages_skip=None, packages_select_regex=None, packages_skip_regex=None, packages_start=None, packages_end=None, cmake_args=None, cmake_target=None, cmake_target_skip_unavailable=False, cmake_clean_cache=False, cmake_clean_first=False, cmake_force_configure=False, ament_cmake_args=None, catkin_cmake_args=None, catkin_skip_building_tests=False, verb_parser=<colcon_defaults.argument_parser.defaults.DefaultArgumentsDecorator object at 0x79b4708272b0>, verb_extension=<colcon_core.verb.build.BuildVerb object at 0x79b470826d70>, main=<bound method BuildVerb.main of <colcon_core.verb.build.BuildVerb object at 0x79b470826d70>>)
[0.137s] Level 1:colcon.colcon_core.package_discovery:discover_packages(colcon_meta) check parameters
[0.137s] Level 1:colcon.colcon_core.package_discovery:discover_packages(recursive) check parameters
[0.137s] Level 1:colcon.colcon_core.package_discovery:discover_packages(ignore) check parameters
[0.137s] Level 1:colcon.colcon_core.package_discovery:discover_packages(path) check parameters
[0.137s] Level 1:colcon.colcon_core.package_discovery:discover_packages(colcon_meta) discover
[0.137s] Level 1:colcon.colcon_core.package_discovery:discover_packages(recursive) discover
[0.137s] INFO:colcon.colcon_core.package_discovery:Crawling recursively for packages in '/home/projet-echo/Projet_indus'
[0.137s] Level 1:colcon.colcon_core.package_identification:_identify(.) by extensions ['ignore', 'ignore_ament_install']
[0.137s] Level 1:colcon.colcon_core.package_identification:_identify(.) by extension 'ignore'
[0.137s] Level 1:colcon.colcon_core.package_identification:_identify(.) by extension 'ignore_ament_install'
[0.137s] Level 1:colcon.colcon_core.package_identification:_identify(.) by extensions ['colcon_pkg']
[0.137s] Level 1:colcon.colcon_core.package_identification:_identify(.) by extension 'colcon_pkg'
[0.137s] Level 1:colcon.colcon_core.package_identification:_identify(.) by extensions ['colcon_meta']
[0.137s] Level 1:colcon.colcon_core.package_identification:_identify(.) by extension 'colcon_meta'
[0.137s] Level 1:colcon.colcon_core.package_identification:_identify(.) by extensions ['ros']
[0.137s] Level 1:colcon.colcon_core.package_identification:_identify(.) by extension 'ros'
[0.144s] Level 1:colcon.colcon_core.package_identification:_identify(.) by extensions ['cmake', 'python']
[0.144s] Level 1:colcon.colcon_core.package_identification:_identify(.) by extension 'cmake'
[0.144s] Level 1:colcon.colcon_core.package_identification:_identify(.) by extension 'python'
[0.144s] Level 1:colcon.colcon_core.package_identification:_identify(.) by extensions ['python_setup_py']
[0.144s] Level 1:colcon.colcon_core.package_identification:_identify(.) by extension 'python_setup_py'
[0.144s] Level 1:colcon.colcon_core.package_identification:_identify(build) by extensions ['ignore', 'ignore_ament_install']
[0.144s] Level 1:colcon.colcon_core.package_identification:_identify(build) by extension 'ignore'
[0.144s] Level 1:colcon.colcon_core.package_identification:_identify(build) ignored
[0.144s] Level 1:colcon.colcon_core.package_identification:_identify(install) by extensions ['ignore', 'ignore_ament_install']
[0.144s] Level 1:colcon.colcon_core.package_identification:_identify(install) by extension 'ignore'
[0.144s] Level 1:colcon.colcon_core.package_identification:_identify(install) ignored
[0.144s] Level 1:colcon.colcon_core.package_identification:_identify(log) by extensions ['ignore', 'ignore_ament_install']
[0.144s] Level 1:colcon.colcon_core.package_identification:_identify(log) by extension 'ignore'
[0.144s] Level 1:colcon.colcon_core.package_identification:_identify(log) ignored
[0.144s] Level 1:colcon.colcon_core.package_identification:_identify(src) by extensions ['ignore', 'ignore_ament_install']
[0.144s] Level 1:colcon.colcon_core.package_identification:_identify(src) by extension 'ignore'
[0.144s] Level 1:colcon.colcon_core.package_identification:_identify(src) by extension 'ignore_ament_install'
[0.144s] Level 1:colcon.colcon_core.package_identification:_identify(src) by extensions ['colcon_pkg']
[0.144s] Level 1:colcon.colcon_core.package_identification:_identify(src) by extension 'colcon_pkg'
[0.144s] Level 1:colcon.colcon_core.package_identification:_identify(src) by extensions ['colcon_meta']
[0.144s] Level 1:colcon.colcon_core.package_identification:_identify(src) by extension 'colcon_meta'
[0.144s] Level 1:colcon.colcon_core.package_identification:_identify(src) by extensions ['ros']
[0.144s] Level 1:colcon.colcon_core.package_identification:_identify(src) by extension 'ros'
[0.144s] Level 1:colcon.colcon_core.package_identification:_identify(src) by extensions ['cmake', 'python']
[0.144s] Level 1:colcon.colcon_core.package_identification:_identify(src) by extension 'cmake'
[0.144s] Level 1:colcon.colcon_core.package_identification:_identify(src) by extension 'python'
[0.144s] Level 1:colcon.colcon_core.package_identification:_identify(src) by extensions ['python_setup_py']
[0.145s] Level 1:colcon.colcon_core.package_identification:_identify(src) by extension 'python_setup_py'
[0.145s] Level 1:colcon.colcon_core.package_identification:_identify(src/Geomagic_Touch_ROS2) by extensions ['ignore', 'ignore_ament_install']
[0.145s] Level 1:colcon.colcon_core.package_identification:_identify(src/Geomagic_Touch_ROS2) by extension 'ignore'
[0.145s] Level 1:colcon.colcon_core.package_identification:_identify(src/Geomagic_Touch_ROS2) by extension 'ignore_ament_install'
[0.145s] Level 1:colcon.colcon_core.package_identification:_identify(src/Geomagic_Touch_ROS2) by extensions ['colcon_pkg']
[0.145s] Level 1:colcon.colcon_core.package_identification:_identify(src/Geomagic_Touch_ROS2) by extension 'colcon_pkg'
[0.145s] Level 1:colcon.colcon_core.package_identification:_identify(src/Geomagic_Touch_ROS2) by extensions ['colcon_meta']
[0.145s] Level 1:colcon.colcon_core.package_identification:_identify(src/Geomagic_Touch_ROS2) by extension 'colcon_meta'
[0.145s] Level 1:colcon.colcon_core.package_identification:_identify(src/Geomagic_Touch_ROS2) by extensions ['ros']
[0.145s] Level 1:colcon.colcon_core.package_identification:_identify(src/Geomagic_Touch_ROS2) by extension 'ros'
[0.145s] Level 1:colcon.colcon_core.package_identification:_identify(src/Geomagic_Touch_ROS2) by extensions ['cmake', 'python']
[0.145s] Level 1:colcon.colcon_core.package_identification:_identify(src/Geomagic_Touch_ROS2) by extension 'cmake'
[0.145s] Level 1:colcon.colcon_core.package_identification:_identify(src/Geomagic_Touch_ROS2) by extension 'python'
[0.145s] Level 1:colcon.colcon_core.package_identification:_identify(src/Geomagic_Touch_ROS2) by extensions ['python_setup_py']
[0.145s] Level 1:colcon.colcon_core.package_identification:_identify(src/Geomagic_Touch_ROS2) by extension 'python_setup_py'
[0.145s] Level 1:colcon.colcon_core.package_identification:_identify(src/Geomagic_Touch_ROS2/omni_common) by extensions ['ignore', 'ignore_ament_install']
[0.145s] Level 1:colcon.colcon_core.package_identification:_identify(src/Geomagic_Touch_ROS2/omni_common) by extension 'ignore'
[0.145s] Level 1:colcon.colcon_core.package_identification:_identify(src/Geomagic_Touch_ROS2/omni_common) by extension 'ignore_ament_install'
[0.145s] Level 1:colcon.colcon_core.package_identification:_identify(src/Geomagic_Touch_ROS2/omni_common) by extensions ['colcon_pkg']
[0.145s] Level 1:colcon.colcon_core.package_identification:_identify(src/Geomagic_Touch_ROS2/omni_common) by extension 'colcon_pkg'
[0.145s] Level 1:colcon.colcon_core.package_identification:_identify(src/Geomagic_Touch_ROS2/omni_common) by extensions ['colcon_meta']
[0.145s] Level 1:colcon.colcon_core.package_identification:_identify(src/Geomagic_Touch_ROS2/omni_common) by extension 'colcon_meta'
[0.145s] Level 1:colcon.colcon_core.package_identification:_identify(src/Geomagic_Touch_ROS2/omni_common) by extensions ['ros']
[0.145s] Level 1:colcon.colcon_core.package_identification:_identify(src/Geomagic_Touch_ROS2/omni_common) by extension 'ros'
[0.147s] DEBUG:colcon.colcon_core.package_identification:Package 'src/Geomagic_Touch_ROS2/omni_common' with type 'ros.ament_cmake' and name 'omni_common'
[0.147s] Level 1:colcon.colcon_core.package_identification:_identify(src/Geomagic_Touch_ROS2/omni_description) by extensions ['ignore', 'ignore_ament_install']
[0.147s] Level 1:colcon.colcon_core.package_identification:_identify(src/Geomagic_Touch_ROS2/omni_description) by extension 'ignore'
[0.147s] Level 1:colcon.colcon_core.package_identification:_identify(src/Geomagic_Touch_ROS2/omni_description) by extension 'ignore_ament_install'
[0.147s] Level 1:colcon.colcon_core.package_identification:_identify(src/Geomagic_Touch_ROS2/omni_description) by extensions ['colcon_pkg']
[0.147s] Level 1:colcon.colcon_core.package_identification:_identify(src/Geomagic_Touch_ROS2/omni_description) by extension 'colcon_pkg'
[0.147s] Level 1:colcon.colcon_core.package_identification:_identify(src/Geomagic_Touch_ROS2/omni_description) by extensions ['colcon_meta']
[0.147s] Level 1:colcon.colcon_core.package_identification:_identify(src/Geomagic_Touch_ROS2/omni_description) by extension 'colcon_meta'
[0.147s] Level 1:colcon.colcon_core.package_identification:_identify(src/Geomagic_Touch_ROS2/omni_description) by extensions ['ros']
[0.147s] Level 1:colcon.colcon_core.package_identification:_identify(src/Geomagic_Touch_ROS2/omni_description) by extension 'ros'
[0.147s] DEBUG:colcon.colcon_core.package_identification:Package 'src/Geomagic_Touch_ROS2/omni_description' with type 'ros.ament_cmake' and name 'omni_description'
[0.147s] Level 1:colcon.colcon_core.package_identification:_identify(src/Geomagic_Touch_ROS2/omni_msgs) by extensions ['ignore', 'ignore_ament_install']
[0.147s] Level 1:colcon.colcon_core.package_identification:_identify(src/Geomagic_Touch_ROS2/omni_msgs) by extension 'ignore'
[0.147s] Level 1:colcon.colcon_core.package_identification:_identify(src/Geomagic_Touch_ROS2/omni_msgs) by extension 'ignore_ament_install'
[0.147s] Level 1:colcon.colcon_core.package_identification:_identify(src/Geomagic_Touch_ROS2/omni_msgs) by extensions ['colcon_pkg']
[0.147s] Level 1:colcon.colcon_core.package_identification:_identify(src/Geomagic_Touch_ROS2/omni_msgs) by extension 'colcon_pkg'
[0.147s] Level 1:colcon.colcon_core.package_identification:_identify(src/Geomagic_Touch_ROS2/omni_msgs) by extensions ['colcon_meta']
[0.147s] Level 1:colcon.colcon_core.package_identification:_identify(src/Geomagic_Touch_ROS2/omni_msgs) by extension 'colcon_meta'
[0.147s] Level 1:colcon.colcon_core.package_identification:_identify(src/Geomagic_Touch_ROS2/omni_msgs) by extensions ['ros']
[0.147s] Level 1:colcon.colcon_core.package_identification:_identify(src/Geomagic_Touch_ROS2/omni_msgs) by extension 'ros'
[0.148s] DEBUG:colcon.colcon_core.package_identification:Package 'src/Geomagic_Touch_ROS2/omni_msgs' with type 'ros.catkin' and name 'omni_msgs'
[0.148s] Level 1:colcon.colcon_core.package_identification:_identify(src/ur_to_touch_haptic_teleoperation) by extensions ['ignore', 'ignore_ament_install']
[0.148s] Level 1:colcon.colcon_core.package_identification:_identify(src/ur_to_touch_haptic_teleoperation) by extension 'ignore'
[0.148s] Level 1:colcon.colcon_core.package_identification:_identify(src/ur_to_touch_haptic_teleoperation) by extension 'ignore_ament_install'
[0.148s] Level 1:colcon.colcon_core.package_identification:_identify(src/ur_to_touch_haptic_teleoperation) by extensions ['colcon_pkg']
[0.148s] Level 1:colcon.colcon_core.package_identification:_identify(src/ur_to_touch_haptic_teleoperation) by extension 'colcon_pkg'
[0.148s] Level 1:colcon.colcon_core.package_identification:_identify(src/ur_to_touch_haptic_teleoperation) by extensions ['colcon_meta']
[0.148s] Level 1:colcon.colcon_core.package_identification:_identify(src/ur_to_touch_haptic_teleoperation) by extension 'colcon_meta'
[0.148s] Level 1:colcon.colcon_core.package_identification:_identify(src/ur_to_touch_haptic_teleoperation) by extensions ['ros']
[0.148s] Level 1:colcon.colcon_core.package_identification:_identify(src/ur_to_touch_haptic_teleoperation) by extension 'ros'
[0.148s] DEBUG:colcon.colcon_core.package_identification:Package 'src/ur_to_touch_haptic_teleoperation' with type 'ros.ament_cmake' and name 'ur_to_touch_haptic_teleoperation'
[0.148s] Level 1:colcon.colcon_core.package_identification:_identify(src/ur_udp) by extensions ['ignore', 'ignore_ament_install']
[0.148s] Level 1:colcon.colcon_core.package_identification:_identify(src/ur_udp) by extension 'ignore'
[0.148s] Level 1:colcon.colcon_core.package_identification:_identify(src/ur_udp) by extension 'ignore_ament_install'
[0.148s] Level 1:colcon.colcon_core.package_identification:_identify(src/ur_udp) by extensions ['colcon_pkg']
[0.148s] Level 1:colcon.colcon_core.package_identification:_identify(src/ur_udp) by extension 'colcon_pkg'
[0.149s] Level 1:colcon.colcon_core.package_identification:_identify(src/ur_udp) by extensions ['colcon_meta']
[0.149s] Level 1:colcon.colcon_core.package_identification:_identify(src/ur_udp) by extension 'colcon_meta'
[0.149s] Level 1:colcon.colcon_core.package_identification:_identify(src/ur_udp) by extensions ['ros']
[0.149s] Level 1:colcon.colcon_core.package_identification:_identify(src/ur_udp) by extension 'ros'
[0.149s] DEBUG:colcon.colcon_core.package_identification:Package 'src/ur_udp' with type 'ros.ament_cmake' and name 'ur_udp'
[0.149s] Level 1:colcon.colcon_core.package_discovery:discover_packages(recursive) using defaults
[0.149s] Level 1:colcon.colcon_core.package_discovery:discover_packages(ignore) discover
[0.149s] Level 1:colcon.colcon_core.package_discovery:discover_packages(ignore) using defaults
[0.149s] Level 1:colcon.colcon_core.package_discovery:discover_packages(path) discover
[0.149s] Level 1:colcon.colcon_core.package_discovery:discover_packages(path) using defaults
[0.165s] Level 5:colcon.colcon_core.verb:set package 'omni_description' build argument 'cmake_args' from command line to 'None'
[0.165s] Level 5:colcon.colcon_core.verb:set package 'omni_description' build argument 'cmake_target' from command line to 'None'
[0.165s] Level 5:colcon.colcon_core.verb:set package 'omni_description' build argument 'cmake_target_skip_unavailable' from command line to 'False'
[0.165s] Level 5:colcon.colcon_core.verb:set package 'omni_description' build argument 'cmake_clean_cache' from command line to 'False'
[0.165s] Level 5:colcon.colcon_core.verb:set package 'omni_description' build argument 'cmake_clean_first' from command line to 'False'
[0.165s] Level 5:colcon.colcon_core.verb:set package 'omni_description' build argument 'cmake_force_configure' from command line to 'False'
[0.165s] Level 5:colcon.colcon_core.verb:set package 'omni_description' build argument 'ament_cmake_args' from command line to 'None'
[0.165s] Level 5:colcon.colcon_core.verb:set package 'omni_description' build argument 'catkin_cmake_args' from command line to 'None'
[0.165s] Level 5:colcon.colcon_core.verb:set package 'omni_description' build argument 'catkin_skip_building_tests' from command line to 'False'
[0.165s] DEBUG:colcon.colcon_core.verb:Building package 'omni_description' with the following arguments: {'ament_cmake_args': None, 'build_base': '/home/projet-echo/Projet_indus/build/omni_description', 'catkin_cmake_args': None, 'catkin_skip_building_tests': False, 'cmake_args': None, 'cmake_clean_cache': False, 'cmake_clean_first': False, 'cmake_force_configure': False, 'cmake_target': None, 'cmake_target_skip_unavailable': False, 'install_base': '/home/projet-echo/Projet_indus/install/omni_description', 'merge_install': False, 'path': '/home/projet-echo/Projet_indus/src/Geomagic_Touch_ROS2/omni_description', 'symlink_install': False, 'test_result_base': None}
[0.165s] Level 5:colcon.colcon_core.verb:set package 'omni_msgs' build argument 'cmake_args' from command line to 'None'
[0.165s] Level 5:colcon.colcon_core.verb:set package 'omni_msgs' build argument 'cmake_target' from command line to 'None'
[0.165s] Level 5:colcon.colcon_core.verb:set package 'omni_msgs' build argument 'cmake_target_skip_unavailable' from command line to 'False'
[0.165s] Level 5:colcon.colcon_core.verb:set package 'omni_msgs' build argument 'cmake_clean_cache' from command line to 'False'
[0.165s] Level 5:colcon.colcon_core.verb:set package 'omni_msgs' build argument 'cmake_clean_first' from command line to 'False'
[0.165s] Level 5:colcon.colcon_core.verb:set package 'omni_msgs' build argument 'cmake_force_configure' from command line to 'False'
[0.165s] Level 5:colcon.colcon_core.verb:set package 'omni_msgs' build argument 'ament_cmake_args' from command line to 'None'
[0.165s] Level 5:colcon.colcon_core.verb:set package 'omni_msgs' build argument 'catkin_cmake_args' from command line to 'None'
[0.165s] Level 5:colcon.colcon_core.verb:set package 'omni_msgs' build argument 'catkin_skip_building_tests' from command line to 'False'
[0.165s] DEBUG:colcon.colcon_core.verb:Building package 'omni_msgs' with the following arguments: {'ament_cmake_args': None, 'build_base': '/home/projet-echo/Projet_indus/build/omni_msgs', 'catkin_cmake_args': None, 'catkin_skip_building_tests': False, 'cmake_args': None, 'cmake_clean_cache': False, 'cmake_clean_first': False, 'cmake_force_configure': False, 'cmake_target': None, 'cmake_target_skip_unavailable': False, 'install_base': '/home/projet-echo/Projet_indus/install/omni_msgs', 'merge_install': False, 'path': '/home/projet-echo/Projet_indus/src/Geomagic_Touch_ROS2/omni_msgs', 'symlink_install': False, 'test_result_base': None}
[0.165s] Level 5:colcon.colcon_core.verb:set package 'omni_common' build argument 'cmake_args' from command line to 'None'
[0.165s] Level 5:colcon.colcon_core.verb:set package 'omni_common' build argument 'cmake_target' from command line to 'None'
[0.165s] Level 5:colcon.colcon_core.verb:set package 'omni_common' build argument 'cmake_target_skip_unavailable' from command line to 'False'
[0.165s] Level 5:colcon.colcon_core.verb:set package 'omni_common' build argument 'cmake_clean_cache' from command line to 'False'
[0.165s] Level 5:colcon.colcon_core.verb:set package 'omni_common' build argument 'cmake_clean_first' from command line to 'False'
[0.165s] Level 5:colcon.colcon_core.verb:set package 'omni_common' build argument 'cmake_force_configure' from command line to 'False'
[0.165s] Level 5:colcon.colcon_core.verb:set package 'omni_common' build argument 'ament_cmake_args' from command line to 'None'
[0.165s] Level 5:colcon.colcon_core.verb:set package 'omni_common' build argument 'catkin_cmake_args' from command line to 'None'
[0.165s] Level 5:colcon.colcon_core.verb:set package 'omni_common' build argument 'catkin_skip_building_tests' from command line to 'False'
[0.165s] DEBUG:colcon.colcon_core.verb:Building package 'omni_common' with the following arguments: {'ament_cmake_args': None, 'build_base': '/home/projet-echo/Projet_indus/build/omni_common', 'catkin_cmake_args': None, 'catkin_skip_building_tests': False, 'cmake_args': None, 'cmake_clean_cache': False, 'cmake_clean_first': False, 'cmake_force_configure': False, 'cmake_target': None, 'cmake_target_skip_unavailable': False, 'install_base': '/home/projet-echo/Projet_indus/install/omni_common', 'merge_install': False, 'path': '/home/projet-echo/Projet_indus/src/Geomagic_Touch_ROS2/omni_common', 'symlink_install': False, 'test_result_base': None}
[0.165s] Level 5:colcon.colcon_core.verb:set package 'ur_udp' build argument 'cmake_args' from command line to 'None'
[0.165s] Level 5:colcon.colcon_core.verb:set package 'ur_udp' build argument 'cmake_target' from command line to 'None'
[0.165s] Level 5:colcon.colcon_core.verb:set package 'ur_udp' build argument 'cmake_target_skip_unavailable' from command line to 'False'
[0.166s] Level 5:colcon.colcon_core.verb:set package 'ur_udp' build argument 'cmake_clean_cache' from command line to 'False'
[0.166s] Level 5:colcon.colcon_core.verb:set package 'ur_udp' build argument 'cmake_clean_first' from command line to 'False'
[0.166s] Level 5:colcon.colcon_core.verb:set package 'ur_udp' build argument 'cmake_force_configure' from command line to 'False'
[0.166s] Level 5:colcon.colcon_core.verb:set package 'ur_udp' build argument 'ament_cmake_args' from command line to 'None'
[0.166s] Level 5:colcon.colcon_core.verb:set package 'ur_udp' build argument 'catkin_cmake_args' from command line to 'None'
[0.166s] Level 5:colcon.colcon_core.verb:set package 'ur_udp' build argument 'catkin_skip_building_tests' from command line to 'False'
[0.166s] DEBUG:colcon.colcon_core.verb:Building package 'ur_udp' with the following arguments: {'ament_cmake_args': None, 'build_base': '/home/projet-echo/Projet_indus/build/ur_udp', 'catkin_cmake_args': None, 'catkin_skip_building_tests': False, 'cmake_args': None, 'cmake_clean_cache': False, 'cmake_clean_first': False, 'cmake_force_configure': False, 'cmake_target': None, 'cmake_target_skip_unavailable': False, 'install_base': '/home/projet-echo/Projet_indus/install/ur_udp', 'merge_install': False, 'path': '/home/projet-echo/Projet_indus/src/ur_udp', 'symlink_install': False, 'test_result_base': None}
[0.166s] Level 5:colcon.colcon_core.verb:set package 'ur_to_touch_haptic_teleoperation' build argument 'cmake_args' from command line to 'None'
[0.166s] Level 5:colcon.colcon_core.verb:set package 'ur_to_touch_haptic_teleoperation' build argument 'cmake_target' from command line to 'None'
[0.166s] Level 5:colcon.colcon_core.verb:set package 'ur_to_touch_haptic_teleoperation' build argument 'cmake_target_skip_unavailable' from command line to 'False'
[0.166s] Level 5:colcon.colcon_core.verb:set package 'ur_to_touch_haptic_teleoperation' build argument 'cmake_clean_cache' from command line to 'False'
[0.166s] Level 5:colcon.colcon_core.verb:set package 'ur_to_touch_haptic_teleoperation' build argument 'cmake_clean_first' from command line to 'False'
[0.166s] Level 5:colcon.colcon_core.verb:set package 'ur_to_touch_haptic_teleoperation' build argument 'cmake_force_configure' from command line to 'False'
[0.166s] Level 5:colcon.colcon_core.verb:set package 'ur_to_touch_haptic_teleoperation' build argument 'ament_cmake_args' from command line to 'None'
[0.166s] Level 5:colcon.colcon_core.verb:set package 'ur_to_touch_haptic_teleoperation' build argument 'catkin_cmake_args' from command line to 'None'
[0.166s] Level 5:colcon.colcon_core.verb:set package 'ur_to_touch_haptic_teleoperation' build argument 'catkin_skip_building_tests' from command line to 'False'
[0.166s] DEBUG:colcon.colcon_core.verb:Building package 'ur_to_touch_haptic_teleoperation' with the following arguments: {'ament_cmake_args': None, 'build_base': '/home/projet-echo/Projet_indus/build/ur_to_touch_haptic_teleoperation', 'catkin_cmake_args': None, 'catkin_skip_building_tests': False, 'cmake_args': None, 'cmake_clean_cache': False, 'cmake_clean_first': False, 'cmake_force_configure': False, 'cmake_target': None, 'cmake_target_skip_unavailable': False, 'install_base': '/home/projet-echo/Projet_indus/install/ur_to_touch_haptic_teleoperation', 'merge_install': False, 'path': '/home/projet-echo/Projet_indus/src/ur_to_touch_haptic_teleoperation', 'symlink_install': False, 'test_result_base': None}
[0.166s] INFO:colcon.colcon_core.executor:Executing jobs using 'parallel' executor
[0.167s] DEBUG:colcon.colcon_parallel_executor.executor.parallel:run_until_complete
[0.167s] INFO:colcon.colcon_ros.task.catkin.build:Building ROS package in '/home/projet-echo/Projet_indus/src/Geomagic_Touch_ROS2/omni_msgs' with build type 'catkin'
[0.167s] INFO:colcon.colcon_cmake.task.cmake.build:Building CMake package in '/home/projet-echo/Projet_indus/src/Geomagic_Touch_ROS2/omni_msgs'
[0.168s] INFO:colcon.colcon_core.plugin_system:Skipping extension 'colcon_core.shell.bat': Not used on non-Windows systems
[0.168s] INFO:colcon.colcon_core.shell:Skip shell extension 'powershell' for command environment: Not usable outside of PowerShell
[0.168s] DEBUG:colcon.colcon_core.shell:Skip shell extension 'dsv' for command environment
[0.168s] WARNING:colcon.colcon_core.prefix_path.colcon:The path '/home/projet-echo/ros2_ws/install' in the environment variable COLCON_PREFIX_PATH doesn't exist
[0.168s] WARNING:colcon.colcon_ros.prefix_path.ament:The path '/home/projet-echo/ros2_ws/install/ur_udp' in the environment variable AMENT_PREFIX_PATH doesn't exist
[0.168s] WARNING:colcon.colcon_ros.prefix_path.ament:The path '/home/projet-echo/ros2_ws/install/ur_to_touch_haptic_teleoperation' in the environment variable AMENT_PREFIX_PATH doesn't exist
[0.168s] WARNING:colcon.colcon_ros.prefix_path.ament:The path '/home/projet-echo/ros2_ws/install/omni_common' in the environment variable AMENT_PREFIX_PATH doesn't exist
[0.168s] WARNING:colcon.colcon_ros.prefix_path.ament:The path '/home/projet-echo/ros2_ws/install/omni_description' in the environment variable AMENT_PREFIX_PATH doesn't exist
[0.168s] WARNING:colcon.colcon_ros.prefix_path.catkin:The path '/home/projet-echo/ros2_ws/install/ur_udp' in the environment variable CMAKE_PREFIX_PATH doesn't exist
[0.168s] WARNING:colcon.colcon_ros.prefix_path.catkin:The path '/home/projet-echo/ros2_ws/install/ur_to_touch_haptic_teleoperation' in the environment variable CMAKE_PREFIX_PATH doesn't exist
[0.168s] WARNING:colcon.colcon_ros.prefix_path.catkin:The path '/home/projet-echo/ros2_ws/install/omni_common' in the environment variable CMAKE_PREFIX_PATH doesn't exist
[0.168s] WARNING:colcon.colcon_ros.prefix_path.catkin:The path '/home/projet-echo/ros2_ws/install/omni_msgs' in the environment variable CMAKE_PREFIX_PATH doesn't exist
[0.168s] WARNING:colcon.colcon_ros.prefix_path.catkin:The path '/home/projet-echo/ros2_ws/install/omni_description' in the environment variable CMAKE_PREFIX_PATH doesn't exist
[0.170s] INFO:colcon.colcon_ros.task.ament_cmake.build:Building ROS package in '/home/projet-echo/Projet_indus/src/Geomagic_Touch_ROS2/omni_description' with build type 'ament_cmake'
[0.170s] INFO:colcon.colcon_cmake.task.cmake.build:Building CMake package in '/home/projet-echo/Projet_indus/src/Geomagic_Touch_ROS2/omni_description'
[0.170s] INFO:colcon.colcon_core.shell:Skip shell extension 'powershell' for command environment: Not usable outside of PowerShell
[0.170s] DEBUG:colcon.colcon_core.shell:Skip shell extension 'dsv' for command environment
[0.175s] DEBUG:colcon.colcon_core.event_handler.log_command:Invoking command in '/home/projet-echo/Projet_indus/build/omni_msgs': /usr/bin/cmake --build /home/projet-echo/Projet_indus/build/omni_msgs -- -j20 -l20
[0.177s] DEBUG:colcon.colcon_core.event_handler.log_command:Invoking command in '/home/projet-echo/Projet_indus/build/omni_description': CMAKE_PREFIX_PATH=${CMAKE_PREFIX_PATH}:/opt/ros/humble /usr/bin/cmake --build /home/projet-echo/Projet_indus/build/omni_description -- -j20 -l20
[0.203s] DEBUG:colcon.colcon_core.event_handler.log_command:Invoked command in '/home/projet-echo/Projet_indus/build/omni_description' returned '0': CMAKE_PREFIX_PATH=${CMAKE_PREFIX_PATH}:/opt/ros/humble /usr/bin/cmake --build /home/projet-echo/Projet_indus/build/omni_description -- -j20 -l20
[0.211s] DEBUG:colcon.colcon_core.event_handler.log_command:Invoking command in '/home/projet-echo/Projet_indus/build/omni_description': CMAKE_PREFIX_PATH=${CMAKE_PREFIX_PATH}:/opt/ros/humble /usr/bin/cmake --install /home/projet-echo/Projet_indus/build/omni_description
[0.224s] Level 1:colcon.colcon_core.environment:create_environment_scripts_only(omni_description)
[0.230s] DEBUG:colcon.colcon_core.event_handler.log_command:Invoked command in '/home/projet-echo/Projet_indus/build/omni_description' returned '0': CMAKE_PREFIX_PATH=${CMAKE_PREFIX_PATH}:/opt/ros/humble /usr/bin/cmake --install /home/projet-echo/Projet_indus/build/omni_description
[0.233s] Level 1:colcon.colcon_core.environment:checking '/home/projet-echo/Projet_indus/install/omni_description' for CMake module files
[0.234s] Level 1:colcon.colcon_core.environment:checking '/home/projet-echo/Projet_indus/install/omni_description' for CMake config files
[0.235s] Level 1:colcon.colcon_core.shell:create_environment_hook('omni_description', 'cmake_prefix_path')
[0.235s] INFO:colcon.colcon_core.shell:Creating environment hook '/home/projet-echo/Projet_indus/install/omni_description/share/omni_description/hook/cmake_prefix_path.ps1'
[0.236s] INFO:colcon.colcon_core.shell:Creating environment descriptor '/home/projet-echo/Projet_indus/install/omni_description/share/omni_description/hook/cmake_prefix_path.dsv'
[0.237s] INFO:colcon.colcon_core.shell:Creating environment hook '/home/projet-echo/Projet_indus/install/omni_description/share/omni_description/hook/cmake_prefix_path.sh'
[0.239s] Level 1:colcon.colcon_core.environment:checking '/home/projet-echo/Projet_indus/install/omni_description/bin'
[0.239s] Level 1:colcon.colcon_core.environment:checking '/home/projet-echo/Projet_indus/install/omni_description/lib/pkgconfig/omni_description.pc'
[0.242s] Level 1:colcon.colcon_core.environment:checking '/home/projet-echo/Projet_indus/install/omni_description/lib/python3.10/site-packages'
[0.243s] Level 1:colcon.colcon_core.environment:checking '/home/projet-echo/Projet_indus/install/omni_description/bin'
[0.243s] INFO:colcon.colcon_core.shell:Creating package script '/home/projet-echo/Projet_indus/install/omni_description/share/omni_description/package.ps1'
[0.244s] INFO:colcon.colcon_core.shell:Creating package descriptor '/home/projet-echo/Projet_indus/install/omni_description/share/omni_description/package.dsv'
[0.245s] INFO:colcon.colcon_core.shell:Creating package script '/home/projet-echo/Projet_indus/install/omni_description/share/omni_description/package.sh'
[0.246s] INFO:colcon.colcon_core.shell:Creating package script '/home/projet-echo/Projet_indus/install/omni_description/share/omni_description/package.bash'
[0.247s] INFO:colcon.colcon_core.shell:Creating package script '/home/projet-echo/Projet_indus/install/omni_description/share/omni_description/package.zsh'
[0.247s] Level 1:colcon.colcon_core.environment:create_file_with_runtime_dependencies(/home/projet-echo/Projet_indus/install/omni_description/share/colcon-core/packages/omni_description)
[0.248s] Level 1:colcon.colcon_core.environment:create_environment_scripts_only(omni_description)
[0.248s] Level 1:colcon.colcon_core.environment:checking '/home/projet-echo/Projet_indus/install/omni_description' for CMake module files
[0.248s] Level 1:colcon.colcon_core.environment:checking '/home/projet-echo/Projet_indus/install/omni_description' for CMake config files
[0.249s] Level 1:colcon.colcon_core.shell:create_environment_hook('omni_description', 'cmake_prefix_path')
[0.249s] INFO:colcon.colcon_core.shell:Creating environment hook '/home/projet-echo/Projet_indus/install/omni_description/share/omni_description/hook/cmake_prefix_path.ps1'
[0.249s] INFO:colcon.colcon_core.shell:Creating environment descriptor '/home/projet-echo/Projet_indus/install/omni_description/share/omni_description/hook/cmake_prefix_path.dsv'
[0.249s] INFO:colcon.colcon_core.shell:Creating environment hook '/home/projet-echo/Projet_indus/install/omni_description/share/omni_description/hook/cmake_prefix_path.sh'
[0.250s] Level 1:colcon.colcon_core.environment:checking '/home/projet-echo/Projet_indus/install/omni_description/bin'
[0.250s] Level 1:colcon.colcon_core.environment:checking '/home/projet-echo/Projet_indus/install/omni_description/lib/pkgconfig/omni_description.pc'
[0.250s] Level 1:colcon.colcon_core.environment:checking '/home/projet-echo/Projet_indus/install/omni_description/lib/python3.10/site-packages'
[0.251s] Level 1:colcon.colcon_core.environment:checking '/home/projet-echo/Projet_indus/install/omni_description/bin'
[0.251s] INFO:colcon.colcon_core.shell:Creating package script '/home/projet-echo/Projet_indus/install/omni_description/share/omni_description/package.ps1'
[0.251s] INFO:colcon.colcon_core.shell:Creating package descriptor '/home/projet-echo/Projet_indus/install/omni_description/share/omni_description/package.dsv'
[0.252s] INFO:colcon.colcon_core.shell:Creating package script '/home/projet-echo/Projet_indus/install/omni_description/share/omni_description/package.sh'
[0.252s] INFO:colcon.colcon_core.shell:Creating package script '/home/projet-echo/Projet_indus/install/omni_description/share/omni_description/package.bash'
[0.253s] INFO:colcon.colcon_core.shell:Creating package script '/home/projet-echo/Projet_indus/install/omni_description/share/omni_description/package.zsh'
[0.253s] Level 1:colcon.colcon_core.environment:create_file_with_runtime_dependencies(/home/projet-echo/Projet_indus/install/omni_description/share/colcon-core/packages/omni_description)
[0.391s] DEBUG:colcon.colcon_core.event_handler.log_command:Invoked command in '/home/projet-echo/Projet_indus/build/omni_msgs' returned '0': /usr/bin/cmake --build /home/projet-echo/Projet_indus/build/omni_msgs -- -j20 -l20
[0.392s] DEBUG:colcon.colcon_core.event_handler.log_command:Invoking command in '/home/projet-echo/Projet_indus/build/omni_msgs': /usr/bin/cmake --install /home/projet-echo/Projet_indus/build/omni_msgs
[0.424s] DEBUG:colcon.colcon_core.event_handler.log_command:Invoked command in '/home/projet-echo/Projet_indus/build/omni_msgs' returned '0': /usr/bin/cmake --install /home/projet-echo/Projet_indus/build/omni_msgs
[0.424s] Level 1:colcon.colcon_core.shell:create_environment_hook('omni_msgs', 'ros_package_path')
[0.425s] INFO:colcon.colcon_core.shell:Creating environment hook '/home/projet-echo/Projet_indus/install/omni_msgs/share/omni_msgs/hook/ros_package_path.ps1'
[0.425s] INFO:colcon.colcon_core.shell:Creating environment descriptor '/home/projet-echo/Projet_indus/install/omni_msgs/share/omni_msgs/hook/ros_package_path.dsv'
[0.425s] INFO:colcon.colcon_core.shell:Creating environment hook '/home/projet-echo/Projet_indus/install/omni_msgs/share/omni_msgs/hook/ros_package_path.sh'
[0.425s] Level 1:colcon.colcon_ros.task.catkin:checking '/home/projet-echo/Projet_indus/install/omni_msgs/local/lib/python3.10/dist-packages'
[0.425s] Level 1:colcon.colcon_core.shell:create_environment_hook('omni_msgs', 'catkin_pythonpath')
[0.425s] INFO:colcon.colcon_core.shell:Creating environment hook '/home/projet-echo/Projet_indus/install/omni_msgs/share/omni_msgs/hook/catkin_pythonpath.ps1'
[0.426s] INFO:colcon.colcon_core.shell:Creating environment descriptor '/home/projet-echo/Projet_indus/install/omni_msgs/share/omni_msgs/hook/catkin_pythonpath.dsv'
[0.426s] INFO:colcon.colcon_core.shell:Creating environment hook '/home/projet-echo/Projet_indus/install/omni_msgs/share/omni_msgs/hook/catkin_pythonpath.sh'
[0.426s] Level 1:colcon.colcon_core.shell:create_environment_hook('omni_msgs', 'pkg_config_path')
[0.426s] INFO:colcon.colcon_core.shell:Creating environment hook '/home/projet-echo/Projet_indus/install/omni_msgs/share/omni_msgs/hook/pkg_config_path.ps1'
[0.426s] INFO:colcon.colcon_core.shell:Creating environment descriptor '/home/projet-echo/Projet_indus/install/omni_msgs/share/omni_msgs/hook/pkg_config_path.dsv'
[0.426s] INFO:colcon.colcon_core.shell:Creating environment hook '/home/projet-echo/Projet_indus/install/omni_msgs/share/omni_msgs/hook/pkg_config_path.sh'
[0.428s] Level 1:colcon.colcon_core.shell:create_environment_hook('omni_msgs', 'pkg_config_path_multiarch')
[0.428s] INFO:colcon.colcon_core.shell:Creating environment hook '/home/projet-echo/Projet_indus/install/omni_msgs/share/omni_msgs/hook/pkg_config_path_multiarch.ps1'
[0.428s] INFO:colcon.colcon_core.shell:Creating environment descriptor '/home/projet-echo/Projet_indus/install/omni_msgs/share/omni_msgs/hook/pkg_config_path_multiarch.dsv'
[0.428s] INFO:colcon.colcon_core.shell:Creating environment hook '/home/projet-echo/Projet_indus/install/omni_msgs/share/omni_msgs/hook/pkg_config_path_multiarch.sh'
[0.429s] Level 1:colcon.colcon_core.environment:create_environment_scripts_only(omni_msgs)
[0.429s] Level 1:colcon.colcon_core.environment:checking '/home/projet-echo/Projet_indus/install/omni_msgs' for CMake module files
[0.429s] Level 1:colcon.colcon_core.environment:checking '/home/projet-echo/Projet_indus/install/omni_msgs' for CMake config files
[0.429s] Level 1:colcon.colcon_core.shell:create_environment_hook('omni_msgs', 'cmake_prefix_path')
[0.429s] INFO:colcon.colcon_core.shell:Creating environment hook '/home/projet-echo/Projet_indus/install/omni_msgs/share/omni_msgs/hook/cmake_prefix_path.ps1'
[0.430s] INFO:colcon.colcon_core.shell:Creating environment descriptor '/home/projet-echo/Projet_indus/install/omni_msgs/share/omni_msgs/hook/cmake_prefix_path.dsv'
[0.430s] INFO:colcon.colcon_core.shell:Creating environment hook '/home/projet-echo/Projet_indus/install/omni_msgs/share/omni_msgs/hook/cmake_prefix_path.sh'
[0.430s] Level 1:colcon.colcon_core.environment:checking '/home/projet-echo/Projet_indus/install/omni_msgs/lib'
[0.430s] Level 1:colcon.colcon_core.shell:create_environment_hook('omni_msgs', 'ld_library_path_lib')
[0.430s] INFO:colcon.colcon_core.shell:Creating environment hook '/home/projet-echo/Projet_indus/install/omni_msgs/share/omni_msgs/hook/ld_library_path_lib.ps1'
[0.430s] INFO:colcon.colcon_core.shell:Creating environment descriptor '/home/projet-echo/Projet_indus/install/omni_msgs/share/omni_msgs/hook/ld_library_path_lib.dsv'
[0.431s] INFO:colcon.colcon_core.shell:Creating environment hook '/home/projet-echo/Projet_indus/install/omni_msgs/share/omni_msgs/hook/ld_library_path_lib.sh'
[0.431s] Level 1:colcon.colcon_core.environment:checking '/home/projet-echo/Projet_indus/install/omni_msgs/bin'
[0.431s] Level 1:colcon.colcon_core.environment:checking '/home/projet-echo/Projet_indus/install/omni_msgs/lib/pkgconfig/omni_msgs.pc'
[0.431s] Level 1:colcon.colcon_core.environment:checking '/home/projet-echo/Projet_indus/install/omni_msgs/lib/python3.10/site-packages'
[0.431s] Level 1:colcon.colcon_core.environment:checking '/home/projet-echo/Projet_indus/install/omni_msgs/bin'
[0.431s] INFO:colcon.colcon_core.shell:Creating package script '/home/projet-echo/Projet_indus/install/omni_msgs/share/omni_msgs/package.ps1'
[0.432s] INFO:colcon.colcon_core.shell:Creating package descriptor '/home/projet-echo/Projet_indus/install/omni_msgs/share/omni_msgs/package.dsv'
[0.432s] INFO:colcon.colcon_core.shell:Creating package script '/home/projet-echo/Projet_indus/install/omni_msgs/share/omni_msgs/package.sh'
[0.432s] INFO:colcon.colcon_core.shell:Creating package script '/home/projet-echo/Projet_indus/install/omni_msgs/share/omni_msgs/package.bash'
[0.432s] INFO:colcon.colcon_core.shell:Creating package script '/home/projet-echo/Projet_indus/install/omni_msgs/share/omni_msgs/package.zsh'
[0.432s] Level 1:colcon.colcon_core.environment:create_file_with_runtime_dependencies(/home/projet-echo/Projet_indus/install/omni_msgs/share/colcon-core/packages/omni_msgs)
[0.433s] INFO:colcon.colcon_ros.task.ament_cmake.build:Building ROS package in '/home/projet-echo/Projet_indus/src/Geomagic_Touch_ROS2/omni_common' with build type 'ament_cmake'
[0.433s] INFO:colcon.colcon_cmake.task.cmake.build:Building CMake package in '/home/projet-echo/Projet_indus/src/Geomagic_Touch_ROS2/omni_common'
[0.433s] INFO:colcon.colcon_core.shell:Skip shell extension 'powershell' for command environment: Not usable outside of PowerShell
[0.433s] DEBUG:colcon.colcon_core.shell:Skip shell extension 'dsv' for command environment
[0.435s] INFO:colcon.colcon_ros.task.ament_cmake.build:Building ROS package in '/home/projet-echo/Projet_indus/src/ur_udp' with build type 'ament_cmake'
[0.435s] INFO:colcon.colcon_cmake.task.cmake.build:Building CMake package in '/home/projet-echo/Projet_indus/src/ur_udp'
[0.435s] INFO:colcon.colcon_core.shell:Skip shell extension 'powershell' for command environment: Not usable outside of PowerShell
[0.435s] DEBUG:colcon.colcon_core.shell:Skip shell extension 'dsv' for command environment
[0.439s] DEBUG:colcon.colcon_core.event_handler.log_command:Invoking command in '/home/projet-echo/Projet_indus/build/omni_common': CMAKE_PREFIX_PATH=/opt/ros/humble:/home/projet-echo/Projet_indus/install/omni_msgs:${CMAKE_PREFIX_PATH} LD_LIBRARY_PATH=/home/projet-echo/Projet_indus/install/omni_msgs/lib:${LD_LIBRARY_PATH} PKG_CONFIG_PATH=/home/projet-echo/Projet_indus/install/omni_msgs/lib/x86_64-linux-gnu/pkgconfig:/home/projet-echo/Projet_indus/install/omni_msgs/lib/pkgconfig:${PKG_CONFIG_PATH} PYTHONPATH=/home/projet-echo/Projet_indus/install/omni_msgs/local/lib/python3.10/dist-packages:${PYTHONPATH} ROS_PACKAGE_PATH=/home/projet-echo/Projet_indus/install/omni_msgs/share:${ROS_PACKAGE_PATH} /usr/bin/cmake --build /home/projet-echo/Projet_indus/build/omni_common -- -j20 -l20
[0.441s] DEBUG:colcon.colcon_core.event_handler.log_command:Invoking command in '/home/projet-echo/Projet_indus/build/ur_udp': CMAKE_PREFIX_PATH=/opt/ros/humble:/home/projet-echo/Projet_indus/install/omni_msgs:${CMAKE_PREFIX_PATH} LD_LIBRARY_PATH=/home/projet-echo/Projet_indus/install/omni_msgs/lib:${LD_LIBRARY_PATH} PKG_CONFIG_PATH=/home/projet-echo/Projet_indus/install/omni_msgs/lib/x86_64-linux-gnu/pkgconfig:/home/projet-echo/Projet_indus/install/omni_msgs/lib/pkgconfig:${PKG_CONFIG_PATH} PYTHONPATH=/home/projet-echo/Projet_indus/install/omni_msgs/local/lib/python3.10/dist-packages:${PYTHONPATH} ROS_PACKAGE_PATH=/home/projet-echo/Projet_indus/install/omni_msgs/share:${ROS_PACKAGE_PATH} /usr/bin/cmake --build /home/projet-echo/Projet_indus/build/ur_udp -- -j20 -l20
[0.494s] DEBUG:colcon.colcon_core.event_handler.log_command:Invoked command in '/home/projet-echo/Projet_indus/build/omni_common' returned '0': CMAKE_PREFIX_PATH=/opt/ros/humble:/home/projet-echo/Projet_indus/install/omni_msgs:${CMAKE_PREFIX_PATH} LD_LIBRARY_PATH=/home/projet-echo/Projet_indus/install/omni_msgs/lib:${LD_LIBRARY_PATH} PKG_CONFIG_PATH=/home/projet-echo/Projet_indus/install/omni_msgs/lib/x86_64-linux-gnu/pkgconfig:/home/projet-echo/Projet_indus/install/omni_msgs/lib/pkgconfig:${PKG_CONFIG_PATH} PYTHONPATH=/home/projet-echo/Projet_indus/install/omni_msgs/local/lib/python3.10/dist-packages:${PYTHONPATH} ROS_PACKAGE_PATH=/home/projet-echo/Projet_indus/install/omni_msgs/share:${ROS_PACKAGE_PATH} /usr/bin/cmake --build /home/projet-echo/Projet_indus/build/omni_common -- -j20 -l20
[0.495s] DEBUG:colcon.colcon_core.event_handler.log_command:Invoking command in '/home/projet-echo/Projet_indus/build/omni_common': CMAKE_PREFIX_PATH=/opt/ros/humble:/home/projet-echo/Projet_indus/install/omni_msgs:${CMAKE_PREFIX_PATH} LD_LIBRARY_PATH=/home/projet-echo/Projet_indus/install/omni_msgs/lib:${LD_LIBRARY_PATH} PKG_CONFIG_PATH=/home/projet-echo/Projet_indus/install/omni_msgs/lib/x86_64-linux-gnu/pkgconfig:/home/projet-echo/Projet_indus/install/omni_msgs/lib/pkgconfig:${PKG_CONFIG_PATH} PYTHONPATH=/home/projet-echo/Projet_indus/install/omni_msgs/local/lib/python3.10/dist-packages:${PYTHONPATH} ROS_PACKAGE_PATH=/home/projet-echo/Projet_indus/install/omni_msgs/share:${ROS_PACKAGE_PATH} /usr/bin/cmake --install /home/projet-echo/Projet_indus/build/omni_common
[0.499s] DEBUG:colcon.colcon_core.event_handler.log_command:Invoked command in '/home/projet-echo/Projet_indus/build/ur_udp' returned '0': CMAKE_PREFIX_PATH=/opt/ros/humble:/home/projet-echo/Projet_indus/install/omni_msgs:${CMAKE_PREFIX_PATH} LD_LIBRARY_PATH=/home/projet-echo/Projet_indus/install/omni_msgs/lib:${LD_LIBRARY_PATH} PKG_CONFIG_PATH=/home/projet-echo/Projet_indus/install/omni_msgs/lib/x86_64-linux-gnu/pkgconfig:/home/projet-echo/Projet_indus/install/omni_msgs/lib/pkgconfig:${PKG_CONFIG_PATH} PYTHONPATH=/home/projet-echo/Projet_indus/install/omni_msgs/local/lib/python3.10/dist-packages:${PYTHONPATH} ROS_PACKAGE_PATH=/home/projet-echo/Projet_indus/install/omni_msgs/share:${ROS_PACKAGE_PATH} /usr/bin/cmake --build /home/projet-echo/Projet_indus/build/ur_udp -- -j20 -l20
[0.500s] DEBUG:colcon.colcon_core.event_handler.log_command:Invoking command in '/home/projet-echo/Projet_indus/build/ur_udp': CMAKE_PREFIX_PATH=/opt/ros/humble:/home/projet-echo/Projet_indus/install/omni_msgs:${CMAKE_PREFIX_PATH} LD_LIBRARY_PATH=/home/projet-echo/Projet_indus/install/omni_msgs/lib:${LD_LIBRARY_PATH} PKG_CONFIG_PATH=/home/projet-echo/Projet_indus/install/omni_msgs/lib/x86_64-linux-gnu/pkgconfig:/home/projet-echo/Projet_indus/install/omni_msgs/lib/pkgconfig:${PKG_CONFIG_PATH} PYTHONPATH=/home/projet-echo/Projet_indus/install/omni_msgs/local/lib/python3.10/dist-packages:${PYTHONPATH} ROS_PACKAGE_PATH=/home/projet-echo/Projet_indus/install/omni_msgs/share:${ROS_PACKAGE_PATH} /usr/bin/cmake --install /home/projet-echo/Projet_indus/build/ur_udp
[0.503s] Level 1:colcon.colcon_core.environment:create_environment_scripts_only(omni_common)
[0.503s] DEBUG:colcon.colcon_core.event_handler.log_command:Invoked command in '/home/projet-echo/Projet_indus/build/omni_common' returned '0': CMAKE_PREFIX_PATH=/opt/ros/humble:/home/projet-echo/Projet_indus/install/omni_msgs:${CMAKE_PREFIX_PATH} LD_LIBRARY_PATH=/home/projet-echo/Projet_indus/install/omni_msgs/lib:${LD_LIBRARY_PATH} PKG_CONFIG_PATH=/home/projet-echo/Projet_indus/install/omni_msgs/lib/x86_64-linux-gnu/pkgconfig:/home/projet-echo/Projet_indus/install/omni_msgs/lib/pkgconfig:${PKG_CONFIG_PATH} PYTHONPATH=/home/projet-echo/Projet_indus/install/omni_msgs/local/lib/python3.10/dist-packages:${PYTHONPATH} ROS_PACKAGE_PATH=/home/projet-echo/Projet_indus/install/omni_msgs/share:${ROS_PACKAGE_PATH} /usr/bin/cmake --install /home/projet-echo/Projet_indus/build/omni_common
[0.503s] Level 1:colcon.colcon_core.environment:checking '/home/projet-echo/Projet_indus/install/omni_common' for CMake module files
[0.504s] Level 1:colcon.colcon_core.environment:checking '/home/projet-echo/Projet_indus/install/omni_common' for CMake config files
[0.504s] Level 1:colcon.colcon_core.shell:create_environment_hook('omni_common', 'cmake_prefix_path')
[0.504s] INFO:colcon.colcon_core.shell:Creating environment hook '/home/projet-echo/Projet_indus/install/omni_common/share/omni_common/hook/cmake_prefix_path.ps1'
[0.505s] INFO:colcon.colcon_core.shell:Creating environment descriptor '/home/projet-echo/Projet_indus/install/omni_common/share/omni_common/hook/cmake_prefix_path.dsv'
[0.506s] INFO:colcon.colcon_core.shell:Creating environment hook '/home/projet-echo/Projet_indus/install/omni_common/share/omni_common/hook/cmake_prefix_path.sh'
[0.506s] Level 1:colcon.colcon_core.environment:checking '/home/projet-echo/Projet_indus/install/omni_common/lib'
[0.507s] Level 1:colcon.colcon_core.environment:checking '/home/projet-echo/Projet_indus/install/omni_common/bin'
[0.507s] Level 1:colcon.colcon_core.environment:checking '/home/projet-echo/Projet_indus/install/omni_common/lib/pkgconfig/omni_common.pc'
[0.507s] Level 1:colcon.colcon_core.environment:checking '/home/projet-echo/Projet_indus/install/omni_common/lib/python3.10/site-packages'
[0.507s] Level 1:colcon.colcon_core.environment:checking '/home/projet-echo/Projet_indus/install/omni_common/bin'
[0.507s] INFO:colcon.colcon_core.shell:Creating package script '/home/projet-echo/Projet_indus/install/omni_common/share/omni_common/package.ps1'
[0.507s] INFO:colcon.colcon_core.shell:Creating package descriptor '/home/projet-echo/Projet_indus/install/omni_common/share/omni_common/package.dsv'
[0.508s] INFO:colcon.colcon_core.shell:Creating package script '/home/projet-echo/Projet_indus/install/omni_common/share/omni_common/package.sh'
[0.508s] INFO:colcon.colcon_core.shell:Creating package script '/home/projet-echo/Projet_indus/install/omni_common/share/omni_common/package.bash'
[0.508s] INFO:colcon.colcon_core.shell:Creating package script '/home/projet-echo/Projet_indus/install/omni_common/share/omni_common/package.zsh'
[0.508s] Level 1:colcon.colcon_core.environment:create_file_with_runtime_dependencies(/home/projet-echo/Projet_indus/install/omni_common/share/colcon-core/packages/omni_common)
[0.508s] Level 1:colcon.colcon_core.environment:create_environment_scripts_only(omni_common)
[0.509s] Level 1:colcon.colcon_core.environment:checking '/home/projet-echo/Projet_indus/install/omni_common' for CMake module files
[0.509s] Level 1:colcon.colcon_core.environment:checking '/home/projet-echo/Projet_indus/install/omni_common' for CMake config files
[0.509s] Level 1:colcon.colcon_core.shell:create_environment_hook('omni_common', 'cmake_prefix_path')
[0.509s] INFO:colcon.colcon_core.shell:Creating environment hook '/home/projet-echo/Projet_indus/install/omni_common/share/omni_common/hook/cmake_prefix_path.ps1'
[0.509s] INFO:colcon.colcon_core.shell:Creating environment descriptor '/home/projet-echo/Projet_indus/install/omni_common/share/omni_common/hook/cmake_prefix_path.dsv'
[0.509s] INFO:colcon.colcon_core.shell:Creating environment hook '/home/projet-echo/Projet_indus/install/omni_common/share/omni_common/hook/cmake_prefix_path.sh'
[0.510s] Level 1:colcon.colcon_core.environment:checking '/home/projet-echo/Projet_indus/install/omni_common/lib'
[0.510s] Level 1:colcon.colcon_core.environment:checking '/home/projet-echo/Projet_indus/install/omni_common/bin'
[0.510s] Level 1:colcon.colcon_core.environment:checking '/home/projet-echo/Projet_indus/install/omni_common/lib/pkgconfig/omni_common.pc'
[0.510s] Level 1:colcon.colcon_core.environment:checking '/home/projet-echo/Projet_indus/install/omni_common/lib/python3.10/site-packages'
[0.510s] Level 1:colcon.colcon_core.environment:checking '/home/projet-echo/Projet_indus/install/omni_common/bin'
[0.510s] INFO:colcon.colcon_core.shell:Creating package script '/home/projet-echo/Projet_indus/install/omni_common/share/omni_common/package.ps1'
[0.510s] INFO:colcon.colcon_core.shell:Creating package descriptor '/home/projet-echo/Projet_indus/install/omni_common/share/omni_common/package.dsv'
[0.511s] INFO:colcon.colcon_core.shell:Creating package script '/home/projet-echo/Projet_indus/install/omni_common/share/omni_common/package.sh'
[0.511s] INFO:colcon.colcon_core.shell:Creating package script '/home/projet-echo/Projet_indus/install/omni_common/share/omni_common/package.bash'
[0.511s] INFO:colcon.colcon_core.shell:Creating package script '/home/projet-echo/Projet_indus/install/omni_common/share/omni_common/package.zsh'
[0.512s] Level 1:colcon.colcon_core.environment:create_file_with_runtime_dependencies(/home/projet-echo/Projet_indus/install/omni_common/share/colcon-core/packages/omni_common)
[0.512s] INFO:colcon.colcon_ros.task.ament_cmake.build:Building ROS package in '/home/projet-echo/Projet_indus/src/ur_to_touch_haptic_teleoperation' with build type 'ament_cmake'
[0.512s] INFO:colcon.colcon_cmake.task.cmake.build:Building CMake package in '/home/projet-echo/Projet_indus/src/ur_to_touch_haptic_teleoperation'
[0.513s] INFO:colcon.colcon_core.shell:Skip shell extension 'powershell' for command environment: Not usable outside of PowerShell
[0.513s] DEBUG:colcon.colcon_core.shell:Skip shell extension 'dsv' for command environment
[0.515s] Level 1:colcon.colcon_core.environment:create_environment_scripts_only(ur_udp)
[0.515s] Level 1:colcon.colcon_core.environment:checking '/home/projet-echo/Projet_indus/install/ur_udp' for CMake module files
[0.515s] DEBUG:colcon.colcon_core.event_handler.log_command:Invoked command in '/home/projet-echo/Projet_indus/build/ur_udp' returned '0': CMAKE_PREFIX_PATH=/opt/ros/humble:/home/projet-echo/Projet_indus/install/omni_msgs:${CMAKE_PREFIX_PATH} LD_LIBRARY_PATH=/home/projet-echo/Projet_indus/install/omni_msgs/lib:${LD_LIBRARY_PATH} PKG_CONFIG_PATH=/home/projet-echo/Projet_indus/install/omni_msgs/lib/x86_64-linux-gnu/pkgconfig:/home/projet-echo/Projet_indus/install/omni_msgs/lib/pkgconfig:${PKG_CONFIG_PATH} PYTHONPATH=/home/projet-echo/Projet_indus/install/omni_msgs/local/lib/python3.10/dist-packages:${PYTHONPATH} ROS_PACKAGE_PATH=/home/projet-echo/Projet_indus/install/omni_msgs/share:${ROS_PACKAGE_PATH} /usr/bin/cmake --install /home/projet-echo/Projet_indus/build/ur_udp
[0.516s] Level 1:colcon.colcon_core.environment:checking '/home/projet-echo/Projet_indus/install/ur_udp' for CMake config files
[0.516s] Level 1:colcon.colcon_core.shell:create_environment_hook('ur_udp', 'cmake_prefix_path')
[0.516s] INFO:colcon.colcon_core.shell:Creating environment hook '/home/projet-echo/Projet_indus/install/ur_udp/share/ur_udp/hook/cmake_prefix_path.ps1'
[0.516s] INFO:colcon.colcon_core.shell:Creating environment descriptor '/home/projet-echo/Projet_indus/install/ur_udp/share/ur_udp/hook/cmake_prefix_path.dsv'
[0.516s] INFO:colcon.colcon_core.shell:Creating environment hook '/home/projet-echo/Projet_indus/install/ur_udp/share/ur_udp/hook/cmake_prefix_path.sh'
[0.516s] Level 1:colcon.colcon_core.environment:checking '/home/projet-echo/Projet_indus/install/ur_udp/lib'
[0.517s] Level 1:colcon.colcon_core.environment:checking '/home/projet-echo/Projet_indus/install/ur_udp/bin'
[0.517s] Level 1:colcon.colcon_core.environment:checking '/home/projet-echo/Projet_indus/install/ur_udp/lib/pkgconfig/ur_udp.pc'
[0.517s] Level 1:colcon.colcon_core.environment:checking '/home/projet-echo/Projet_indus/install/ur_udp/lib/python3.10/site-packages'
[0.517s] Level 1:colcon.colcon_core.environment:checking '/home/projet-echo/Projet_indus/install/ur_udp/bin'
[0.517s] INFO:colcon.colcon_core.shell:Creating package script '/home/projet-echo/Projet_indus/install/ur_udp/share/ur_udp/package.ps1'
[0.517s] INFO:colcon.colcon_core.shell:Creating package descriptor '/home/projet-echo/Projet_indus/install/ur_udp/share/ur_udp/package.dsv'
[0.517s] INFO:colcon.colcon_core.shell:Creating package script '/home/projet-echo/Projet_indus/install/ur_udp/share/ur_udp/package.sh'
[0.518s] INFO:colcon.colcon_core.shell:Creating package script '/home/projet-echo/Projet_indus/install/ur_udp/share/ur_udp/package.bash'
[0.518s] INFO:colcon.colcon_core.shell:Creating package script '/home/projet-echo/Projet_indus/install/ur_udp/share/ur_udp/package.zsh'
[0.518s] Level 1:colcon.colcon_core.environment:create_file_with_runtime_dependencies(/home/projet-echo/Projet_indus/install/ur_udp/share/colcon-core/packages/ur_udp)
[0.518s] Level 1:colcon.colcon_core.environment:create_environment_scripts_only(ur_udp)
[0.518s] Level 1:colcon.colcon_core.environment:checking '/home/projet-echo/Projet_indus/install/ur_udp' for CMake module files
[0.519s] Level 1:colcon.colcon_core.environment:checking '/home/projet-echo/Projet_indus/install/ur_udp' for CMake config files
[0.519s] Level 1:colcon.colcon_core.shell:create_environment_hook('ur_udp', 'cmake_prefix_path')
[0.519s] INFO:colcon.colcon_core.shell:Creating environment hook '/home/projet-echo/Projet_indus/install/ur_udp/share/ur_udp/hook/cmake_prefix_path.ps1'
[0.519s] INFO:colcon.colcon_core.shell:Creating environment descriptor '/home/projet-echo/Projet_indus/install/ur_udp/share/ur_udp/hook/cmake_prefix_path.dsv'
[0.519s] INFO:colcon.colcon_core.shell:Creating environment hook '/home/projet-echo/Projet_indus/install/ur_udp/share/ur_udp/hook/cmake_prefix_path.sh'
[0.520s] Level 1:colcon.colcon_core.environment:checking '/home/projet-echo/Projet_indus/install/ur_udp/lib'
[0.520s] Level 1:colcon.colcon_core.environment:checking '/home/projet-echo/Projet_indus/install/ur_udp/bin'
[0.520s] Level 1:colcon.colcon_core.environment:checking '/home/projet-echo/Projet_indus/install/ur_udp/lib/pkgconfig/ur_udp.pc'
[0.520s] Level 1:colcon.colcon_core.environment:checking '/home/projet-echo/Projet_indus/install/ur_udp/lib/python3.10/site-packages'
[0.520s] Level 1:colcon.colcon_core.environment:checking '/home/projet-echo/Projet_indus/install/ur_udp/bin'
[0.520s] INFO:colcon.colcon_core.shell:Creating package script '/home/projet-echo/Projet_indus/install/ur_udp/share/ur_udp/package.ps1'
[0.520s] INFO:colcon.colcon_core.shell:Creating package descriptor '/home/projet-echo/Projet_indus/install/ur_udp/share/ur_udp/package.dsv'
[0.521s] INFO:colcon.colcon_core.shell:Creating package script '/home/projet-echo/Projet_indus/install/ur_udp/share/ur_udp/package.sh'
[0.521s] INFO:colcon.colcon_core.shell:Creating package script '/home/projet-echo/Projet_indus/install/ur_udp/share/ur_udp/package.bash'
[0.521s] INFO:colcon.colcon_core.shell:Creating package script '/home/projet-echo/Projet_indus/install/ur_udp/share/ur_udp/package.zsh'
[0.521s] Level 1:colcon.colcon_core.environment:create_file_with_runtime_dependencies(/home/projet-echo/Projet_indus/install/ur_udp/share/colcon-core/packages/ur_udp)
[0.523s] DEBUG:colcon.colcon_core.event_handler.log_command:Invoking command in '/home/projet-echo/Projet_indus/build/ur_to_touch_haptic_teleoperation': AMENT_PREFIX_PATH=/home/projet-echo/Projet_indus/install/omni_common:${AMENT_PREFIX_PATH} CMAKE_PREFIX_PATH=/home/projet-echo/Projet_indus/install/omni_common:/opt/ros/humble:/home/projet-echo/Projet_indus/install/omni_msgs:${CMAKE_PREFIX_PATH} LD_LIBRARY_PATH=/home/projet-echo/Projet_indus/install/omni_msgs/lib:${LD_LIBRARY_PATH} PKG_CONFIG_PATH=/home/projet-echo/Projet_indus/install/omni_msgs/lib/x86_64-linux-gnu/pkgconfig:/home/projet-echo/Projet_indus/install/omni_msgs/lib/pkgconfig:${PKG_CONFIG_PATH} PYTHONPATH=/home/projet-echo/Projet_indus/install/omni_msgs/local/lib/python3.10/dist-packages:${PYTHONPATH} ROS_PACKAGE_PATH=/home/projet-echo/Projet_indus/install/omni_msgs/share:${ROS_PACKAGE_PATH} /usr/bin/cmake --build /home/projet-echo/Projet_indus/build/ur_to_touch_haptic_teleoperation -- -j20 -l20
[0.575s] DEBUG:colcon.colcon_core.event_handler.log_command:Invoked command in '/home/projet-echo/Projet_indus/build/ur_to_touch_haptic_teleoperation' returned '0': AMENT_PREFIX_PATH=/home/projet-echo/Projet_indus/install/omni_common:${AMENT_PREFIX_PATH} CMAKE_PREFIX_PATH=/home/projet-echo/Projet_indus/install/omni_common:/opt/ros/humble:/home/projet-echo/Projet_indus/install/omni_msgs:${CMAKE_PREFIX_PATH} LD_LIBRARY_PATH=/home/projet-echo/Projet_indus/install/omni_msgs/lib:${LD_LIBRARY_PATH} PKG_CONFIG_PATH=/home/projet-echo/Projet_indus/install/omni_msgs/lib/x86_64-linux-gnu/pkgconfig:/home/projet-echo/Projet_indus/install/omni_msgs/lib/pkgconfig:${PKG_CONFIG_PATH} PYTHONPATH=/home/projet-echo/Projet_indus/install/omni_msgs/local/lib/python3.10/dist-packages:${PYTHONPATH} ROS_PACKAGE_PATH=/home/projet-echo/Projet_indus/install/omni_msgs/share:${ROS_PACKAGE_PATH} /usr/bin/cmake --build /home/projet-echo/Projet_indus/build/ur_to_touch_haptic_teleoperation -- -j20 -l20
[0.576s] DEBUG:colcon.colcon_core.event_handler.log_command:Invoking command in '/home/projet-echo/Projet_indus/build/ur_to_touch_haptic_teleoperation': AMENT_PREFIX_PATH=/home/projet-echo/Projet_indus/install/omni_common:${AMENT_PREFIX_PATH} CMAKE_PREFIX_PATH=/home/projet-echo/Projet_indus/install/omni_common:/opt/ros/humble:/home/projet-echo/Projet_indus/install/omni_msgs:${CMAKE_PREFIX_PATH} LD_LIBRARY_PATH=/home/projet-echo/Projet_indus/install/omni_msgs/lib:${LD_LIBRARY_PATH} PKG_CONFIG_PATH=/home/projet-echo/Projet_indus/install/omni_msgs/lib/x86_64-linux-gnu/pkgconfig:/home/projet-echo/Projet_indus/install/omni_msgs/lib/pkgconfig:${PKG_CONFIG_PATH} PYTHONPATH=/home/projet-echo/Projet_indus/install/omni_msgs/local/lib/python3.10/dist-packages:${PYTHONPATH} ROS_PACKAGE_PATH=/home/projet-echo/Projet_indus/install/omni_msgs/share:${ROS_PACKAGE_PATH} /usr/bin/cmake --install /home/projet-echo/Projet_indus/build/ur_to_touch_haptic_teleoperation
[0.583s] Level 1:colcon.colcon_core.environment:create_environment_scripts_only(ur_to_touch_haptic_teleoperation)
[0.583s] Level 1:colcon.colcon_core.environment:checking '/home/projet-echo/Projet_indus/install/ur_to_touch_haptic_teleoperation' for CMake module files
[0.583s] DEBUG:colcon.colcon_core.event_handler.log_command:Invoked command in '/home/projet-echo/Projet_indus/build/ur_to_touch_haptic_teleoperation' returned '0': AMENT_PREFIX_PATH=/home/projet-echo/Projet_indus/install/omni_common:${AMENT_PREFIX_PATH} CMAKE_PREFIX_PATH=/home/projet-echo/Projet_indus/install/omni_common:/opt/ros/humble:/home/projet-echo/Projet_indus/install/omni_msgs:${CMAKE_PREFIX_PATH} LD_LIBRARY_PATH=/home/projet-echo/Projet_indus/install/omni_msgs/lib:${LD_LIBRARY_PATH} PKG_CONFIG_PATH=/home/projet-echo/Projet_indus/install/omni_msgs/lib/x86_64-linux-gnu/pkgconfig:/home/projet-echo/Projet_indus/install/omni_msgs/lib/pkgconfig:${PKG_CONFIG_PATH} PYTHONPATH=/home/projet-echo/Projet_indus/install/omni_msgs/local/lib/python3.10/dist-packages:${PYTHONPATH} ROS_PACKAGE_PATH=/home/projet-echo/Projet_indus/install/omni_msgs/share:${ROS_PACKAGE_PATH} /usr/bin/cmake --install /home/projet-echo/Projet_indus/build/ur_to_touch_haptic_teleoperation
[0.583s] Level 1:colcon.colcon_core.environment:checking '/home/projet-echo/Projet_indus/install/ur_to_touch_haptic_teleoperation' for CMake config files
[0.584s] Level 1:colcon.colcon_core.shell:create_environment_hook('ur_to_touch_haptic_teleoperation', 'cmake_prefix_path')
[0.584s] INFO:colcon.colcon_core.shell:Creating environment hook '/home/projet-echo/Projet_indus/install/ur_to_touch_haptic_teleoperation/share/ur_to_touch_haptic_teleoperation/hook/cmake_prefix_path.ps1'
[0.584s] INFO:colcon.colcon_core.shell:Creating environment descriptor '/home/projet-echo/Projet_indus/install/ur_to_touch_haptic_teleoperation/share/ur_to_touch_haptic_teleoperation/hook/cmake_prefix_path.dsv'
[0.584s] INFO:colcon.colcon_core.shell:Creating environment hook '/home/projet-echo/Projet_indus/install/ur_to_touch_haptic_teleoperation/share/ur_to_touch_haptic_teleoperation/hook/cmake_prefix_path.sh'
[0.584s] Level 1:colcon.colcon_core.environment:checking '/home/projet-echo/Projet_indus/install/ur_to_touch_haptic_teleoperation/lib'
[0.584s] Level 1:colcon.colcon_core.environment:checking '/home/projet-echo/Projet_indus/install/ur_to_touch_haptic_teleoperation/bin'
[0.584s] Level 1:colcon.colcon_core.environment:checking '/home/projet-echo/Projet_indus/install/ur_to_touch_haptic_teleoperation/lib/pkgconfig/ur_to_touch_haptic_teleoperation.pc'
[0.585s] Level 1:colcon.colcon_core.environment:checking '/home/projet-echo/Projet_indus/install/ur_to_touch_haptic_teleoperation/lib/python3.10/site-packages'
[0.585s] Level 1:colcon.colcon_core.environment:checking '/home/projet-echo/Projet_indus/install/ur_to_touch_haptic_teleoperation/bin'
[0.585s] INFO:colcon.colcon_core.shell:Creating package script '/home/projet-echo/Projet_indus/install/ur_to_touch_haptic_teleoperation/share/ur_to_touch_haptic_teleoperation/package.ps1'
[0.585s] INFO:colcon.colcon_core.shell:Creating package descriptor '/home/projet-echo/Projet_indus/install/ur_to_touch_haptic_teleoperation/share/ur_to_touch_haptic_teleoperation/package.dsv'
[0.585s] INFO:colcon.colcon_core.shell:Creating package script '/home/projet-echo/Projet_indus/install/ur_to_touch_haptic_teleoperation/share/ur_to_touch_haptic_teleoperation/package.sh'
[0.586s] INFO:colcon.colcon_core.shell:Creating package script '/home/projet-echo/Projet_indus/install/ur_to_touch_haptic_teleoperation/share/ur_to_touch_haptic_teleoperation/package.bash'
[0.586s] INFO:colcon.colcon_core.shell:Creating package script '/home/projet-echo/Projet_indus/install/ur_to_touch_haptic_teleoperation/share/ur_to_touch_haptic_teleoperation/package.zsh'
[0.586s] Level 1:colcon.colcon_core.environment:create_file_with_runtime_dependencies(/home/projet-echo/Projet_indus/install/ur_to_touch_haptic_teleoperation/share/colcon-core/packages/ur_to_touch_haptic_teleoperation)
[0.586s] Level 1:colcon.colcon_core.environment:create_environment_scripts_only(ur_to_touch_haptic_teleoperation)
[0.586s] Level 1:colcon.colcon_core.environment:checking '/home/projet-echo/Projet_indus/install/ur_to_touch_haptic_teleoperation' for CMake module files
[0.586s] Level 1:colcon.colcon_core.environment:checking '/home/projet-echo/Projet_indus/install/ur_to_touch_haptic_teleoperation' for CMake config files
[0.587s] Level 1:colcon.colcon_core.shell:create_environment_hook('ur_to_touch_haptic_teleoperation', 'cmake_prefix_path')
[0.587s] INFO:colcon.colcon_core.shell:Creating environment hook '/home/projet-echo/Projet_indus/install/ur_to_touch_haptic_teleoperation/share/ur_to_touch_haptic_teleoperation/hook/cmake_prefix_path.ps1'
[0.587s] INFO:colcon.colcon_core.shell:Creating environment descriptor '/home/projet-echo/Projet_indus/install/ur_to_touch_haptic_teleoperation/share/ur_to_touch_haptic_teleoperation/hook/cmake_prefix_path.dsv'
[0.587s] INFO:colcon.colcon_core.shell:Creating environment hook '/home/projet-echo/Projet_indus/install/ur_to_touch_haptic_teleoperation/share/ur_to_touch_haptic_teleoperation/hook/cmake_prefix_path.sh'
[0.587s] Level 1:colcon.colcon_core.environment:checking '/home/projet-echo/Projet_indus/install/ur_to_touch_haptic_teleoperation/lib'
[0.587s] Level 1:colcon.colcon_core.environment:checking '/home/projet-echo/Projet_indus/install/ur_to_touch_haptic_teleoperation/bin'
[0.588s] Level 1:colcon.colcon_core.environment:checking '/home/projet-echo/Projet_indus/install/ur_to_touch_haptic_teleoperation/lib/pkgconfig/ur_to_touch_haptic_teleoperation.pc'
[0.588s] Level 1:colcon.colcon_core.environment:checking '/home/projet-echo/Projet_indus/install/ur_to_touch_haptic_teleoperation/lib/python3.10/site-packages'
[0.588s] Level 1:colcon.colcon_core.environment:checking '/home/projet-echo/Projet_indus/install/ur_to_touch_haptic_teleoperation/bin'
[0.588s] INFO:colcon.colcon_core.shell:Creating package script '/home/projet-echo/Projet_indus/install/ur_to_touch_haptic_teleoperation/share/ur_to_touch_haptic_teleoperation/package.ps1'
[0.588s] INFO:colcon.colcon_core.shell:Creating package descriptor '/home/projet-echo/Projet_indus/install/ur_to_touch_haptic_teleoperation/share/ur_to_touch_haptic_teleoperation/package.dsv'
[0.588s] INFO:colcon.colcon_core.shell:Creating package script '/home/projet-echo/Projet_indus/install/ur_to_touch_haptic_teleoperation/share/ur_to_touch_haptic_teleoperation/package.sh'
[0.589s] INFO:colcon.colcon_core.shell:Creating package script '/home/projet-echo/Projet_indus/install/ur_to_touch_haptic_teleoperation/share/ur_to_touch_haptic_teleoperation/package.bash'
[0.589s] INFO:colcon.colcon_core.shell:Creating package script '/home/projet-echo/Projet_indus/install/ur_to_touch_haptic_teleoperation/share/ur_to_touch_haptic_teleoperation/package.zsh'
[0.589s] Level 1:colcon.colcon_core.environment:create_file_with_runtime_dependencies(/home/projet-echo/Projet_indus/install/ur_to_touch_haptic_teleoperation/share/colcon-core/packages/ur_to_touch_haptic_teleoperation)
[0.589s] DEBUG:colcon.colcon_parallel_executor.executor.parallel:closing loop
[0.589s] DEBUG:colcon.colcon_parallel_executor.executor.parallel:loop closed
[0.589s] DEBUG:colcon.colcon_parallel_executor.executor.parallel:run_until_complete finished with '0'
[0.589s] DEBUG:colcon.colcon_core.event_reactor:joining thread
[0.592s] INFO:colcon.colcon_core.plugin_system:Skipping extension 'colcon_notification.desktop_notification.terminal_notifier': Not used on non-Darwin systems
[0.593s] INFO:colcon.colcon_core.plugin_system:Skipping extension 'colcon_notification.desktop_notification.win32': Not used on non-Windows systems
[0.593s] INFO:colcon.colcon_notification.desktop_notification:Sending desktop notification using 'notify2'
[0.603s] DEBUG:colcon.colcon_core.event_reactor:joined thread
[0.603s] INFO:colcon.colcon_core.shell:Creating prefix script '/home/projet-echo/Projet_indus/install/local_setup.ps1'
[0.604s] INFO:colcon.colcon_core.shell:Creating prefix util module '/home/projet-echo/Projet_indus/install/_local_setup_util_ps1.py'
[0.605s] INFO:colcon.colcon_core.shell:Creating prefix chain script '/home/projet-echo/Projet_indus/install/setup.ps1'
[0.605s] INFO:colcon.colcon_core.shell:Creating prefix script '/home/projet-echo/Projet_indus/install/local_setup.sh'
[0.606s] INFO:colcon.colcon_core.shell:Creating prefix util module '/home/projet-echo/Projet_indus/install/_local_setup_util_sh.py'
[0.606s] INFO:colcon.colcon_core.shell:Creating prefix chain script '/home/projet-echo/Projet_indus/install/setup.sh'
[0.606s] INFO:colcon.colcon_core.shell:Creating prefix script '/home/projet-echo/Projet_indus/install/local_setup.bash'
[0.607s] INFO:colcon.colcon_core.shell:Creating prefix chain script '/home/projet-echo/Projet_indus/install/setup.bash'
[0.607s] INFO:colcon.colcon_core.shell:Creating prefix script '/home/projet-echo/Projet_indus/install/local_setup.zsh'
[0.607s] INFO:colcon.colcon_core.shell:Creating prefix chain script '/home/projet-echo/Projet_indus/install/setup.zsh'
