[35m[1mConsolidate compiler generated dependencies of target phantom_udp[0m
[35m[1mConsolidate compiler generated dependencies of target ur_udp[0m
[ 75%] [32mBuilding CXX object CMakeFiles/phantom_udp.dir/src/phantom_udp.cpp.o[0m
[ 75%] Built target ur_udp
[100%] [32m[1mLinking CXX executable phantom_udp[0m
[100%] Built target phantom_udp
-- Install configuration: ""
-- Installing: /home/dilhan/ros2_ws/install/ur_udp/lib/ur_udp/ur_udp
-- Set runtime path of "/home/dilhan/ros2_ws/install/ur_udp/lib/ur_udp/ur_udp" to ""
-- Installing: /home/dilhan/ros2_ws/install/ur_udp/lib/ur_udp/phantom_udp
-- Set runtime path of "/home/dilhan/ros2_ws/install/ur_udp/lib/ur_udp/phantom_udp" to ""
-- Installing: /home/dilhan/ros2_ws/install/ur_udp/share/ament_index/resource_index/package_run_dependencies/ur_udp
-- Installing: /home/dilhan/ros2_ws/install/ur_udp/share/ament_index/resource_index/parent_prefix_path/ur_udp
-- Installing: /home/dilhan/ros2_ws/install/ur_udp/share/ur_udp/environment/ament_prefix_path.sh
-- Installing: /home/dilhan/ros2_ws/install/ur_udp/share/ur_udp/environment/ament_prefix_path.dsv
-- Installing: /home/dilhan/ros2_ws/install/ur_udp/share/ur_udp/environment/path.sh
-- Installing: /home/dilhan/ros2_ws/install/ur_udp/share/ur_udp/environment/path.dsv
-- Installing: /home/dilhan/ros2_ws/install/ur_udp/share/ur_udp/local_setup.bash
-- Installing: /home/dilhan/ros2_ws/install/ur_udp/share/ur_udp/local_setup.sh
-- Installing: /home/dilhan/ros2_ws/install/ur_udp/share/ur_udp/local_setup.zsh
-- Installing: /home/dilhan/ros2_ws/install/ur_udp/share/ur_udp/local_setup.dsv
-- Installing: /home/dilhan/ros2_ws/install/ur_udp/share/ur_udp/package.dsv
-- Installing: /home/dilhan/ros2_ws/install/ur_udp/share/ament_index/resource_index/packages/ur_udp
-- Installing: /home/dilhan/ros2_ws/install/ur_udp/share/ur_udp/cmake/ur_udpConfig.cmake
-- Installing: /home/dilhan/ros2_ws/install/ur_udp/share/ur_udp/cmake/ur_udpConfig-version.cmake
-- Installing: /home/dilhan/ros2_ws/install/ur_udp/share/ur_udp/package.xml
