[0.010s] Invoking command in '/home/dilhan/ros2_ws/build/ur_udp': CMAKE_PREFIX_PATH=/home/dilhan/ros2_ws/install/optoforce_wrapper:/opt/ros/humble:/home/dilhan/ros2_ws/install/omni_msgs:/home/dilhan/ros2_ws/install/ur_to_touch_haptic_teleoperation:/home/dilhan/ros2_ws/install/omni_common:/home/dilhan/ros2_ws/install/omni_description LD_LIBRARY_PATH=/home/dilhan/ros2_ws/install/omni_msgs/lib:/usr/local/cuda-11.8/lib64:/usr/local/cuda-11.8/lib64:/usr/local/cuda-11.8/lib64:/usr/local/cuda-11.8/lib64:/opt/ros/humble/opt/rviz_ogre_vendor/lib:/opt/ros/humble/lib/x86_64-linux-gnu:/opt/ros/humble/lib PKG_CONFIG_PATH=/home/dilhan/ros2_ws/install/omni_msgs/lib/x86_64-linux-gnu/pkgconfig:/home/dilhan/ros2_ws/install/omni_msgs/lib/pkgconfig PYTHONPATH=/home/dilhan/ros2_ws/install/omni_msgs/local/lib/python3.10/dist-packages:/home/dilhan/ros2_ws/install/optoforce_wrapper/lib/python3.10/site-packages:/opt/ros/humble/lib/python3.10/site-packages:/opt/ros/humble/local/lib/python3.10/dist-packages ROS_PACKAGE_PATH=/home/dilhan/ros2_ws/install/omni_msgs/share /usr/bin/cmake --build /home/dilhan/ros2_ws/build/ur_udp -- -j12 -l12
[0.061s] [35m[1mConsolidate compiler generated dependencies of target phantom_udp[0m
[0.062s] [35m[1mConsolidate compiler generated dependencies of target ur_udp[0m
[0.091s] [ 75%] [32mBuilding CXX object CMakeFiles/phantom_udp.dir/src/phantom_udp.cpp.o[0m
[0.092s] [ 75%] Built target ur_udp
[4.510s] [01m[K/home/dilhan/ros2_ws/src/ur_udp/src/phantom_udp.cpp:[m[K In member function ‘[01m[Kvoid* PhantomNode::serveur_udp()[m[K’:
[4.510s] [01m[K/home/dilhan/ros2_ws/src/ur_udp/src/phantom_udp.cpp:135:5:[m[K [01;35m[Kwarning: [m[Kcontrol reaches end of non-void function [[01;35m[K]8;;https://gcc.gnu.org/onlinedocs/gcc/Warning-Options.html#index-Wreturn-type-Wreturn-type]8;;[m[K]
[4.510s]   135 |     [01;35m[K}[m[K
[4.510s]       |     [01;35m[K^[m[K
[7.611s] [100%] [32m[1mLinking CXX executable phantom_udp[0m
[7.953s] [100%] Built target phantom_udp
[7.965s] Invoked command in '/home/dilhan/ros2_ws/build/ur_udp' returned '0': CMAKE_PREFIX_PATH=/home/dilhan/ros2_ws/install/optoforce_wrapper:/opt/ros/humble:/home/dilhan/ros2_ws/install/omni_msgs:/home/dilhan/ros2_ws/install/ur_to_touch_haptic_teleoperation:/home/dilhan/ros2_ws/install/omni_common:/home/dilhan/ros2_ws/install/omni_description LD_LIBRARY_PATH=/home/dilhan/ros2_ws/install/omni_msgs/lib:/usr/local/cuda-11.8/lib64:/usr/local/cuda-11.8/lib64:/usr/local/cuda-11.8/lib64:/usr/local/cuda-11.8/lib64:/opt/ros/humble/opt/rviz_ogre_vendor/lib:/opt/ros/humble/lib/x86_64-linux-gnu:/opt/ros/humble/lib PKG_CONFIG_PATH=/home/dilhan/ros2_ws/install/omni_msgs/lib/x86_64-linux-gnu/pkgconfig:/home/dilhan/ros2_ws/install/omni_msgs/lib/pkgconfig PYTHONPATH=/home/dilhan/ros2_ws/install/omni_msgs/local/lib/python3.10/dist-packages:/home/dilhan/ros2_ws/install/optoforce_wrapper/lib/python3.10/site-packages:/opt/ros/humble/lib/python3.10/site-packages:/opt/ros/humble/local/lib/python3.10/dist-packages ROS_PACKAGE_PATH=/home/dilhan/ros2_ws/install/omni_msgs/share /usr/bin/cmake --build /home/dilhan/ros2_ws/build/ur_udp -- -j12 -l12
[7.966s] Invoking command in '/home/dilhan/ros2_ws/build/ur_udp': CMAKE_PREFIX_PATH=/home/dilhan/ros2_ws/install/optoforce_wrapper:/opt/ros/humble:/home/dilhan/ros2_ws/install/omni_msgs:/home/dilhan/ros2_ws/install/ur_to_touch_haptic_teleoperation:/home/dilhan/ros2_ws/install/omni_common:/home/dilhan/ros2_ws/install/omni_description LD_LIBRARY_PATH=/home/dilhan/ros2_ws/install/omni_msgs/lib:/usr/local/cuda-11.8/lib64:/usr/local/cuda-11.8/lib64:/usr/local/cuda-11.8/lib64:/usr/local/cuda-11.8/lib64:/opt/ros/humble/opt/rviz_ogre_vendor/lib:/opt/ros/humble/lib/x86_64-linux-gnu:/opt/ros/humble/lib PKG_CONFIG_PATH=/home/dilhan/ros2_ws/install/omni_msgs/lib/x86_64-linux-gnu/pkgconfig:/home/dilhan/ros2_ws/install/omni_msgs/lib/pkgconfig PYTHONPATH=/home/dilhan/ros2_ws/install/omni_msgs/local/lib/python3.10/dist-packages:/home/dilhan/ros2_ws/install/optoforce_wrapper/lib/python3.10/site-packages:/opt/ros/humble/lib/python3.10/site-packages:/opt/ros/humble/local/lib/python3.10/dist-packages ROS_PACKAGE_PATH=/home/dilhan/ros2_ws/install/omni_msgs/share /usr/bin/cmake --install /home/dilhan/ros2_ws/build/ur_udp
[7.973s] -- Install configuration: ""
[7.974s] -- Installing: /home/dilhan/ros2_ws/install/ur_udp/lib/ur_udp/ur_udp
[7.979s] -- Set runtime path of "/home/dilhan/ros2_ws/install/ur_udp/lib/ur_udp/ur_udp" to ""
[7.979s] -- Installing: /home/dilhan/ros2_ws/install/ur_udp/lib/ur_udp/phantom_udp
[7.983s] -- Set runtime path of "/home/dilhan/ros2_ws/install/ur_udp/lib/ur_udp/phantom_udp" to ""
[7.983s] -- Installing: /home/dilhan/ros2_ws/install/ur_udp/share/ament_index/resource_index/package_run_dependencies/ur_udp
[7.984s] -- Installing: /home/dilhan/ros2_ws/install/ur_udp/share/ament_index/resource_index/parent_prefix_path/ur_udp
[7.984s] -- Installing: /home/dilhan/ros2_ws/install/ur_udp/share/ur_udp/environment/ament_prefix_path.sh
[7.984s] -- Installing: /home/dilhan/ros2_ws/install/ur_udp/share/ur_udp/environment/ament_prefix_path.dsv
[7.984s] -- Installing: /home/dilhan/ros2_ws/install/ur_udp/share/ur_udp/environment/path.sh
[7.984s] -- Installing: /home/dilhan/ros2_ws/install/ur_udp/share/ur_udp/environment/path.dsv
[7.985s] -- Installing: /home/dilhan/ros2_ws/install/ur_udp/share/ur_udp/local_setup.bash
[7.985s] -- Installing: /home/dilhan/ros2_ws/install/ur_udp/share/ur_udp/local_setup.sh
[7.985s] -- Installing: /home/dilhan/ros2_ws/install/ur_udp/share/ur_udp/local_setup.zsh
[7.985s] -- Installing: /home/dilhan/ros2_ws/install/ur_udp/share/ur_udp/local_setup.dsv
[7.985s] -- Installing: /home/dilhan/ros2_ws/install/ur_udp/share/ur_udp/package.dsv
[7.986s] -- Installing: /home/dilhan/ros2_ws/install/ur_udp/share/ament_index/resource_index/packages/ur_udp
[7.986s] -- Installing: /home/dilhan/ros2_ws/install/ur_udp/share/ur_udp/cmake/ur_udpConfig.cmake
[7.986s] -- Installing: /home/dilhan/ros2_ws/install/ur_udp/share/ur_udp/cmake/ur_udpConfig-version.cmake
[7.986s] -- Installing: /home/dilhan/ros2_ws/install/ur_udp/share/ur_udp/package.xml
[7.989s] Invoked command in '/home/dilhan/ros2_ws/build/ur_udp' returned '0': CMAKE_PREFIX_PATH=/home/dilhan/ros2_ws/install/optoforce_wrapper:/opt/ros/humble:/home/dilhan/ros2_ws/install/omni_msgs:/home/dilhan/ros2_ws/install/ur_to_touch_haptic_teleoperation:/home/dilhan/ros2_ws/install/omni_common:/home/dilhan/ros2_ws/install/omni_description LD_LIBRARY_PATH=/home/dilhan/ros2_ws/install/omni_msgs/lib:/usr/local/cuda-11.8/lib64:/usr/local/cuda-11.8/lib64:/usr/local/cuda-11.8/lib64:/usr/local/cuda-11.8/lib64:/opt/ros/humble/opt/rviz_ogre_vendor/lib:/opt/ros/humble/lib/x86_64-linux-gnu:/opt/ros/humble/lib PKG_CONFIG_PATH=/home/dilhan/ros2_ws/install/omni_msgs/lib/x86_64-linux-gnu/pkgconfig:/home/dilhan/ros2_ws/install/omni_msgs/lib/pkgconfig PYTHONPATH=/home/dilhan/ros2_ws/install/omni_msgs/local/lib/python3.10/dist-packages:/home/dilhan/ros2_ws/install/optoforce_wrapper/lib/python3.10/site-packages:/opt/ros/humble/lib/python3.10/site-packages:/opt/ros/humble/local/lib/python3.10/dist-packages ROS_PACKAGE_PATH=/home/dilhan/ros2_ws/install/omni_msgs/share /usr/bin/cmake --install /home/dilhan/ros2_ws/build/ur_udp
