[0.019s] Invoking command in '/home/dilhan/ros2_ws/build/omni_msgs': CMAKE_PREFIX_PATH=${CMAKE_PREFIX_PATH}:/home/dilhan/moveit_ws/install/moveit_configs_utils:/home/dilhan/moveit_ws/install/launch_param_builder:/opt/ros/humble /usr/bin/cmake --build /home/dilhan/ros2_ws/build/omni_msgs -- -j12 -l12
[0.072s] [35m[1mConsolidate compiler generated dependencies of target omni_msgs__rosidl_generator_c[0m
[0.086s] [  2%] Built target omni_msgs__cpp
[0.087s] [ 12%] Built target omni_msgs__rosidl_generator_c
[0.101s] [ 12%] Built target ament_cmake_python_copy_omni_msgs
[0.102s] [35m[1mConsolidate compiler generated dependencies of target omni_msgs__rosidl_typesupport_cpp[0m
[0.102s] [35m[1mConsolidate compiler generated dependencies of target omni_msgs__rosidl_typesupport_fastrtps_cpp[0m
[0.103s] [35m[1mConsolidate compiler generated dependencies of target omni_msgs__rosidl_typesupport_fastrtps_c[0m
[0.104s] [35m[1mConsolidate compiler generated dependencies of target omni_msgs__rosidl_typesupport_c[0m
[0.104s] [35m[1mConsolidate compiler generated dependencies of target omni_msgs__rosidl_typesupport_introspection_cpp[0m
[0.106s] [35m[1mConsolidate compiler generated dependencies of target omni_msgs__rosidl_typesupport_introspection_c[0m
[0.121s] [ 23%] Built target omni_msgs__rosidl_typesupport_cpp
[0.122s] [ 34%] Built target omni_msgs__rosidl_typesupport_fastrtps_cpp
[0.123s] [ 44%] Built target omni_msgs__rosidl_typesupport_c
[0.124s] [ 55%] Built target omni_msgs__rosidl_typesupport_introspection_cpp
[0.124s] [ 65%] Built target omni_msgs__rosidl_typesupport_fastrtps_c
[0.125s] [ 76%] Built target omni_msgs__rosidl_typesupport_introspection_c
[0.156s] [ 76%] Built target omni_msgs
[0.187s] [ 78%] Built target omni_msgs__py
[0.203s] [35m[1mConsolidate compiler generated dependencies of target omni_msgs__rosidl_generator_py[0m
[0.221s] [ 87%] Built target omni_msgs__rosidl_generator_py
[0.237s] [35m[1mConsolidate compiler generated dependencies of target omni_msgs__rosidl_typesupport_c__pyext[0m
[0.237s] [35m[1mConsolidate compiler generated dependencies of target omni_msgs__rosidl_typesupport_fastrtps_c__pyext[0m
[0.237s] [35m[1mConsolidate compiler generated dependencies of target omni_msgs__rosidl_typesupport_introspection_c__pyext[0m
[0.255s] [100%] Built target omni_msgs__rosidl_typesupport_c__pyext
[0.255s] [100%] Built target omni_msgs__rosidl_typesupport_fastrtps_c__pyext
[0.255s] [100%] Built target omni_msgs__rosidl_typesupport_introspection_c__pyext
[0.348s] running egg_info
[0.348s] writing omni_msgs.egg-info/PKG-INFO
[0.348s] writing dependency_links to omni_msgs.egg-info/dependency_links.txt
[0.348s] writing top-level names to omni_msgs.egg-info/top_level.txt
[0.351s] reading manifest file 'omni_msgs.egg-info/SOURCES.txt'
[0.351s] writing manifest file 'omni_msgs.egg-info/SOURCES.txt'
[0.377s] [100%] Built target ament_cmake_python_build_omni_msgs_egg
[0.393s] Invoked command in '/home/dilhan/ros2_ws/build/omni_msgs' returned '0': CMAKE_PREFIX_PATH=${CMAKE_PREFIX_PATH}:/home/dilhan/moveit_ws/install/moveit_configs_utils:/home/dilhan/moveit_ws/install/launch_param_builder:/opt/ros/humble /usr/bin/cmake --build /home/dilhan/ros2_ws/build/omni_msgs -- -j12 -l12
[0.394s] Invoking command in '/home/dilhan/ros2_ws/build/omni_msgs': CMAKE_PREFIX_PATH=${CMAKE_PREFIX_PATH}:/home/dilhan/moveit_ws/install/moveit_configs_utils:/home/dilhan/moveit_ws/install/launch_param_builder:/opt/ros/humble /usr/bin/cmake --install /home/dilhan/ros2_ws/build/omni_msgs
[0.404s] -- Install configuration: ""
[0.404s] -- Up-to-date: /home/dilhan/ros2_ws/install/omni_msgs/share/ament_index/resource_index/rosidl_interfaces/omni_msgs
[0.404s] -- Up-to-date: /home/dilhan/ros2_ws/install/omni_msgs/include/omni_msgs/omni_msgs
[0.404s] -- Up-to-date: /home/dilhan/ros2_ws/install/omni_msgs/include/omni_msgs/omni_msgs/msg
[0.405s] -- Up-to-date: /home/dilhan/ros2_ws/install/omni_msgs/include/omni_msgs/omni_msgs/msg/detail
[0.405s] -- Up-to-date: /home/dilhan/ros2_ws/install/omni_msgs/include/omni_msgs/omni_msgs/msg/detail/omni_state__functions.h
[0.405s] -- Up-to-date: /home/dilhan/ros2_ws/install/omni_msgs/include/omni_msgs/omni_msgs/msg/detail/omni_button_event__struct.h
[0.405s] -- Up-to-date: /home/dilhan/ros2_ws/install/omni_msgs/include/omni_msgs/omni_msgs/msg/detail/omni_feedback__functions.c
[0.405s] -- Up-to-date: /home/dilhan/ros2_ws/install/omni_msgs/include/omni_msgs/omni_msgs/msg/detail/omni_feedback__type_support.h
[0.405s] -- Up-to-date: /home/dilhan/ros2_ws/install/omni_msgs/include/omni_msgs/omni_msgs/msg/detail/omni_button_event__functions.c
[0.405s] -- Up-to-date: /home/dilhan/ros2_ws/install/omni_msgs/include/omni_msgs/omni_msgs/msg/detail/omni_button_event__type_support.h
[0.405s] -- Up-to-date: /home/dilhan/ros2_ws/install/omni_msgs/include/omni_msgs/omni_msgs/msg/detail/omni_state__type_support.h
[0.405s] -- Up-to-date: /home/dilhan/ros2_ws/install/omni_msgs/include/omni_msgs/omni_msgs/msg/detail/omni_button_event__functions.h
[0.405s] -- Up-to-date: /home/dilhan/ros2_ws/install/omni_msgs/include/omni_msgs/omni_msgs/msg/detail/omni_feedback__struct.h
[0.405s] -- Up-to-date: /home/dilhan/ros2_ws/install/omni_msgs/include/omni_msgs/omni_msgs/msg/detail/omni_feedback__functions.h
[0.405s] -- Up-to-date: /home/dilhan/ros2_ws/install/omni_msgs/include/omni_msgs/omni_msgs/msg/detail/omni_state__struct.h
[0.405s] -- Up-to-date: /home/dilhan/ros2_ws/install/omni_msgs/include/omni_msgs/omni_msgs/msg/detail/omni_state__functions.c
[0.405s] -- Up-to-date: /home/dilhan/ros2_ws/install/omni_msgs/include/omni_msgs/omni_msgs/msg/rosidl_generator_c__visibility_control.h
[0.405s] -- Up-to-date: /home/dilhan/ros2_ws/install/omni_msgs/include/omni_msgs/omni_msgs/msg/omni_feedback.h
[0.405s] -- Up-to-date: /home/dilhan/ros2_ws/install/omni_msgs/include/omni_msgs/omni_msgs/msg/omni_button_event.h
[0.405s] -- Up-to-date: /home/dilhan/ros2_ws/install/omni_msgs/include/omni_msgs/omni_msgs/msg/omni_state.h
[0.405s] -- Up-to-date: /home/dilhan/ros2_ws/install/omni_msgs/share/omni_msgs/environment/library_path.sh
[0.405s] -- Up-to-date: /home/dilhan/ros2_ws/install/omni_msgs/share/omni_msgs/environment/library_path.dsv
[0.405s] -- Up-to-date: /home/dilhan/ros2_ws/install/omni_msgs/lib/libomni_msgs__rosidl_generator_c.so
[0.405s] -- Up-to-date: /home/dilhan/ros2_ws/install/omni_msgs/include/omni_msgs/omni_msgs
[0.406s] -- Up-to-date: /home/dilhan/ros2_ws/install/omni_msgs/include/omni_msgs/omni_msgs/msg
[0.406s] -- Up-to-date: /home/dilhan/ros2_ws/install/omni_msgs/include/omni_msgs/omni_msgs/msg/detail
[0.406s] -- Up-to-date: /home/dilhan/ros2_ws/install/omni_msgs/include/omni_msgs/omni_msgs/msg/detail/omni_state__rosidl_typesupport_fastrtps_c.h
[0.406s] -- Up-to-date: /home/dilhan/ros2_ws/install/omni_msgs/include/omni_msgs/omni_msgs/msg/detail/omni_feedback__rosidl_typesupport_fastrtps_c.h
[0.406s] -- Up-to-date: /home/dilhan/ros2_ws/install/omni_msgs/include/omni_msgs/omni_msgs/msg/detail/omni_button_event__rosidl_typesupport_fastrtps_c.h
[0.406s] -- Up-to-date: /home/dilhan/ros2_ws/install/omni_msgs/include/omni_msgs/omni_msgs/msg/rosidl_typesupport_fastrtps_c__visibility_control.h
[0.406s] -- Up-to-date: /home/dilhan/ros2_ws/install/omni_msgs/lib/libomni_msgs__rosidl_typesupport_fastrtps_c.so
[0.406s] -- Up-to-date: /home/dilhan/ros2_ws/install/omni_msgs/include/omni_msgs/omni_msgs
[0.406s] -- Up-to-date: /home/dilhan/ros2_ws/install/omni_msgs/include/omni_msgs/omni_msgs/msg
[0.406s] -- Up-to-date: /home/dilhan/ros2_ws/install/omni_msgs/include/omni_msgs/omni_msgs/msg/detail
[0.406s] -- Up-to-date: /home/dilhan/ros2_ws/install/omni_msgs/include/omni_msgs/omni_msgs/msg/detail/omni_state__rosidl_typesupport_introspection_c.h
[0.406s] -- Up-to-date: /home/dilhan/ros2_ws/install/omni_msgs/include/omni_msgs/omni_msgs/msg/detail/omni_state__type_support.c
[0.406s] -- Up-to-date: /home/dilhan/ros2_ws/install/omni_msgs/include/omni_msgs/omni_msgs/msg/detail/omni_button_event__rosidl_typesupport_introspection_c.h
[0.406s] -- Up-to-date: /home/dilhan/ros2_ws/install/omni_msgs/include/omni_msgs/omni_msgs/msg/detail/omni_feedback__rosidl_typesupport_introspection_c.h
[0.406s] -- Up-to-date: /home/dilhan/ros2_ws/install/omni_msgs/include/omni_msgs/omni_msgs/msg/detail/omni_button_event__type_support.c
[0.406s] -- Up-to-date: /home/dilhan/ros2_ws/install/omni_msgs/include/omni_msgs/omni_msgs/msg/detail/omni_feedback__type_support.c
[0.406s] -- Up-to-date: /home/dilhan/ros2_ws/install/omni_msgs/include/omni_msgs/omni_msgs/msg/rosidl_typesupport_introspection_c__visibility_control.h
[0.406s] -- Up-to-date: /home/dilhan/ros2_ws/install/omni_msgs/lib/libomni_msgs__rosidl_typesupport_introspection_c.so
[0.406s] -- Up-to-date: /home/dilhan/ros2_ws/install/omni_msgs/lib/libomni_msgs__rosidl_typesupport_c.so
[0.406s] -- Up-to-date: /home/dilhan/ros2_ws/install/omni_msgs/include/omni_msgs/omni_msgs
[0.406s] -- Up-to-date: /home/dilhan/ros2_ws/install/omni_msgs/include/omni_msgs/omni_msgs/msg
[0.406s] -- Up-to-date: /home/dilhan/ros2_ws/install/omni_msgs/include/omni_msgs/omni_msgs/msg/omni_feedback.hpp
[0.407s] -- Up-to-date: /home/dilhan/ros2_ws/install/omni_msgs/include/omni_msgs/omni_msgs/msg/detail
[0.407s] -- Up-to-date: /home/dilhan/ros2_ws/install/omni_msgs/include/omni_msgs/omni_msgs/msg/detail/omni_feedback__type_support.hpp
[0.407s] -- Up-to-date: /home/dilhan/ros2_ws/install/omni_msgs/include/omni_msgs/omni_msgs/msg/detail/omni_state__struct.hpp
[0.407s] -- Up-to-date: /home/dilhan/ros2_ws/install/omni_msgs/include/omni_msgs/omni_msgs/msg/detail/omni_state__type_support.hpp
[0.407s] -- Up-to-date: /home/dilhan/ros2_ws/install/omni_msgs/include/omni_msgs/omni_msgs/msg/detail/omni_button_event__type_support.hpp
[0.407s] -- Up-to-date: /home/dilhan/ros2_ws/install/omni_msgs/include/omni_msgs/omni_msgs/msg/detail/omni_button_event__struct.hpp
[0.407s] -- Up-to-date: /home/dilhan/ros2_ws/install/omni_msgs/include/omni_msgs/omni_msgs/msg/detail/omni_button_event__builder.hpp
[0.407s] -- Up-to-date: /home/dilhan/ros2_ws/install/omni_msgs/include/omni_msgs/omni_msgs/msg/detail/omni_state__traits.hpp
[0.407s] -- Up-to-date: /home/dilhan/ros2_ws/install/omni_msgs/include/omni_msgs/omni_msgs/msg/detail/omni_feedback__builder.hpp
[0.407s] -- Up-to-date: /home/dilhan/ros2_ws/install/omni_msgs/include/omni_msgs/omni_msgs/msg/detail/omni_state__builder.hpp
[0.407s] -- Up-to-date: /home/dilhan/ros2_ws/install/omni_msgs/include/omni_msgs/omni_msgs/msg/detail/omni_feedback__struct.hpp
[0.407s] -- Up-to-date: /home/dilhan/ros2_ws/install/omni_msgs/include/omni_msgs/omni_msgs/msg/detail/omni_feedback__traits.hpp
[0.407s] -- Up-to-date: /home/dilhan/ros2_ws/install/omni_msgs/include/omni_msgs/omni_msgs/msg/detail/omni_button_event__traits.hpp
[0.407s] -- Up-to-date: /home/dilhan/ros2_ws/install/omni_msgs/include/omni_msgs/omni_msgs/msg/omni_button_event.hpp
[0.407s] -- Up-to-date: /home/dilhan/ros2_ws/install/omni_msgs/include/omni_msgs/omni_msgs/msg/omni_state.hpp
[0.407s] -- Up-to-date: /home/dilhan/ros2_ws/install/omni_msgs/include/omni_msgs/omni_msgs/msg/rosidl_generator_cpp__visibility_control.hpp
[0.407s] -- Up-to-date: /home/dilhan/ros2_ws/install/omni_msgs/include/omni_msgs/omni_msgs
[0.407s] -- Up-to-date: /home/dilhan/ros2_ws/install/omni_msgs/include/omni_msgs/omni_msgs/msg
[0.407s] -- Up-to-date: /home/dilhan/ros2_ws/install/omni_msgs/include/omni_msgs/omni_msgs/msg/detail
[0.407s] -- Up-to-date: /home/dilhan/ros2_ws/install/omni_msgs/include/omni_msgs/omni_msgs/msg/detail/omni_button_event__rosidl_typesupport_fastrtps_cpp.hpp
[0.407s] -- Up-to-date: /home/dilhan/ros2_ws/install/omni_msgs/include/omni_msgs/omni_msgs/msg/detail/dds_fastrtps
[0.407s] -- Up-to-date: /home/dilhan/ros2_ws/install/omni_msgs/include/omni_msgs/omni_msgs/msg/detail/omni_state__rosidl_typesupport_fastrtps_cpp.hpp
[0.407s] -- Up-to-date: /home/dilhan/ros2_ws/install/omni_msgs/include/omni_msgs/omni_msgs/msg/detail/omni_feedback__rosidl_typesupport_fastrtps_cpp.hpp
[0.408s] -- Up-to-date: /home/dilhan/ros2_ws/install/omni_msgs/include/omni_msgs/omni_msgs/msg/rosidl_typesupport_fastrtps_cpp__visibility_control.h
[0.408s] -- Up-to-date: /home/dilhan/ros2_ws/install/omni_msgs/lib/libomni_msgs__rosidl_typesupport_fastrtps_cpp.so
[0.408s] -- Up-to-date: /home/dilhan/ros2_ws/install/omni_msgs/include/omni_msgs/omni_msgs
[0.408s] -- Up-to-date: /home/dilhan/ros2_ws/install/omni_msgs/include/omni_msgs/omni_msgs/msg
[0.408s] -- Up-to-date: /home/dilhan/ros2_ws/install/omni_msgs/include/omni_msgs/omni_msgs/msg/detail
[0.408s] -- Up-to-date: /home/dilhan/ros2_ws/install/omni_msgs/include/omni_msgs/omni_msgs/msg/detail/omni_button_event__type_support.cpp
[0.408s] -- Up-to-date: /home/dilhan/ros2_ws/install/omni_msgs/include/omni_msgs/omni_msgs/msg/detail/omni_state__type_support.cpp
[0.408s] -- Up-to-date: /home/dilhan/ros2_ws/install/omni_msgs/include/omni_msgs/omni_msgs/msg/detail/omni_feedback__rosidl_typesupport_introspection_cpp.hpp
[0.408s] -- Up-to-date: /home/dilhan/ros2_ws/install/omni_msgs/include/omni_msgs/omni_msgs/msg/detail/omni_feedback__type_support.cpp
[0.408s] -- Up-to-date: /home/dilhan/ros2_ws/install/omni_msgs/include/omni_msgs/omni_msgs/msg/detail/omni_state__rosidl_typesupport_introspection_cpp.hpp
[0.408s] -- Up-to-date: /home/dilhan/ros2_ws/install/omni_msgs/include/omni_msgs/omni_msgs/msg/detail/omni_button_event__rosidl_typesupport_introspection_cpp.hpp
[0.408s] -- Up-to-date: /home/dilhan/ros2_ws/install/omni_msgs/lib/libomni_msgs__rosidl_typesupport_introspection_cpp.so
[0.408s] -- Up-to-date: /home/dilhan/ros2_ws/install/omni_msgs/lib/libomni_msgs__rosidl_typesupport_cpp.so
[0.408s] -- Up-to-date: /home/dilhan/ros2_ws/install/omni_msgs/share/omni_msgs/environment/pythonpath.sh
[0.408s] -- Up-to-date: /home/dilhan/ros2_ws/install/omni_msgs/share/omni_msgs/environment/pythonpath.dsv
[0.408s] -- Up-to-date: /home/dilhan/ros2_ws/install/omni_msgs/local/lib/python3.10/dist-packages/omni_msgs-0.0.0-py3.10.egg-info
[0.408s] -- Installing: /home/dilhan/ros2_ws/install/omni_msgs/local/lib/python3.10/dist-packages/omni_msgs-0.0.0-py3.10.egg-info/PKG-INFO
[0.408s] -- Installing: /home/dilhan/ros2_ws/install/omni_msgs/local/lib/python3.10/dist-packages/omni_msgs-0.0.0-py3.10.egg-info/top_level.txt
[0.408s] -- Installing: /home/dilhan/ros2_ws/install/omni_msgs/local/lib/python3.10/dist-packages/omni_msgs-0.0.0-py3.10.egg-info/SOURCES.txt
[0.408s] -- Installing: /home/dilhan/ros2_ws/install/omni_msgs/local/lib/python3.10/dist-packages/omni_msgs-0.0.0-py3.10.egg-info/dependency_links.txt
[0.408s] -- Up-to-date: /home/dilhan/ros2_ws/install/omni_msgs/local/lib/python3.10/dist-packages/omni_msgs
[0.408s] -- Up-to-date: /home/dilhan/ros2_ws/install/omni_msgs/local/lib/python3.10/dist-packages/omni_msgs/omni_msgs_s__rosidl_typesupport_introspection_c.cpython-310-x86_64-linux-gnu.so
[0.409s] -- Up-to-date: /home/dilhan/ros2_ws/install/omni_msgs/local/lib/python3.10/dist-packages/omni_msgs/msg
[0.409s] -- Up-to-date: /home/dilhan/ros2_ws/install/omni_msgs/local/lib/python3.10/dist-packages/omni_msgs/msg/_omni_feedback.py
[0.409s] -- Up-to-date: /home/dilhan/ros2_ws/install/omni_msgs/local/lib/python3.10/dist-packages/omni_msgs/msg/_omni_state.py
[0.409s] -- Up-to-date: /home/dilhan/ros2_ws/install/omni_msgs/local/lib/python3.10/dist-packages/omni_msgs/msg/__init__.py
[0.409s] -- Up-to-date: /home/dilhan/ros2_ws/install/omni_msgs/local/lib/python3.10/dist-packages/omni_msgs/msg/_omni_state_s.c
[0.409s] -- Up-to-date: /home/dilhan/ros2_ws/install/omni_msgs/local/lib/python3.10/dist-packages/omni_msgs/msg/_omni_feedback_s.c
[0.409s] -- Up-to-date: /home/dilhan/ros2_ws/install/omni_msgs/local/lib/python3.10/dist-packages/omni_msgs/msg/_omni_button_event.py
[0.409s] -- Up-to-date: /home/dilhan/ros2_ws/install/omni_msgs/local/lib/python3.10/dist-packages/omni_msgs/msg/_omni_button_event_s.c
[0.409s] -- Up-to-date: /home/dilhan/ros2_ws/install/omni_msgs/local/lib/python3.10/dist-packages/omni_msgs/_omni_msgs_s.ep.rosidl_typesupport_introspection_c.c
[0.409s] -- Up-to-date: /home/dilhan/ros2_ws/install/omni_msgs/local/lib/python3.10/dist-packages/omni_msgs/_omni_msgs_s.ep.rosidl_typesupport_fastrtps_c.c
[0.409s] -- Up-to-date: /home/dilhan/ros2_ws/install/omni_msgs/local/lib/python3.10/dist-packages/omni_msgs/omni_msgs_s__rosidl_typesupport_fastrtps_c.cpython-310-x86_64-linux-gnu.so
[0.409s] -- Up-to-date: /home/dilhan/ros2_ws/install/omni_msgs/local/lib/python3.10/dist-packages/omni_msgs/__init__.py
[0.409s] -- Up-to-date: /home/dilhan/ros2_ws/install/omni_msgs/local/lib/python3.10/dist-packages/omni_msgs/omni_msgs_s__rosidl_typesupport_c.cpython-310-x86_64-linux-gnu.so
[0.409s] -- Up-to-date: /home/dilhan/ros2_ws/install/omni_msgs/local/lib/python3.10/dist-packages/omni_msgs/_omni_msgs_s.ep.rosidl_typesupport_c.c
[0.409s] -- Up-to-date: /home/dilhan/ros2_ws/install/omni_msgs/local/lib/python3.10/dist-packages/omni_msgs/libomni_msgs__rosidl_generator_py.so
[0.437s] Listing '/home/dilhan/ros2_ws/install/omni_msgs/local/lib/python3.10/dist-packages/omni_msgs'...
[0.437s] Listing '/home/dilhan/ros2_ws/install/omni_msgs/local/lib/python3.10/dist-packages/omni_msgs/msg'...
[0.440s] -- Up-to-date: /home/dilhan/ros2_ws/install/omni_msgs/local/lib/python3.10/dist-packages/omni_msgs/omni_msgs_s__rosidl_typesupport_fastrtps_c.cpython-310-x86_64-linux-gnu.so
[0.440s] -- Up-to-date: /home/dilhan/ros2_ws/install/omni_msgs/local/lib/python3.10/dist-packages/omni_msgs/omni_msgs_s__rosidl_typesupport_introspection_c.cpython-310-x86_64-linux-gnu.so
[0.440s] -- Up-to-date: /home/dilhan/ros2_ws/install/omni_msgs/local/lib/python3.10/dist-packages/omni_msgs/omni_msgs_s__rosidl_typesupport_c.cpython-310-x86_64-linux-gnu.so
[0.441s] -- Up-to-date: /home/dilhan/ros2_ws/install/omni_msgs/lib/libomni_msgs__rosidl_generator_py.so
[0.441s] -- Up-to-date: /home/dilhan/ros2_ws/install/omni_msgs/share/omni_msgs/msg/OmniButtonEvent.idl
[0.441s] -- Up-to-date: /home/dilhan/ros2_ws/install/omni_msgs/share/omni_msgs/msg/OmniFeedback.idl
[0.441s] -- Up-to-date: /home/dilhan/ros2_ws/install/omni_msgs/share/omni_msgs/msg/OmniState.idl
[0.441s] -- Up-to-date: /home/dilhan/ros2_ws/install/omni_msgs/share/omni_msgs/msg/OmniButtonEvent.msg
[0.441s] -- Up-to-date: /home/dilhan/ros2_ws/install/omni_msgs/share/omni_msgs/msg/OmniFeedback.msg
[0.441s] -- Up-to-date: /home/dilhan/ros2_ws/install/omni_msgs/share/omni_msgs/msg/OmniState.msg
[0.441s] -- Up-to-date: /home/dilhan/ros2_ws/install/omni_msgs/share/ament_index/resource_index/package_run_dependencies/omni_msgs
[0.441s] -- Up-to-date: /home/dilhan/ros2_ws/install/omni_msgs/share/ament_index/resource_index/parent_prefix_path/omni_msgs
[0.441s] -- Up-to-date: /home/dilhan/ros2_ws/install/omni_msgs/share/omni_msgs/environment/ament_prefix_path.sh
[0.441s] -- Up-to-date: /home/dilhan/ros2_ws/install/omni_msgs/share/omni_msgs/environment/ament_prefix_path.dsv
[0.441s] -- Up-to-date: /home/dilhan/ros2_ws/install/omni_msgs/share/omni_msgs/environment/path.sh
[0.441s] -- Up-to-date: /home/dilhan/ros2_ws/install/omni_msgs/share/omni_msgs/environment/path.dsv
[0.441s] -- Up-to-date: /home/dilhan/ros2_ws/install/omni_msgs/share/omni_msgs/local_setup.bash
[0.441s] -- Up-to-date: /home/dilhan/ros2_ws/install/omni_msgs/share/omni_msgs/local_setup.sh
[0.441s] -- Up-to-date: /home/dilhan/ros2_ws/install/omni_msgs/share/omni_msgs/local_setup.zsh
[0.441s] -- Up-to-date: /home/dilhan/ros2_ws/install/omni_msgs/share/omni_msgs/local_setup.dsv
[0.442s] -- Installing: /home/dilhan/ros2_ws/install/omni_msgs/share/omni_msgs/package.dsv
[0.442s] -- Up-to-date: /home/dilhan/ros2_ws/install/omni_msgs/share/ament_index/resource_index/packages/omni_msgs
[0.442s] -- Up-to-date: /home/dilhan/ros2_ws/install/omni_msgs/share/omni_msgs/cmake/export_omni_msgs__rosidl_generator_cExport.cmake
[0.442s] -- Up-to-date: /home/dilhan/ros2_ws/install/omni_msgs/share/omni_msgs/cmake/export_omni_msgs__rosidl_generator_cExport-noconfig.cmake
[0.442s] -- Up-to-date: /home/dilhan/ros2_ws/install/omni_msgs/share/omni_msgs/cmake/export_omni_msgs__rosidl_typesupport_fastrtps_cExport.cmake
[0.442s] -- Up-to-date: /home/dilhan/ros2_ws/install/omni_msgs/share/omni_msgs/cmake/export_omni_msgs__rosidl_typesupport_fastrtps_cExport-noconfig.cmake
[0.442s] -- Up-to-date: /home/dilhan/ros2_ws/install/omni_msgs/share/omni_msgs/cmake/omni_msgs__rosidl_typesupport_introspection_cExport.cmake
[0.442s] -- Up-to-date: /home/dilhan/ros2_ws/install/omni_msgs/share/omni_msgs/cmake/omni_msgs__rosidl_typesupport_introspection_cExport-noconfig.cmake
[0.442s] -- Up-to-date: /home/dilhan/ros2_ws/install/omni_msgs/share/omni_msgs/cmake/omni_msgs__rosidl_typesupport_cExport.cmake
[0.442s] -- Up-to-date: /home/dilhan/ros2_ws/install/omni_msgs/share/omni_msgs/cmake/omni_msgs__rosidl_typesupport_cExport-noconfig.cmake
[0.442s] -- Up-to-date: /home/dilhan/ros2_ws/install/omni_msgs/share/omni_msgs/cmake/export_omni_msgs__rosidl_generator_cppExport.cmake
[0.442s] -- Up-to-date: /home/dilhan/ros2_ws/install/omni_msgs/share/omni_msgs/cmake/export_omni_msgs__rosidl_typesupport_fastrtps_cppExport.cmake
[0.442s] -- Up-to-date: /home/dilhan/ros2_ws/install/omni_msgs/share/omni_msgs/cmake/export_omni_msgs__rosidl_typesupport_fastrtps_cppExport-noconfig.cmake
[0.442s] -- Up-to-date: /home/dilhan/ros2_ws/install/omni_msgs/share/omni_msgs/cmake/omni_msgs__rosidl_typesupport_introspection_cppExport.cmake
[0.442s] -- Up-to-date: /home/dilhan/ros2_ws/install/omni_msgs/share/omni_msgs/cmake/omni_msgs__rosidl_typesupport_introspection_cppExport-noconfig.cmake
[0.442s] -- Up-to-date: /home/dilhan/ros2_ws/install/omni_msgs/share/omni_msgs/cmake/omni_msgs__rosidl_typesupport_cppExport.cmake
[0.442s] -- Up-to-date: /home/dilhan/ros2_ws/install/omni_msgs/share/omni_msgs/cmake/omni_msgs__rosidl_typesupport_cppExport-noconfig.cmake
[0.442s] -- Up-to-date: /home/dilhan/ros2_ws/install/omni_msgs/share/omni_msgs/cmake/export_omni_msgs__rosidl_generator_pyExport.cmake
[0.442s] -- Up-to-date: /home/dilhan/ros2_ws/install/omni_msgs/share/omni_msgs/cmake/export_omni_msgs__rosidl_generator_pyExport-noconfig.cmake
[0.442s] -- Up-to-date: /home/dilhan/ros2_ws/install/omni_msgs/share/omni_msgs/cmake/rosidl_cmake-extras.cmake
[0.443s] -- Up-to-date: /home/dilhan/ros2_ws/install/omni_msgs/share/omni_msgs/cmake/ament_cmake_export_dependencies-extras.cmake
[0.443s] -- Up-to-date: /home/dilhan/ros2_ws/install/omni_msgs/share/omni_msgs/cmake/ament_cmake_export_include_directories-extras.cmake
[0.443s] -- Up-to-date: /home/dilhan/ros2_ws/install/omni_msgs/share/omni_msgs/cmake/ament_cmake_export_libraries-extras.cmake
[0.443s] -- Up-to-date: /home/dilhan/ros2_ws/install/omni_msgs/share/omni_msgs/cmake/ament_cmake_export_targets-extras.cmake
[0.443s] -- Up-to-date: /home/dilhan/ros2_ws/install/omni_msgs/share/omni_msgs/cmake/rosidl_cmake_export_typesupport_targets-extras.cmake
[0.443s] -- Up-to-date: /home/dilhan/ros2_ws/install/omni_msgs/share/omni_msgs/cmake/rosidl_cmake_export_typesupport_libraries-extras.cmake
[0.443s] -- Up-to-date: /home/dilhan/ros2_ws/install/omni_msgs/share/omni_msgs/cmake/omni_msgsConfig.cmake
[0.443s] -- Up-to-date: /home/dilhan/ros2_ws/install/omni_msgs/share/omni_msgs/cmake/omni_msgsConfig-version.cmake
[0.443s] -- Up-to-date: /home/dilhan/ros2_ws/install/omni_msgs/share/omni_msgs/package.xml
[0.445s] Invoked command in '/home/dilhan/ros2_ws/build/omni_msgs' returned '0': CMAKE_PREFIX_PATH=${CMAKE_PREFIX_PATH}:/home/dilhan/moveit_ws/install/moveit_configs_utils:/home/dilhan/moveit_ws/install/launch_param_builder:/opt/ros/humble /usr/bin/cmake --install /home/dilhan/ros2_ws/build/omni_msgs
