[0.023s] Invoking command in '/home/projet-echo/Projet_indus/build/ur_udp': CMAKE_PREFIX_PATH=/home/projet-echo/Projet_indus/install/ur_control:/opt/ros/humble:/home/projet-echo/Projet_indus/install/omni_msgs:/home/projet-echo/Projet_indus/install/ur_udp:/home/projet-echo/Projet_indus/install/ur_to_touch_haptic_teleoperation:/home/projet-echo/Projet_indus/install/omni_common:/home/projet-echo/Projet_indus/install/omni_description PYTHONPATH=/home/projet-echo/Projet_indus/install/omni_msgs/local/lib/python3.10/dist-packages:/home/projet-echo/Projet_indus/install/ur_control/lib/python3.10/site-packages:/opt/ros/humble/lib/python3.10/site-packages:/opt/ros/humble/local/lib/python3.10/dist-packages /usr/bin/cmake --build /home/projet-echo/Projet_indus/build/ur_udp -- -j20 -l20
[0.148s] [35m[1mConsolidate compiler generated dependencies of target phantom_udp[0m
[0.148s] [35m[1mConsolidate compiler generated dependencies of target ur_udp[0m
[0.200s] [ 50%] Built target ur_udp
[0.207s] [100%] Built target phantom_udp
[0.232s] Invoked command in '/home/projet-echo/Projet_indus/build/ur_udp' returned '0': CMAKE_PREFIX_PATH=/home/projet-echo/Projet_indus/install/ur_control:/opt/ros/humble:/home/projet-echo/Projet_indus/install/omni_msgs:/home/projet-echo/Projet_indus/install/ur_udp:/home/projet-echo/Projet_indus/install/ur_to_touch_haptic_teleoperation:/home/projet-echo/Projet_indus/install/omni_common:/home/projet-echo/Projet_indus/install/omni_description PYTHONPATH=/home/projet-echo/Projet_indus/install/omni_msgs/local/lib/python3.10/dist-packages:/home/projet-echo/Projet_indus/install/ur_control/lib/python3.10/site-packages:/opt/ros/humble/lib/python3.10/site-packages:/opt/ros/humble/local/lib/python3.10/dist-packages /usr/bin/cmake --build /home/projet-echo/Projet_indus/build/ur_udp -- -j20 -l20
[0.254s] Invoking command in '/home/projet-echo/Projet_indus/build/ur_udp': CMAKE_PREFIX_PATH=/home/projet-echo/Projet_indus/install/ur_control:/opt/ros/humble:/home/projet-echo/Projet_indus/install/omni_msgs:/home/projet-echo/Projet_indus/install/ur_udp:/home/projet-echo/Projet_indus/install/ur_to_touch_haptic_teleoperation:/home/projet-echo/Projet_indus/install/omni_common:/home/projet-echo/Projet_indus/install/omni_description PYTHONPATH=/home/projet-echo/Projet_indus/install/omni_msgs/local/lib/python3.10/dist-packages:/home/projet-echo/Projet_indus/install/ur_control/lib/python3.10/site-packages:/opt/ros/humble/lib/python3.10/site-packages:/opt/ros/humble/local/lib/python3.10/dist-packages /usr/bin/cmake --install /home/projet-echo/Projet_indus/build/ur_udp
[0.257s] -- Install configuration: ""
[0.258s] -- Up-to-date: /home/projet-echo/Projet_indus/install/ur_udp/lib/ur_udp/ur_udp
[0.258s] -- Up-to-date: /home/projet-echo/Projet_indus/install/ur_udp/lib/ur_udp/phantom_udp
[0.258s] -- Up-to-date: /home/projet-echo/Projet_indus/install/ur_udp/share/ament_index/resource_index/package_run_dependencies/ur_udp
[0.259s] -- Up-to-date: /home/projet-echo/Projet_indus/install/ur_udp/share/ament_index/resource_index/parent_prefix_path/ur_udp
[0.259s] -- Up-to-date: /home/projet-echo/Projet_indus/install/ur_udp/share/ur_udp/environment/ament_prefix_path.sh
[0.259s] -- Up-to-date: /home/projet-echo/Projet_indus/install/ur_udp/share/ur_udp/environment/ament_prefix_path.dsv
[0.259s] -- Up-to-date: /home/projet-echo/Projet_indus/install/ur_udp/share/ur_udp/environment/path.sh
[0.259s] -- Up-to-date: /home/projet-echo/Projet_indus/install/ur_udp/share/ur_udp/environment/path.dsv
[0.259s] -- Up-to-date: /home/projet-echo/Projet_indus/install/ur_udp/share/ur_udp/local_setup.bash
[0.260s] -- Up-to-date: /home/projet-echo/Projet_indus/install/ur_udp/share/ur_udp/local_setup.sh
[0.260s] -- Up-to-date: /home/projet-echo/Projet_indus/install/ur_udp/share/ur_udp/local_setup.zsh
[0.260s] -- Up-to-date: /home/projet-echo/Projet_indus/install/ur_udp/share/ur_udp/local_setup.dsv
[0.260s] -- Installing: /home/projet-echo/Projet_indus/install/ur_udp/share/ur_udp/package.dsv
[0.260s] -- Up-to-date: /home/projet-echo/Projet_indus/install/ur_udp/share/ament_index/resource_index/packages/ur_udp
[0.260s] -- Up-to-date: /home/projet-echo/Projet_indus/install/ur_udp/share/ur_udp/cmake/ur_udpConfig.cmake
[0.260s] -- Up-to-date: /home/projet-echo/Projet_indus/install/ur_udp/share/ur_udp/cmake/ur_udpConfig-version.cmake
[0.260s] -- Up-to-date: /home/projet-echo/Projet_indus/install/ur_udp/share/ur_udp/package.xml
[0.292s] Invoked command in '/home/projet-echo/Projet_indus/build/ur_udp' returned '0': CMAKE_PREFIX_PATH=/home/projet-echo/Projet_indus/install/ur_control:/opt/ros/humble:/home/projet-echo/Projet_indus/install/omni_msgs:/home/projet-echo/Projet_indus/install/ur_udp:/home/projet-echo/Projet_indus/install/ur_to_touch_haptic_teleoperation:/home/projet-echo/Projet_indus/install/omni_common:/home/projet-echo/Projet_indus/install/omni_description PYTHONPATH=/home/projet-echo/Projet_indus/install/omni_msgs/local/lib/python3.10/dist-packages:/home/projet-echo/Projet_indus/install/ur_control/lib/python3.10/site-packages:/opt/ros/humble/lib/python3.10/site-packages:/opt/ros/humble/local/lib/python3.10/dist-packages /usr/bin/cmake --install /home/projet-echo/Projet_indus/build/ur_udp
