[0.103s] DEBUG:colcon:Command line arguments: ['/usr/bin/colcon', 'build']
[0.103s] DEBUG:colcon:Parsed command line arguments: Namespace(log_base=None, log_level=None, verb_name='build', build_base='build', install_base='install', merge_install=False, symlink_install=False, test_result_base=None, continue_on_error=False, executor='parallel', parallel_workers=12, event_handlers=None, ignore_user_meta=False, metas=['./colcon.meta'], base_paths=['.'], packages_ignore=None, packages_ignore_regex=None, paths=None, packages_up_to=None, packages_up_to_regex=None, packages_above=None, packages_above_and_dependencies=None, packages_above_depth=None, packages_select_by_dep=None, packages_skip_by_dep=None, packages_skip_up_to=None, packages_select_build_failed=False, packages_skip_build_finished=False, packages_select_test_failures=False, packages_skip_test_passed=False, packages_select=None, packages_skip=None, packages_select_regex=None, packages_skip_regex=None, packages_start=None, packages_end=None, allow_overriding=[], cmake_args=None, cmake_target=None, cmake_target_skip_unavailable=False, cmake_clean_cache=False, cmake_clean_first=False, cmake_force_configure=False, ament_cmake_args=None, catkin_cmake_args=None, catkin_skip_building_tests=False, mixin_files=None, mixin=None, verb_parser=<colcon_mixin.mixin.mixin_argument.MixinArgumentDecorator object at 0x7678eab4fd00>, verb_extension=<colcon_core.verb.build.BuildVerb object at 0x7678eac56ce0>, main=<bound method BuildVerb.main of <colcon_core.verb.build.BuildVerb object at 0x7678eac56ce0>>, mixin_verb=('build',))
[0.269s] Level 1:colcon.colcon_core.package_discovery:discover_packages(colcon_meta) check parameters
[0.269s] Level 1:colcon.colcon_core.package_discovery:discover_packages(recursive) check parameters
[0.269s] Level 1:colcon.colcon_core.package_discovery:discover_packages(ignore) check parameters
[0.269s] Level 1:colcon.colcon_core.package_discovery:discover_packages(path) check parameters
[0.269s] Level 1:colcon.colcon_core.package_discovery:discover_packages(colcon_meta) discover
[0.269s] Level 1:colcon.colcon_core.package_discovery:discover_packages(recursive) discover
[0.270s] INFO:colcon.colcon_core.package_discovery:Crawling recursively for packages in '/home/dilhan/ros2_ws/src/ur_to_touch_haptic_teleoperation'
[0.270s] Level 1:colcon.colcon_core.package_identification:_identify(.) by extensions ['ignore', 'ignore_ament_install']
[0.270s] Level 1:colcon.colcon_core.package_identification:_identify(.) by extension 'ignore'
[0.270s] Level 1:colcon.colcon_core.package_identification:_identify(.) by extension 'ignore_ament_install'
[0.270s] Level 1:colcon.colcon_core.package_identification:_identify(.) by extensions ['colcon_pkg']
[0.270s] Level 1:colcon.colcon_core.package_identification:_identify(.) by extension 'colcon_pkg'
[0.270s] Level 1:colcon.colcon_core.package_identification:_identify(.) by extensions ['colcon_meta']
[0.270s] Level 1:colcon.colcon_core.package_identification:_identify(.) by extension 'colcon_meta'
[0.270s] Level 1:colcon.colcon_core.package_identification:_identify(.) by extensions ['ros']
[0.270s] Level 1:colcon.colcon_core.package_identification:_identify(.) by extension 'ros'
[0.288s] DEBUG:colcon.colcon_core.package_identification:Package '.' with type 'ros.ament_cmake' and name 'ur_to_touch_haptic_teleoperation'
[0.288s] Level 1:colcon.colcon_core.package_discovery:discover_packages(recursive) using defaults
[0.288s] Level 1:colcon.colcon_core.package_discovery:discover_packages(ignore) discover
[0.288s] Level 1:colcon.colcon_core.package_discovery:discover_packages(ignore) using defaults
[0.288s] Level 1:colcon.colcon_core.package_discovery:discover_packages(path) discover
[0.288s] Level 1:colcon.colcon_core.package_discovery:discover_packages(path) using defaults
[0.302s] Level 1:colcon.colcon_core.package_discovery:discover_packages(prefix_path) check parameters
[0.302s] Level 1:colcon.colcon_core.package_discovery:discover_packages(prefix_path) discover
[0.304s] DEBUG:colcon.colcon_installed_package_information.package_discovery:Found 12 installed packages in /home/dilhan/ros2_ws/install
[0.306s] DEBUG:colcon.colcon_installed_package_information.package_discovery:Found 405 installed packages in /opt/ros/humble
[0.308s] Level 1:colcon.colcon_core.package_discovery:discover_packages(prefix_path) using defaults
[0.347s] Level 5:colcon.colcon_core.verb:set package 'ur_to_touch_haptic_teleoperation' build argument 'cmake_args' from command line to 'None'
[0.347s] Level 5:colcon.colcon_core.verb:set package 'ur_to_touch_haptic_teleoperation' build argument 'cmake_target' from command line to 'None'
[0.347s] Level 5:colcon.colcon_core.verb:set package 'ur_to_touch_haptic_teleoperation' build argument 'cmake_target_skip_unavailable' from command line to 'False'
[0.347s] Level 5:colcon.colcon_core.verb:set package 'ur_to_touch_haptic_teleoperation' build argument 'cmake_clean_cache' from command line to 'False'
[0.347s] Level 5:colcon.colcon_core.verb:set package 'ur_to_touch_haptic_teleoperation' build argument 'cmake_clean_first' from command line to 'False'
[0.347s] Level 5:colcon.colcon_core.verb:set package 'ur_to_touch_haptic_teleoperation' build argument 'cmake_force_configure' from command line to 'False'
[0.347s] Level 5:colcon.colcon_core.verb:set package 'ur_to_touch_haptic_teleoperation' build argument 'ament_cmake_args' from command line to 'None'
[0.347s] Level 5:colcon.colcon_core.verb:set package 'ur_to_touch_haptic_teleoperation' build argument 'catkin_cmake_args' from command line to 'None'
[0.347s] Level 5:colcon.colcon_core.verb:set package 'ur_to_touch_haptic_teleoperation' build argument 'catkin_skip_building_tests' from command line to 'False'
[0.347s] DEBUG:colcon.colcon_core.verb:Building package 'ur_to_touch_haptic_teleoperation' with the following arguments: {'ament_cmake_args': None, 'build_base': '/home/dilhan/ros2_ws/src/ur_to_touch_haptic_teleoperation/build/ur_to_touch_haptic_teleoperation', 'catkin_cmake_args': None, 'catkin_skip_building_tests': False, 'cmake_args': None, 'cmake_clean_cache': False, 'cmake_clean_first': False, 'cmake_force_configure': False, 'cmake_target': None, 'cmake_target_skip_unavailable': False, 'install_base': '/home/dilhan/ros2_ws/src/ur_to_touch_haptic_teleoperation/install/ur_to_touch_haptic_teleoperation', 'merge_install': False, 'path': '/home/dilhan/ros2_ws/src/ur_to_touch_haptic_teleoperation', 'symlink_install': False, 'test_result_base': None}
[0.348s] INFO:colcon.colcon_core.executor:Executing jobs using 'parallel' executor
[0.348s] DEBUG:colcon.colcon_parallel_executor.executor.parallel:run_until_complete
[0.349s] INFO:colcon.colcon_ros.task.ament_cmake.build:Building ROS package in '/home/dilhan/ros2_ws/src/ur_to_touch_haptic_teleoperation' with build type 'ament_cmake'
[0.349s] INFO:colcon.colcon_cmake.task.cmake.build:Building CMake package in '/home/dilhan/ros2_ws/src/ur_to_touch_haptic_teleoperation'
[0.350s] INFO:colcon.colcon_core.plugin_system:Skipping extension 'colcon_core.shell.bat': Not used on non-Windows systems
[0.350s] INFO:colcon.colcon_core.shell:Skip shell extension 'powershell' for command environment: Not usable outside of PowerShell
[0.351s] DEBUG:colcon.colcon_core.shell:Skip shell extension 'dsv' for command environment
[0.359s] DEBUG:colcon.colcon_core.event_handler.log_command:Invoking command in '/home/dilhan/ros2_ws/src/ur_to_touch_haptic_teleoperation/build/ur_to_touch_haptic_teleoperation': CMAKE_PREFIX_PATH=${CMAKE_PREFIX_PATH}:/opt/ros/humble /usr/bin/cmake /home/dilhan/ros2_ws/src/ur_to_touch_haptic_teleoperation -DCMAKE_INSTALL_PREFIX=/home/dilhan/ros2_ws/src/ur_to_touch_haptic_teleoperation/install/ur_to_touch_haptic_teleoperation
[1.642s] DEBUG:colcon.colcon_core.event_handler.log_command:Invoked command in '/home/dilhan/ros2_ws/src/ur_to_touch_haptic_teleoperation/build/ur_to_touch_haptic_teleoperation' returned '0': CMAKE_PREFIX_PATH=${CMAKE_PREFIX_PATH}:/opt/ros/humble /usr/bin/cmake /home/dilhan/ros2_ws/src/ur_to_touch_haptic_teleoperation -DCMAKE_INSTALL_PREFIX=/home/dilhan/ros2_ws/src/ur_to_touch_haptic_teleoperation/install/ur_to_touch_haptic_teleoperation
[1.643s] DEBUG:colcon.colcon_core.event_handler.log_command:Invoking command in '/home/dilhan/ros2_ws/src/ur_to_touch_haptic_teleoperation/build/ur_to_touch_haptic_teleoperation': CMAKE_PREFIX_PATH=${CMAKE_PREFIX_PATH}:/opt/ros/humble /usr/bin/cmake --build /home/dilhan/ros2_ws/src/ur_to_touch_haptic_teleoperation/build/ur_to_touch_haptic_teleoperation -- -j12 -l12
[5.206s] DEBUG:colcon.colcon_parallel_executor.executor.parallel:run_until_complete was interrupted
[5.206s] DEBUG:colcon.colcon_parallel_executor.executor.parallel:run_until_complete again
[5.240s] DEBUG:colcon.colcon_core.event_handler.log_command:Invoked command in '/home/dilhan/ros2_ws/src/ur_to_touch_haptic_teleoperation/build/ur_to_touch_haptic_teleoperation' returned '-2': CMAKE_PREFIX_PATH=${CMAKE_PREFIX_PATH}:/opt/ros/humble /usr/bin/cmake --build /home/dilhan/ros2_ws/src/ur_to_touch_haptic_teleoperation/build/ur_to_touch_haptic_teleoperation -- -j12 -l12
[5.269s] Level 1:colcon.colcon_core.environment:create_environment_scripts_only(ur_to_touch_haptic_teleoperation)
[5.271s] Level 1:colcon.colcon_core.environment:checking '/home/dilhan/ros2_ws/src/ur_to_touch_haptic_teleoperation/install/ur_to_touch_haptic_teleoperation' for CMake module files
[5.271s] Level 1:colcon.colcon_core.environment:checking '/home/dilhan/ros2_ws/src/ur_to_touch_haptic_teleoperation/install/ur_to_touch_haptic_teleoperation' for CMake config files
[5.271s] Level 1:colcon.colcon_core.environment:checking '/home/dilhan/ros2_ws/src/ur_to_touch_haptic_teleoperation/install/ur_to_touch_haptic_teleoperation/bin'
[5.272s] Level 1:colcon.colcon_core.environment:checking '/home/dilhan/ros2_ws/src/ur_to_touch_haptic_teleoperation/install/ur_to_touch_haptic_teleoperation/lib/pkgconfig/ur_to_touch_haptic_teleoperation.pc'
[5.272s] Level 1:colcon.colcon_core.environment:checking '/home/dilhan/ros2_ws/src/ur_to_touch_haptic_teleoperation/install/ur_to_touch_haptic_teleoperation/lib/python3.10/site-packages'
[5.272s] Level 1:colcon.colcon_core.environment:checking '/home/dilhan/ros2_ws/src/ur_to_touch_haptic_teleoperation/install/ur_to_touch_haptic_teleoperation/bin'
[5.272s] INFO:colcon.colcon_core.shell:Creating package script '/home/dilhan/ros2_ws/src/ur_to_touch_haptic_teleoperation/install/ur_to_touch_haptic_teleoperation/share/ur_to_touch_haptic_teleoperation/package.ps1'
[5.273s] INFO:colcon.colcon_core.shell:Creating package descriptor '/home/dilhan/ros2_ws/src/ur_to_touch_haptic_teleoperation/install/ur_to_touch_haptic_teleoperation/share/ur_to_touch_haptic_teleoperation/package.dsv'
[5.273s] INFO:colcon.colcon_core.shell:Creating package script '/home/dilhan/ros2_ws/src/ur_to_touch_haptic_teleoperation/install/ur_to_touch_haptic_teleoperation/share/ur_to_touch_haptic_teleoperation/package.sh'
[5.274s] INFO:colcon.colcon_core.shell:Creating package script '/home/dilhan/ros2_ws/src/ur_to_touch_haptic_teleoperation/install/ur_to_touch_haptic_teleoperation/share/ur_to_touch_haptic_teleoperation/package.bash'
[5.274s] INFO:colcon.colcon_core.shell:Creating package script '/home/dilhan/ros2_ws/src/ur_to_touch_haptic_teleoperation/install/ur_to_touch_haptic_teleoperation/share/ur_to_touch_haptic_teleoperation/package.zsh'
[5.275s] Level 1:colcon.colcon_core.environment:create_file_with_runtime_dependencies(/home/dilhan/ros2_ws/src/ur_to_touch_haptic_teleoperation/install/ur_to_touch_haptic_teleoperation/share/colcon-core/packages/ur_to_touch_haptic_teleoperation)
[5.285s] DEBUG:colcon.colcon_parallel_executor.executor.parallel:run_until_complete finished
[5.285s] DEBUG:colcon.colcon_parallel_executor.executor.parallel:closing loop
[5.285s] DEBUG:colcon.colcon_parallel_executor.executor.parallel:loop closed
[5.285s] DEBUG:colcon.colcon_core.event_reactor:joining thread
[5.291s] INFO:colcon.colcon_core.plugin_system:Skipping extension 'colcon_notification.desktop_notification.terminal_notifier': Not used on non-Darwin systems
[5.291s] INFO:colcon.colcon_core.plugin_system:Skipping extension 'colcon_notification.desktop_notification.win32': Not used on non-Windows systems
[5.291s] INFO:colcon.colcon_notification.desktop_notification:Sending desktop notification using 'notify2'
[5.301s] DEBUG:colcon.colcon_core.event_reactor:joined thread
[5.301s] INFO:colcon.colcon_core.shell:Creating prefix script '/home/dilhan/ros2_ws/src/ur_to_touch_haptic_teleoperation/install/local_setup.ps1'
[5.303s] INFO:colcon.colcon_core.shell:Creating prefix util module '/home/dilhan/ros2_ws/src/ur_to_touch_haptic_teleoperation/install/_local_setup_util_ps1.py'
[5.304s] INFO:colcon.colcon_core.shell:Creating prefix chain script '/home/dilhan/ros2_ws/src/ur_to_touch_haptic_teleoperation/install/setup.ps1'
[5.306s] INFO:colcon.colcon_core.shell:Creating prefix script '/home/dilhan/ros2_ws/src/ur_to_touch_haptic_teleoperation/install/local_setup.sh'
[5.306s] INFO:colcon.colcon_core.shell:Creating prefix util module '/home/dilhan/ros2_ws/src/ur_to_touch_haptic_teleoperation/install/_local_setup_util_sh.py'
[5.307s] INFO:colcon.colcon_core.shell:Creating prefix chain script '/home/dilhan/ros2_ws/src/ur_to_touch_haptic_teleoperation/install/setup.sh'
[5.308s] INFO:colcon.colcon_core.shell:Creating prefix script '/home/dilhan/ros2_ws/src/ur_to_touch_haptic_teleoperation/install/local_setup.bash'
[5.308s] INFO:colcon.colcon_core.shell:Creating prefix chain script '/home/dilhan/ros2_ws/src/ur_to_touch_haptic_teleoperation/install/setup.bash'
[5.309s] INFO:colcon.colcon_core.shell:Creating prefix script '/home/dilhan/ros2_ws/src/ur_to_touch_haptic_teleoperation/install/local_setup.zsh'
[5.310s] INFO:colcon.colcon_core.shell:Creating prefix chain script '/home/dilhan/ros2_ws/src/ur_to_touch_haptic_teleoperation/install/setup.zsh'
