[0.074s] DEBUG:colcon:Command line arguments: ['/usr/bin/colcon', 'build']
[0.074s] DEBUG:colcon:Parsed command line arguments: Namespace(log_base=None, log_level=None, verb_name='build', build_base='build', install_base='install', merge_install=False, symlink_install=False, test_result_base=None, continue_on_error=False, executor='parallel', parallel_workers=20, event_handlers=None, ignore_user_meta=False, metas=['./colcon.meta'], base_paths=['.'], packages_ignore=None, packages_ignore_regex=None, paths=None, packages_up_to=None, packages_up_to_regex=None, packages_above=None, packages_above_and_dependencies=None, packages_above_depth=None, packages_select_by_dep=None, packages_skip_by_dep=None, packages_skip_up_to=None, packages_select_build_failed=False, packages_skip_build_finished=False, packages_select_test_failures=False, packages_skip_test_passed=False, packages_select=None, packages_skip=None, packages_select_regex=None, packages_skip_regex=None, packages_start=None, packages_end=None, cmake_args=None, cmake_target=None, cmake_target_skip_unavailable=False, cmake_clean_cache=False, cmake_clean_first=False, cmake_force_configure=False, ament_cmake_args=None, catkin_cmake_args=None, catkin_skip_building_tests=False, verb_parser=<colcon_defaults.argument_parser.defaults.DefaultArgumentsDecorator object at 0x72fa3e942f80>, verb_extension=<colcon_core.verb.build.BuildVerb object at 0x72fa3e942a40>, main=<bound method BuildVerb.main of <colcon_core.verb.build.BuildVerb object at 0x72fa3e942a40>>)
[0.182s] Level 1:colcon.colcon_core.package_discovery:discover_packages(colcon_meta) check parameters
[0.182s] Level 1:colcon.colcon_core.package_discovery:discover_packages(recursive) check parameters
[0.182s] Level 1:colcon.colcon_core.package_discovery:discover_packages(ignore) check parameters
[0.182s] Level 1:colcon.colcon_core.package_discovery:discover_packages(path) check parameters
[0.182s] Level 1:colcon.colcon_core.package_discovery:discover_packages(colcon_meta) discover
[0.182s] Level 1:colcon.colcon_core.package_discovery:discover_packages(recursive) discover
[0.182s] INFO:colcon.colcon_core.package_discovery:Crawling recursively for packages in '/home/projet-echo/Projet_indus'
[0.182s] Level 1:colcon.colcon_core.package_identification:_identify(.) by extensions ['ignore', 'ignore_ament_install']
[0.182s] Level 1:colcon.colcon_core.package_identification:_identify(.) by extension 'ignore'
[0.182s] Level 1:colcon.colcon_core.package_identification:_identify(.) by extension 'ignore_ament_install'
[0.182s] Level 1:colcon.colcon_core.package_identification:_identify(.) by extensions ['colcon_pkg']
[0.182s] Level 1:colcon.colcon_core.package_identification:_identify(.) by extension 'colcon_pkg'
[0.182s] Level 1:colcon.colcon_core.package_identification:_identify(.) by extensions ['colcon_meta']
[0.182s] Level 1:colcon.colcon_core.package_identification:_identify(.) by extension 'colcon_meta'
[0.182s] Level 1:colcon.colcon_core.package_identification:_identify(.) by extensions ['ros']
[0.182s] Level 1:colcon.colcon_core.package_identification:_identify(.) by extension 'ros'
[0.191s] Level 1:colcon.colcon_core.package_identification:_identify(.) by extensions ['cmake', 'python']
[0.191s] Level 1:colcon.colcon_core.package_identification:_identify(.) by extension 'cmake'
[0.191s] Level 1:colcon.colcon_core.package_identification:_identify(.) by extension 'python'
[0.191s] Level 1:colcon.colcon_core.package_identification:_identify(.) by extensions ['python_setup_py']
[0.191s] Level 1:colcon.colcon_core.package_identification:_identify(.) by extension 'python_setup_py'
[0.191s] Level 1:colcon.colcon_core.package_identification:_identify(build) by extensions ['ignore', 'ignore_ament_install']
[0.192s] Level 1:colcon.colcon_core.package_identification:_identify(build) by extension 'ignore'
[0.192s] Level 1:colcon.colcon_core.package_identification:_identify(build) ignored
[0.192s] Level 1:colcon.colcon_core.package_identification:_identify(install) by extensions ['ignore', 'ignore_ament_install']
[0.192s] Level 1:colcon.colcon_core.package_identification:_identify(install) by extension 'ignore'
[0.192s] Level 1:colcon.colcon_core.package_identification:_identify(install) ignored
[0.192s] Level 1:colcon.colcon_core.package_identification:_identify(log) by extensions ['ignore', 'ignore_ament_install']
[0.192s] Level 1:colcon.colcon_core.package_identification:_identify(log) by extension 'ignore'
[0.192s] Level 1:colcon.colcon_core.package_identification:_identify(log) ignored
[0.192s] Level 1:colcon.colcon_core.package_identification:_identify(src) by extensions ['ignore', 'ignore_ament_install']
[0.192s] Level 1:colcon.colcon_core.package_identification:_identify(src) by extension 'ignore'
[0.192s] Level 1:colcon.colcon_core.package_identification:_identify(src) by extension 'ignore_ament_install'
[0.192s] Level 1:colcon.colcon_core.package_identification:_identify(src) by extensions ['colcon_pkg']
[0.192s] Level 1:colcon.colcon_core.package_identification:_identify(src) by extension 'colcon_pkg'
[0.192s] Level 1:colcon.colcon_core.package_identification:_identify(src) by extensions ['colcon_meta']
[0.192s] Level 1:colcon.colcon_core.package_identification:_identify(src) by extension 'colcon_meta'
[0.192s] Level 1:colcon.colcon_core.package_identification:_identify(src) by extensions ['ros']
[0.192s] Level 1:colcon.colcon_core.package_identification:_identify(src) by extension 'ros'
[0.192s] Level 1:colcon.colcon_core.package_identification:_identify(src) by extensions ['cmake', 'python']
[0.192s] Level 1:colcon.colcon_core.package_identification:_identify(src) by extension 'cmake'
[0.192s] Level 1:colcon.colcon_core.package_identification:_identify(src) by extension 'python'
[0.192s] Level 1:colcon.colcon_core.package_identification:_identify(src) by extensions ['python_setup_py']
[0.192s] Level 1:colcon.colcon_core.package_identification:_identify(src) by extension 'python_setup_py'
[0.192s] Level 1:colcon.colcon_core.package_identification:_identify(src/Geomagic_Touch_ROS2) by extensions ['ignore', 'ignore_ament_install']
[0.192s] Level 1:colcon.colcon_core.package_identification:_identify(src/Geomagic_Touch_ROS2) by extension 'ignore'
[0.192s] Level 1:colcon.colcon_core.package_identification:_identify(src/Geomagic_Touch_ROS2) by extension 'ignore_ament_install'
[0.192s] Level 1:colcon.colcon_core.package_identification:_identify(src/Geomagic_Touch_ROS2) by extensions ['colcon_pkg']
[0.192s] Level 1:colcon.colcon_core.package_identification:_identify(src/Geomagic_Touch_ROS2) by extension 'colcon_pkg'
[0.192s] Level 1:colcon.colcon_core.package_identification:_identify(src/Geomagic_Touch_ROS2) by extensions ['colcon_meta']
[0.192s] Level 1:colcon.colcon_core.package_identification:_identify(src/Geomagic_Touch_ROS2) by extension 'colcon_meta'
[0.193s] Level 1:colcon.colcon_core.package_identification:_identify(src/Geomagic_Touch_ROS2) by extensions ['ros']
[0.193s] Level 1:colcon.colcon_core.package_identification:_identify(src/Geomagic_Touch_ROS2) by extension 'ros'
[0.193s] Level 1:colcon.colcon_core.package_identification:_identify(src/Geomagic_Touch_ROS2) by extensions ['cmake', 'python']
[0.193s] Level 1:colcon.colcon_core.package_identification:_identify(src/Geomagic_Touch_ROS2) by extension 'cmake'
[0.193s] Level 1:colcon.colcon_core.package_identification:_identify(src/Geomagic_Touch_ROS2) by extension 'python'
[0.193s] Level 1:colcon.colcon_core.package_identification:_identify(src/Geomagic_Touch_ROS2) by extensions ['python_setup_py']
[0.193s] Level 1:colcon.colcon_core.package_identification:_identify(src/Geomagic_Touch_ROS2) by extension 'python_setup_py'
[0.193s] Level 1:colcon.colcon_core.package_identification:_identify(src/Geomagic_Touch_ROS2/omni_common) by extensions ['ignore', 'ignore_ament_install']
[0.193s] Level 1:colcon.colcon_core.package_identification:_identify(src/Geomagic_Touch_ROS2/omni_common) by extension 'ignore'
[0.193s] Level 1:colcon.colcon_core.package_identification:_identify(src/Geomagic_Touch_ROS2/omni_common) by extension 'ignore_ament_install'
[0.193s] Level 1:colcon.colcon_core.package_identification:_identify(src/Geomagic_Touch_ROS2/omni_common) by extensions ['colcon_pkg']
[0.193s] Level 1:colcon.colcon_core.package_identification:_identify(src/Geomagic_Touch_ROS2/omni_common) by extension 'colcon_pkg'
[0.193s] Level 1:colcon.colcon_core.package_identification:_identify(src/Geomagic_Touch_ROS2/omni_common) by extensions ['colcon_meta']
[0.193s] Level 1:colcon.colcon_core.package_identification:_identify(src/Geomagic_Touch_ROS2/omni_common) by extension 'colcon_meta'
[0.193s] Level 1:colcon.colcon_core.package_identification:_identify(src/Geomagic_Touch_ROS2/omni_common) by extensions ['ros']
[0.193s] Level 1:colcon.colcon_core.package_identification:_identify(src/Geomagic_Touch_ROS2/omni_common) by extension 'ros'
[0.195s] DEBUG:colcon.colcon_core.package_identification:Package 'src/Geomagic_Touch_ROS2/omni_common' with type 'ros.ament_cmake' and name 'omni_common'
[0.195s] Level 1:colcon.colcon_core.package_identification:_identify(src/Geomagic_Touch_ROS2/omni_description) by extensions ['ignore', 'ignore_ament_install']
[0.195s] Level 1:colcon.colcon_core.package_identification:_identify(src/Geomagic_Touch_ROS2/omni_description) by extension 'ignore'
[0.195s] Level 1:colcon.colcon_core.package_identification:_identify(src/Geomagic_Touch_ROS2/omni_description) by extension 'ignore_ament_install'
[0.195s] Level 1:colcon.colcon_core.package_identification:_identify(src/Geomagic_Touch_ROS2/omni_description) by extensions ['colcon_pkg']
[0.195s] Level 1:colcon.colcon_core.package_identification:_identify(src/Geomagic_Touch_ROS2/omni_description) by extension 'colcon_pkg'
[0.195s] Level 1:colcon.colcon_core.package_identification:_identify(src/Geomagic_Touch_ROS2/omni_description) by extensions ['colcon_meta']
[0.195s] Level 1:colcon.colcon_core.package_identification:_identify(src/Geomagic_Touch_ROS2/omni_description) by extension 'colcon_meta'
[0.195s] Level 1:colcon.colcon_core.package_identification:_identify(src/Geomagic_Touch_ROS2/omni_description) by extensions ['ros']
[0.195s] Level 1:colcon.colcon_core.package_identification:_identify(src/Geomagic_Touch_ROS2/omni_description) by extension 'ros'
[0.196s] DEBUG:colcon.colcon_core.package_identification:Package 'src/Geomagic_Touch_ROS2/omni_description' with type 'ros.ament_cmake' and name 'omni_description'
[0.196s] Level 1:colcon.colcon_core.package_identification:_identify(src/Geomagic_Touch_ROS2/omni_msgs) by extensions ['ignore', 'ignore_ament_install']
[0.196s] Level 1:colcon.colcon_core.package_identification:_identify(src/Geomagic_Touch_ROS2/omni_msgs) by extension 'ignore'
[0.196s] Level 1:colcon.colcon_core.package_identification:_identify(src/Geomagic_Touch_ROS2/omni_msgs) by extension 'ignore_ament_install'
[0.196s] Level 1:colcon.colcon_core.package_identification:_identify(src/Geomagic_Touch_ROS2/omni_msgs) by extensions ['colcon_pkg']
[0.196s] Level 1:colcon.colcon_core.package_identification:_identify(src/Geomagic_Touch_ROS2/omni_msgs) by extension 'colcon_pkg'
[0.196s] Level 1:colcon.colcon_core.package_identification:_identify(src/Geomagic_Touch_ROS2/omni_msgs) by extensions ['colcon_meta']
[0.196s] Level 1:colcon.colcon_core.package_identification:_identify(src/Geomagic_Touch_ROS2/omni_msgs) by extension 'colcon_meta'
[0.196s] Level 1:colcon.colcon_core.package_identification:_identify(src/Geomagic_Touch_ROS2/omni_msgs) by extensions ['ros']
[0.196s] Level 1:colcon.colcon_core.package_identification:_identify(src/Geomagic_Touch_ROS2/omni_msgs) by extension 'ros'
[0.196s] DEBUG:colcon.colcon_core.package_identification:Package 'src/Geomagic_Touch_ROS2/omni_msgs' with type 'ros.catkin' and name 'omni_msgs'
[0.196s] Level 1:colcon.colcon_core.package_identification:_identify(src/ur_to_touch_haptic_teleoperation) by extensions ['ignore', 'ignore_ament_install']
[0.197s] Level 1:colcon.colcon_core.package_identification:_identify(src/ur_to_touch_haptic_teleoperation) by extension 'ignore'
[0.197s] Level 1:colcon.colcon_core.package_identification:_identify(src/ur_to_touch_haptic_teleoperation) by extension 'ignore_ament_install'
[0.197s] Level 1:colcon.colcon_core.package_identification:_identify(src/ur_to_touch_haptic_teleoperation) by extensions ['colcon_pkg']
[0.197s] Level 1:colcon.colcon_core.package_identification:_identify(src/ur_to_touch_haptic_teleoperation) by extension 'colcon_pkg'
[0.197s] Level 1:colcon.colcon_core.package_identification:_identify(src/ur_to_touch_haptic_teleoperation) by extensions ['colcon_meta']
[0.197s] Level 1:colcon.colcon_core.package_identification:_identify(src/ur_to_touch_haptic_teleoperation) by extension 'colcon_meta'
[0.197s] Level 1:colcon.colcon_core.package_identification:_identify(src/ur_to_touch_haptic_teleoperation) by extensions ['ros']
[0.197s] Level 1:colcon.colcon_core.package_identification:_identify(src/ur_to_touch_haptic_teleoperation) by extension 'ros'
[0.198s] DEBUG:colcon.colcon_core.package_identification:Package 'src/ur_to_touch_haptic_teleoperation' with type 'ros.ament_cmake' and name 'ur_to_touch_haptic_teleoperation'
[0.198s] Level 1:colcon.colcon_core.package_identification:_identify(src/ur_udp) by extensions ['ignore', 'ignore_ament_install']
[0.198s] Level 1:colcon.colcon_core.package_identification:_identify(src/ur_udp) by extension 'ignore'
[0.198s] Level 1:colcon.colcon_core.package_identification:_identify(src/ur_udp) by extension 'ignore_ament_install'
[0.198s] Level 1:colcon.colcon_core.package_identification:_identify(src/ur_udp) by extensions ['colcon_pkg']
[0.198s] Level 1:colcon.colcon_core.package_identification:_identify(src/ur_udp) by extension 'colcon_pkg'
[0.198s] Level 1:colcon.colcon_core.package_identification:_identify(src/ur_udp) by extensions ['colcon_meta']
[0.198s] Level 1:colcon.colcon_core.package_identification:_identify(src/ur_udp) by extension 'colcon_meta'
[0.198s] Level 1:colcon.colcon_core.package_identification:_identify(src/ur_udp) by extensions ['ros']
[0.198s] Level 1:colcon.colcon_core.package_identification:_identify(src/ur_udp) by extension 'ros'
[0.199s] DEBUG:colcon.colcon_core.package_identification:Package 'src/ur_udp' with type 'ros.ament_cmake' and name 'ur_udp'
[0.199s] Level 1:colcon.colcon_core.package_discovery:discover_packages(recursive) using defaults
[0.199s] Level 1:colcon.colcon_core.package_discovery:discover_packages(ignore) discover
[0.199s] Level 1:colcon.colcon_core.package_discovery:discover_packages(ignore) using defaults
[0.199s] Level 1:colcon.colcon_core.package_discovery:discover_packages(path) discover
[0.199s] Level 1:colcon.colcon_core.package_discovery:discover_packages(path) using defaults
[0.221s] Level 5:colcon.colcon_core.verb:set package 'omni_description' build argument 'cmake_args' from command line to 'None'
[0.221s] Level 5:colcon.colcon_core.verb:set package 'omni_description' build argument 'cmake_target' from command line to 'None'
[0.221s] Level 5:colcon.colcon_core.verb:set package 'omni_description' build argument 'cmake_target_skip_unavailable' from command line to 'False'
[0.221s] Level 5:colcon.colcon_core.verb:set package 'omni_description' build argument 'cmake_clean_cache' from command line to 'False'
[0.221s] Level 5:colcon.colcon_core.verb:set package 'omni_description' build argument 'cmake_clean_first' from command line to 'False'
[0.221s] Level 5:colcon.colcon_core.verb:set package 'omni_description' build argument 'cmake_force_configure' from command line to 'False'
[0.221s] Level 5:colcon.colcon_core.verb:set package 'omni_description' build argument 'ament_cmake_args' from command line to 'None'
[0.221s] Level 5:colcon.colcon_core.verb:set package 'omni_description' build argument 'catkin_cmake_args' from command line to 'None'
[0.221s] Level 5:colcon.colcon_core.verb:set package 'omni_description' build argument 'catkin_skip_building_tests' from command line to 'False'
[0.221s] DEBUG:colcon.colcon_core.verb:Building package 'omni_description' with the following arguments: {'ament_cmake_args': None, 'build_base': '/home/projet-echo/Projet_indus/build/omni_description', 'catkin_cmake_args': None, 'catkin_skip_building_tests': False, 'cmake_args': None, 'cmake_clean_cache': False, 'cmake_clean_first': False, 'cmake_force_configure': False, 'cmake_target': None, 'cmake_target_skip_unavailable': False, 'install_base': '/home/projet-echo/Projet_indus/install/omni_description', 'merge_install': False, 'path': '/home/projet-echo/Projet_indus/src/Geomagic_Touch_ROS2/omni_description', 'symlink_install': False, 'test_result_base': None}
[0.222s] Level 5:colcon.colcon_core.verb:set package 'omni_msgs' build argument 'cmake_args' from command line to 'None'
[0.222s] Level 5:colcon.colcon_core.verb:set package 'omni_msgs' build argument 'cmake_target' from command line to 'None'
[0.222s] Level 5:colcon.colcon_core.verb:set package 'omni_msgs' build argument 'cmake_target_skip_unavailable' from command line to 'False'
[0.222s] Level 5:colcon.colcon_core.verb:set package 'omni_msgs' build argument 'cmake_clean_cache' from command line to 'False'
[0.222s] Level 5:colcon.colcon_core.verb:set package 'omni_msgs' build argument 'cmake_clean_first' from command line to 'False'
[0.222s] Level 5:colcon.colcon_core.verb:set package 'omni_msgs' build argument 'cmake_force_configure' from command line to 'False'
[0.222s] Level 5:colcon.colcon_core.verb:set package 'omni_msgs' build argument 'ament_cmake_args' from command line to 'None'
[0.222s] Level 5:colcon.colcon_core.verb:set package 'omni_msgs' build argument 'catkin_cmake_args' from command line to 'None'
[0.222s] Level 5:colcon.colcon_core.verb:set package 'omni_msgs' build argument 'catkin_skip_building_tests' from command line to 'False'
[0.222s] DEBUG:colcon.colcon_core.verb:Building package 'omni_msgs' with the following arguments: {'ament_cmake_args': None, 'build_base': '/home/projet-echo/Projet_indus/build/omni_msgs', 'catkin_cmake_args': None, 'catkin_skip_building_tests': False, 'cmake_args': None, 'cmake_clean_cache': False, 'cmake_clean_first': False, 'cmake_force_configure': False, 'cmake_target': None, 'cmake_target_skip_unavailable': False, 'install_base': '/home/projet-echo/Projet_indus/install/omni_msgs', 'merge_install': False, 'path': '/home/projet-echo/Projet_indus/src/Geomagic_Touch_ROS2/omni_msgs', 'symlink_install': False, 'test_result_base': None}
[0.222s] Level 5:colcon.colcon_core.verb:set package 'omni_common' build argument 'cmake_args' from command line to 'None'
[0.222s] Level 5:colcon.colcon_core.verb:set package 'omni_common' build argument 'cmake_target' from command line to 'None'
[0.222s] Level 5:colcon.colcon_core.verb:set package 'omni_common' build argument 'cmake_target_skip_unavailable' from command line to 'False'
[0.222s] Level 5:colcon.colcon_core.verb:set package 'omni_common' build argument 'cmake_clean_cache' from command line to 'False'
[0.222s] Level 5:colcon.colcon_core.verb:set package 'omni_common' build argument 'cmake_clean_first' from command line to 'False'
[0.222s] Level 5:colcon.colcon_core.verb:set package 'omni_common' build argument 'cmake_force_configure' from command line to 'False'
[0.222s] Level 5:colcon.colcon_core.verb:set package 'omni_common' build argument 'ament_cmake_args' from command line to 'None'
[0.222s] Level 5:colcon.colcon_core.verb:set package 'omni_common' build argument 'catkin_cmake_args' from command line to 'None'
[0.222s] Level 5:colcon.colcon_core.verb:set package 'omni_common' build argument 'catkin_skip_building_tests' from command line to 'False'
[0.222s] DEBUG:colcon.colcon_core.verb:Building package 'omni_common' with the following arguments: {'ament_cmake_args': None, 'build_base': '/home/projet-echo/Projet_indus/build/omni_common', 'catkin_cmake_args': None, 'catkin_skip_building_tests': False, 'cmake_args': None, 'cmake_clean_cache': False, 'cmake_clean_first': False, 'cmake_force_configure': False, 'cmake_target': None, 'cmake_target_skip_unavailable': False, 'install_base': '/home/projet-echo/Projet_indus/install/omni_common', 'merge_install': False, 'path': '/home/projet-echo/Projet_indus/src/Geomagic_Touch_ROS2/omni_common', 'symlink_install': False, 'test_result_base': None}
[0.222s] Level 5:colcon.colcon_core.verb:set package 'ur_udp' build argument 'cmake_args' from command line to 'None'
[0.222s] Level 5:colcon.colcon_core.verb:set package 'ur_udp' build argument 'cmake_target' from command line to 'None'
[0.222s] Level 5:colcon.colcon_core.verb:set package 'ur_udp' build argument 'cmake_target_skip_unavailable' from command line to 'False'
[0.222s] Level 5:colcon.colcon_core.verb:set package 'ur_udp' build argument 'cmake_clean_cache' from command line to 'False'
[0.222s] Level 5:colcon.colcon_core.verb:set package 'ur_udp' build argument 'cmake_clean_first' from command line to 'False'
[0.222s] Level 5:colcon.colcon_core.verb:set package 'ur_udp' build argument 'cmake_force_configure' from command line to 'False'
[0.222s] Level 5:colcon.colcon_core.verb:set package 'ur_udp' build argument 'ament_cmake_args' from command line to 'None'
[0.222s] Level 5:colcon.colcon_core.verb:set package 'ur_udp' build argument 'catkin_cmake_args' from command line to 'None'
[0.222s] Level 5:colcon.colcon_core.verb:set package 'ur_udp' build argument 'catkin_skip_building_tests' from command line to 'False'
[0.222s] DEBUG:colcon.colcon_core.verb:Building package 'ur_udp' with the following arguments: {'ament_cmake_args': None, 'build_base': '/home/projet-echo/Projet_indus/build/ur_udp', 'catkin_cmake_args': None, 'catkin_skip_building_tests': False, 'cmake_args': None, 'cmake_clean_cache': False, 'cmake_clean_first': False, 'cmake_force_configure': False, 'cmake_target': None, 'cmake_target_skip_unavailable': False, 'install_base': '/home/projet-echo/Projet_indus/install/ur_udp', 'merge_install': False, 'path': '/home/projet-echo/Projet_indus/src/ur_udp', 'symlink_install': False, 'test_result_base': None}
[0.223s] Level 5:colcon.colcon_core.verb:set package 'ur_to_touch_haptic_teleoperation' build argument 'cmake_args' from command line to 'None'
[0.223s] Level 5:colcon.colcon_core.verb:set package 'ur_to_touch_haptic_teleoperation' build argument 'cmake_target' from command line to 'None'
[0.223s] Level 5:colcon.colcon_core.verb:set package 'ur_to_touch_haptic_teleoperation' build argument 'cmake_target_skip_unavailable' from command line to 'False'
[0.223s] Level 5:colcon.colcon_core.verb:set package 'ur_to_touch_haptic_teleoperation' build argument 'cmake_clean_cache' from command line to 'False'
[0.223s] Level 5:colcon.colcon_core.verb:set package 'ur_to_touch_haptic_teleoperation' build argument 'cmake_clean_first' from command line to 'False'
[0.223s] Level 5:colcon.colcon_core.verb:set package 'ur_to_touch_haptic_teleoperation' build argument 'cmake_force_configure' from command line to 'False'
[0.223s] Level 5:colcon.colcon_core.verb:set package 'ur_to_touch_haptic_teleoperation' build argument 'ament_cmake_args' from command line to 'None'
[0.223s] Level 5:colcon.colcon_core.verb:set package 'ur_to_touch_haptic_teleoperation' build argument 'catkin_cmake_args' from command line to 'None'
[0.223s] Level 5:colcon.colcon_core.verb:set package 'ur_to_touch_haptic_teleoperation' build argument 'catkin_skip_building_tests' from command line to 'False'
[0.223s] DEBUG:colcon.colcon_core.verb:Building package 'ur_to_touch_haptic_teleoperation' with the following arguments: {'ament_cmake_args': None, 'build_base': '/home/projet-echo/Projet_indus/build/ur_to_touch_haptic_teleoperation', 'catkin_cmake_args': None, 'catkin_skip_building_tests': False, 'cmake_args': None, 'cmake_clean_cache': False, 'cmake_clean_first': False, 'cmake_force_configure': False, 'cmake_target': None, 'cmake_target_skip_unavailable': False, 'install_base': '/home/projet-echo/Projet_indus/install/ur_to_touch_haptic_teleoperation', 'merge_install': False, 'path': '/home/projet-echo/Projet_indus/src/ur_to_touch_haptic_teleoperation', 'symlink_install': False, 'test_result_base': None}
[0.223s] INFO:colcon.colcon_core.executor:Executing jobs using 'parallel' executor
[0.224s] DEBUG:colcon.colcon_parallel_executor.executor.parallel:run_until_complete
[0.224s] INFO:colcon.colcon_ros.task.catkin.build:Building ROS package in '/home/projet-echo/Projet_indus/src/Geomagic_Touch_ROS2/omni_msgs' with build type 'catkin'
[0.224s] INFO:colcon.colcon_cmake.task.cmake.build:Building CMake package in '/home/projet-echo/Projet_indus/src/Geomagic_Touch_ROS2/omni_msgs'
[0.225s] INFO:colcon.colcon_core.plugin_system:Skipping extension 'colcon_core.shell.bat': Not used on non-Windows systems
[0.225s] INFO:colcon.colcon_core.shell:Skip shell extension 'powershell' for command environment: Not usable outside of PowerShell
[0.225s] DEBUG:colcon.colcon_core.shell:Skip shell extension 'dsv' for command environment
[0.229s] INFO:colcon.colcon_ros.task.ament_cmake.build:Building ROS package in '/home/projet-echo/Projet_indus/src/Geomagic_Touch_ROS2/omni_description' with build type 'ament_cmake'
[0.229s] INFO:colcon.colcon_cmake.task.cmake.build:Building CMake package in '/home/projet-echo/Projet_indus/src/Geomagic_Touch_ROS2/omni_description'
[0.229s] INFO:colcon.colcon_core.shell:Skip shell extension 'powershell' for command environment: Not usable outside of PowerShell
[0.229s] DEBUG:colcon.colcon_core.shell:Skip shell extension 'dsv' for command environment
[0.236s] DEBUG:colcon.colcon_core.event_handler.log_command:Invoking command in '/home/projet-echo/Projet_indus/build/omni_msgs': /usr/bin/cmake --build /home/projet-echo/Projet_indus/build/omni_msgs -- -j20 -l20
[0.238s] DEBUG:colcon.colcon_core.event_handler.log_command:Invoking command in '/home/projet-echo/Projet_indus/build/omni_description': CMAKE_PREFIX_PATH=/opt/ros/humble /usr/bin/cmake --build /home/projet-echo/Projet_indus/build/omni_description -- -j20 -l20
[0.268s] DEBUG:colcon.colcon_core.event_handler.log_command:Invoked command in '/home/projet-echo/Projet_indus/build/omni_description' returned '0': CMAKE_PREFIX_PATH=/opt/ros/humble /usr/bin/cmake --build /home/projet-echo/Projet_indus/build/omni_description -- -j20 -l20
[0.278s] DEBUG:colcon.colcon_core.event_handler.log_command:Invoking command in '/home/projet-echo/Projet_indus/build/omni_description': CMAKE_PREFIX_PATH=/opt/ros/humble /usr/bin/cmake --install /home/projet-echo/Projet_indus/build/omni_description
[0.295s] Level 1:colcon.colcon_core.environment:create_environment_scripts_only(omni_description)
[0.296s] DEBUG:colcon.colcon_core.event_handler.log_command:Invoked command in '/home/projet-echo/Projet_indus/build/omni_description' returned '0': CMAKE_PREFIX_PATH=/opt/ros/humble /usr/bin/cmake --install /home/projet-echo/Projet_indus/build/omni_description
[0.299s] Level 1:colcon.colcon_core.environment:checking '/home/projet-echo/Projet_indus/install/omni_description' for CMake module files
[0.300s] Level 1:colcon.colcon_core.environment:checking '/home/projet-echo/Projet_indus/install/omni_description' for CMake config files
[0.300s] Level 1:colcon.colcon_core.shell:create_environment_hook('omni_description', 'cmake_prefix_path')
[0.301s] INFO:colcon.colcon_core.shell:Creating environment hook '/home/projet-echo/Projet_indus/install/omni_description/share/omni_description/hook/cmake_prefix_path.ps1'
[0.302s] INFO:colcon.colcon_core.shell:Creating environment descriptor '/home/projet-echo/Projet_indus/install/omni_description/share/omni_description/hook/cmake_prefix_path.dsv'
[0.302s] INFO:colcon.colcon_core.shell:Creating environment hook '/home/projet-echo/Projet_indus/install/omni_description/share/omni_description/hook/cmake_prefix_path.sh'
[0.303s] Level 1:colcon.colcon_core.environment:checking '/home/projet-echo/Projet_indus/install/omni_description/bin'
[0.304s] Level 1:colcon.colcon_core.environment:checking '/home/projet-echo/Projet_indus/install/omni_description/lib/pkgconfig/omni_description.pc'
[0.306s] Level 1:colcon.colcon_core.environment:checking '/home/projet-echo/Projet_indus/install/omni_description/lib/python3.10/site-packages'
[0.306s] Level 1:colcon.colcon_core.environment:checking '/home/projet-echo/Projet_indus/install/omni_description/bin'
[0.307s] INFO:colcon.colcon_core.shell:Creating package script '/home/projet-echo/Projet_indus/install/omni_description/share/omni_description/package.ps1'
[0.308s] INFO:colcon.colcon_core.shell:Creating package descriptor '/home/projet-echo/Projet_indus/install/omni_description/share/omni_description/package.dsv'
[0.308s] INFO:colcon.colcon_core.shell:Creating package script '/home/projet-echo/Projet_indus/install/omni_description/share/omni_description/package.sh'
[0.309s] INFO:colcon.colcon_core.shell:Creating package script '/home/projet-echo/Projet_indus/install/omni_description/share/omni_description/package.bash'
[0.312s] INFO:colcon.colcon_core.shell:Creating package script '/home/projet-echo/Projet_indus/install/omni_description/share/omni_description/package.zsh'
[0.313s] Level 1:colcon.colcon_core.environment:create_file_with_runtime_dependencies(/home/projet-echo/Projet_indus/install/omni_description/share/colcon-core/packages/omni_description)
[0.314s] Level 1:colcon.colcon_core.environment:create_environment_scripts_only(omni_description)
[0.314s] Level 1:colcon.colcon_core.environment:checking '/home/projet-echo/Projet_indus/install/omni_description' for CMake module files
[0.315s] Level 1:colcon.colcon_core.environment:checking '/home/projet-echo/Projet_indus/install/omni_description' for CMake config files
[0.315s] Level 1:colcon.colcon_core.shell:create_environment_hook('omni_description', 'cmake_prefix_path')
[0.315s] INFO:colcon.colcon_core.shell:Creating environment hook '/home/projet-echo/Projet_indus/install/omni_description/share/omni_description/hook/cmake_prefix_path.ps1'
[0.316s] INFO:colcon.colcon_core.shell:Creating environment descriptor '/home/projet-echo/Projet_indus/install/omni_description/share/omni_description/hook/cmake_prefix_path.dsv'
[0.316s] INFO:colcon.colcon_core.shell:Creating environment hook '/home/projet-echo/Projet_indus/install/omni_description/share/omni_description/hook/cmake_prefix_path.sh'
[0.317s] Level 1:colcon.colcon_core.environment:checking '/home/projet-echo/Projet_indus/install/omni_description/bin'
[0.317s] Level 1:colcon.colcon_core.environment:checking '/home/projet-echo/Projet_indus/install/omni_description/lib/pkgconfig/omni_description.pc'
[0.317s] Level 1:colcon.colcon_core.environment:checking '/home/projet-echo/Projet_indus/install/omni_description/lib/python3.10/site-packages'
[0.318s] Level 1:colcon.colcon_core.environment:checking '/home/projet-echo/Projet_indus/install/omni_description/bin'
[0.318s] INFO:colcon.colcon_core.shell:Creating package script '/home/projet-echo/Projet_indus/install/omni_description/share/omni_description/package.ps1'
[0.319s] INFO:colcon.colcon_core.shell:Creating package descriptor '/home/projet-echo/Projet_indus/install/omni_description/share/omni_description/package.dsv'
[0.319s] INFO:colcon.colcon_core.shell:Creating package script '/home/projet-echo/Projet_indus/install/omni_description/share/omni_description/package.sh'
[0.320s] INFO:colcon.colcon_core.shell:Creating package script '/home/projet-echo/Projet_indus/install/omni_description/share/omni_description/package.bash'
[0.320s] INFO:colcon.colcon_core.shell:Creating package script '/home/projet-echo/Projet_indus/install/omni_description/share/omni_description/package.zsh'
[0.321s] Level 1:colcon.colcon_core.environment:create_file_with_runtime_dependencies(/home/projet-echo/Projet_indus/install/omni_description/share/colcon-core/packages/omni_description)
[0.508s] DEBUG:colcon.colcon_core.event_handler.log_command:Invoked command in '/home/projet-echo/Projet_indus/build/omni_msgs' returned '0': /usr/bin/cmake --build /home/projet-echo/Projet_indus/build/omni_msgs -- -j20 -l20
[0.510s] DEBUG:colcon.colcon_core.event_handler.log_command:Invoking command in '/home/projet-echo/Projet_indus/build/omni_msgs': /usr/bin/cmake --install /home/projet-echo/Projet_indus/build/omni_msgs
[0.556s] DEBUG:colcon.colcon_core.event_handler.log_command:Invoked command in '/home/projet-echo/Projet_indus/build/omni_msgs' returned '0': /usr/bin/cmake --install /home/projet-echo/Projet_indus/build/omni_msgs
[0.556s] Level 1:colcon.colcon_core.shell:create_environment_hook('omni_msgs', 'ros_package_path')
[0.556s] INFO:colcon.colcon_core.shell:Creating environment hook '/home/projet-echo/Projet_indus/install/omni_msgs/share/omni_msgs/hook/ros_package_path.ps1'
[0.557s] INFO:colcon.colcon_core.shell:Creating environment descriptor '/home/projet-echo/Projet_indus/install/omni_msgs/share/omni_msgs/hook/ros_package_path.dsv'
[0.557s] INFO:colcon.colcon_core.shell:Creating environment hook '/home/projet-echo/Projet_indus/install/omni_msgs/share/omni_msgs/hook/ros_package_path.sh'
[0.558s] Level 1:colcon.colcon_ros.task.catkin:checking '/home/projet-echo/Projet_indus/install/omni_msgs/local/lib/python3.10/dist-packages'
[0.558s] Level 1:colcon.colcon_core.shell:create_environment_hook('omni_msgs', 'catkin_pythonpath')
[0.558s] INFO:colcon.colcon_core.shell:Creating environment hook '/home/projet-echo/Projet_indus/install/omni_msgs/share/omni_msgs/hook/catkin_pythonpath.ps1'
[0.558s] INFO:colcon.colcon_core.shell:Creating environment descriptor '/home/projet-echo/Projet_indus/install/omni_msgs/share/omni_msgs/hook/catkin_pythonpath.dsv'
[0.558s] INFO:colcon.colcon_core.shell:Creating environment hook '/home/projet-echo/Projet_indus/install/omni_msgs/share/omni_msgs/hook/catkin_pythonpath.sh'
[0.559s] Level 1:colcon.colcon_core.shell:create_environment_hook('omni_msgs', 'pkg_config_path')
[0.559s] INFO:colcon.colcon_core.shell:Creating environment hook '/home/projet-echo/Projet_indus/install/omni_msgs/share/omni_msgs/hook/pkg_config_path.ps1'
[0.559s] INFO:colcon.colcon_core.shell:Creating environment descriptor '/home/projet-echo/Projet_indus/install/omni_msgs/share/omni_msgs/hook/pkg_config_path.dsv'
[0.559s] INFO:colcon.colcon_core.shell:Creating environment hook '/home/projet-echo/Projet_indus/install/omni_msgs/share/omni_msgs/hook/pkg_config_path.sh'
[0.561s] Level 1:colcon.colcon_core.shell:create_environment_hook('omni_msgs', 'pkg_config_path_multiarch')
[0.561s] INFO:colcon.colcon_core.shell:Creating environment hook '/home/projet-echo/Projet_indus/install/omni_msgs/share/omni_msgs/hook/pkg_config_path_multiarch.ps1'
[0.562s] INFO:colcon.colcon_core.shell:Creating environment descriptor '/home/projet-echo/Projet_indus/install/omni_msgs/share/omni_msgs/hook/pkg_config_path_multiarch.dsv'
[0.562s] INFO:colcon.colcon_core.shell:Creating environment hook '/home/projet-echo/Projet_indus/install/omni_msgs/share/omni_msgs/hook/pkg_config_path_multiarch.sh'
[0.563s] Level 1:colcon.colcon_core.environment:create_environment_scripts_only(omni_msgs)
[0.564s] Level 1:colcon.colcon_core.environment:checking '/home/projet-echo/Projet_indus/install/omni_msgs' for CMake module files
[0.564s] Level 1:colcon.colcon_core.environment:checking '/home/projet-echo/Projet_indus/install/omni_msgs' for CMake config files
[0.564s] Level 1:colcon.colcon_core.shell:create_environment_hook('omni_msgs', 'cmake_prefix_path')
[0.564s] INFO:colcon.colcon_core.shell:Creating environment hook '/home/projet-echo/Projet_indus/install/omni_msgs/share/omni_msgs/hook/cmake_prefix_path.ps1'
[0.564s] INFO:colcon.colcon_core.shell:Creating environment descriptor '/home/projet-echo/Projet_indus/install/omni_msgs/share/omni_msgs/hook/cmake_prefix_path.dsv'
[0.565s] INFO:colcon.colcon_core.shell:Creating environment hook '/home/projet-echo/Projet_indus/install/omni_msgs/share/omni_msgs/hook/cmake_prefix_path.sh'
[0.565s] Level 1:colcon.colcon_core.environment:checking '/home/projet-echo/Projet_indus/install/omni_msgs/lib'
[0.565s] Level 1:colcon.colcon_core.shell:create_environment_hook('omni_msgs', 'ld_library_path_lib')
[0.565s] INFO:colcon.colcon_core.shell:Creating environment hook '/home/projet-echo/Projet_indus/install/omni_msgs/share/omni_msgs/hook/ld_library_path_lib.ps1'
[0.566s] INFO:colcon.colcon_core.shell:Creating environment descriptor '/home/projet-echo/Projet_indus/install/omni_msgs/share/omni_msgs/hook/ld_library_path_lib.dsv'
[0.566s] INFO:colcon.colcon_core.shell:Creating environment hook '/home/projet-echo/Projet_indus/install/omni_msgs/share/omni_msgs/hook/ld_library_path_lib.sh'
[0.566s] Level 1:colcon.colcon_core.environment:checking '/home/projet-echo/Projet_indus/install/omni_msgs/bin'
[0.566s] Level 1:colcon.colcon_core.environment:checking '/home/projet-echo/Projet_indus/install/omni_msgs/lib/pkgconfig/omni_msgs.pc'
[0.566s] Level 1:colcon.colcon_core.environment:checking '/home/projet-echo/Projet_indus/install/omni_msgs/lib/python3.10/site-packages'
[0.566s] Level 1:colcon.colcon_core.environment:checking '/home/projet-echo/Projet_indus/install/omni_msgs/bin'
[0.567s] INFO:colcon.colcon_core.shell:Creating package script '/home/projet-echo/Projet_indus/install/omni_msgs/share/omni_msgs/package.ps1'
[0.567s] INFO:colcon.colcon_core.shell:Creating package descriptor '/home/projet-echo/Projet_indus/install/omni_msgs/share/omni_msgs/package.dsv'
[0.568s] INFO:colcon.colcon_core.shell:Creating package script '/home/projet-echo/Projet_indus/install/omni_msgs/share/omni_msgs/package.sh'
[0.568s] INFO:colcon.colcon_core.shell:Creating package script '/home/projet-echo/Projet_indus/install/omni_msgs/share/omni_msgs/package.bash'
[0.568s] INFO:colcon.colcon_core.shell:Creating package script '/home/projet-echo/Projet_indus/install/omni_msgs/share/omni_msgs/package.zsh'
[0.568s] Level 1:colcon.colcon_core.environment:create_file_with_runtime_dependencies(/home/projet-echo/Projet_indus/install/omni_msgs/share/colcon-core/packages/omni_msgs)
[0.569s] INFO:colcon.colcon_ros.task.ament_cmake.build:Building ROS package in '/home/projet-echo/Projet_indus/src/Geomagic_Touch_ROS2/omni_common' with build type 'ament_cmake'
[0.569s] INFO:colcon.colcon_cmake.task.cmake.build:Building CMake package in '/home/projet-echo/Projet_indus/src/Geomagic_Touch_ROS2/omni_common'
[0.569s] INFO:colcon.colcon_core.shell:Skip shell extension 'powershell' for command environment: Not usable outside of PowerShell
[0.569s] DEBUG:colcon.colcon_core.shell:Skip shell extension 'dsv' for command environment
[0.572s] INFO:colcon.colcon_ros.task.ament_cmake.build:Building ROS package in '/home/projet-echo/Projet_indus/src/ur_udp' with build type 'ament_cmake'
[0.572s] INFO:colcon.colcon_cmake.task.cmake.build:Building CMake package in '/home/projet-echo/Projet_indus/src/ur_udp'
[0.572s] INFO:colcon.colcon_core.shell:Skip shell extension 'powershell' for command environment: Not usable outside of PowerShell
[0.572s] DEBUG:colcon.colcon_core.shell:Skip shell extension 'dsv' for command environment
[0.577s] DEBUG:colcon.colcon_core.event_handler.log_command:Invoking command in '/home/projet-echo/Projet_indus/build/omni_common': CMAKE_PREFIX_PATH=/opt/ros/humble:/home/projet-echo/Projet_indus/install/omni_msgs LD_LIBRARY_PATH=/home/projet-echo/Projet_indus/install/omni_msgs/lib:${LD_LIBRARY_PATH} PKG_CONFIG_PATH=/home/projet-echo/Projet_indus/install/omni_msgs/lib/x86_64-linux-gnu/pkgconfig:/home/projet-echo/Projet_indus/install/omni_msgs/lib/pkgconfig PYTHONPATH=/home/projet-echo/Projet_indus/install/omni_msgs/local/lib/python3.10/dist-packages:${PYTHONPATH} ROS_PACKAGE_PATH=/home/projet-echo/Projet_indus/install/omni_msgs/share /usr/bin/cmake --build /home/projet-echo/Projet_indus/build/omni_common -- -j20 -l20
[0.579s] DEBUG:colcon.colcon_core.event_handler.log_command:Invoking command in '/home/projet-echo/Projet_indus/build/ur_udp': CMAKE_PREFIX_PATH=/opt/ros/humble:/home/projet-echo/Projet_indus/install/omni_msgs LD_LIBRARY_PATH=/home/projet-echo/Projet_indus/install/omni_msgs/lib:${LD_LIBRARY_PATH} PKG_CONFIG_PATH=/home/projet-echo/Projet_indus/install/omni_msgs/lib/x86_64-linux-gnu/pkgconfig:/home/projet-echo/Projet_indus/install/omni_msgs/lib/pkgconfig PYTHONPATH=/home/projet-echo/Projet_indus/install/omni_msgs/local/lib/python3.10/dist-packages:${PYTHONPATH} ROS_PACKAGE_PATH=/home/projet-echo/Projet_indus/install/omni_msgs/share /usr/bin/cmake --build /home/projet-echo/Projet_indus/build/ur_udp -- -j20 -l20
[0.641s] DEBUG:colcon.colcon_core.event_handler.log_command:Invoked command in '/home/projet-echo/Projet_indus/build/omni_common' returned '0': CMAKE_PREFIX_PATH=/opt/ros/humble:/home/projet-echo/Projet_indus/install/omni_msgs LD_LIBRARY_PATH=/home/projet-echo/Projet_indus/install/omni_msgs/lib:${LD_LIBRARY_PATH} PKG_CONFIG_PATH=/home/projet-echo/Projet_indus/install/omni_msgs/lib/x86_64-linux-gnu/pkgconfig:/home/projet-echo/Projet_indus/install/omni_msgs/lib/pkgconfig PYTHONPATH=/home/projet-echo/Projet_indus/install/omni_msgs/local/lib/python3.10/dist-packages:${PYTHONPATH} ROS_PACKAGE_PATH=/home/projet-echo/Projet_indus/install/omni_msgs/share /usr/bin/cmake --build /home/projet-echo/Projet_indus/build/omni_common -- -j20 -l20
[0.643s] DEBUG:colcon.colcon_core.event_handler.log_command:Invoking command in '/home/projet-echo/Projet_indus/build/omni_common': CMAKE_PREFIX_PATH=/opt/ros/humble:/home/projet-echo/Projet_indus/install/omni_msgs LD_LIBRARY_PATH=/home/projet-echo/Projet_indus/install/omni_msgs/lib:${LD_LIBRARY_PATH} PKG_CONFIG_PATH=/home/projet-echo/Projet_indus/install/omni_msgs/lib/x86_64-linux-gnu/pkgconfig:/home/projet-echo/Projet_indus/install/omni_msgs/lib/pkgconfig PYTHONPATH=/home/projet-echo/Projet_indus/install/omni_msgs/local/lib/python3.10/dist-packages:${PYTHONPATH} ROS_PACKAGE_PATH=/home/projet-echo/Projet_indus/install/omni_msgs/share /usr/bin/cmake --install /home/projet-echo/Projet_indus/build/omni_common
[0.652s] Level 1:colcon.colcon_core.environment:create_environment_scripts_only(omni_common)
[0.653s] Level 1:colcon.colcon_core.environment:checking '/home/projet-echo/Projet_indus/install/omni_common' for CMake module files
[0.654s] Level 1:colcon.colcon_core.environment:checking '/home/projet-echo/Projet_indus/install/omni_common' for CMake config files
[0.654s] DEBUG:colcon.colcon_core.event_handler.log_command:Invoked command in '/home/projet-echo/Projet_indus/build/omni_common' returned '0': CMAKE_PREFIX_PATH=/opt/ros/humble:/home/projet-echo/Projet_indus/install/omni_msgs LD_LIBRARY_PATH=/home/projet-echo/Projet_indus/install/omni_msgs/lib:${LD_LIBRARY_PATH} PKG_CONFIG_PATH=/home/projet-echo/Projet_indus/install/omni_msgs/lib/x86_64-linux-gnu/pkgconfig:/home/projet-echo/Projet_indus/install/omni_msgs/lib/pkgconfig PYTHONPATH=/home/projet-echo/Projet_indus/install/omni_msgs/local/lib/python3.10/dist-packages:${PYTHONPATH} ROS_PACKAGE_PATH=/home/projet-echo/Projet_indus/install/omni_msgs/share /usr/bin/cmake --install /home/projet-echo/Projet_indus/build/omni_common
[0.655s] Level 1:colcon.colcon_core.shell:create_environment_hook('omni_common', 'cmake_prefix_path')
[0.655s] INFO:colcon.colcon_core.shell:Creating environment hook '/home/projet-echo/Projet_indus/install/omni_common/share/omni_common/hook/cmake_prefix_path.ps1'
[0.655s] INFO:colcon.colcon_core.shell:Creating environment descriptor '/home/projet-echo/Projet_indus/install/omni_common/share/omni_common/hook/cmake_prefix_path.dsv'
[0.656s] INFO:colcon.colcon_core.shell:Creating environment hook '/home/projet-echo/Projet_indus/install/omni_common/share/omni_common/hook/cmake_prefix_path.sh'
[0.656s] Level 1:colcon.colcon_core.environment:checking '/home/projet-echo/Projet_indus/install/omni_common/lib'
[0.656s] Level 1:colcon.colcon_core.environment:checking '/home/projet-echo/Projet_indus/install/omni_common/bin'
[0.656s] Level 1:colcon.colcon_core.environment:checking '/home/projet-echo/Projet_indus/install/omni_common/lib/pkgconfig/omni_common.pc'
[0.657s] Level 1:colcon.colcon_core.environment:checking '/home/projet-echo/Projet_indus/install/omni_common/lib/python3.10/site-packages'
[0.657s] Level 1:colcon.colcon_core.environment:checking '/home/projet-echo/Projet_indus/install/omni_common/bin'
[0.657s] INFO:colcon.colcon_core.shell:Creating package script '/home/projet-echo/Projet_indus/install/omni_common/share/omni_common/package.ps1'
[0.657s] INFO:colcon.colcon_core.shell:Creating package descriptor '/home/projet-echo/Projet_indus/install/omni_common/share/omni_common/package.dsv'
[0.658s] INFO:colcon.colcon_core.shell:Creating package script '/home/projet-echo/Projet_indus/install/omni_common/share/omni_common/package.sh'
[0.658s] INFO:colcon.colcon_core.shell:Creating package script '/home/projet-echo/Projet_indus/install/omni_common/share/omni_common/package.bash'
[0.658s] INFO:colcon.colcon_core.shell:Creating package script '/home/projet-echo/Projet_indus/install/omni_common/share/omni_common/package.zsh'
[0.658s] Level 1:colcon.colcon_core.environment:create_file_with_runtime_dependencies(/home/projet-echo/Projet_indus/install/omni_common/share/colcon-core/packages/omni_common)
[0.659s] Level 1:colcon.colcon_core.environment:create_environment_scripts_only(omni_common)
[0.659s] Level 1:colcon.colcon_core.environment:checking '/home/projet-echo/Projet_indus/install/omni_common' for CMake module files
[0.659s] Level 1:colcon.colcon_core.environment:checking '/home/projet-echo/Projet_indus/install/omni_common' for CMake config files
[0.659s] Level 1:colcon.colcon_core.shell:create_environment_hook('omni_common', 'cmake_prefix_path')
[0.660s] INFO:colcon.colcon_core.shell:Creating environment hook '/home/projet-echo/Projet_indus/install/omni_common/share/omni_common/hook/cmake_prefix_path.ps1'
[0.660s] INFO:colcon.colcon_core.shell:Creating environment descriptor '/home/projet-echo/Projet_indus/install/omni_common/share/omni_common/hook/cmake_prefix_path.dsv'
[0.660s] INFO:colcon.colcon_core.shell:Creating environment hook '/home/projet-echo/Projet_indus/install/omni_common/share/omni_common/hook/cmake_prefix_path.sh'
[0.660s] Level 1:colcon.colcon_core.environment:checking '/home/projet-echo/Projet_indus/install/omni_common/lib'
[0.661s] Level 1:colcon.colcon_core.environment:checking '/home/projet-echo/Projet_indus/install/omni_common/bin'
[0.661s] Level 1:colcon.colcon_core.environment:checking '/home/projet-echo/Projet_indus/install/omni_common/lib/pkgconfig/omni_common.pc'
[0.661s] Level 1:colcon.colcon_core.environment:checking '/home/projet-echo/Projet_indus/install/omni_common/lib/python3.10/site-packages'
[0.661s] Level 1:colcon.colcon_core.environment:checking '/home/projet-echo/Projet_indus/install/omni_common/bin'
[0.661s] INFO:colcon.colcon_core.shell:Creating package script '/home/projet-echo/Projet_indus/install/omni_common/share/omni_common/package.ps1'
[0.661s] INFO:colcon.colcon_core.shell:Creating package descriptor '/home/projet-echo/Projet_indus/install/omni_common/share/omni_common/package.dsv'
[0.662s] INFO:colcon.colcon_core.shell:Creating package script '/home/projet-echo/Projet_indus/install/omni_common/share/omni_common/package.sh'
[0.662s] INFO:colcon.colcon_core.shell:Creating package script '/home/projet-echo/Projet_indus/install/omni_common/share/omni_common/package.bash'
[0.662s] INFO:colcon.colcon_core.shell:Creating package script '/home/projet-echo/Projet_indus/install/omni_common/share/omni_common/package.zsh'
[0.663s] Level 1:colcon.colcon_core.environment:create_file_with_runtime_dependencies(/home/projet-echo/Projet_indus/install/omni_common/share/colcon-core/packages/omni_common)
[0.663s] INFO:colcon.colcon_ros.task.ament_cmake.build:Building ROS package in '/home/projet-echo/Projet_indus/src/ur_to_touch_haptic_teleoperation' with build type 'ament_cmake'
[0.663s] INFO:colcon.colcon_cmake.task.cmake.build:Building CMake package in '/home/projet-echo/Projet_indus/src/ur_to_touch_haptic_teleoperation'
[0.663s] INFO:colcon.colcon_core.shell:Skip shell extension 'powershell' for command environment: Not usable outside of PowerShell
[0.663s] DEBUG:colcon.colcon_core.shell:Skip shell extension 'dsv' for command environment
[0.672s] DEBUG:colcon.colcon_core.event_handler.log_command:Invoking command in '/home/projet-echo/Projet_indus/build/ur_to_touch_haptic_teleoperation': AMENT_PREFIX_PATH=/home/projet-echo/Projet_indus/install/omni_common:${AMENT_PREFIX_PATH} CMAKE_PREFIX_PATH=/home/projet-echo/Projet_indus/install/omni_common:/opt/ros/humble:/home/projet-echo/Projet_indus/install/omni_msgs LD_LIBRARY_PATH=/home/projet-echo/Projet_indus/install/omni_msgs/lib:${LD_LIBRARY_PATH} PKG_CONFIG_PATH=/home/projet-echo/Projet_indus/install/omni_msgs/lib/x86_64-linux-gnu/pkgconfig:/home/projet-echo/Projet_indus/install/omni_msgs/lib/pkgconfig PYTHONPATH=/home/projet-echo/Projet_indus/install/omni_msgs/local/lib/python3.10/dist-packages:${PYTHONPATH} ROS_PACKAGE_PATH=/home/projet-echo/Projet_indus/install/omni_msgs/share /usr/bin/cmake --build /home/projet-echo/Projet_indus/build/ur_to_touch_haptic_teleoperation -- -j20 -l20
[0.736s] DEBUG:colcon.colcon_core.event_handler.log_command:Invoked command in '/home/projet-echo/Projet_indus/build/ur_to_touch_haptic_teleoperation' returned '0': AMENT_PREFIX_PATH=/home/projet-echo/Projet_indus/install/omni_common:${AMENT_PREFIX_PATH} CMAKE_PREFIX_PATH=/home/projet-echo/Projet_indus/install/omni_common:/opt/ros/humble:/home/projet-echo/Projet_indus/install/omni_msgs LD_LIBRARY_PATH=/home/projet-echo/Projet_indus/install/omni_msgs/lib:${LD_LIBRARY_PATH} PKG_CONFIG_PATH=/home/projet-echo/Projet_indus/install/omni_msgs/lib/x86_64-linux-gnu/pkgconfig:/home/projet-echo/Projet_indus/install/omni_msgs/lib/pkgconfig PYTHONPATH=/home/projet-echo/Projet_indus/install/omni_msgs/local/lib/python3.10/dist-packages:${PYTHONPATH} ROS_PACKAGE_PATH=/home/projet-echo/Projet_indus/install/omni_msgs/share /usr/bin/cmake --build /home/projet-echo/Projet_indus/build/ur_to_touch_haptic_teleoperation -- -j20 -l20
[0.737s] DEBUG:colcon.colcon_core.event_handler.log_command:Invoking command in '/home/projet-echo/Projet_indus/build/ur_to_touch_haptic_teleoperation': AMENT_PREFIX_PATH=/home/projet-echo/Projet_indus/install/omni_common:${AMENT_PREFIX_PATH} CMAKE_PREFIX_PATH=/home/projet-echo/Projet_indus/install/omni_common:/opt/ros/humble:/home/projet-echo/Projet_indus/install/omni_msgs LD_LIBRARY_PATH=/home/projet-echo/Projet_indus/install/omni_msgs/lib:${LD_LIBRARY_PATH} PKG_CONFIG_PATH=/home/projet-echo/Projet_indus/install/omni_msgs/lib/x86_64-linux-gnu/pkgconfig:/home/projet-echo/Projet_indus/install/omni_msgs/lib/pkgconfig PYTHONPATH=/home/projet-echo/Projet_indus/install/omni_msgs/local/lib/python3.10/dist-packages:${PYTHONPATH} ROS_PACKAGE_PATH=/home/projet-echo/Projet_indus/install/omni_msgs/share /usr/bin/cmake --install /home/projet-echo/Projet_indus/build/ur_to_touch_haptic_teleoperation
[0.749s] Level 1:colcon.colcon_core.environment:create_environment_scripts_only(ur_to_touch_haptic_teleoperation)
[0.750s] DEBUG:colcon.colcon_core.event_handler.log_command:Invoked command in '/home/projet-echo/Projet_indus/build/ur_to_touch_haptic_teleoperation' returned '0': AMENT_PREFIX_PATH=/home/projet-echo/Projet_indus/install/omni_common:${AMENT_PREFIX_PATH} CMAKE_PREFIX_PATH=/home/projet-echo/Projet_indus/install/omni_common:/opt/ros/humble:/home/projet-echo/Projet_indus/install/omni_msgs LD_LIBRARY_PATH=/home/projet-echo/Projet_indus/install/omni_msgs/lib:${LD_LIBRARY_PATH} PKG_CONFIG_PATH=/home/projet-echo/Projet_indus/install/omni_msgs/lib/x86_64-linux-gnu/pkgconfig:/home/projet-echo/Projet_indus/install/omni_msgs/lib/pkgconfig PYTHONPATH=/home/projet-echo/Projet_indus/install/omni_msgs/local/lib/python3.10/dist-packages:${PYTHONPATH} ROS_PACKAGE_PATH=/home/projet-echo/Projet_indus/install/omni_msgs/share /usr/bin/cmake --install /home/projet-echo/Projet_indus/build/ur_to_touch_haptic_teleoperation
[0.750s] Level 1:colcon.colcon_core.environment:checking '/home/projet-echo/Projet_indus/install/ur_to_touch_haptic_teleoperation' for CMake module files
[0.751s] Level 1:colcon.colcon_core.environment:checking '/home/projet-echo/Projet_indus/install/ur_to_touch_haptic_teleoperation' for CMake config files
[0.751s] Level 1:colcon.colcon_core.shell:create_environment_hook('ur_to_touch_haptic_teleoperation', 'cmake_prefix_path')
[0.751s] INFO:colcon.colcon_core.shell:Creating environment hook '/home/projet-echo/Projet_indus/install/ur_to_touch_haptic_teleoperation/share/ur_to_touch_haptic_teleoperation/hook/cmake_prefix_path.ps1'
[0.751s] INFO:colcon.colcon_core.shell:Creating environment descriptor '/home/projet-echo/Projet_indus/install/ur_to_touch_haptic_teleoperation/share/ur_to_touch_haptic_teleoperation/hook/cmake_prefix_path.dsv'
[0.752s] INFO:colcon.colcon_core.shell:Creating environment hook '/home/projet-echo/Projet_indus/install/ur_to_touch_haptic_teleoperation/share/ur_to_touch_haptic_teleoperation/hook/cmake_prefix_path.sh'
[0.752s] Level 1:colcon.colcon_core.environment:checking '/home/projet-echo/Projet_indus/install/ur_to_touch_haptic_teleoperation/lib'
[0.752s] Level 1:colcon.colcon_core.environment:checking '/home/projet-echo/Projet_indus/install/ur_to_touch_haptic_teleoperation/bin'
[0.752s] Level 1:colcon.colcon_core.environment:checking '/home/projet-echo/Projet_indus/install/ur_to_touch_haptic_teleoperation/lib/pkgconfig/ur_to_touch_haptic_teleoperation.pc'
[0.753s] Level 1:colcon.colcon_core.environment:checking '/home/projet-echo/Projet_indus/install/ur_to_touch_haptic_teleoperation/lib/python3.10/site-packages'
[0.753s] Level 1:colcon.colcon_core.environment:checking '/home/projet-echo/Projet_indus/install/ur_to_touch_haptic_teleoperation/bin'
[0.753s] INFO:colcon.colcon_core.shell:Creating package script '/home/projet-echo/Projet_indus/install/ur_to_touch_haptic_teleoperation/share/ur_to_touch_haptic_teleoperation/package.ps1'
[0.753s] INFO:colcon.colcon_core.shell:Creating package descriptor '/home/projet-echo/Projet_indus/install/ur_to_touch_haptic_teleoperation/share/ur_to_touch_haptic_teleoperation/package.dsv'
[0.754s] INFO:colcon.colcon_core.shell:Creating package script '/home/projet-echo/Projet_indus/install/ur_to_touch_haptic_teleoperation/share/ur_to_touch_haptic_teleoperation/package.sh'
[0.754s] INFO:colcon.colcon_core.shell:Creating package script '/home/projet-echo/Projet_indus/install/ur_to_touch_haptic_teleoperation/share/ur_to_touch_haptic_teleoperation/package.bash'
[0.754s] INFO:colcon.colcon_core.shell:Creating package script '/home/projet-echo/Projet_indus/install/ur_to_touch_haptic_teleoperation/share/ur_to_touch_haptic_teleoperation/package.zsh'
[0.754s] Level 1:colcon.colcon_core.environment:create_file_with_runtime_dependencies(/home/projet-echo/Projet_indus/install/ur_to_touch_haptic_teleoperation/share/colcon-core/packages/ur_to_touch_haptic_teleoperation)
[0.755s] Level 1:colcon.colcon_core.environment:create_environment_scripts_only(ur_to_touch_haptic_teleoperation)
[0.755s] Level 1:colcon.colcon_core.environment:checking '/home/projet-echo/Projet_indus/install/ur_to_touch_haptic_teleoperation' for CMake module files
[0.756s] Level 1:colcon.colcon_core.environment:checking '/home/projet-echo/Projet_indus/install/ur_to_touch_haptic_teleoperation' for CMake config files
[0.756s] Level 1:colcon.colcon_core.shell:create_environment_hook('ur_to_touch_haptic_teleoperation', 'cmake_prefix_path')
[0.757s] INFO:colcon.colcon_core.shell:Creating environment hook '/home/projet-echo/Projet_indus/install/ur_to_touch_haptic_teleoperation/share/ur_to_touch_haptic_teleoperation/hook/cmake_prefix_path.ps1'
[0.757s] INFO:colcon.colcon_core.shell:Creating environment descriptor '/home/projet-echo/Projet_indus/install/ur_to_touch_haptic_teleoperation/share/ur_to_touch_haptic_teleoperation/hook/cmake_prefix_path.dsv'
[0.758s] INFO:colcon.colcon_core.shell:Creating environment hook '/home/projet-echo/Projet_indus/install/ur_to_touch_haptic_teleoperation/share/ur_to_touch_haptic_teleoperation/hook/cmake_prefix_path.sh'
[0.758s] Level 1:colcon.colcon_core.environment:checking '/home/projet-echo/Projet_indus/install/ur_to_touch_haptic_teleoperation/lib'
[0.758s] Level 1:colcon.colcon_core.environment:checking '/home/projet-echo/Projet_indus/install/ur_to_touch_haptic_teleoperation/bin'
[0.758s] Level 1:colcon.colcon_core.environment:checking '/home/projet-echo/Projet_indus/install/ur_to_touch_haptic_teleoperation/lib/pkgconfig/ur_to_touch_haptic_teleoperation.pc'
[0.758s] Level 1:colcon.colcon_core.environment:checking '/home/projet-echo/Projet_indus/install/ur_to_touch_haptic_teleoperation/lib/python3.10/site-packages'
[0.758s] Level 1:colcon.colcon_core.environment:checking '/home/projet-echo/Projet_indus/install/ur_to_touch_haptic_teleoperation/bin'
[0.758s] INFO:colcon.colcon_core.shell:Creating package script '/home/projet-echo/Projet_indus/install/ur_to_touch_haptic_teleoperation/share/ur_to_touch_haptic_teleoperation/package.ps1'
[0.759s] INFO:colcon.colcon_core.shell:Creating package descriptor '/home/projet-echo/Projet_indus/install/ur_to_touch_haptic_teleoperation/share/ur_to_touch_haptic_teleoperation/package.dsv'
[0.759s] INFO:colcon.colcon_core.shell:Creating package script '/home/projet-echo/Projet_indus/install/ur_to_touch_haptic_teleoperation/share/ur_to_touch_haptic_teleoperation/package.sh'
[0.760s] INFO:colcon.colcon_core.shell:Creating package script '/home/projet-echo/Projet_indus/install/ur_to_touch_haptic_teleoperation/share/ur_to_touch_haptic_teleoperation/package.bash'
[0.760s] INFO:colcon.colcon_core.shell:Creating package script '/home/projet-echo/Projet_indus/install/ur_to_touch_haptic_teleoperation/share/ur_to_touch_haptic_teleoperation/package.zsh'
[0.760s] Level 1:colcon.colcon_core.environment:create_file_with_runtime_dependencies(/home/projet-echo/Projet_indus/install/ur_to_touch_haptic_teleoperation/share/colcon-core/packages/ur_to_touch_haptic_teleoperation)
[7.545s] DEBUG:colcon.colcon_core.event_handler.log_command:Invoked command in '/home/projet-echo/Projet_indus/build/ur_udp' returned '0': CMAKE_PREFIX_PATH=/opt/ros/humble:/home/projet-echo/Projet_indus/install/omni_msgs LD_LIBRARY_PATH=/home/projet-echo/Projet_indus/install/omni_msgs/lib:${LD_LIBRARY_PATH} PKG_CONFIG_PATH=/home/projet-echo/Projet_indus/install/omni_msgs/lib/x86_64-linux-gnu/pkgconfig:/home/projet-echo/Projet_indus/install/omni_msgs/lib/pkgconfig PYTHONPATH=/home/projet-echo/Projet_indus/install/omni_msgs/local/lib/python3.10/dist-packages:${PYTHONPATH} ROS_PACKAGE_PATH=/home/projet-echo/Projet_indus/install/omni_msgs/share /usr/bin/cmake --build /home/projet-echo/Projet_indus/build/ur_udp -- -j20 -l20
[7.546s] DEBUG:colcon.colcon_core.event_handler.log_command:Invoking command in '/home/projet-echo/Projet_indus/build/ur_udp': CMAKE_PREFIX_PATH=/opt/ros/humble:/home/projet-echo/Projet_indus/install/omni_msgs LD_LIBRARY_PATH=/home/projet-echo/Projet_indus/install/omni_msgs/lib:${LD_LIBRARY_PATH} PKG_CONFIG_PATH=/home/projet-echo/Projet_indus/install/omni_msgs/lib/x86_64-linux-gnu/pkgconfig:/home/projet-echo/Projet_indus/install/omni_msgs/lib/pkgconfig PYTHONPATH=/home/projet-echo/Projet_indus/install/omni_msgs/local/lib/python3.10/dist-packages:${PYTHONPATH} ROS_PACKAGE_PATH=/home/projet-echo/Projet_indus/install/omni_msgs/share /usr/bin/cmake --install /home/projet-echo/Projet_indus/build/ur_udp
[7.559s] Level 1:colcon.colcon_core.environment:create_environment_scripts_only(ur_udp)
[7.559s] Level 1:colcon.colcon_core.environment:checking '/home/projet-echo/Projet_indus/install/ur_udp' for CMake module files
[7.559s] DEBUG:colcon.colcon_core.event_handler.log_command:Invoked command in '/home/projet-echo/Projet_indus/build/ur_udp' returned '0': CMAKE_PREFIX_PATH=/opt/ros/humble:/home/projet-echo/Projet_indus/install/omni_msgs LD_LIBRARY_PATH=/home/projet-echo/Projet_indus/install/omni_msgs/lib:${LD_LIBRARY_PATH} PKG_CONFIG_PATH=/home/projet-echo/Projet_indus/install/omni_msgs/lib/x86_64-linux-gnu/pkgconfig:/home/projet-echo/Projet_indus/install/omni_msgs/lib/pkgconfig PYTHONPATH=/home/projet-echo/Projet_indus/install/omni_msgs/local/lib/python3.10/dist-packages:${PYTHONPATH} ROS_PACKAGE_PATH=/home/projet-echo/Projet_indus/install/omni_msgs/share /usr/bin/cmake --install /home/projet-echo/Projet_indus/build/ur_udp
[7.560s] Level 1:colcon.colcon_core.environment:checking '/home/projet-echo/Projet_indus/install/ur_udp' for CMake config files
[7.560s] Level 1:colcon.colcon_core.shell:create_environment_hook('ur_udp', 'cmake_prefix_path')
[7.560s] INFO:colcon.colcon_core.shell:Creating environment hook '/home/projet-echo/Projet_indus/install/ur_udp/share/ur_udp/hook/cmake_prefix_path.ps1'
[7.561s] INFO:colcon.colcon_core.shell:Creating environment descriptor '/home/projet-echo/Projet_indus/install/ur_udp/share/ur_udp/hook/cmake_prefix_path.dsv'
[7.561s] INFO:colcon.colcon_core.shell:Creating environment hook '/home/projet-echo/Projet_indus/install/ur_udp/share/ur_udp/hook/cmake_prefix_path.sh'
[7.561s] Level 1:colcon.colcon_core.environment:checking '/home/projet-echo/Projet_indus/install/ur_udp/lib'
[7.561s] Level 1:colcon.colcon_core.environment:checking '/home/projet-echo/Projet_indus/install/ur_udp/bin'
[7.562s] Level 1:colcon.colcon_core.environment:checking '/home/projet-echo/Projet_indus/install/ur_udp/lib/pkgconfig/ur_udp.pc'
[7.562s] Level 1:colcon.colcon_core.environment:checking '/home/projet-echo/Projet_indus/install/ur_udp/lib/python3.10/site-packages'
[7.562s] Level 1:colcon.colcon_core.environment:checking '/home/projet-echo/Projet_indus/install/ur_udp/bin'
[7.562s] INFO:colcon.colcon_core.shell:Creating package script '/home/projet-echo/Projet_indus/install/ur_udp/share/ur_udp/package.ps1'
[7.562s] INFO:colcon.colcon_core.shell:Creating package descriptor '/home/projet-echo/Projet_indus/install/ur_udp/share/ur_udp/package.dsv'
[7.563s] INFO:colcon.colcon_core.shell:Creating package script '/home/projet-echo/Projet_indus/install/ur_udp/share/ur_udp/package.sh'
[7.563s] INFO:colcon.colcon_core.shell:Creating package script '/home/projet-echo/Projet_indus/install/ur_udp/share/ur_udp/package.bash'
[7.563s] INFO:colcon.colcon_core.shell:Creating package script '/home/projet-echo/Projet_indus/install/ur_udp/share/ur_udp/package.zsh'
[7.563s] Level 1:colcon.colcon_core.environment:create_file_with_runtime_dependencies(/home/projet-echo/Projet_indus/install/ur_udp/share/colcon-core/packages/ur_udp)
[7.564s] Level 1:colcon.colcon_core.environment:create_environment_scripts_only(ur_udp)
[7.564s] Level 1:colcon.colcon_core.environment:checking '/home/projet-echo/Projet_indus/install/ur_udp' for CMake module files
[7.564s] Level 1:colcon.colcon_core.environment:checking '/home/projet-echo/Projet_indus/install/ur_udp' for CMake config files
[7.564s] Level 1:colcon.colcon_core.shell:create_environment_hook('ur_udp', 'cmake_prefix_path')
[7.564s] INFO:colcon.colcon_core.shell:Creating environment hook '/home/projet-echo/Projet_indus/install/ur_udp/share/ur_udp/hook/cmake_prefix_path.ps1'
[7.565s] INFO:colcon.colcon_core.shell:Creating environment descriptor '/home/projet-echo/Projet_indus/install/ur_udp/share/ur_udp/hook/cmake_prefix_path.dsv'
[7.565s] INFO:colcon.colcon_core.shell:Creating environment hook '/home/projet-echo/Projet_indus/install/ur_udp/share/ur_udp/hook/cmake_prefix_path.sh'
[7.565s] Level 1:colcon.colcon_core.environment:checking '/home/projet-echo/Projet_indus/install/ur_udp/lib'
[7.565s] Level 1:colcon.colcon_core.environment:checking '/home/projet-echo/Projet_indus/install/ur_udp/bin'
[7.565s] Level 1:colcon.colcon_core.environment:checking '/home/projet-echo/Projet_indus/install/ur_udp/lib/pkgconfig/ur_udp.pc'
[7.566s] Level 1:colcon.colcon_core.environment:checking '/home/projet-echo/Projet_indus/install/ur_udp/lib/python3.10/site-packages'
[7.566s] Level 1:colcon.colcon_core.environment:checking '/home/projet-echo/Projet_indus/install/ur_udp/bin'
[7.566s] INFO:colcon.colcon_core.shell:Creating package script '/home/projet-echo/Projet_indus/install/ur_udp/share/ur_udp/package.ps1'
[7.566s] INFO:colcon.colcon_core.shell:Creating package descriptor '/home/projet-echo/Projet_indus/install/ur_udp/share/ur_udp/package.dsv'
[7.566s] INFO:colcon.colcon_core.shell:Creating package script '/home/projet-echo/Projet_indus/install/ur_udp/share/ur_udp/package.sh'
[7.567s] INFO:colcon.colcon_core.shell:Creating package script '/home/projet-echo/Projet_indus/install/ur_udp/share/ur_udp/package.bash'
[7.567s] INFO:colcon.colcon_core.shell:Creating package script '/home/projet-echo/Projet_indus/install/ur_udp/share/ur_udp/package.zsh'
[7.567s] Level 1:colcon.colcon_core.environment:create_file_with_runtime_dependencies(/home/projet-echo/Projet_indus/install/ur_udp/share/colcon-core/packages/ur_udp)
[7.567s] DEBUG:colcon.colcon_parallel_executor.executor.parallel:closing loop
[7.568s] DEBUG:colcon.colcon_parallel_executor.executor.parallel:loop closed
[7.568s] DEBUG:colcon.colcon_parallel_executor.executor.parallel:run_until_complete finished with '0'
[7.568s] DEBUG:colcon.colcon_core.event_reactor:joining thread
[7.572s] INFO:colcon.colcon_core.plugin_system:Skipping extension 'colcon_notification.desktop_notification.terminal_notifier': Not used on non-Darwin systems
[7.572s] INFO:colcon.colcon_core.plugin_system:Skipping extension 'colcon_notification.desktop_notification.win32': Not used on non-Windows systems
[7.572s] INFO:colcon.colcon_notification.desktop_notification:Sending desktop notification using 'notify2'
[7.580s] DEBUG:colcon.colcon_core.event_reactor:joined thread
[7.580s] INFO:colcon.colcon_core.shell:Creating prefix script '/home/projet-echo/Projet_indus/install/local_setup.ps1'
[7.581s] INFO:colcon.colcon_core.shell:Creating prefix util module '/home/projet-echo/Projet_indus/install/_local_setup_util_ps1.py'
[7.582s] INFO:colcon.colcon_core.shell:Creating prefix chain script '/home/projet-echo/Projet_indus/install/setup.ps1'
[7.583s] INFO:colcon.colcon_core.shell:Creating prefix script '/home/projet-echo/Projet_indus/install/local_setup.sh'
[7.583s] INFO:colcon.colcon_core.shell:Creating prefix util module '/home/projet-echo/Projet_indus/install/_local_setup_util_sh.py'
[7.584s] INFO:colcon.colcon_core.shell:Creating prefix chain script '/home/projet-echo/Projet_indus/install/setup.sh'
[7.584s] INFO:colcon.colcon_core.shell:Creating prefix script '/home/projet-echo/Projet_indus/install/local_setup.bash'
[7.585s] INFO:colcon.colcon_core.shell:Creating prefix chain script '/home/projet-echo/Projet_indus/install/setup.bash'
[7.585s] INFO:colcon.colcon_core.shell:Creating prefix script '/home/projet-echo/Projet_indus/install/local_setup.zsh'
[7.585s] INFO:colcon.colcon_core.shell:Creating prefix chain script '/home/projet-echo/Projet_indus/install/setup.zsh'
