[0.012s] Invoking command in '/home/dilhan/ros2_ws/build/omni_msgs': /usr/bin/cmake /home/dilhan/ros2_ws/src/omni_msgs -DCATKIN_INSTALL_INTO_PREFIX_ROOT=0 -DCMAKE_INSTALL_PREFIX=/home/dilhan/ros2_ws/install/omni_msgs
[0.069s] -- The C compiler identification is GNU 11.4.0
[0.125s] -- The CXX compiler identification is GNU 11.4.0
[0.133s] -- Detecting C compiler ABI info
[0.203s] -- Detecting C compiler ABI info - done
[0.209s] -- Check for working C compiler: /usr/bin/cc - skipped
[0.210s] -- Detecting C compile features
[0.210s] -- Detecting C compile features - done
[0.213s] -- Detecting CXX compiler ABI info
[0.294s] -- Detecting CXX compiler ABI info - done
[0.300s] -- Check for working CXX compiler: /usr/bin/c++ - skipped
[0.300s] -- Detecting CXX compile features
[0.300s] -- Detecting CXX compile features - done
[0.304s] -- Found ament_cmake: 1.3.11 (/opt/ros/humble/share/ament_cmake/cmake)
[0.465s] -- Found Python3: /usr/bin/python3 (found version "3.10.12") found components: Interpreter 
[0.558s] -- Found rosidl_default_generators: 1.2.0 (/opt/ros/humble/share/rosidl_default_generators/cmake)
[0.561s] -- Using all available rosidl_typesupport_c: rosidl_typesupport_fastrtps_c;rosidl_typesupport_introspection_c
[0.568s] -- Found rosidl_adapter: 3.1.6 (/opt/ros/humble/share/rosidl_adapter/cmake)
[0.614s] -- Using all available rosidl_typesupport_cpp: rosidl_typesupport_fastrtps_cpp;rosidl_typesupport_introspection_cpp
[0.656s] -- Found geometry_msgs: 4.2.4 (/opt/ros/humble/share/geometry_msgs/cmake)
[0.695s] -- Found sensor_msgs: 4.2.4 (/opt/ros/humble/share/sensor_msgs/cmake)
[1.011s] -- Found ament_cmake_ros: 0.10.0 (/opt/ros/humble/share/ament_cmake_ros/cmake)
[1.269s] -- Using all available rosidl_typesupport_c: rosidl_typesupport_fastrtps_c;rosidl_typesupport_introspection_c
[1.598s] -- Using all available rosidl_typesupport_cpp: rosidl_typesupport_fastrtps_cpp;rosidl_typesupport_introspection_cpp
[1.620s] -- Found PythonInterp: /usr/bin/python3 (found suitable version "3.10.12", minimum required is "3.6") 
[1.622s] -- Found python_cmake_module: 0.10.0 (/opt/ros/humble/share/python_cmake_module/cmake)
[1.647s] -- Found PythonLibs: /usr/lib/x86_64-linux-gnu/libpython3.10.so (found suitable version "3.10.12", minimum required is "3.5") 
[1.647s] -- Using PYTHON_EXECUTABLE: /usr/bin/python3
[1.647s] -- Using PYTHON_INCLUDE_DIRS: /usr/include/python3.10
[1.647s] -- Using PYTHON_LIBRARIES: /usr/lib/x86_64-linux-gnu/libpython3.10.so
[1.666s] -- Found PythonExtra: .so  
[1.738s] -- Configuring done
[1.773s] -- Generating done
[1.775s] [33mCMake Warning:
[1.775s]   Manually-specified variables were not used by the project:
[1.776s] 
[1.776s]     CATKIN_INSTALL_INTO_PREFIX_ROOT
[1.776s] 
[1.776s] [0m
[1.784s] -- Build files have been written to: /home/dilhan/ros2_ws/build/omni_msgs
[1.793s] Invoked command in '/home/dilhan/ros2_ws/build/omni_msgs' returned '0': /usr/bin/cmake /home/dilhan/ros2_ws/src/omni_msgs -DCATKIN_INSTALL_INTO_PREFIX_ROOT=0 -DCMAKE_INSTALL_PREFIX=/home/dilhan/ros2_ws/install/omni_msgs
[1.795s] Invoking command in '/home/dilhan/ros2_ws/build/omni_msgs': /usr/bin/cmake --build /home/dilhan/ros2_ws/build/omni_msgs -- -j12 -l12
[1.838s] [  2%] [34m[1mGenerating C code for ROS interfaces[0m
[1.848s] [  4%] [34m[1mGenerating C++ code for ROS interfaces[0m
[1.856s] [  4%] Built target ament_cmake_python_copy_omni_msgs
[2.121s] running egg_info
[2.121s] creating omni_msgs.egg-info
[2.122s] writing omni_msgs.egg-info/PKG-INFO
[2.122s] writing dependency_links to omni_msgs.egg-info/dependency_links.txt
[2.122s] writing top-level names to omni_msgs.egg-info/top_level.txt
[2.124s] writing manifest file 'omni_msgs.egg-info/SOURCES.txt'
[2.126s] reading manifest file 'omni_msgs.egg-info/SOURCES.txt'
[2.126s] writing manifest file 'omni_msgs.egg-info/SOURCES.txt'
[2.159s] [  4%] Built target ament_cmake_python_build_omni_msgs_egg
[2.172s] [  8%] [32mBuilding C object CMakeFiles/omni_msgs__rosidl_generator_c.dir/rosidl_generator_c/omni_msgs/msg/detail/omni_feedback__functions.c.o[0m
[2.172s] [  8%] [32mBuilding C object CMakeFiles/omni_msgs__rosidl_generator_c.dir/rosidl_generator_c/omni_msgs/msg/detail/omni_button_event__functions.c.o[0m
[2.176s] [ 10%] [32mBuilding C object CMakeFiles/omni_msgs__rosidl_generator_c.dir/rosidl_generator_c/omni_msgs/msg/detail/omni_state__functions.c.o[0m
[2.185s] [ 10%] Built target omni_msgs__cpp
[2.195s] [ 14%] [34m[1mGenerating C++ type support dispatch for ROS interfaces[0m
[2.195s] [ 14%] [34m[1mGenerating C++ introspection for ROS interfaces[0m
[2.196s] [ 17%] [34m[1mGenerating C++ type support for eProsima Fast-RTPS[0m
[2.225s] [ 19%] [32m[1mLinking C shared library libomni_msgs__rosidl_generator_c.so[0m
[2.269s] [ 19%] Built target omni_msgs__rosidl_generator_c
[2.280s] [ 25%] [34m[1mGenerating C type support dispatch for ROS interfaces[0m
[2.280s] [ 25%] [34m[1mGenerating C type support for eProsima Fast-RTPS[0m
[2.280s] [ 25%] [34m[1mGenerating C introspection for ROS interfaces[0m
[2.490s] [ 27%] [32mBuilding CXX object CMakeFiles/omni_msgs__rosidl_typesupport_cpp.dir/rosidl_typesupport_cpp/omni_msgs/msg/omni_feedback__type_support.cpp.o[0m
[2.493s] [ 29%] [32mBuilding CXX object CMakeFiles/omni_msgs__rosidl_typesupport_cpp.dir/rosidl_typesupport_cpp/omni_msgs/msg/omni_state__type_support.cpp.o[0m
[2.494s] [ 31%] [32mBuilding CXX object CMakeFiles/omni_msgs__rosidl_typesupport_cpp.dir/rosidl_typesupport_cpp/omni_msgs/msg/omni_button_event__type_support.cpp.o[0m
[2.511s] [ 34%] [32mBuilding CXX object CMakeFiles/omni_msgs__rosidl_typesupport_introspection_cpp.dir/rosidl_typesupport_introspection_cpp/omni_msgs/msg/detail/omni_feedback__type_support.cpp.o[0m
[2.513s] [ 36%] [32mBuilding CXX object CMakeFiles/omni_msgs__rosidl_typesupport_introspection_cpp.dir/rosidl_typesupport_introspection_cpp/omni_msgs/msg/detail/omni_state__type_support.cpp.o[0m
[2.513s] [ 38%] [32mBuilding CXX object CMakeFiles/omni_msgs__rosidl_typesupport_introspection_cpp.dir/rosidl_typesupport_introspection_cpp/omni_msgs/msg/detail/omni_button_event__type_support.cpp.o[0m
[2.593s] [ 42%] [32mBuilding CXX object CMakeFiles/omni_msgs__rosidl_typesupport_fastrtps_cpp.dir/rosidl_typesupport_fastrtps_cpp/omni_msgs/msg/detail/dds_fastrtps/omni_feedback__type_support.cpp.o[0m
[2.593s] [ 42%] [32mBuilding CXX object CMakeFiles/omni_msgs__rosidl_typesupport_fastrtps_cpp.dir/rosidl_typesupport_fastrtps_cpp/omni_msgs/msg/detail/dds_fastrtps/omni_button_event__type_support.cpp.o[0m
[2.596s] [ 44%] [32mBuilding CXX object CMakeFiles/omni_msgs__rosidl_typesupport_fastrtps_cpp.dir/rosidl_typesupport_fastrtps_cpp/omni_msgs/msg/detail/dds_fastrtps/omni_state__type_support.cpp.o[0m
[2.602s] [ 46%] [32mBuilding CXX object CMakeFiles/omni_msgs__rosidl_typesupport_c.dir/rosidl_typesupport_c/omni_msgs/msg/omni_feedback__type_support.cpp.o[0m
[2.660s] [ 48%] [32mBuilding CXX object CMakeFiles/omni_msgs__rosidl_typesupport_c.dir/rosidl_typesupport_c/omni_msgs/msg/omni_button_event__type_support.cpp.o[0m
[2.723s] [ 51%] [32mBuilding CXX object CMakeFiles/omni_msgs__rosidl_typesupport_c.dir/rosidl_typesupport_c/omni_msgs/msg/omni_state__type_support.cpp.o[0m
[2.735s] [ 53%] [32mBuilding C object CMakeFiles/omni_msgs__rosidl_typesupport_introspection_c.dir/rosidl_typesupport_introspection_c/omni_msgs/msg/detail/omni_feedback__type_support.c.o[0m
[2.772s] [ 55%] [32mBuilding CXX object CMakeFiles/omni_msgs__rosidl_typesupport_fastrtps_c.dir/rosidl_typesupport_fastrtps_c/omni_msgs/msg/detail/omni_feedback__type_support_c.cpp.o[0m
[2.792s] [ 57%] [32mBuilding C object CMakeFiles/omni_msgs__rosidl_typesupport_introspection_c.dir/rosidl_typesupport_introspection_c/omni_msgs/msg/detail/omni_button_event__type_support.c.o[0m
[2.802s] [ 59%] [32m[1mLinking CXX shared library libomni_msgs__rosidl_typesupport_c.so[0m
[2.862s] [ 61%] [32mBuilding C object CMakeFiles/omni_msgs__rosidl_typesupport_introspection_c.dir/rosidl_typesupport_introspection_c/omni_msgs/msg/detail/omni_state__type_support.c.o[0m
[2.931s] [ 63%] [32m[1mLinking C shared library libomni_msgs__rosidl_typesupport_introspection_c.so[0m
[2.931s] [ 65%] [32mBuilding CXX object CMakeFiles/omni_msgs__rosidl_typesupport_fastrtps_c.dir/rosidl_typesupport_fastrtps_c/omni_msgs/msg/detail/omni_button_event__type_support_c.cpp.o[0m
[2.933s] [ 65%] Built target omni_msgs__rosidl_typesupport_c
[2.951s] [ 68%] [32mBuilding CXX object CMakeFiles/omni_msgs__rosidl_typesupport_fastrtps_c.dir/rosidl_typesupport_fastrtps_c/omni_msgs/msg/detail/omni_state__type_support_c.cpp.o[0m
[3.020s] [ 68%] Built target omni_msgs__rosidl_typesupport_introspection_c
[3.021s] [ 70%] [32m[1mLinking CXX shared library libomni_msgs__rosidl_typesupport_cpp.so[0m
[3.105s] [ 70%] Built target omni_msgs__rosidl_typesupport_cpp
[3.149s] [ 72%] [32m[1mLinking CXX shared library libomni_msgs__rosidl_typesupport_introspection_cpp.so[0m
[3.234s] [ 72%] Built target omni_msgs__rosidl_typesupport_introspection_cpp
[3.249s] [ 74%] [32m[1mLinking CXX shared library libomni_msgs__rosidl_typesupport_fastrtps_cpp.so[0m
[3.324s] [ 74%] Built target omni_msgs__rosidl_typesupport_fastrtps_cpp
[3.350s] [ 76%] [32m[1mLinking CXX shared library libomni_msgs__rosidl_typesupport_fastrtps_c.so[0m
[3.416s] [ 76%] Built target omni_msgs__rosidl_typesupport_fastrtps_c
[3.438s] [ 76%] Built target omni_msgs
[3.461s] [ 78%] [34m[1mGenerating Python code for ROS interfaces[0m
[3.881s] [ 78%] Built target omni_msgs__py
[3.900s] [ 85%] [32mBuilding C object CMakeFiles/omni_msgs__rosidl_generator_py.dir/rosidl_generator_py/omni_msgs/msg/_omni_feedback_s.c.o[0m
[3.900s] [ 85%] [32mBuilding C object CMakeFiles/omni_msgs__rosidl_generator_py.dir/rosidl_generator_py/omni_msgs/msg/_omni_state_s.c.o[0m
[3.900s] [ 85%] [32mBuilding C object CMakeFiles/omni_msgs__rosidl_generator_py.dir/rosidl_generator_py/omni_msgs/msg/_omni_button_event_s.c.o[0m
[3.993s] [ 87%] [32m[1mLinking C shared library rosidl_generator_py/omni_msgs/libomni_msgs__rosidl_generator_py.so[0m
[4.034s] [ 87%] Built target omni_msgs__rosidl_generator_py
[4.057s] [ 89%] [32mBuilding C object CMakeFiles/omni_msgs__rosidl_typesupport_fastrtps_c__pyext.dir/rosidl_generator_py/omni_msgs/_omni_msgs_s.ep.rosidl_typesupport_fastrtps_c.c.o[0m
[4.058s] [ 93%] [32mBuilding C object CMakeFiles/omni_msgs__rosidl_typesupport_c__pyext.dir/rosidl_generator_py/omni_msgs/_omni_msgs_s.ep.rosidl_typesupport_c.c.o[0m
[4.058s] [ 93%] [32mBuilding C object CMakeFiles/omni_msgs__rosidl_typesupport_introspection_c__pyext.dir/rosidl_generator_py/omni_msgs/_omni_msgs_s.ep.rosidl_typesupport_introspection_c.c.o[0m
[4.153s] [ 97%] [32m[1mLinking C shared library rosidl_generator_py/omni_msgs/omni_msgs_s__rosidl_typesupport_introspection_c.cpython-310-x86_64-linux-gnu.so[0m
[4.153s] [ 97%] [32m[1mLinking C shared library rosidl_generator_py/omni_msgs/omni_msgs_s__rosidl_typesupport_fastrtps_c.cpython-310-x86_64-linux-gnu.so[0m
[4.154s] [100%] [32m[1mLinking C shared library rosidl_generator_py/omni_msgs/omni_msgs_s__rosidl_typesupport_c.cpython-310-x86_64-linux-gnu.so[0m
[4.192s] [100%] Built target omni_msgs__rosidl_typesupport_c__pyext
[4.193s] [100%] Built target omni_msgs__rosidl_typesupport_fastrtps_c__pyext
[4.193s] [100%] Built target omni_msgs__rosidl_typesupport_introspection_c__pyext
[4.204s] Invoked command in '/home/dilhan/ros2_ws/build/omni_msgs' returned '0': /usr/bin/cmake --build /home/dilhan/ros2_ws/build/omni_msgs -- -j12 -l12
[4.214s] Invoking command in '/home/dilhan/ros2_ws/build/omni_msgs': /usr/bin/cmake --install /home/dilhan/ros2_ws/build/omni_msgs
[4.221s] -- Install configuration: ""
[4.222s] -- Installing: /home/dilhan/ros2_ws/install/omni_msgs/share/ament_index/resource_index/rosidl_interfaces/omni_msgs
[4.222s] -- Installing: /home/dilhan/ros2_ws/install/omni_msgs/include/omni_msgs/omni_msgs
[4.222s] -- Installing: /home/dilhan/ros2_ws/install/omni_msgs/include/omni_msgs/omni_msgs/msg
[4.222s] -- Installing: /home/dilhan/ros2_ws/install/omni_msgs/include/omni_msgs/omni_msgs/msg/detail
[4.222s] -- Installing: /home/dilhan/ros2_ws/install/omni_msgs/include/omni_msgs/omni_msgs/msg/detail/omni_state__functions.h
[4.222s] -- Installing: /home/dilhan/ros2_ws/install/omni_msgs/include/omni_msgs/omni_msgs/msg/detail/omni_button_event__struct.h
[4.222s] -- Installing: /home/dilhan/ros2_ws/install/omni_msgs/include/omni_msgs/omni_msgs/msg/detail/omni_feedback__functions.c
[4.223s] -- Installing: /home/dilhan/ros2_ws/install/omni_msgs/include/omni_msgs/omni_msgs/msg/detail/omni_feedback__type_support.h
[4.223s] -- Installing: /home/dilhan/ros2_ws/install/omni_msgs/include/omni_msgs/omni_msgs/msg/detail/omni_button_event__functions.c
[4.223s] -- Installing: /home/dilhan/ros2_ws/install/omni_msgs/include/omni_msgs/omni_msgs/msg/detail/omni_button_event__type_support.h
[4.223s] -- Installing: /home/dilhan/ros2_ws/install/omni_msgs/include/omni_msgs/omni_msgs/msg/detail/omni_state__type_support.h
[4.223s] -- Installing: /home/dilhan/ros2_ws/install/omni_msgs/include/omni_msgs/omni_msgs/msg/detail/omni_button_event__functions.h
[4.223s] -- Installing: /home/dilhan/ros2_ws/install/omni_msgs/include/omni_msgs/omni_msgs/msg/detail/omni_feedback__struct.h
[4.223s] -- Installing: /home/dilhan/ros2_ws/install/omni_msgs/include/omni_msgs/omni_msgs/msg/detail/omni_feedback__functions.h
[4.224s] -- Installing: /home/dilhan/ros2_ws/install/omni_msgs/include/omni_msgs/omni_msgs/msg/detail/omni_state__struct.h
[4.224s] -- Installing: /home/dilhan/ros2_ws/install/omni_msgs/include/omni_msgs/omni_msgs/msg/detail/omni_state__functions.c
[4.224s] -- Installing: /home/dilhan/ros2_ws/install/omni_msgs/include/omni_msgs/omni_msgs/msg/rosidl_generator_c__visibility_control.h
[4.224s] -- Installing: /home/dilhan/ros2_ws/install/omni_msgs/include/omni_msgs/omni_msgs/msg/omni_feedback.h
[4.224s] -- Installing: /home/dilhan/ros2_ws/install/omni_msgs/include/omni_msgs/omni_msgs/msg/omni_button_event.h
[4.224s] -- Installing: /home/dilhan/ros2_ws/install/omni_msgs/include/omni_msgs/omni_msgs/msg/omni_state.h
[4.224s] -- Installing: /home/dilhan/ros2_ws/install/omni_msgs/share/omni_msgs/environment/library_path.sh
[4.225s] -- Installing: /home/dilhan/ros2_ws/install/omni_msgs/share/omni_msgs/environment/library_path.dsv
[4.225s] -- Installing: /home/dilhan/ros2_ws/install/omni_msgs/lib/libomni_msgs__rosidl_generator_c.so
[4.225s] -- Set runtime path of "/home/dilhan/ros2_ws/install/omni_msgs/lib/libomni_msgs__rosidl_generator_c.so" to ""
[4.225s] -- Up-to-date: /home/dilhan/ros2_ws/install/omni_msgs/include/omni_msgs/omni_msgs
[4.226s] -- Up-to-date: /home/dilhan/ros2_ws/install/omni_msgs/include/omni_msgs/omni_msgs/msg
[4.226s] -- Up-to-date: /home/dilhan/ros2_ws/install/omni_msgs/include/omni_msgs/omni_msgs/msg/detail
[4.226s] -- Installing: /home/dilhan/ros2_ws/install/omni_msgs/include/omni_msgs/omni_msgs/msg/detail/omni_state__rosidl_typesupport_fastrtps_c.h
[4.226s] -- Installing: /home/dilhan/ros2_ws/install/omni_msgs/include/omni_msgs/omni_msgs/msg/detail/omni_feedback__rosidl_typesupport_fastrtps_c.h
[4.226s] -- Installing: /home/dilhan/ros2_ws/install/omni_msgs/include/omni_msgs/omni_msgs/msg/detail/omni_button_event__rosidl_typesupport_fastrtps_c.h
[4.226s] -- Installing: /home/dilhan/ros2_ws/install/omni_msgs/include/omni_msgs/omni_msgs/msg/rosidl_typesupport_fastrtps_c__visibility_control.h
[4.226s] -- Installing: /home/dilhan/ros2_ws/install/omni_msgs/lib/libomni_msgs__rosidl_typesupport_fastrtps_c.so
[4.227s] -- Set runtime path of "/home/dilhan/ros2_ws/install/omni_msgs/lib/libomni_msgs__rosidl_typesupport_fastrtps_c.so" to ""
[4.227s] -- Up-to-date: /home/dilhan/ros2_ws/install/omni_msgs/include/omni_msgs/omni_msgs
[4.227s] -- Up-to-date: /home/dilhan/ros2_ws/install/omni_msgs/include/omni_msgs/omni_msgs/msg
[4.227s] -- Up-to-date: /home/dilhan/ros2_ws/install/omni_msgs/include/omni_msgs/omni_msgs/msg/detail
[4.227s] -- Installing: /home/dilhan/ros2_ws/install/omni_msgs/include/omni_msgs/omni_msgs/msg/detail/omni_state__rosidl_typesupport_introspection_c.h
[4.227s] -- Installing: /home/dilhan/ros2_ws/install/omni_msgs/include/omni_msgs/omni_msgs/msg/detail/omni_state__type_support.c
[4.227s] -- Installing: /home/dilhan/ros2_ws/install/omni_msgs/include/omni_msgs/omni_msgs/msg/detail/omni_button_event__rosidl_typesupport_introspection_c.h
[4.227s] -- Installing: /home/dilhan/ros2_ws/install/omni_msgs/include/omni_msgs/omni_msgs/msg/detail/omni_feedback__rosidl_typesupport_introspection_c.h
[4.227s] -- Installing: /home/dilhan/ros2_ws/install/omni_msgs/include/omni_msgs/omni_msgs/msg/detail/omni_button_event__type_support.c
[4.227s] -- Installing: /home/dilhan/ros2_ws/install/omni_msgs/include/omni_msgs/omni_msgs/msg/detail/omni_feedback__type_support.c
[4.228s] -- Installing: /home/dilhan/ros2_ws/install/omni_msgs/include/omni_msgs/omni_msgs/msg/rosidl_typesupport_introspection_c__visibility_control.h
[4.228s] -- Installing: /home/dilhan/ros2_ws/install/omni_msgs/lib/libomni_msgs__rosidl_typesupport_introspection_c.so
[4.230s] -- Set runtime path of "/home/dilhan/ros2_ws/install/omni_msgs/lib/libomni_msgs__rosidl_typesupport_introspection_c.so" to ""
[4.230s] -- Installing: /home/dilhan/ros2_ws/install/omni_msgs/lib/libomni_msgs__rosidl_typesupport_c.so
[4.230s] -- Set runtime path of "/home/dilhan/ros2_ws/install/omni_msgs/lib/libomni_msgs__rosidl_typesupport_c.so" to ""
[4.230s] -- Up-to-date: /home/dilhan/ros2_ws/install/omni_msgs/include/omni_msgs/omni_msgs
[4.230s] -- Up-to-date: /home/dilhan/ros2_ws/install/omni_msgs/include/omni_msgs/omni_msgs/msg
[4.231s] -- Installing: /home/dilhan/ros2_ws/install/omni_msgs/include/omni_msgs/omni_msgs/msg/omni_feedback.hpp
[4.231s] -- Up-to-date: /home/dilhan/ros2_ws/install/omni_msgs/include/omni_msgs/omni_msgs/msg/detail
[4.231s] -- Installing: /home/dilhan/ros2_ws/install/omni_msgs/include/omni_msgs/omni_msgs/msg/detail/omni_feedback__type_support.hpp
[4.231s] -- Installing: /home/dilhan/ros2_ws/install/omni_msgs/include/omni_msgs/omni_msgs/msg/detail/omni_state__struct.hpp
[4.231s] -- Installing: /home/dilhan/ros2_ws/install/omni_msgs/include/omni_msgs/omni_msgs/msg/detail/omni_state__type_support.hpp
[4.231s] -- Installing: /home/dilhan/ros2_ws/install/omni_msgs/include/omni_msgs/omni_msgs/msg/detail/omni_button_event__type_support.hpp
[4.231s] -- Installing: /home/dilhan/ros2_ws/install/omni_msgs/include/omni_msgs/omni_msgs/msg/detail/omni_button_event__struct.hpp
[4.231s] -- Installing: /home/dilhan/ros2_ws/install/omni_msgs/include/omni_msgs/omni_msgs/msg/detail/omni_button_event__builder.hpp
[4.231s] -- Installing: /home/dilhan/ros2_ws/install/omni_msgs/include/omni_msgs/omni_msgs/msg/detail/omni_state__traits.hpp
[4.231s] -- Installing: /home/dilhan/ros2_ws/install/omni_msgs/include/omni_msgs/omni_msgs/msg/detail/omni_feedback__builder.hpp
[4.232s] -- Installing: /home/dilhan/ros2_ws/install/omni_msgs/include/omni_msgs/omni_msgs/msg/detail/omni_state__builder.hpp
[4.232s] -- Installing: /home/dilhan/ros2_ws/install/omni_msgs/include/omni_msgs/omni_msgs/msg/detail/omni_feedback__struct.hpp
[4.232s] -- Installing: /home/dilhan/ros2_ws/install/omni_msgs/include/omni_msgs/omni_msgs/msg/detail/omni_feedback__traits.hpp
[4.232s] -- Installing: /home/dilhan/ros2_ws/install/omni_msgs/include/omni_msgs/omni_msgs/msg/detail/omni_button_event__traits.hpp
[4.232s] -- Installing: /home/dilhan/ros2_ws/install/omni_msgs/include/omni_msgs/omni_msgs/msg/omni_button_event.hpp
[4.232s] -- Installing: /home/dilhan/ros2_ws/install/omni_msgs/include/omni_msgs/omni_msgs/msg/omni_state.hpp
[4.232s] -- Installing: /home/dilhan/ros2_ws/install/omni_msgs/include/omni_msgs/omni_msgs/msg/rosidl_generator_cpp__visibility_control.hpp
[4.232s] -- Up-to-date: /home/dilhan/ros2_ws/install/omni_msgs/include/omni_msgs/omni_msgs
[4.232s] -- Up-to-date: /home/dilhan/ros2_ws/install/omni_msgs/include/omni_msgs/omni_msgs/msg
[4.232s] -- Up-to-date: /home/dilhan/ros2_ws/install/omni_msgs/include/omni_msgs/omni_msgs/msg/detail
[4.233s] -- Installing: /home/dilhan/ros2_ws/install/omni_msgs/include/omni_msgs/omni_msgs/msg/detail/omni_button_event__rosidl_typesupport_fastrtps_cpp.hpp
[4.233s] -- Installing: /home/dilhan/ros2_ws/install/omni_msgs/include/omni_msgs/omni_msgs/msg/detail/dds_fastrtps
[4.233s] -- Installing: /home/dilhan/ros2_ws/install/omni_msgs/include/omni_msgs/omni_msgs/msg/detail/omni_state__rosidl_typesupport_fastrtps_cpp.hpp
[4.233s] -- Installing: /home/dilhan/ros2_ws/install/omni_msgs/include/omni_msgs/omni_msgs/msg/detail/omni_feedback__rosidl_typesupport_fastrtps_cpp.hpp
[4.233s] -- Installing: /home/dilhan/ros2_ws/install/omni_msgs/include/omni_msgs/omni_msgs/msg/rosidl_typesupport_fastrtps_cpp__visibility_control.h
[4.233s] -- Installing: /home/dilhan/ros2_ws/install/omni_msgs/lib/libomni_msgs__rosidl_typesupport_fastrtps_cpp.so
[4.234s] -- Set runtime path of "/home/dilhan/ros2_ws/install/omni_msgs/lib/libomni_msgs__rosidl_typesupport_fastrtps_cpp.so" to ""
[4.234s] -- Up-to-date: /home/dilhan/ros2_ws/install/omni_msgs/include/omni_msgs/omni_msgs
[4.234s] -- Up-to-date: /home/dilhan/ros2_ws/install/omni_msgs/include/omni_msgs/omni_msgs/msg
[4.234s] -- Up-to-date: /home/dilhan/ros2_ws/install/omni_msgs/include/omni_msgs/omni_msgs/msg/detail
[4.235s] -- Installing: /home/dilhan/ros2_ws/install/omni_msgs/include/omni_msgs/omni_msgs/msg/detail/omni_button_event__type_support.cpp
[4.235s] -- Installing: /home/dilhan/ros2_ws/install/omni_msgs/include/omni_msgs/omni_msgs/msg/detail/omni_state__type_support.cpp
[4.235s] -- Installing: /home/dilhan/ros2_ws/install/omni_msgs/include/omni_msgs/omni_msgs/msg/detail/omni_feedback__rosidl_typesupport_introspection_cpp.hpp
[4.235s] -- Installing: /home/dilhan/ros2_ws/install/omni_msgs/include/omni_msgs/omni_msgs/msg/detail/omni_feedback__type_support.cpp
[4.235s] -- Installing: /home/dilhan/ros2_ws/install/omni_msgs/include/omni_msgs/omni_msgs/msg/detail/omni_state__rosidl_typesupport_introspection_cpp.hpp
[4.235s] -- Installing: /home/dilhan/ros2_ws/install/omni_msgs/include/omni_msgs/omni_msgs/msg/detail/omni_button_event__rosidl_typesupport_introspection_cpp.hpp
[4.236s] -- Installing: /home/dilhan/ros2_ws/install/omni_msgs/lib/libomni_msgs__rosidl_typesupport_introspection_cpp.so
[4.236s] -- Set runtime path of "/home/dilhan/ros2_ws/install/omni_msgs/lib/libomni_msgs__rosidl_typesupport_introspection_cpp.so" to ""
[4.236s] -- Installing: /home/dilhan/ros2_ws/install/omni_msgs/lib/libomni_msgs__rosidl_typesupport_cpp.so
[4.237s] -- Set runtime path of "/home/dilhan/ros2_ws/install/omni_msgs/lib/libomni_msgs__rosidl_typesupport_cpp.so" to ""
[4.237s] -- Installing: /home/dilhan/ros2_ws/install/omni_msgs/share/omni_msgs/environment/pythonpath.sh
[4.237s] -- Installing: /home/dilhan/ros2_ws/install/omni_msgs/share/omni_msgs/environment/pythonpath.dsv
[4.237s] -- Installing: /home/dilhan/ros2_ws/install/omni_msgs/local/lib/python3.10/dist-packages/omni_msgs-0.1.0-py3.10.egg-info
[4.238s] -- Installing: /home/dilhan/ros2_ws/install/omni_msgs/local/lib/python3.10/dist-packages/omni_msgs-0.1.0-py3.10.egg-info/PKG-INFO
[4.238s] -- Installing: /home/dilhan/ros2_ws/install/omni_msgs/local/lib/python3.10/dist-packages/omni_msgs-0.1.0-py3.10.egg-info/top_level.txt
[4.238s] -- Installing: /home/dilhan/ros2_ws/install/omni_msgs/local/lib/python3.10/dist-packages/omni_msgs-0.1.0-py3.10.egg-info/SOURCES.txt
[4.238s] -- Installing: /home/dilhan/ros2_ws/install/omni_msgs/local/lib/python3.10/dist-packages/omni_msgs-0.1.0-py3.10.egg-info/dependency_links.txt
[4.239s] -- Installing: /home/dilhan/ros2_ws/install/omni_msgs/local/lib/python3.10/dist-packages/omni_msgs
[4.239s] -- Installing: /home/dilhan/ros2_ws/install/omni_msgs/local/lib/python3.10/dist-packages/omni_msgs/omni_msgs_s__rosidl_typesupport_introspection_c.cpython-310-x86_64-linux-gnu.so
[4.239s] -- Installing: /home/dilhan/ros2_ws/install/omni_msgs/local/lib/python3.10/dist-packages/omni_msgs/msg
[4.239s] -- Installing: /home/dilhan/ros2_ws/install/omni_msgs/local/lib/python3.10/dist-packages/omni_msgs/msg/_omni_feedback.py
[4.239s] -- Installing: /home/dilhan/ros2_ws/install/omni_msgs/local/lib/python3.10/dist-packages/omni_msgs/msg/_omni_state.py
[4.239s] -- Installing: /home/dilhan/ros2_ws/install/omni_msgs/local/lib/python3.10/dist-packages/omni_msgs/msg/__init__.py
[4.240s] -- Installing: /home/dilhan/ros2_ws/install/omni_msgs/local/lib/python3.10/dist-packages/omni_msgs/msg/_omni_state_s.c
[4.240s] -- Installing: /home/dilhan/ros2_ws/install/omni_msgs/local/lib/python3.10/dist-packages/omni_msgs/msg/_omni_feedback_s.c
[4.240s] -- Installing: /home/dilhan/ros2_ws/install/omni_msgs/local/lib/python3.10/dist-packages/omni_msgs/msg/_omni_button_event.py
[4.240s] -- Installing: /home/dilhan/ros2_ws/install/omni_msgs/local/lib/python3.10/dist-packages/omni_msgs/msg/_omni_button_event_s.c
[4.240s] -- Installing: /home/dilhan/ros2_ws/install/omni_msgs/local/lib/python3.10/dist-packages/omni_msgs/_omni_msgs_s.ep.rosidl_typesupport_introspection_c.c
[4.241s] -- Installing: /home/dilhan/ros2_ws/install/omni_msgs/local/lib/python3.10/dist-packages/omni_msgs/_omni_msgs_s.ep.rosidl_typesupport_fastrtps_c.c
[4.241s] -- Installing: /home/dilhan/ros2_ws/install/omni_msgs/local/lib/python3.10/dist-packages/omni_msgs/omni_msgs_s__rosidl_typesupport_fastrtps_c.cpython-310-x86_64-linux-gnu.so
[4.241s] -- Installing: /home/dilhan/ros2_ws/install/omni_msgs/local/lib/python3.10/dist-packages/omni_msgs/__init__.py
[4.241s] -- Installing: /home/dilhan/ros2_ws/install/omni_msgs/local/lib/python3.10/dist-packages/omni_msgs/omni_msgs_s__rosidl_typesupport_c.cpython-310-x86_64-linux-gnu.so
[4.241s] -- Installing: /home/dilhan/ros2_ws/install/omni_msgs/local/lib/python3.10/dist-packages/omni_msgs/_omni_msgs_s.ep.rosidl_typesupport_c.c
[4.242s] -- Installing: /home/dilhan/ros2_ws/install/omni_msgs/local/lib/python3.10/dist-packages/omni_msgs/libomni_msgs__rosidl_generator_py.so
[4.275s] Listing '/home/dilhan/ros2_ws/install/omni_msgs/local/lib/python3.10/dist-packages/omni_msgs'...
[4.276s] Compiling '/home/dilhan/ros2_ws/install/omni_msgs/local/lib/python3.10/dist-packages/omni_msgs/__init__.py'...
[4.276s] Listing '/home/dilhan/ros2_ws/install/omni_msgs/local/lib/python3.10/dist-packages/omni_msgs/msg'...
[4.276s] Compiling '/home/dilhan/ros2_ws/install/omni_msgs/local/lib/python3.10/dist-packages/omni_msgs/msg/__init__.py'...
[4.276s] Compiling '/home/dilhan/ros2_ws/install/omni_msgs/local/lib/python3.10/dist-packages/omni_msgs/msg/_omni_button_event.py'...
[4.276s] Compiling '/home/dilhan/ros2_ws/install/omni_msgs/local/lib/python3.10/dist-packages/omni_msgs/msg/_omni_feedback.py'...
[4.276s] Compiling '/home/dilhan/ros2_ws/install/omni_msgs/local/lib/python3.10/dist-packages/omni_msgs/msg/_omni_state.py'...
[4.280s] -- Installing: /home/dilhan/ros2_ws/install/omni_msgs/local/lib/python3.10/dist-packages/omni_msgs/omni_msgs_s__rosidl_typesupport_fastrtps_c.cpython-310-x86_64-linux-gnu.so
[4.280s] -- Set runtime path of "/home/dilhan/ros2_ws/install/omni_msgs/local/lib/python3.10/dist-packages/omni_msgs/omni_msgs_s__rosidl_typesupport_fastrtps_c.cpython-310-x86_64-linux-gnu.so" to ""
[4.280s] -- Installing: /home/dilhan/ros2_ws/install/omni_msgs/local/lib/python3.10/dist-packages/omni_msgs/omni_msgs_s__rosidl_typesupport_introspection_c.cpython-310-x86_64-linux-gnu.so
[4.281s] -- Set runtime path of "/home/dilhan/ros2_ws/install/omni_msgs/local/lib/python3.10/dist-packages/omni_msgs/omni_msgs_s__rosidl_typesupport_introspection_c.cpython-310-x86_64-linux-gnu.so" to ""
[4.281s] -- Installing: /home/dilhan/ros2_ws/install/omni_msgs/local/lib/python3.10/dist-packages/omni_msgs/omni_msgs_s__rosidl_typesupport_c.cpython-310-x86_64-linux-gnu.so
[4.281s] -- Set runtime path of "/home/dilhan/ros2_ws/install/omni_msgs/local/lib/python3.10/dist-packages/omni_msgs/omni_msgs_s__rosidl_typesupport_c.cpython-310-x86_64-linux-gnu.so" to ""
[4.281s] -- Installing: /home/dilhan/ros2_ws/install/omni_msgs/lib/libomni_msgs__rosidl_generator_py.so
[4.282s] -- Set runtime path of "/home/dilhan/ros2_ws/install/omni_msgs/lib/libomni_msgs__rosidl_generator_py.so" to ""
[4.282s] -- Installing: /home/dilhan/ros2_ws/install/omni_msgs/share/omni_msgs/msg/OmniFeedback.idl
[4.282s] -- Installing: /home/dilhan/ros2_ws/install/omni_msgs/share/omni_msgs/msg/OmniButtonEvent.idl
[4.282s] -- Installing: /home/dilhan/ros2_ws/install/omni_msgs/share/omni_msgs/msg/OmniState.idl
[4.282s] -- Installing: /home/dilhan/ros2_ws/install/omni_msgs/share/omni_msgs/msg/OmniFeedback.msg
[4.282s] -- Installing: /home/dilhan/ros2_ws/install/omni_msgs/share/omni_msgs/msg/OmniButtonEvent.msg
[4.282s] -- Installing: /home/dilhan/ros2_ws/install/omni_msgs/share/omni_msgs/msg/OmniState.msg
[4.283s] -- Installing: /home/dilhan/ros2_ws/install/omni_msgs/share/ament_index/resource_index/package_run_dependencies/omni_msgs
[4.283s] -- Installing: /home/dilhan/ros2_ws/install/omni_msgs/share/ament_index/resource_index/parent_prefix_path/omni_msgs
[4.283s] -- Installing: /home/dilhan/ros2_ws/install/omni_msgs/share/omni_msgs/environment/ament_prefix_path.sh
[4.283s] -- Installing: /home/dilhan/ros2_ws/install/omni_msgs/share/omni_msgs/environment/ament_prefix_path.dsv
[4.283s] -- Installing: /home/dilhan/ros2_ws/install/omni_msgs/share/omni_msgs/environment/path.sh
[4.284s] -- Installing: /home/dilhan/ros2_ws/install/omni_msgs/share/omni_msgs/environment/path.dsv
[4.284s] -- Installing: /home/dilhan/ros2_ws/install/omni_msgs/share/omni_msgs/local_setup.bash
[4.284s] -- Installing: /home/dilhan/ros2_ws/install/omni_msgs/share/omni_msgs/local_setup.sh
[4.284s] -- Installing: /home/dilhan/ros2_ws/install/omni_msgs/share/omni_msgs/local_setup.zsh
[4.284s] -- Installing: /home/dilhan/ros2_ws/install/omni_msgs/share/omni_msgs/local_setup.dsv
[4.284s] -- Installing: /home/dilhan/ros2_ws/install/omni_msgs/share/omni_msgs/package.dsv
[4.285s] -- Installing: /home/dilhan/ros2_ws/install/omni_msgs/share/ament_index/resource_index/packages/omni_msgs
[4.285s] -- Installing: /home/dilhan/ros2_ws/install/omni_msgs/share/omni_msgs/cmake/export_omni_msgs__rosidl_generator_cExport.cmake
[4.285s] -- Installing: /home/dilhan/ros2_ws/install/omni_msgs/share/omni_msgs/cmake/export_omni_msgs__rosidl_generator_cExport-noconfig.cmake
[4.285s] -- Installing: /home/dilhan/ros2_ws/install/omni_msgs/share/omni_msgs/cmake/export_omni_msgs__rosidl_typesupport_fastrtps_cExport.cmake
[4.285s] -- Installing: /home/dilhan/ros2_ws/install/omni_msgs/share/omni_msgs/cmake/export_omni_msgs__rosidl_typesupport_fastrtps_cExport-noconfig.cmake
[4.286s] -- Installing: /home/dilhan/ros2_ws/install/omni_msgs/share/omni_msgs/cmake/omni_msgs__rosidl_typesupport_introspection_cExport.cmake
[4.286s] -- Installing: /home/dilhan/ros2_ws/install/omni_msgs/share/omni_msgs/cmake/omni_msgs__rosidl_typesupport_introspection_cExport-noconfig.cmake
[4.286s] -- Installing: /home/dilhan/ros2_ws/install/omni_msgs/share/omni_msgs/cmake/omni_msgs__rosidl_typesupport_cExport.cmake
[4.286s] -- Installing: /home/dilhan/ros2_ws/install/omni_msgs/share/omni_msgs/cmake/omni_msgs__rosidl_typesupport_cExport-noconfig.cmake
[4.286s] -- Installing: /home/dilhan/ros2_ws/install/omni_msgs/share/omni_msgs/cmake/export_omni_msgs__rosidl_generator_cppExport.cmake
[4.286s] -- Installing: /home/dilhan/ros2_ws/install/omni_msgs/share/omni_msgs/cmake/export_omni_msgs__rosidl_typesupport_fastrtps_cppExport.cmake
[4.287s] -- Installing: /home/dilhan/ros2_ws/install/omni_msgs/share/omni_msgs/cmake/export_omni_msgs__rosidl_typesupport_fastrtps_cppExport-noconfig.cmake
[4.287s] -- Installing: /home/dilhan/ros2_ws/install/omni_msgs/share/omni_msgs/cmake/omni_msgs__rosidl_typesupport_introspection_cppExport.cmake
[4.287s] -- Installing: /home/dilhan/ros2_ws/install/omni_msgs/share/omni_msgs/cmake/omni_msgs__rosidl_typesupport_introspection_cppExport-noconfig.cmake
[4.287s] -- Installing: /home/dilhan/ros2_ws/install/omni_msgs/share/omni_msgs/cmake/omni_msgs__rosidl_typesupport_cppExport.cmake
[4.287s] -- Installing: /home/dilhan/ros2_ws/install/omni_msgs/share/omni_msgs/cmake/omni_msgs__rosidl_typesupport_cppExport-noconfig.cmake
[4.287s] -- Installing: /home/dilhan/ros2_ws/install/omni_msgs/share/omni_msgs/cmake/export_omni_msgs__rosidl_generator_pyExport.cmake
[4.288s] -- Installing: /home/dilhan/ros2_ws/install/omni_msgs/share/omni_msgs/cmake/export_omni_msgs__rosidl_generator_pyExport-noconfig.cmake
[4.288s] -- Installing: /home/dilhan/ros2_ws/install/omni_msgs/share/omni_msgs/cmake/rosidl_cmake-extras.cmake
[4.288s] -- Installing: /home/dilhan/ros2_ws/install/omni_msgs/share/omni_msgs/cmake/ament_cmake_export_dependencies-extras.cmake
[4.288s] -- Installing: /home/dilhan/ros2_ws/install/omni_msgs/share/omni_msgs/cmake/ament_cmake_export_include_directories-extras.cmake
[4.288s] -- Installing: /home/dilhan/ros2_ws/install/omni_msgs/share/omni_msgs/cmake/ament_cmake_export_libraries-extras.cmake
[4.288s] -- Installing: /home/dilhan/ros2_ws/install/omni_msgs/share/omni_msgs/cmake/ament_cmake_export_targets-extras.cmake
[4.289s] -- Installing: /home/dilhan/ros2_ws/install/omni_msgs/share/omni_msgs/cmake/rosidl_cmake_export_typesupport_targets-extras.cmake
[4.289s] -- Installing: /home/dilhan/ros2_ws/install/omni_msgs/share/omni_msgs/cmake/rosidl_cmake_export_typesupport_libraries-extras.cmake
[4.289s] -- Installing: /home/dilhan/ros2_ws/install/omni_msgs/share/omni_msgs/cmake/omni_msgsConfig.cmake
[4.289s] -- Installing: /home/dilhan/ros2_ws/install/omni_msgs/share/omni_msgs/cmake/omni_msgsConfig-version.cmake
[4.289s] -- Installing: /home/dilhan/ros2_ws/install/omni_msgs/share/omni_msgs/package.xml
[4.292s] Invoked command in '/home/dilhan/ros2_ws/build/omni_msgs' returned '0': /usr/bin/cmake --install /home/dilhan/ros2_ws/build/omni_msgs
