[0.011s] Invoking command in '/home/dilhan/ros2_ws/build/omni_common': CMAKE_PREFIX_PATH=/home/dilhan/ros2_ws/install/omni_msgs:/home/dilhan/ros2_ws/install/ur_to_touch_haptic_teleoperation:/home/dilhan/ros2_ws/install/omni_common:/home/dilhan/ros2_ws/install/omni_description:/home/dilhan/ur_ws/install/ur:/home/dilhan/ur_ws/install/ur_calibration:/home/dilhan/ur_ws/install/ur_robot_driver:/home/dilhan/ur_ws/install/ur_bringup:/home/dilhan/ur_ws/install/ur_controllers:/home/dilhan/ur_ws/install/ur_msgs:/home/dilhan/ur_ws/install/ur_moveit_config:/home/dilhan/ur_ws/install/ur_description:/home/dilhan/ur_ws/install/ur_dashboard_msgs:/home/dilhan/ur_ws/install/ur_client_library:/opt/ros/humble /usr/bin/cmake --build /home/dilhan/ros2_ws/build/omni_common -- -j12 -l12
[0.073s] [100%] Built target omni_state
[0.073s] [100%] Built target omni
[0.085s] Invoked command in '/home/dilhan/ros2_ws/build/omni_common' returned '0': CMAKE_PREFIX_PATH=/home/dilhan/ros2_ws/install/omni_msgs:/home/dilhan/ros2_ws/install/ur_to_touch_haptic_teleoperation:/home/dilhan/ros2_ws/install/omni_common:/home/dilhan/ros2_ws/install/omni_description:/home/dilhan/ur_ws/install/ur:/home/dilhan/ur_ws/install/ur_calibration:/home/dilhan/ur_ws/install/ur_robot_driver:/home/dilhan/ur_ws/install/ur_bringup:/home/dilhan/ur_ws/install/ur_controllers:/home/dilhan/ur_ws/install/ur_msgs:/home/dilhan/ur_ws/install/ur_moveit_config:/home/dilhan/ur_ws/install/ur_description:/home/dilhan/ur_ws/install/ur_dashboard_msgs:/home/dilhan/ur_ws/install/ur_client_library:/opt/ros/humble /usr/bin/cmake --build /home/dilhan/ros2_ws/build/omni_common -- -j12 -l12
[0.087s] Invoking command in '/home/dilhan/ros2_ws/build/omni_common': CMAKE_PREFIX_PATH=/home/dilhan/ros2_ws/install/omni_msgs:/home/dilhan/ros2_ws/install/ur_to_touch_haptic_teleoperation:/home/dilhan/ros2_ws/install/omni_common:/home/dilhan/ros2_ws/install/omni_description:/home/dilhan/ur_ws/install/ur:/home/dilhan/ur_ws/install/ur_calibration:/home/dilhan/ur_ws/install/ur_robot_driver:/home/dilhan/ur_ws/install/ur_bringup:/home/dilhan/ur_ws/install/ur_controllers:/home/dilhan/ur_ws/install/ur_msgs:/home/dilhan/ur_ws/install/ur_moveit_config:/home/dilhan/ur_ws/install/ur_description:/home/dilhan/ur_ws/install/ur_dashboard_msgs:/home/dilhan/ur_ws/install/ur_client_library:/opt/ros/humble /usr/bin/cmake --install /home/dilhan/ros2_ws/build/omni_common
[0.096s] -- Install configuration: ""
[0.096s] -- Up-to-date: /home/dilhan/ros2_ws/install/omni_common/lib/omni_common/omni
[0.096s] -- Up-to-date: /home/dilhan/ros2_ws/install/omni_common/lib/omni_common/omni_state
[0.096s] -- Up-to-date: /home/dilhan/ros2_ws/install/omni_common/include/omni_common/
[0.097s] -- Up-to-date: /home/dilhan/ros2_ws/install/omni_common/include/omni_common//empty.md
[0.097s] -- Up-to-date: /home/dilhan/ros2_ws/install/omni_common/share/omni_common/launch
[0.097s] -- Up-to-date: /home/dilhan/ros2_ws/install/omni_common/share/omni_common/launch/__pycache__
[0.097s] -- Installing: /home/dilhan/ros2_ws/install/omni_common/share/omni_common/launch/__pycache__/omni_state.launch.cpython-310.pyc
[0.097s] -- Up-to-date: /home/dilhan/ros2_ws/install/omni_common/share/omni_common/launch/omni_state.launch.py
[0.097s] -- Up-to-date: /home/dilhan/ros2_ws/install/omni_common/share/omni_common/launch/omni.launch.py
[0.097s] -- Up-to-date: /home/dilhan/ros2_ws/install/omni_common/share/ament_index/resource_index/package_run_dependencies/omni_common
[0.097s] -- Up-to-date: /home/dilhan/ros2_ws/install/omni_common/share/ament_index/resource_index/parent_prefix_path/omni_common
[0.098s] -- Up-to-date: /home/dilhan/ros2_ws/install/omni_common/share/omni_common/environment/ament_prefix_path.sh
[0.098s] -- Up-to-date: /home/dilhan/ros2_ws/install/omni_common/share/omni_common/environment/ament_prefix_path.dsv
[0.098s] -- Up-to-date: /home/dilhan/ros2_ws/install/omni_common/share/omni_common/environment/path.sh
[0.098s] -- Up-to-date: /home/dilhan/ros2_ws/install/omni_common/share/omni_common/environment/path.dsv
[0.098s] -- Up-to-date: /home/dilhan/ros2_ws/install/omni_common/share/omni_common/local_setup.bash
[0.098s] -- Up-to-date: /home/dilhan/ros2_ws/install/omni_common/share/omni_common/local_setup.sh
[0.098s] -- Up-to-date: /home/dilhan/ros2_ws/install/omni_common/share/omni_common/local_setup.zsh
[0.098s] -- Up-to-date: /home/dilhan/ros2_ws/install/omni_common/share/omni_common/local_setup.dsv
[0.098s] -- Installing: /home/dilhan/ros2_ws/install/omni_common/share/omni_common/package.dsv
[0.098s] -- Up-to-date: /home/dilhan/ros2_ws/install/omni_common/share/ament_index/resource_index/packages/omni_common
[0.098s] -- Up-to-date: /home/dilhan/ros2_ws/install/omni_common/share/omni_common/cmake/omni_commonConfig.cmake
[0.098s] -- Up-to-date: /home/dilhan/ros2_ws/install/omni_common/share/omni_common/cmake/omni_commonConfig-version.cmake
[0.098s] -- Up-to-date: /home/dilhan/ros2_ws/install/omni_common/share/omni_common/package.xml
[0.100s] Invoked command in '/home/dilhan/ros2_ws/build/omni_common' returned '0': CMAKE_PREFIX_PATH=/home/dilhan/ros2_ws/install/omni_msgs:/home/dilhan/ros2_ws/install/ur_to_touch_haptic_teleoperation:/home/dilhan/ros2_ws/install/omni_common:/home/dilhan/ros2_ws/install/omni_description:/home/dilhan/ur_ws/install/ur:/home/dilhan/ur_ws/install/ur_calibration:/home/dilhan/ur_ws/install/ur_robot_driver:/home/dilhan/ur_ws/install/ur_bringup:/home/dilhan/ur_ws/install/ur_controllers:/home/dilhan/ur_ws/install/ur_msgs:/home/dilhan/ur_ws/install/ur_moveit_config:/home/dilhan/ur_ws/install/ur_description:/home/dilhan/ur_ws/install/ur_dashboard_msgs:/home/dilhan/ur_ws/install/ur_client_library:/opt/ros/humble /usr/bin/cmake --install /home/dilhan/ros2_ws/build/omni_common
