[0.015s] Invoking command in '/home/projet-echo/Projet_indus/build/ur_moveit-config': CMAKE_PREFIX_PATH=/opt/ros/humble /usr/bin/cmake /home/projet-echo/Projet_indus/src/ur_moveit-config -DCMAKE_INSTALL_PREFIX=/home/projet-echo/Projet_indus/install/ur_moveit-config
[0.126s] -- The C compiler identification is GNU 11.4.0
[0.271s] -- The CXX compiler identification is GNU 11.4.0
[0.281s] -- Detecting C compiler ABI info
[0.338s] -- Detecting C compiler ABI info - done
[0.343s] -- Check for working C compiler: /usr/bin/cc - skipped
[0.344s] -- Detecting C compile features
[0.344s] -- Detecting C compile features - done
[0.347s] -- Detecting CXX compiler ABI info
[0.422s] -- Detecting CXX compiler ABI info - done
[0.427s] -- Check for working CXX compiler: /usr/bin/c++ - skipped
[0.428s] -- Detecting CXX compile features
[0.428s] -- Detecting CXX compile features - done
[0.435s] -- Found ament_cmake: 1.3.11 (/opt/ros/humble/share/ament_cmake/cmake)
[0.763s] -- Found Python3: /usr/bin/python3 (found version "3.10.12") found components: Interpreter 
[0.920s] -- Configuring done
[0.922s] -- Generating done
[0.924s] -- Build files have been written to: /home/projet-echo/Projet_indus/build/ur_moveit-config
[0.929s] Invoked command in '/home/projet-echo/Projet_indus/build/ur_moveit-config' returned '0': CMAKE_PREFIX_PATH=/opt/ros/humble /usr/bin/cmake /home/projet-echo/Projet_indus/src/ur_moveit-config -DCMAKE_INSTALL_PREFIX=/home/projet-echo/Projet_indus/install/ur_moveit-config
[0.930s] Invoking command in '/home/projet-echo/Projet_indus/build/ur_moveit-config': CMAKE_PREFIX_PATH=/opt/ros/humble /usr/bin/cmake --build /home/projet-echo/Projet_indus/build/ur_moveit-config -- -j20 -l20
[0.983s] Invoked command in '/home/projet-echo/Projet_indus/build/ur_moveit-config' returned '0': CMAKE_PREFIX_PATH=/opt/ros/humble /usr/bin/cmake --build /home/projet-echo/Projet_indus/build/ur_moveit-config -- -j20 -l20
[0.985s] Invoking command in '/home/projet-echo/Projet_indus/build/ur_moveit-config': CMAKE_PREFIX_PATH=/opt/ros/humble /usr/bin/cmake --install /home/projet-echo/Projet_indus/build/ur_moveit-config
[0.995s] -- Install configuration: ""
[0.995s] -- Installing: /home/projet-echo/Projet_indus/install/ur_moveit-config/share/ament_index/resource_index/package_run_dependencies/ur_moveit-config
[0.995s] -- Installing: /home/projet-echo/Projet_indus/install/ur_moveit-config/share/ament_index/resource_index/parent_prefix_path/ur_moveit-config
[0.995s] -- Installing: /home/projet-echo/Projet_indus/install/ur_moveit-config/share/ur_moveit-config/environment/ament_prefix_path.sh
[0.995s] -- Installing: /home/projet-echo/Projet_indus/install/ur_moveit-config/share/ur_moveit-config/environment/ament_prefix_path.dsv
[0.996s] -- Installing: /home/projet-echo/Projet_indus/install/ur_moveit-config/share/ur_moveit-config/environment/path.sh
[0.996s] -- Installing: /home/projet-echo/Projet_indus/install/ur_moveit-config/share/ur_moveit-config/environment/path.dsv
[0.996s] -- Installing: /home/projet-echo/Projet_indus/install/ur_moveit-config/share/ur_moveit-config/local_setup.bash
[0.996s] -- Installing: /home/projet-echo/Projet_indus/install/ur_moveit-config/share/ur_moveit-config/local_setup.sh
[0.996s] -- Installing: /home/projet-echo/Projet_indus/install/ur_moveit-config/share/ur_moveit-config/local_setup.zsh
[0.996s] -- Installing: /home/projet-echo/Projet_indus/install/ur_moveit-config/share/ur_moveit-config/local_setup.dsv
[0.996s] -- Installing: /home/projet-echo/Projet_indus/install/ur_moveit-config/share/ur_moveit-config/package.dsv
[0.996s] -- Installing: /home/projet-echo/Projet_indus/install/ur_moveit-config/share/ament_index/resource_index/packages/ur_moveit-config
[0.997s] -- Installing: /home/projet-echo/Projet_indus/install/ur_moveit-config/share/ur_moveit-config/cmake/ur_moveit-configConfig.cmake
[0.997s] -- Installing: /home/projet-echo/Projet_indus/install/ur_moveit-config/share/ur_moveit-config/cmake/ur_moveit-configConfig-version.cmake
[0.997s] -- Installing: /home/projet-echo/Projet_indus/install/ur_moveit-config/share/ur_moveit-config/package.xml
[0.997s] -- Installing: /home/projet-echo/Projet_indus/install/ur_moveit-config/share/ur_moveit-config/launch
[0.997s] -- Installing: /home/projet-echo/Projet_indus/install/ur_moveit-config/share/ur_moveit-config/launch/static_virtual_joint_tfs.launch.py
[0.997s] -- Installing: /home/projet-echo/Projet_indus/install/ur_moveit-config/share/ur_moveit-config/launch/warehouse_db.launch.py
[0.997s] -- Installing: /home/projet-echo/Projet_indus/install/ur_moveit-config/share/ur_moveit-config/launch/setup_assistant.launch.py
[0.997s] -- Installing: /home/projet-echo/Projet_indus/install/ur_moveit-config/share/ur_moveit-config/launch/move_group.launch.py
[0.997s] -- Installing: /home/projet-echo/Projet_indus/install/ur_moveit-config/share/ur_moveit-config/launch/rsp.launch.py
[0.997s] -- Installing: /home/projet-echo/Projet_indus/install/ur_moveit-config/share/ur_moveit-config/launch/demo.launch.py
[0.997s] -- Installing: /home/projet-echo/Projet_indus/install/ur_moveit-config/share/ur_moveit-config/launch/spawn_controllers.launch.py
[0.998s] -- Installing: /home/projet-echo/Projet_indus/install/ur_moveit-config/share/ur_moveit-config/launch/moveit_rviz.launch.py
[0.998s] -- Installing: /home/projet-echo/Projet_indus/install/ur_moveit-config/share/ur_moveit-config/config
[0.998s] -- Installing: /home/projet-echo/Projet_indus/install/ur_moveit-config/share/ur_moveit-config/config/joint_limits.yaml
[0.998s] -- Installing: /home/projet-echo/Projet_indus/install/ur_moveit-config/share/ur_moveit-config/config/initial_positions.yaml
[0.998s] -- Installing: /home/projet-echo/Projet_indus/install/ur_moveit-config/share/ur_moveit-config/config/kinematics.yaml
[0.999s] -- Installing: /home/projet-echo/Projet_indus/install/ur_moveit-config/share/ur_moveit-config/config/ur3e.ros2_control.xacro
[0.999s] -- Installing: /home/projet-echo/Projet_indus/install/ur_moveit-config/share/ur_moveit-config/config/pilz_cartesian_limits.yaml
[0.999s] -- Installing: /home/projet-echo/Projet_indus/install/ur_moveit-config/share/ur_moveit-config/config/ur3e.urdf.xacro
[0.999s] -- Installing: /home/projet-echo/Projet_indus/install/ur_moveit-config/share/ur_moveit-config/config/ur3e.srdf
[0.999s] -- Installing: /home/projet-echo/Projet_indus/install/ur_moveit-config/share/ur_moveit-config/config/moveit.rviz
[0.999s] -- Installing: /home/projet-echo/Projet_indus/install/ur_moveit-config/share/ur_moveit-config/.setup_assistant
[1.003s] Invoked command in '/home/projet-echo/Projet_indus/build/ur_moveit-config' returned '0': CMAKE_PREFIX_PATH=/opt/ros/humble /usr/bin/cmake --install /home/projet-echo/Projet_indus/build/ur_moveit-config
