[ 25%] [32mBuilding CXX object CMakeFiles/omni.dir/src/omni.cpp.o[0m
[ 50%] [32mBuilding CXX object CMakeFiles/omni_state.dir/src/omni_state.cpp.o[0m
[ 75%] [32m[1mLinking CXX executable omni[0m
[100%] [32m[1mLinking CXX executable omni_state[0m
[100%] Built target omni
[100%] Built target omni_state
-- Install configuration: ""
-- Installing: /home/projet-echo/Projet_indus/install/omni_common/lib/omni_common/omni
-- Set runtime path of "/home/projet-echo/Projet_indus/install/omni_common/lib/omni_common/omni" to ""
-- Installing: /home/projet-echo/Projet_indus/install/omni_common/lib/omni_common/omni_state
-- Set runtime path of "/home/projet-echo/Projet_indus/install/omni_common/lib/omni_common/omni_state" to ""
-- Up-to-date: /home/projet-echo/Projet_indus/install/omni_common/include/omni_common/
-- Up-to-date: /home/projet-echo/Projet_indus/install/omni_common/include/omni_common//empty.md
-- Up-to-date: /home/projet-echo/Projet_indus/install/omni_common/share/omni_common/launch
-- Installing: /home/projet-echo/Projet_indus/install/omni_common/share/omni_common/launch/omni_state.launch.py
-- Up-to-date: /home/projet-echo/Projet_indus/install/omni_common/share/omni_common/launch/__pycache__
-- Up-to-date: /home/projet-echo/Projet_indus/install/omni_common/share/omni_common/launch/__pycache__/omni_state.launch.cpython-310.pyc
-- Up-to-date: /home/projet-echo/Projet_indus/install/omni_common/share/omni_common/launch/omni.launch.py
-- Up-to-date: /home/projet-echo/Projet_indus/install/omni_common/share/ament_index/resource_index/package_run_dependencies/omni_common
-- Up-to-date: /home/projet-echo/Projet_indus/install/omni_common/share/ament_index/resource_index/parent_prefix_path/omni_common
-- Up-to-date: /home/projet-echo/Projet_indus/install/omni_common/share/omni_common/environment/ament_prefix_path.sh
-- Up-to-date: /home/projet-echo/Projet_indus/install/omni_common/share/omni_common/environment/ament_prefix_path.dsv
-- Up-to-date: /home/projet-echo/Projet_indus/install/omni_common/share/omni_common/environment/path.sh
-- Up-to-date: /home/projet-echo/Projet_indus/install/omni_common/share/omni_common/environment/path.dsv
-- Up-to-date: /home/projet-echo/Projet_indus/install/omni_common/share/omni_common/local_setup.bash
-- Up-to-date: /home/projet-echo/Projet_indus/install/omni_common/share/omni_common/local_setup.sh
-- Up-to-date: /home/projet-echo/Projet_indus/install/omni_common/share/omni_common/local_setup.zsh
-- Up-to-date: /home/projet-echo/Projet_indus/install/omni_common/share/omni_common/local_setup.dsv
-- Installing: /home/projet-echo/Projet_indus/install/omni_common/share/omni_common/package.dsv
-- Up-to-date: /home/projet-echo/Projet_indus/install/omni_common/share/ament_index/resource_index/packages/omni_common
-- Up-to-date: /home/projet-echo/Projet_indus/install/omni_common/share/omni_common/cmake/omni_commonConfig.cmake
-- Up-to-date: /home/projet-echo/Projet_indus/install/omni_common/share/omni_common/cmake/omni_commonConfig-version.cmake
-- Up-to-date: /home/projet-echo/Projet_indus/install/omni_common/share/omni_common/package.xml
