[0.021s] Invoking command in '/home/projet-echo/Projet_indus/build/omni_common': CMAKE_PREFIX_PATH=/home/projet-echo/Projet_indus/install/ur_control:/opt/ros/humble:/home/projet-echo/Projet_indus/install/omni_msgs:/home/projet-echo/Projet_indus/install/ur_udp:/home/projet-echo/Projet_indus/install/ur_to_touch_haptic_teleoperation:/home/projet-echo/Projet_indus/install/omni_common:/home/projet-echo/Projet_indus/install/omni_description PYTHONPATH=/home/projet-echo/Projet_indus/install/omni_msgs/local/lib/python3.10/dist-packages:/home/projet-echo/Projet_indus/install/ur_control/lib/python3.10/site-packages:/opt/ros/humble/lib/python3.10/site-packages:/opt/ros/humble/local/lib/python3.10/dist-packages /usr/bin/cmake --build /home/projet-echo/Projet_indus/build/omni_common -- -j20 -l20
[0.174s] [ 50%] Built target omni_state
[0.177s] [100%] Built target omni
[0.203s] Invoked command in '/home/projet-echo/Projet_indus/build/omni_common' returned '0': CMAKE_PREFIX_PATH=/home/projet-echo/Projet_indus/install/ur_control:/opt/ros/humble:/home/projet-echo/Projet_indus/install/omni_msgs:/home/projet-echo/Projet_indus/install/ur_udp:/home/projet-echo/Projet_indus/install/ur_to_touch_haptic_teleoperation:/home/projet-echo/Projet_indus/install/omni_common:/home/projet-echo/Projet_indus/install/omni_description PYTHONPATH=/home/projet-echo/Projet_indus/install/omni_msgs/local/lib/python3.10/dist-packages:/home/projet-echo/Projet_indus/install/ur_control/lib/python3.10/site-packages:/opt/ros/humble/lib/python3.10/site-packages:/opt/ros/humble/local/lib/python3.10/dist-packages /usr/bin/cmake --build /home/projet-echo/Projet_indus/build/omni_common -- -j20 -l20
[0.208s] Invoking command in '/home/projet-echo/Projet_indus/build/omni_common': CMAKE_PREFIX_PATH=/home/projet-echo/Projet_indus/install/ur_control:/opt/ros/humble:/home/projet-echo/Projet_indus/install/omni_msgs:/home/projet-echo/Projet_indus/install/ur_udp:/home/projet-echo/Projet_indus/install/ur_to_touch_haptic_teleoperation:/home/projet-echo/Projet_indus/install/omni_common:/home/projet-echo/Projet_indus/install/omni_description PYTHONPATH=/home/projet-echo/Projet_indus/install/omni_msgs/local/lib/python3.10/dist-packages:/home/projet-echo/Projet_indus/install/ur_control/lib/python3.10/site-packages:/opt/ros/humble/lib/python3.10/site-packages:/opt/ros/humble/local/lib/python3.10/dist-packages /usr/bin/cmake --install /home/projet-echo/Projet_indus/build/omni_common
[0.221s] -- Install configuration: ""
[0.221s] -- Up-to-date: /home/projet-echo/Projet_indus/install/omni_common/lib/omni_common/omni
[0.222s] -- Up-to-date: /home/projet-echo/Projet_indus/install/omni_common/lib/omni_common/omni_state
[0.223s] -- Up-to-date: /home/projet-echo/Projet_indus/install/omni_common/include/omni_common/
[0.223s] -- Up-to-date: /home/projet-echo/Projet_indus/install/omni_common/include/omni_common//empty.md
[0.223s] -- Up-to-date: /home/projet-echo/Projet_indus/install/omni_common/share/omni_common/launch
[0.224s] -- Up-to-date: /home/projet-echo/Projet_indus/install/omni_common/share/omni_common/launch/omni_state.launch.py
[0.224s] -- Up-to-date: /home/projet-echo/Projet_indus/install/omni_common/share/omni_common/launch/__pycache__
[0.224s] -- Up-to-date: /home/projet-echo/Projet_indus/install/omni_common/share/omni_common/launch/__pycache__/omni_state.launch.cpython-310.pyc
[0.224s] -- Up-to-date: /home/projet-echo/Projet_indus/install/omni_common/share/omni_common/launch/omni.launch.py
[0.225s] -- Up-to-date: /home/projet-echo/Projet_indus/install/omni_common/share/ament_index/resource_index/package_run_dependencies/omni_common
[0.225s] -- Up-to-date: /home/projet-echo/Projet_indus/install/omni_common/share/ament_index/resource_index/parent_prefix_path/omni_common
[0.225s] -- Up-to-date: /home/projet-echo/Projet_indus/install/omni_common/share/omni_common/environment/ament_prefix_path.sh
[0.225s] -- Up-to-date: /home/projet-echo/Projet_indus/install/omni_common/share/omni_common/environment/ament_prefix_path.dsv
[0.225s] -- Up-to-date: /home/projet-echo/Projet_indus/install/omni_common/share/omni_common/environment/path.sh
[0.225s] -- Up-to-date: /home/projet-echo/Projet_indus/install/omni_common/share/omni_common/environment/path.dsv
[0.226s] -- Up-to-date: /home/projet-echo/Projet_indus/install/omni_common/share/omni_common/local_setup.bash
[0.226s] -- Up-to-date: /home/projet-echo/Projet_indus/install/omni_common/share/omni_common/local_setup.sh
[0.226s] -- Up-to-date: /home/projet-echo/Projet_indus/install/omni_common/share/omni_common/local_setup.zsh
[0.226s] -- Up-to-date: /home/projet-echo/Projet_indus/install/omni_common/share/omni_common/local_setup.dsv
[0.226s] -- Installing: /home/projet-echo/Projet_indus/install/omni_common/share/omni_common/package.dsv
[0.227s] -- Up-to-date: /home/projet-echo/Projet_indus/install/omni_common/share/ament_index/resource_index/packages/omni_common
[0.227s] -- Up-to-date: /home/projet-echo/Projet_indus/install/omni_common/share/omni_common/cmake/omni_commonConfig.cmake
[0.227s] -- Up-to-date: /home/projet-echo/Projet_indus/install/omni_common/share/omni_common/cmake/omni_commonConfig-version.cmake
[0.227s] -- Up-to-date: /home/projet-echo/Projet_indus/install/omni_common/share/omni_common/package.xml
[0.228s] Invoked command in '/home/projet-echo/Projet_indus/build/omni_common' returned '0': CMAKE_PREFIX_PATH=/home/projet-echo/Projet_indus/install/ur_control:/opt/ros/humble:/home/projet-echo/Projet_indus/install/omni_msgs:/home/projet-echo/Projet_indus/install/ur_udp:/home/projet-echo/Projet_indus/install/ur_to_touch_haptic_teleoperation:/home/projet-echo/Projet_indus/install/omni_common:/home/projet-echo/Projet_indus/install/omni_description PYTHONPATH=/home/projet-echo/Projet_indus/install/omni_msgs/local/lib/python3.10/dist-packages:/home/projet-echo/Projet_indus/install/ur_control/lib/python3.10/site-packages:/opt/ros/humble/lib/python3.10/site-packages:/opt/ros/humble/local/lib/python3.10/dist-packages /usr/bin/cmake --install /home/projet-echo/Projet_indus/build/omni_common
