[0.007s] Invoking command in '/home/projet-echo/Projet_indus/build/ur_to_touch_haptic_teleoperation': CMAKE_PREFIX_PATH=/home/projet-echo/Projet_indus/install/omni_common:/opt/ros/humble:/home/projet-echo/Projet_indus/install/omni_msgs:/home/projet-echo/Projet_indus/install/ur_udp:/home/projet-echo/Projet_indus/install/ur_to_touch_haptic_teleoperation:/home/projet-echo/Projet_indus/install/omni_description /usr/bin/cmake --build /home/projet-echo/Projet_indus/build/ur_to_touch_haptic_teleoperation -- -j20 -l20
[0.047s] [ 75%] Built target ur_to_touch_haptic_teleoperation_haptic_node
[0.047s] [100%] Built target ur_to_touch_haptic_teleoperation_teleop_node
[0.054s] Invoked command in '/home/projet-echo/Projet_indus/build/ur_to_touch_haptic_teleoperation' returned '0': CMAKE_PREFIX_PATH=/home/projet-echo/Projet_indus/install/omni_common:/opt/ros/humble:/home/projet-echo/Projet_indus/install/omni_msgs:/home/projet-echo/Projet_indus/install/ur_udp:/home/projet-echo/Projet_indus/install/ur_to_touch_haptic_teleoperation:/home/projet-echo/Projet_indus/install/omni_description /usr/bin/cmake --build /home/projet-echo/Projet_indus/build/ur_to_touch_haptic_teleoperation -- -j20 -l20
[0.055s] Invoking command in '/home/projet-echo/Projet_indus/build/ur_to_touch_haptic_teleoperation': CMAKE_PREFIX_PATH=/home/projet-echo/Projet_indus/install/omni_common:/opt/ros/humble:/home/projet-echo/Projet_indus/install/omni_msgs:/home/projet-echo/Projet_indus/install/ur_udp:/home/projet-echo/Projet_indus/install/ur_to_touch_haptic_teleoperation:/home/projet-echo/Projet_indus/install/omni_description /usr/bin/cmake --install /home/projet-echo/Projet_indus/build/ur_to_touch_haptic_teleoperation
[0.060s] -- Install configuration: ""
[0.060s] -- Up-to-date: /home/projet-echo/Projet_indus/install/ur_to_touch_haptic_teleoperation/lib/ur_to_touch_haptic_teleoperation/ur_to_touch_haptic_teleoperation_teleop_node
[0.061s] -- Up-to-date: /home/projet-echo/Projet_indus/install/ur_to_touch_haptic_teleoperation/lib/ur_to_touch_haptic_teleoperation/ur_to_touch_haptic_teleoperation_haptic_node
[0.061s] -- Up-to-date: /home/projet-echo/Projet_indus/install/ur_to_touch_haptic_teleoperation/share/ur_to_touch_haptic_teleoperation/launch
[0.061s] -- Up-to-date: /home/projet-echo/Projet_indus/install/ur_to_touch_haptic_teleoperation/share/ur_to_touch_haptic_teleoperation/launch/servo_simple_launch.py
[0.061s] -- Up-to-date: /home/projet-echo/Projet_indus/install/ur_to_touch_haptic_teleoperation/share/ur_to_touch_haptic_teleoperation/launch/ur_norobot_test.py
[0.061s] -- Up-to-date: /home/projet-echo/Projet_indus/install/ur_to_touch_haptic_teleoperation/share/ur_to_touch_haptic_teleoperation/launch/script_joint.launch.py
[0.061s] -- Up-to-date: /home/projet-echo/Projet_indus/install/ur_to_touch_haptic_teleoperation/share/ur_to_touch_haptic_teleoperation/launch/ur_to_touch_haptic_teleoperation_launch.py
[0.061s] -- Up-to-date: /home/projet-echo/Projet_indus/install/ur_to_touch_haptic_teleoperation/share/ur_to_touch_haptic_teleoperation/config
[0.061s] -- Up-to-date: /home/projet-echo/Projet_indus/install/ur_to_touch_haptic_teleoperation/share/ur_to_touch_haptic_teleoperation/config/my_robot_calibration.yaml
[0.061s] -- Up-to-date: /home/projet-echo/Projet_indus/install/ur_to_touch_haptic_teleoperation/share/ur_to_touch_haptic_teleoperation/config/servo_config.yaml
[0.061s] -- Up-to-date: /home/projet-echo/Projet_indus/install/ur_to_touch_haptic_teleoperation/share/ur_to_touch_haptic_teleoperation/config/teleop_config.yaml
[0.061s] -- Up-to-date: /home/projet-echo/Projet_indus/install/ur_to_touch_haptic_teleoperation/share/ament_index/resource_index/package_run_dependencies/ur_to_touch_haptic_teleoperation
[0.062s] -- Up-to-date: /home/projet-echo/Projet_indus/install/ur_to_touch_haptic_teleoperation/share/ament_index/resource_index/parent_prefix_path/ur_to_touch_haptic_teleoperation
[0.062s] -- Up-to-date: /home/projet-echo/Projet_indus/install/ur_to_touch_haptic_teleoperation/share/ur_to_touch_haptic_teleoperation/environment/ament_prefix_path.sh
[0.062s] -- Up-to-date: /home/projet-echo/Projet_indus/install/ur_to_touch_haptic_teleoperation/share/ur_to_touch_haptic_teleoperation/environment/ament_prefix_path.dsv
[0.062s] -- Up-to-date: /home/projet-echo/Projet_indus/install/ur_to_touch_haptic_teleoperation/share/ur_to_touch_haptic_teleoperation/environment/path.sh
[0.062s] -- Up-to-date: /home/projet-echo/Projet_indus/install/ur_to_touch_haptic_teleoperation/share/ur_to_touch_haptic_teleoperation/environment/path.dsv
[0.062s] -- Up-to-date: /home/projet-echo/Projet_indus/install/ur_to_touch_haptic_teleoperation/share/ur_to_touch_haptic_teleoperation/local_setup.bash
[0.062s] -- Up-to-date: /home/projet-echo/Projet_indus/install/ur_to_touch_haptic_teleoperation/share/ur_to_touch_haptic_teleoperation/local_setup.sh
[0.062s] -- Up-to-date: /home/projet-echo/Projet_indus/install/ur_to_touch_haptic_teleoperation/share/ur_to_touch_haptic_teleoperation/local_setup.zsh
[0.062s] -- Up-to-date: /home/projet-echo/Projet_indus/install/ur_to_touch_haptic_teleoperation/share/ur_to_touch_haptic_teleoperation/local_setup.dsv
[0.062s] -- Installing: /home/projet-echo/Projet_indus/install/ur_to_touch_haptic_teleoperation/share/ur_to_touch_haptic_teleoperation/package.dsv
[0.062s] -- Up-to-date: /home/projet-echo/Projet_indus/install/ur_to_touch_haptic_teleoperation/share/ament_index/resource_index/packages/ur_to_touch_haptic_teleoperation
[0.062s] -- Up-to-date: /home/projet-echo/Projet_indus/install/ur_to_touch_haptic_teleoperation/share/ur_to_touch_haptic_teleoperation/cmake/ur_to_touch_haptic_teleoperationConfig.cmake
[0.062s] -- Up-to-date: /home/projet-echo/Projet_indus/install/ur_to_touch_haptic_teleoperation/share/ur_to_touch_haptic_teleoperation/cmake/ur_to_touch_haptic_teleoperationConfig-version.cmake
[0.063s] -- Up-to-date: /home/projet-echo/Projet_indus/install/ur_to_touch_haptic_teleoperation/share/ur_to_touch_haptic_teleoperation/package.xml
[0.063s] Invoked command in '/home/projet-echo/Projet_indus/build/ur_to_touch_haptic_teleoperation' returned '0': CMAKE_PREFIX_PATH=/home/projet-echo/Projet_indus/install/omni_common:/opt/ros/humble:/home/projet-echo/Projet_indus/install/omni_msgs:/home/projet-echo/Projet_indus/install/ur_udp:/home/projet-echo/Projet_indus/install/ur_to_touch_haptic_teleoperation:/home/projet-echo/Projet_indus/install/omni_description /usr/bin/cmake --install /home/projet-echo/Projet_indus/build/ur_to_touch_haptic_teleoperation
