[0.627s] Invoking command in '/home/projet-echo/Projet_indus/build/ur_udp': CMAKE_PREFIX_PATH=/opt/ros/humble:/home/projet-echo/Projet_indus/install/omni_msgs:/home/projet-echo/Projet_indus/install/ur_udp:/home/projet-echo/Projet_indus/install/ur_to_touch_haptic_teleoperation:/home/projet-echo/Projet_indus/install/omni_common:/home/projet-echo/Projet_indus/install/omni_description /usr/bin/cmake --build /home/projet-echo/Projet_indus/build/ur_udp -- -j20 -l20
[0.736s] [35m[1mConsolidate compiler generated dependencies of target ur_udp[0m
[0.788s] [ 25%] [32mBuilding CXX object CMakeFiles/phantom_udp.dir/src/phantom_udp.cpp.o[0m
[0.794s] [ 50%] [32mBuilding CXX object CMakeFiles/ur_udp.dir/src/ur_udp.cpp.o[0m
[11.629s] [01m[K/home/projet-echo/Projet_indus/src/ur_udp/src/ur_udp.cpp:[m[K In member function ‘[01m[Kvoid* URNode::serveur_udp()[m[K’:
[11.629s] [01m[K/home/projet-echo/Projet_indus/src/ur_udp/src/ur_udp.cpp:139:9:[m[K [01;35m[Kwarning: [m[Kcontrol reaches end of non-void function [[01;35m[K]8;;https://gcc.gnu.org/onlinedocs/gcc/Warning-Options.html#index-Wreturn-type-Wreturn-type]8;;[m[K]
[11.629s]   139 |         [01;35m[K}[m[K
[11.629s]       |         [01;35m[K^[m[K
[13.827s] [01m[K/home/projet-echo/Projet_indus/src/ur_udp/src/phantom_udp.cpp:[m[K In member function ‘[01m[Kvoid* PhantomNode::serveur_udp()[m[K’:
[13.827s] [01m[K/home/projet-echo/Projet_indus/src/ur_udp/src/phantom_udp.cpp:137:5:[m[K [01;35m[Kwarning: [m[Kcontrol reaches end of non-void function [[01;35m[K]8;;https://gcc.gnu.org/onlinedocs/gcc/Warning-Options.html#index-Wreturn-type-Wreturn-type]8;;[m[K]
[13.827s]   137 |     [01;35m[K}[m[K
[13.827s]       |     [01;35m[K^[m[K
[20.544s] [ 75%] [32m[1mLinking CXX executable ur_udp[0m
[21.642s] [ 75%] Built target ur_udp
[26.493s] [100%] [32m[1mLinking CXX executable phantom_udp[0m
[27.460s] [100%] Built target phantom_udp
[27.480s] Invoked command in '/home/projet-echo/Projet_indus/build/ur_udp' returned '0': CMAKE_PREFIX_PATH=/opt/ros/humble:/home/projet-echo/Projet_indus/install/omni_msgs:/home/projet-echo/Projet_indus/install/ur_udp:/home/projet-echo/Projet_indus/install/ur_to_touch_haptic_teleoperation:/home/projet-echo/Projet_indus/install/omni_common:/home/projet-echo/Projet_indus/install/omni_description /usr/bin/cmake --build /home/projet-echo/Projet_indus/build/ur_udp -- -j20 -l20
[27.484s] Invoking command in '/home/projet-echo/Projet_indus/build/ur_udp': CMAKE_PREFIX_PATH=/opt/ros/humble:/home/projet-echo/Projet_indus/install/omni_msgs:/home/projet-echo/Projet_indus/install/ur_udp:/home/projet-echo/Projet_indus/install/ur_to_touch_haptic_teleoperation:/home/projet-echo/Projet_indus/install/omni_common:/home/projet-echo/Projet_indus/install/omni_description /usr/bin/cmake --install /home/projet-echo/Projet_indus/build/ur_udp
[27.495s] -- Install configuration: ""
[27.495s] -- Installing: /home/projet-echo/Projet_indus/install/ur_udp/lib/ur_udp/ur_udp
[27.500s] -- Set runtime path of "/home/projet-echo/Projet_indus/install/ur_udp/lib/ur_udp/ur_udp" to ""
[27.501s] -- Installing: /home/projet-echo/Projet_indus/install/ur_udp/lib/ur_udp/phantom_udp
[27.508s] -- Set runtime path of "/home/projet-echo/Projet_indus/install/ur_udp/lib/ur_udp/phantom_udp" to ""
[27.508s] -- Up-to-date: /home/projet-echo/Projet_indus/install/ur_udp/share/ament_index/resource_index/package_run_dependencies/ur_udp
[27.508s] -- Up-to-date: /home/projet-echo/Projet_indus/install/ur_udp/share/ament_index/resource_index/parent_prefix_path/ur_udp
[27.508s] -- Up-to-date: /home/projet-echo/Projet_indus/install/ur_udp/share/ur_udp/environment/ament_prefix_path.sh
[27.509s] -- Up-to-date: /home/projet-echo/Projet_indus/install/ur_udp/share/ur_udp/environment/ament_prefix_path.dsv
[27.509s] -- Up-to-date: /home/projet-echo/Projet_indus/install/ur_udp/share/ur_udp/environment/path.sh
[27.509s] -- Up-to-date: /home/projet-echo/Projet_indus/install/ur_udp/share/ur_udp/environment/path.dsv
[27.509s] -- Up-to-date: /home/projet-echo/Projet_indus/install/ur_udp/share/ur_udp/local_setup.bash
[27.509s] -- Up-to-date: /home/projet-echo/Projet_indus/install/ur_udp/share/ur_udp/local_setup.sh
[27.509s] -- Up-to-date: /home/projet-echo/Projet_indus/install/ur_udp/share/ur_udp/local_setup.zsh
[27.510s] -- Up-to-date: /home/projet-echo/Projet_indus/install/ur_udp/share/ur_udp/local_setup.dsv
[27.510s] -- Installing: /home/projet-echo/Projet_indus/install/ur_udp/share/ur_udp/package.dsv
[27.510s] -- Up-to-date: /home/projet-echo/Projet_indus/install/ur_udp/share/ament_index/resource_index/packages/ur_udp
[27.510s] -- Up-to-date: /home/projet-echo/Projet_indus/install/ur_udp/share/ur_udp/cmake/ur_udpConfig.cmake
[27.511s] -- Up-to-date: /home/projet-echo/Projet_indus/install/ur_udp/share/ur_udp/cmake/ur_udpConfig-version.cmake
[27.511s] -- Up-to-date: /home/projet-echo/Projet_indus/install/ur_udp/share/ur_udp/package.xml
[27.513s] Invoked command in '/home/projet-echo/Projet_indus/build/ur_udp' returned '0': CMAKE_PREFIX_PATH=/opt/ros/humble:/home/projet-echo/Projet_indus/install/omni_msgs:/home/projet-echo/Projet_indus/install/ur_udp:/home/projet-echo/Projet_indus/install/ur_to_touch_haptic_teleoperation:/home/projet-echo/Projet_indus/install/omni_common:/home/projet-echo/Projet_indus/install/omni_description /usr/bin/cmake --install /home/projet-echo/Projet_indus/build/ur_udp
