[0.029s] Invoking command in '/home/projet-echo/Projet_indus/build/omni_description': CMAKE_PREFIX_PATH=/home/projet-echo/Projet_indus/install/ur_udp:/home/projet-echo/Projet_indus/install/ur_to_touch_haptic_teleoperation:/home/projet-echo/Projet_indus/install/omni_common:/home/projet-echo/Projet_indus/install/ur_control:/opt/ros/humble:/home/projet-echo/Projet_indus/install/omni_msgs:/home/projet-echo/Projet_indus/install/omni_description /usr/bin/cmake --build /home/projet-echo/Projet_indus/build/omni_description -- -j20 -l20
[0.115s] Invoked command in '/home/projet-echo/Projet_indus/build/omni_description' returned '0': CMAKE_PREFIX_PATH=/home/projet-echo/Projet_indus/install/ur_udp:/home/projet-echo/Projet_indus/install/ur_to_touch_haptic_teleoperation:/home/projet-echo/Projet_indus/install/omni_common:/home/projet-echo/Projet_indus/install/ur_control:/opt/ros/humble:/home/projet-echo/Projet_indus/install/omni_msgs:/home/projet-echo/Projet_indus/install/omni_description /usr/bin/cmake --build /home/projet-echo/Projet_indus/build/omni_description -- -j20 -l20
[0.143s] Invoking command in '/home/projet-echo/Projet_indus/build/omni_description': CMAKE_PREFIX_PATH=/home/projet-echo/Projet_indus/install/ur_udp:/home/projet-echo/Projet_indus/install/ur_to_touch_haptic_teleoperation:/home/projet-echo/Projet_indus/install/omni_common:/home/projet-echo/Projet_indus/install/ur_control:/opt/ros/humble:/home/projet-echo/Projet_indus/install/omni_msgs:/home/projet-echo/Projet_indus/install/omni_description /usr/bin/cmake --install /home/projet-echo/Projet_indus/build/omni_description
[0.161s] -- Install configuration: ""
[0.162s] -- Up-to-date: /home/projet-echo/Projet_indus/install/omni_description/share/omni_description/meshes
[0.163s] -- Up-to-date: /home/projet-echo/Projet_indus/install/omni_description/share/omni_description/meshes/base.stl
[0.164s] -- Up-to-date: /home/projet-echo/Projet_indus/install/omni_description/share/omni_description/meshes/tip.stl
[0.164s] -- Up-to-date: /home/projet-echo/Projet_indus/install/omni_description/share/omni_description/meshes/wrist.stl
[0.164s] -- Up-to-date: /home/projet-echo/Projet_indus/install/omni_description/share/omni_description/meshes/upper_arm.stl
[0.165s] -- Up-to-date: /home/projet-echo/Projet_indus/install/omni_description/share/omni_description/meshes/lower_arm.stl
[0.165s] -- Up-to-date: /home/projet-echo/Projet_indus/install/omni_description/share/omni_description/meshes/torso.stl
[0.165s] -- Up-to-date: /home/projet-echo/Projet_indus/install/omni_description/share/omni_description/meshes/pen.stl
[0.166s] -- Up-to-date: /home/projet-echo/Projet_indus/install/omni_description/share/omni_description/resources
[0.167s] -- Up-to-date: /home/projet-echo/Projet_indus/install/omni_description/share/omni_description/resources/omni.rviz
[0.167s] -- Up-to-date: /home/projet-echo/Projet_indus/install/omni_description/share/omni_description/resources/OmniRviz.png
[0.169s] -- Up-to-date: /home/projet-echo/Projet_indus/install/omni_description/share/omni_description/urdf
[0.170s] -- Up-to-date: /home/projet-echo/Projet_indus/install/omni_description/share/omni_description/urdf/omni.urdf
[0.170s] -- Up-to-date: /home/projet-echo/Projet_indus/install/omni_description/share/omni_description/urdf/omni.dae
[0.171s] -- Up-to-date: /home/projet-echo/Projet_indus/install/omni_description/share/omni_description/urdf/omni.robot.xml
[0.172s] -- Up-to-date: /home/projet-echo/Projet_indus/install/omni_description/share/ament_index/resource_index/package_run_dependencies/omni_description
[0.173s] -- Up-to-date: /home/projet-echo/Projet_indus/install/omni_description/share/ament_index/resource_index/parent_prefix_path/omni_description
[0.174s] -- Up-to-date: /home/projet-echo/Projet_indus/install/omni_description/share/omni_description/environment/ament_prefix_path.sh
[0.174s] -- Up-to-date: /home/projet-echo/Projet_indus/install/omni_description/share/omni_description/environment/ament_prefix_path.dsv
[0.174s] -- Up-to-date: /home/projet-echo/Projet_indus/install/omni_description/share/omni_description/environment/path.sh
[0.175s] -- Up-to-date: /home/projet-echo/Projet_indus/install/omni_description/share/omni_description/environment/path.dsv
[0.175s] -- Up-to-date: /home/projet-echo/Projet_indus/install/omni_description/share/omni_description/local_setup.bash
[0.176s] -- Up-to-date: /home/projet-echo/Projet_indus/install/omni_description/share/omni_description/local_setup.sh
[0.177s] -- Up-to-date: /home/projet-echo/Projet_indus/install/omni_description/share/omni_description/local_setup.zsh
[0.177s] -- Up-to-date: /home/projet-echo/Projet_indus/install/omni_description/share/omni_description/local_setup.dsv
[0.177s] -- Installing: /home/projet-echo/Projet_indus/install/omni_description/share/omni_description/package.dsv
[0.178s] -- Up-to-date: /home/projet-echo/Projet_indus/install/omni_description/share/ament_index/resource_index/packages/omni_description
[0.178s] -- Up-to-date: /home/projet-echo/Projet_indus/install/omni_description/share/omni_description/cmake/omni_descriptionConfig.cmake
[0.178s] -- Up-to-date: /home/projet-echo/Projet_indus/install/omni_description/share/omni_description/cmake/omni_descriptionConfig-version.cmake
[0.178s] -- Up-to-date: /home/projet-echo/Projet_indus/install/omni_description/share/omni_description/package.xml
[0.180s] Invoked command in '/home/projet-echo/Projet_indus/build/omni_description' returned '0': CMAKE_PREFIX_PATH=/home/projet-echo/Projet_indus/install/ur_udp:/home/projet-echo/Projet_indus/install/ur_to_touch_haptic_teleoperation:/home/projet-echo/Projet_indus/install/omni_common:/home/projet-echo/Projet_indus/install/ur_control:/opt/ros/humble:/home/projet-echo/Projet_indus/install/omni_msgs:/home/projet-echo/Projet_indus/install/omni_description /usr/bin/cmake --install /home/projet-echo/Projet_indus/build/omni_description
