[0.114s] DEBUG:colcon:Command line arguments: ['/usr/bin/colcon', 'build']
[0.114s] DEBUG:colcon:Parsed command line arguments: Namespace(log_base=None, log_level=None, verb_name='build', build_base='build', install_base='install', merge_install=False, symlink_install=False, test_result_base=None, continue_on_error=False, executor='parallel', parallel_workers=12, event_handlers=None, ignore_user_meta=False, metas=['./colcon.meta'], base_paths=['.'], packages_ignore=None, packages_ignore_regex=None, paths=None, packages_up_to=None, packages_up_to_regex=None, packages_above=None, packages_above_and_dependencies=None, packages_above_depth=None, packages_select_by_dep=None, packages_skip_by_dep=None, packages_skip_up_to=None, packages_select_build_failed=False, packages_skip_build_finished=False, packages_select_test_failures=False, packages_skip_test_passed=False, packages_select=None, packages_skip=None, packages_select_regex=None, packages_skip_regex=None, packages_start=None, packages_end=None, allow_overriding=[], cmake_args=None, cmake_target=None, cmake_target_skip_unavailable=False, cmake_clean_cache=False, cmake_clean_first=False, cmake_force_configure=False, ament_cmake_args=None, catkin_cmake_args=None, catkin_skip_building_tests=False, mixin_files=None, mixin=None, verb_parser=<colcon_mixin.mixin.mixin_argument.MixinArgumentDecorator object at 0x73bbff057580>, verb_extension=<colcon_core.verb.build.BuildVerb object at 0x73bbff056f80>, main=<bound method BuildVerb.main of <colcon_core.verb.build.BuildVerb object at 0x73bbff056f80>>, mixin_verb=('build',))
[0.292s] Level 1:colcon.colcon_core.package_discovery:discover_packages(colcon_meta) check parameters
[0.292s] Level 1:colcon.colcon_core.package_discovery:discover_packages(recursive) check parameters
[0.292s] Level 1:colcon.colcon_core.package_discovery:discover_packages(ignore) check parameters
[0.292s] Level 1:colcon.colcon_core.package_discovery:discover_packages(path) check parameters
[0.292s] Level 1:colcon.colcon_core.package_discovery:discover_packages(colcon_meta) discover
[0.292s] Level 1:colcon.colcon_core.package_discovery:discover_packages(recursive) discover
[0.292s] INFO:colcon.colcon_core.package_discovery:Crawling recursively for packages in '/home/dilhan/ros2_ws'
[0.292s] Level 1:colcon.colcon_core.package_identification:_identify(.) by extensions ['ignore', 'ignore_ament_install']
[0.292s] Level 1:colcon.colcon_core.package_identification:_identify(.) by extension 'ignore'
[0.292s] Level 1:colcon.colcon_core.package_identification:_identify(.) by extension 'ignore_ament_install'
[0.292s] Level 1:colcon.colcon_core.package_identification:_identify(.) by extensions ['colcon_pkg']
[0.293s] Level 1:colcon.colcon_core.package_identification:_identify(.) by extension 'colcon_pkg'
[0.293s] Level 1:colcon.colcon_core.package_identification:_identify(.) by extensions ['colcon_meta']
[0.293s] Level 1:colcon.colcon_core.package_identification:_identify(.) by extension 'colcon_meta'
[0.293s] Level 1:colcon.colcon_core.package_identification:_identify(.) by extensions ['ros']
[0.293s] Level 1:colcon.colcon_core.package_identification:_identify(.) by extension 'ros'
[0.303s] Level 1:colcon.colcon_core.package_identification:_identify(.) by extensions ['cmake', 'python']
[0.303s] Level 1:colcon.colcon_core.package_identification:_identify(.) by extension 'cmake'
[0.303s] Level 1:colcon.colcon_core.package_identification:_identify(.) by extension 'python'
[0.303s] Level 1:colcon.colcon_core.package_identification:_identify(.) by extensions ['python_setup_py']
[0.303s] Level 1:colcon.colcon_core.package_identification:_identify(.) by extension 'python_setup_py'
[0.303s] Level 1:colcon.colcon_core.package_identification:_identify(build) by extensions ['ignore', 'ignore_ament_install']
[0.303s] Level 1:colcon.colcon_core.package_identification:_identify(build) by extension 'ignore'
[0.303s] Level 1:colcon.colcon_core.package_identification:_identify(build) ignored
[0.303s] Level 1:colcon.colcon_core.package_identification:_identify(install) by extensions ['ignore', 'ignore_ament_install']
[0.303s] Level 1:colcon.colcon_core.package_identification:_identify(install) by extension 'ignore'
[0.303s] Level 1:colcon.colcon_core.package_identification:_identify(install) ignored
[0.303s] Level 1:colcon.colcon_core.package_identification:_identify(log) by extensions ['ignore', 'ignore_ament_install']
[0.303s] Level 1:colcon.colcon_core.package_identification:_identify(log) by extension 'ignore'
[0.303s] Level 1:colcon.colcon_core.package_identification:_identify(log) ignored
[0.304s] Level 1:colcon.colcon_core.package_identification:_identify(src) by extensions ['ignore', 'ignore_ament_install']
[0.304s] Level 1:colcon.colcon_core.package_identification:_identify(src) by extension 'ignore'
[0.304s] Level 1:colcon.colcon_core.package_identification:_identify(src) by extension 'ignore_ament_install'
[0.304s] Level 1:colcon.colcon_core.package_identification:_identify(src) by extensions ['colcon_pkg']
[0.304s] Level 1:colcon.colcon_core.package_identification:_identify(src) by extension 'colcon_pkg'
[0.304s] Level 1:colcon.colcon_core.package_identification:_identify(src) by extensions ['colcon_meta']
[0.304s] Level 1:colcon.colcon_core.package_identification:_identify(src) by extension 'colcon_meta'
[0.304s] Level 1:colcon.colcon_core.package_identification:_identify(src) by extensions ['ros']
[0.304s] Level 1:colcon.colcon_core.package_identification:_identify(src) by extension 'ros'
[0.304s] Level 1:colcon.colcon_core.package_identification:_identify(src) by extensions ['cmake', 'python']
[0.304s] Level 1:colcon.colcon_core.package_identification:_identify(src) by extension 'cmake'
[0.304s] Level 1:colcon.colcon_core.package_identification:_identify(src) by extension 'python'
[0.304s] Level 1:colcon.colcon_core.package_identification:_identify(src) by extensions ['python_setup_py']
[0.304s] Level 1:colcon.colcon_core.package_identification:_identify(src) by extension 'python_setup_py'
[0.304s] Level 1:colcon.colcon_core.package_identification:_identify(src/Geomagic_Touch_ROS2) by extensions ['ignore', 'ignore_ament_install']
[0.304s] Level 1:colcon.colcon_core.package_identification:_identify(src/Geomagic_Touch_ROS2) by extension 'ignore'
[0.304s] Level 1:colcon.colcon_core.package_identification:_identify(src/Geomagic_Touch_ROS2) by extension 'ignore_ament_install'
[0.304s] Level 1:colcon.colcon_core.package_identification:_identify(src/Geomagic_Touch_ROS2) by extensions ['colcon_pkg']
[0.304s] Level 1:colcon.colcon_core.package_identification:_identify(src/Geomagic_Touch_ROS2) by extension 'colcon_pkg'
[0.304s] Level 1:colcon.colcon_core.package_identification:_identify(src/Geomagic_Touch_ROS2) by extensions ['colcon_meta']
[0.304s] Level 1:colcon.colcon_core.package_identification:_identify(src/Geomagic_Touch_ROS2) by extension 'colcon_meta'
[0.305s] Level 1:colcon.colcon_core.package_identification:_identify(src/Geomagic_Touch_ROS2) by extensions ['ros']
[0.305s] Level 1:colcon.colcon_core.package_identification:_identify(src/Geomagic_Touch_ROS2) by extension 'ros'
[0.305s] Level 1:colcon.colcon_core.package_identification:_identify(src/Geomagic_Touch_ROS2) by extensions ['cmake', 'python']
[0.305s] Level 1:colcon.colcon_core.package_identification:_identify(src/Geomagic_Touch_ROS2) by extension 'cmake'
[0.305s] Level 1:colcon.colcon_core.package_identification:_identify(src/Geomagic_Touch_ROS2) by extension 'python'
[0.305s] Level 1:colcon.colcon_core.package_identification:_identify(src/Geomagic_Touch_ROS2) by extensions ['python_setup_py']
[0.305s] Level 1:colcon.colcon_core.package_identification:_identify(src/Geomagic_Touch_ROS2) by extension 'python_setup_py'
[0.305s] Level 1:colcon.colcon_core.package_identification:_identify(src/Geomagic_Touch_ROS2/omni_common) by extensions ['ignore', 'ignore_ament_install']
[0.305s] Level 1:colcon.colcon_core.package_identification:_identify(src/Geomagic_Touch_ROS2/omni_common) by extension 'ignore'
[0.305s] Level 1:colcon.colcon_core.package_identification:_identify(src/Geomagic_Touch_ROS2/omni_common) by extension 'ignore_ament_install'
[0.305s] Level 1:colcon.colcon_core.package_identification:_identify(src/Geomagic_Touch_ROS2/omni_common) by extensions ['colcon_pkg']
[0.305s] Level 1:colcon.colcon_core.package_identification:_identify(src/Geomagic_Touch_ROS2/omni_common) by extension 'colcon_pkg'
[0.305s] Level 1:colcon.colcon_core.package_identification:_identify(src/Geomagic_Touch_ROS2/omni_common) by extensions ['colcon_meta']
[0.305s] Level 1:colcon.colcon_core.package_identification:_identify(src/Geomagic_Touch_ROS2/omni_common) by extension 'colcon_meta'
[0.305s] Level 1:colcon.colcon_core.package_identification:_identify(src/Geomagic_Touch_ROS2/omni_common) by extensions ['ros']
[0.305s] Level 1:colcon.colcon_core.package_identification:_identify(src/Geomagic_Touch_ROS2/omni_common) by extension 'ros'
[0.316s] DEBUG:colcon.colcon_core.package_identification:Package 'src/Geomagic_Touch_ROS2/omni_common' with type 'ros.ament_cmake' and name 'omni_common'
[0.316s] Level 1:colcon.colcon_core.package_identification:_identify(src/Geomagic_Touch_ROS2/omni_description) by extensions ['ignore', 'ignore_ament_install']
[0.316s] Level 1:colcon.colcon_core.package_identification:_identify(src/Geomagic_Touch_ROS2/omni_description) by extension 'ignore'
[0.316s] Level 1:colcon.colcon_core.package_identification:_identify(src/Geomagic_Touch_ROS2/omni_description) by extension 'ignore_ament_install'
[0.316s] Level 1:colcon.colcon_core.package_identification:_identify(src/Geomagic_Touch_ROS2/omni_description) by extensions ['colcon_pkg']
[0.316s] Level 1:colcon.colcon_core.package_identification:_identify(src/Geomagic_Touch_ROS2/omni_description) by extension 'colcon_pkg'
[0.316s] Level 1:colcon.colcon_core.package_identification:_identify(src/Geomagic_Touch_ROS2/omni_description) by extensions ['colcon_meta']
[0.316s] Level 1:colcon.colcon_core.package_identification:_identify(src/Geomagic_Touch_ROS2/omni_description) by extension 'colcon_meta'
[0.316s] Level 1:colcon.colcon_core.package_identification:_identify(src/Geomagic_Touch_ROS2/omni_description) by extensions ['ros']
[0.316s] Level 1:colcon.colcon_core.package_identification:_identify(src/Geomagic_Touch_ROS2/omni_description) by extension 'ros'
[0.317s] DEBUG:colcon.colcon_core.package_identification:Package 'src/Geomagic_Touch_ROS2/omni_description' with type 'ros.ament_cmake' and name 'omni_description'
[0.317s] Level 1:colcon.colcon_core.package_identification:_identify(src/Geomagic_Touch_ROS2/omni_msgs) by extensions ['ignore', 'ignore_ament_install']
[0.317s] Level 1:colcon.colcon_core.package_identification:_identify(src/Geomagic_Touch_ROS2/omni_msgs) by extension 'ignore'
[0.317s] Level 1:colcon.colcon_core.package_identification:_identify(src/Geomagic_Touch_ROS2/omni_msgs) by extension 'ignore_ament_install'
[0.317s] Level 1:colcon.colcon_core.package_identification:_identify(src/Geomagic_Touch_ROS2/omni_msgs) by extensions ['colcon_pkg']
[0.317s] Level 1:colcon.colcon_core.package_identification:_identify(src/Geomagic_Touch_ROS2/omni_msgs) by extension 'colcon_pkg'
[0.317s] Level 1:colcon.colcon_core.package_identification:_identify(src/Geomagic_Touch_ROS2/omni_msgs) by extensions ['colcon_meta']
[0.317s] Level 1:colcon.colcon_core.package_identification:_identify(src/Geomagic_Touch_ROS2/omni_msgs) by extension 'colcon_meta'
[0.317s] Level 1:colcon.colcon_core.package_identification:_identify(src/Geomagic_Touch_ROS2/omni_msgs) by extensions ['ros']
[0.317s] Level 1:colcon.colcon_core.package_identification:_identify(src/Geomagic_Touch_ROS2/omni_msgs) by extension 'ros'
[0.318s] DEBUG:colcon.colcon_core.package_identification:Package 'src/Geomagic_Touch_ROS2/omni_msgs' with type 'ros.ament_cmake' and name 'omni_msgs'
[0.318s] Level 1:colcon.colcon_core.package_identification:_identify(src/ur_to_touch_haptic_teleoperation) by extensions ['ignore', 'ignore_ament_install']
[0.318s] Level 1:colcon.colcon_core.package_identification:_identify(src/ur_to_touch_haptic_teleoperation) by extension 'ignore'
[0.318s] Level 1:colcon.colcon_core.package_identification:_identify(src/ur_to_touch_haptic_teleoperation) by extension 'ignore_ament_install'
[0.318s] Level 1:colcon.colcon_core.package_identification:_identify(src/ur_to_touch_haptic_teleoperation) by extensions ['colcon_pkg']
[0.318s] Level 1:colcon.colcon_core.package_identification:_identify(src/ur_to_touch_haptic_teleoperation) by extension 'colcon_pkg'
[0.318s] Level 1:colcon.colcon_core.package_identification:_identify(src/ur_to_touch_haptic_teleoperation) by extensions ['colcon_meta']
[0.318s] Level 1:colcon.colcon_core.package_identification:_identify(src/ur_to_touch_haptic_teleoperation) by extension 'colcon_meta'
[0.319s] Level 1:colcon.colcon_core.package_identification:_identify(src/ur_to_touch_haptic_teleoperation) by extensions ['ros']
[0.319s] Level 1:colcon.colcon_core.package_identification:_identify(src/ur_to_touch_haptic_teleoperation) by extension 'ros'
[0.319s] DEBUG:colcon.colcon_core.package_identification:Package 'src/ur_to_touch_haptic_teleoperation' with type 'ros.ament_cmake' and name 'ur_to_touch_haptic_teleoperation'
[0.319s] Level 1:colcon.colcon_core.package_discovery:discover_packages(recursive) using defaults
[0.319s] Level 1:colcon.colcon_core.package_discovery:discover_packages(ignore) discover
[0.319s] Level 1:colcon.colcon_core.package_discovery:discover_packages(ignore) using defaults
[0.320s] Level 1:colcon.colcon_core.package_discovery:discover_packages(path) discover
[0.320s] Level 1:colcon.colcon_core.package_discovery:discover_packages(path) using defaults
[0.338s] Level 1:colcon.colcon_core.package_discovery:discover_packages(prefix_path) check parameters
[0.338s] Level 1:colcon.colcon_core.package_discovery:discover_packages(prefix_path) discover
[0.340s] DEBUG:colcon.colcon_installed_package_information.package_discovery:Found 10 installed packages in /home/dilhan/ur_ws/install
[0.340s] DEBUG:colcon.colcon_installed_package_information.package_discovery:Found 4 installed packages in /home/dilhan/ros2_ws/install
[0.342s] DEBUG:colcon.colcon_installed_package_information.package_discovery:Found 388 installed packages in /opt/ros/humble
[0.344s] Level 1:colcon.colcon_core.package_discovery:discover_packages(prefix_path) using defaults
[0.389s] Level 5:colcon.colcon_core.verb:set package 'omni_description' build argument 'cmake_args' from command line to 'None'
[0.389s] Level 5:colcon.colcon_core.verb:set package 'omni_description' build argument 'cmake_target' from command line to 'None'
[0.389s] Level 5:colcon.colcon_core.verb:set package 'omni_description' build argument 'cmake_target_skip_unavailable' from command line to 'False'
[0.389s] Level 5:colcon.colcon_core.verb:set package 'omni_description' build argument 'cmake_clean_cache' from command line to 'False'
[0.389s] Level 5:colcon.colcon_core.verb:set package 'omni_description' build argument 'cmake_clean_first' from command line to 'False'
[0.389s] Level 5:colcon.colcon_core.verb:set package 'omni_description' build argument 'cmake_force_configure' from command line to 'False'
[0.389s] Level 5:colcon.colcon_core.verb:set package 'omni_description' build argument 'ament_cmake_args' from command line to 'None'
[0.389s] Level 5:colcon.colcon_core.verb:set package 'omni_description' build argument 'catkin_cmake_args' from command line to 'None'
[0.389s] Level 5:colcon.colcon_core.verb:set package 'omni_description' build argument 'catkin_skip_building_tests' from command line to 'False'
[0.389s] DEBUG:colcon.colcon_core.verb:Building package 'omni_description' with the following arguments: {'ament_cmake_args': None, 'build_base': '/home/dilhan/ros2_ws/build/omni_description', 'catkin_cmake_args': None, 'catkin_skip_building_tests': False, 'cmake_args': None, 'cmake_clean_cache': False, 'cmake_clean_first': False, 'cmake_force_configure': False, 'cmake_target': None, 'cmake_target_skip_unavailable': False, 'install_base': '/home/dilhan/ros2_ws/install/omni_description', 'merge_install': False, 'path': '/home/dilhan/ros2_ws/src/Geomagic_Touch_ROS2/omni_description', 'symlink_install': False, 'test_result_base': None}
[0.389s] Level 5:colcon.colcon_core.verb:set package 'omni_msgs' build argument 'cmake_args' from command line to 'None'
[0.389s] Level 5:colcon.colcon_core.verb:set package 'omni_msgs' build argument 'cmake_target' from command line to 'None'
[0.390s] Level 5:colcon.colcon_core.verb:set package 'omni_msgs' build argument 'cmake_target_skip_unavailable' from command line to 'False'
[0.390s] Level 5:colcon.colcon_core.verb:set package 'omni_msgs' build argument 'cmake_clean_cache' from command line to 'False'
[0.390s] Level 5:colcon.colcon_core.verb:set package 'omni_msgs' build argument 'cmake_clean_first' from command line to 'False'
[0.390s] Level 5:colcon.colcon_core.verb:set package 'omni_msgs' build argument 'cmake_force_configure' from command line to 'False'
[0.390s] Level 5:colcon.colcon_core.verb:set package 'omni_msgs' build argument 'ament_cmake_args' from command line to 'None'
[0.390s] Level 5:colcon.colcon_core.verb:set package 'omni_msgs' build argument 'catkin_cmake_args' from command line to 'None'
[0.390s] Level 5:colcon.colcon_core.verb:set package 'omni_msgs' build argument 'catkin_skip_building_tests' from command line to 'False'
[0.390s] DEBUG:colcon.colcon_core.verb:Building package 'omni_msgs' with the following arguments: {'ament_cmake_args': None, 'build_base': '/home/dilhan/ros2_ws/build/omni_msgs', 'catkin_cmake_args': None, 'catkin_skip_building_tests': False, 'cmake_args': None, 'cmake_clean_cache': False, 'cmake_clean_first': False, 'cmake_force_configure': False, 'cmake_target': None, 'cmake_target_skip_unavailable': False, 'install_base': '/home/dilhan/ros2_ws/install/omni_msgs', 'merge_install': False, 'path': '/home/dilhan/ros2_ws/src/Geomagic_Touch_ROS2/omni_msgs', 'symlink_install': False, 'test_result_base': None}
[0.390s] Level 5:colcon.colcon_core.verb:set package 'omni_common' build argument 'cmake_args' from command line to 'None'
[0.390s] Level 5:colcon.colcon_core.verb:set package 'omni_common' build argument 'cmake_target' from command line to 'None'
[0.390s] Level 5:colcon.colcon_core.verb:set package 'omni_common' build argument 'cmake_target_skip_unavailable' from command line to 'False'
[0.390s] Level 5:colcon.colcon_core.verb:set package 'omni_common' build argument 'cmake_clean_cache' from command line to 'False'
[0.390s] Level 5:colcon.colcon_core.verb:set package 'omni_common' build argument 'cmake_clean_first' from command line to 'False'
[0.390s] Level 5:colcon.colcon_core.verb:set package 'omni_common' build argument 'cmake_force_configure' from command line to 'False'
[0.390s] Level 5:colcon.colcon_core.verb:set package 'omni_common' build argument 'ament_cmake_args' from command line to 'None'
[0.390s] Level 5:colcon.colcon_core.verb:set package 'omni_common' build argument 'catkin_cmake_args' from command line to 'None'
[0.390s] Level 5:colcon.colcon_core.verb:set package 'omni_common' build argument 'catkin_skip_building_tests' from command line to 'False'
[0.390s] DEBUG:colcon.colcon_core.verb:Building package 'omni_common' with the following arguments: {'ament_cmake_args': None, 'build_base': '/home/dilhan/ros2_ws/build/omni_common', 'catkin_cmake_args': None, 'catkin_skip_building_tests': False, 'cmake_args': None, 'cmake_clean_cache': False, 'cmake_clean_first': False, 'cmake_force_configure': False, 'cmake_target': None, 'cmake_target_skip_unavailable': False, 'install_base': '/home/dilhan/ros2_ws/install/omni_common', 'merge_install': False, 'path': '/home/dilhan/ros2_ws/src/Geomagic_Touch_ROS2/omni_common', 'symlink_install': False, 'test_result_base': None}
[0.390s] Level 5:colcon.colcon_core.verb:set package 'ur_to_touch_haptic_teleoperation' build argument 'cmake_args' from command line to 'None'
[0.390s] Level 5:colcon.colcon_core.verb:set package 'ur_to_touch_haptic_teleoperation' build argument 'cmake_target' from command line to 'None'
[0.390s] Level 5:colcon.colcon_core.verb:set package 'ur_to_touch_haptic_teleoperation' build argument 'cmake_target_skip_unavailable' from command line to 'False'
[0.391s] Level 5:colcon.colcon_core.verb:set package 'ur_to_touch_haptic_teleoperation' build argument 'cmake_clean_cache' from command line to 'False'
[0.391s] Level 5:colcon.colcon_core.verb:set package 'ur_to_touch_haptic_teleoperation' build argument 'cmake_clean_first' from command line to 'False'
[0.391s] Level 5:colcon.colcon_core.verb:set package 'ur_to_touch_haptic_teleoperation' build argument 'cmake_force_configure' from command line to 'False'
[0.391s] Level 5:colcon.colcon_core.verb:set package 'ur_to_touch_haptic_teleoperation' build argument 'ament_cmake_args' from command line to 'None'
[0.391s] Level 5:colcon.colcon_core.verb:set package 'ur_to_touch_haptic_teleoperation' build argument 'catkin_cmake_args' from command line to 'None'
[0.391s] Level 5:colcon.colcon_core.verb:set package 'ur_to_touch_haptic_teleoperation' build argument 'catkin_skip_building_tests' from command line to 'False'
[0.391s] DEBUG:colcon.colcon_core.verb:Building package 'ur_to_touch_haptic_teleoperation' with the following arguments: {'ament_cmake_args': None, 'build_base': '/home/dilhan/ros2_ws/build/ur_to_touch_haptic_teleoperation', 'catkin_cmake_args': None, 'catkin_skip_building_tests': False, 'cmake_args': None, 'cmake_clean_cache': False, 'cmake_clean_first': False, 'cmake_force_configure': False, 'cmake_target': None, 'cmake_target_skip_unavailable': False, 'install_base': '/home/dilhan/ros2_ws/install/ur_to_touch_haptic_teleoperation', 'merge_install': False, 'path': '/home/dilhan/ros2_ws/src/ur_to_touch_haptic_teleoperation', 'symlink_install': False, 'test_result_base': None}
[0.391s] INFO:colcon.colcon_core.executor:Executing jobs using 'parallel' executor
[0.392s] DEBUG:colcon.colcon_parallel_executor.executor.parallel:run_until_complete
[0.392s] INFO:colcon.colcon_ros.task.ament_cmake.build:Building ROS package in '/home/dilhan/ros2_ws/src/Geomagic_Touch_ROS2/omni_msgs' with build type 'ament_cmake'
[0.392s] INFO:colcon.colcon_cmake.task.cmake.build:Building CMake package in '/home/dilhan/ros2_ws/src/Geomagic_Touch_ROS2/omni_msgs'
[0.394s] INFO:colcon.colcon_core.plugin_system:Skipping extension 'colcon_core.shell.bat': Not used on non-Windows systems
[0.394s] INFO:colcon.colcon_core.shell:Skip shell extension 'powershell' for command environment: Not usable outside of PowerShell
[0.394s] DEBUG:colcon.colcon_core.shell:Skip shell extension 'dsv' for command environment
[0.399s] INFO:colcon.colcon_ros.task.ament_cmake.build:Building ROS package in '/home/dilhan/ros2_ws/src/Geomagic_Touch_ROS2/omni_description' with build type 'ament_cmake'
[0.399s] INFO:colcon.colcon_cmake.task.cmake.build:Building CMake package in '/home/dilhan/ros2_ws/src/Geomagic_Touch_ROS2/omni_description'
[0.399s] INFO:colcon.colcon_core.shell:Skip shell extension 'powershell' for command environment: Not usable outside of PowerShell
[0.399s] DEBUG:colcon.colcon_core.shell:Skip shell extension 'dsv' for command environment
[0.409s] DEBUG:colcon.colcon_core.event_handler.log_command:Invoking command in '/home/dilhan/ros2_ws/build/omni_msgs': CMAKE_PREFIX_PATH=${CMAKE_PREFIX_PATH}:/opt/ros/humble /usr/bin/cmake --build /home/dilhan/ros2_ws/build/omni_msgs -- -j12 -l12
[0.411s] DEBUG:colcon.colcon_core.event_handler.log_command:Invoking command in '/home/dilhan/ros2_ws/build/omni_description': CMAKE_PREFIX_PATH=${CMAKE_PREFIX_PATH}:/opt/ros/humble /usr/bin/cmake --build /home/dilhan/ros2_ws/build/omni_description -- -j12 -l12
[0.451s] DEBUG:colcon.colcon_core.event_handler.log_command:Invoked command in '/home/dilhan/ros2_ws/build/omni_description' returned '0': CMAKE_PREFIX_PATH=${CMAKE_PREFIX_PATH}:/opt/ros/humble /usr/bin/cmake --build /home/dilhan/ros2_ws/build/omni_description -- -j12 -l12
[0.463s] DEBUG:colcon.colcon_core.event_handler.log_command:Invoking command in '/home/dilhan/ros2_ws/build/omni_description': CMAKE_PREFIX_PATH=${CMAKE_PREFIX_PATH}:/opt/ros/humble /usr/bin/cmake --install /home/dilhan/ros2_ws/build/omni_description
[0.479s] Level 1:colcon.colcon_core.environment:create_environment_scripts_only(omni_description)
[0.480s] DEBUG:colcon.colcon_core.event_handler.log_command:Invoked command in '/home/dilhan/ros2_ws/build/omni_description' returned '0': CMAKE_PREFIX_PATH=${CMAKE_PREFIX_PATH}:/opt/ros/humble /usr/bin/cmake --install /home/dilhan/ros2_ws/build/omni_description
[0.483s] Level 1:colcon.colcon_core.environment:checking '/home/dilhan/ros2_ws/install/omni_description' for CMake module files
[0.483s] Level 1:colcon.colcon_core.environment:checking '/home/dilhan/ros2_ws/install/omni_description' for CMake config files
[0.484s] Level 1:colcon.colcon_core.shell:create_environment_hook('omni_description', 'cmake_prefix_path')
[0.484s] INFO:colcon.colcon_core.shell:Creating environment hook '/home/dilhan/ros2_ws/install/omni_description/share/omni_description/hook/cmake_prefix_path.ps1'
[0.485s] INFO:colcon.colcon_core.shell:Creating environment descriptor '/home/dilhan/ros2_ws/install/omni_description/share/omni_description/hook/cmake_prefix_path.dsv'
[0.486s] INFO:colcon.colcon_core.shell:Creating environment hook '/home/dilhan/ros2_ws/install/omni_description/share/omni_description/hook/cmake_prefix_path.sh'
[0.487s] Level 1:colcon.colcon_core.environment:checking '/home/dilhan/ros2_ws/install/omni_description/bin'
[0.487s] Level 1:colcon.colcon_core.environment:checking '/home/dilhan/ros2_ws/install/omni_description/lib/pkgconfig/omni_description.pc'
[0.487s] Level 1:colcon.colcon_core.environment:checking '/home/dilhan/ros2_ws/install/omni_description/lib/python3.10/site-packages'
[0.488s] Level 1:colcon.colcon_core.environment:checking '/home/dilhan/ros2_ws/install/omni_description/bin'
[0.489s] INFO:colcon.colcon_core.shell:Creating package script '/home/dilhan/ros2_ws/install/omni_description/share/omni_description/package.ps1'
[0.491s] INFO:colcon.colcon_core.shell:Creating package descriptor '/home/dilhan/ros2_ws/install/omni_description/share/omni_description/package.dsv'
[0.493s] INFO:colcon.colcon_core.shell:Creating package script '/home/dilhan/ros2_ws/install/omni_description/share/omni_description/package.sh'
[0.495s] INFO:colcon.colcon_core.shell:Creating package script '/home/dilhan/ros2_ws/install/omni_description/share/omni_description/package.bash'
[0.497s] INFO:colcon.colcon_core.shell:Creating package script '/home/dilhan/ros2_ws/install/omni_description/share/omni_description/package.zsh'
[0.498s] Level 1:colcon.colcon_core.environment:create_file_with_runtime_dependencies(/home/dilhan/ros2_ws/install/omni_description/share/colcon-core/packages/omni_description)
[0.499s] Level 1:colcon.colcon_core.environment:create_environment_scripts_only(omni_description)
[0.499s] Level 1:colcon.colcon_core.environment:checking '/home/dilhan/ros2_ws/install/omni_description' for CMake module files
[0.500s] Level 1:colcon.colcon_core.environment:checking '/home/dilhan/ros2_ws/install/omni_description' for CMake config files
[0.500s] Level 1:colcon.colcon_core.shell:create_environment_hook('omni_description', 'cmake_prefix_path')
[0.501s] INFO:colcon.colcon_core.shell:Creating environment hook '/home/dilhan/ros2_ws/install/omni_description/share/omni_description/hook/cmake_prefix_path.ps1'
[0.501s] INFO:colcon.colcon_core.shell:Creating environment descriptor '/home/dilhan/ros2_ws/install/omni_description/share/omni_description/hook/cmake_prefix_path.dsv'
[0.501s] INFO:colcon.colcon_core.shell:Creating environment hook '/home/dilhan/ros2_ws/install/omni_description/share/omni_description/hook/cmake_prefix_path.sh'
[0.502s] Level 1:colcon.colcon_core.environment:checking '/home/dilhan/ros2_ws/install/omni_description/bin'
[0.502s] Level 1:colcon.colcon_core.environment:checking '/home/dilhan/ros2_ws/install/omni_description/lib/pkgconfig/omni_description.pc'
[0.502s] Level 1:colcon.colcon_core.environment:checking '/home/dilhan/ros2_ws/install/omni_description/lib/python3.10/site-packages'
[0.502s] Level 1:colcon.colcon_core.environment:checking '/home/dilhan/ros2_ws/install/omni_description/bin'
[0.503s] INFO:colcon.colcon_core.shell:Creating package script '/home/dilhan/ros2_ws/install/omni_description/share/omni_description/package.ps1'
[0.503s] INFO:colcon.colcon_core.shell:Creating package descriptor '/home/dilhan/ros2_ws/install/omni_description/share/omni_description/package.dsv'
[0.504s] INFO:colcon.colcon_core.shell:Creating package script '/home/dilhan/ros2_ws/install/omni_description/share/omni_description/package.sh'
[0.504s] INFO:colcon.colcon_core.shell:Creating package script '/home/dilhan/ros2_ws/install/omni_description/share/omni_description/package.bash'
[0.505s] INFO:colcon.colcon_core.shell:Creating package script '/home/dilhan/ros2_ws/install/omni_description/share/omni_description/package.zsh'
[0.505s] Level 1:colcon.colcon_core.environment:create_file_with_runtime_dependencies(/home/dilhan/ros2_ws/install/omni_description/share/colcon-core/packages/omni_description)
[0.798s] DEBUG:colcon.colcon_core.event_handler.log_command:Invoked command in '/home/dilhan/ros2_ws/build/omni_msgs' returned '0': CMAKE_PREFIX_PATH=${CMAKE_PREFIX_PATH}:/opt/ros/humble /usr/bin/cmake --build /home/dilhan/ros2_ws/build/omni_msgs -- -j12 -l12
[0.800s] DEBUG:colcon.colcon_core.event_handler.log_command:Invoking command in '/home/dilhan/ros2_ws/build/omni_msgs': CMAKE_PREFIX_PATH=${CMAKE_PREFIX_PATH}:/opt/ros/humble /usr/bin/cmake --install /home/dilhan/ros2_ws/build/omni_msgs
[0.857s] Level 1:colcon.colcon_core.environment:create_environment_scripts_only(omni_msgs)
[0.858s] Level 1:colcon.colcon_core.environment:checking '/home/dilhan/ros2_ws/install/omni_msgs' for CMake module files
[0.858s] DEBUG:colcon.colcon_core.event_handler.log_command:Invoked command in '/home/dilhan/ros2_ws/build/omni_msgs' returned '0': CMAKE_PREFIX_PATH=${CMAKE_PREFIX_PATH}:/opt/ros/humble /usr/bin/cmake --install /home/dilhan/ros2_ws/build/omni_msgs
[0.859s] Level 1:colcon.colcon_core.environment:checking '/home/dilhan/ros2_ws/install/omni_msgs' for CMake config files
[0.859s] Level 1:colcon.colcon_core.shell:create_environment_hook('omni_msgs', 'cmake_prefix_path')
[0.859s] INFO:colcon.colcon_core.shell:Creating environment hook '/home/dilhan/ros2_ws/install/omni_msgs/share/omni_msgs/hook/cmake_prefix_path.ps1'
[0.860s] INFO:colcon.colcon_core.shell:Creating environment descriptor '/home/dilhan/ros2_ws/install/omni_msgs/share/omni_msgs/hook/cmake_prefix_path.dsv'
[0.860s] INFO:colcon.colcon_core.shell:Creating environment hook '/home/dilhan/ros2_ws/install/omni_msgs/share/omni_msgs/hook/cmake_prefix_path.sh'
[0.860s] Level 1:colcon.colcon_core.environment:checking '/home/dilhan/ros2_ws/install/omni_msgs/lib'
[0.861s] Level 1:colcon.colcon_core.shell:create_environment_hook('omni_msgs', 'ld_library_path_lib')
[0.861s] INFO:colcon.colcon_core.shell:Creating environment hook '/home/dilhan/ros2_ws/install/omni_msgs/share/omni_msgs/hook/ld_library_path_lib.ps1'
[0.861s] INFO:colcon.colcon_core.shell:Creating environment descriptor '/home/dilhan/ros2_ws/install/omni_msgs/share/omni_msgs/hook/ld_library_path_lib.dsv'
[0.861s] INFO:colcon.colcon_core.shell:Creating environment hook '/home/dilhan/ros2_ws/install/omni_msgs/share/omni_msgs/hook/ld_library_path_lib.sh'
[0.862s] Level 1:colcon.colcon_core.environment:checking '/home/dilhan/ros2_ws/install/omni_msgs/bin'
[0.862s] Level 1:colcon.colcon_core.environment:checking '/home/dilhan/ros2_ws/install/omni_msgs/lib/pkgconfig/omni_msgs.pc'
[0.862s] Level 1:colcon.colcon_core.environment:checking '/home/dilhan/ros2_ws/install/omni_msgs/lib/python3.10/site-packages'
[0.862s] Level 1:colcon.colcon_core.environment:checking '/home/dilhan/ros2_ws/install/omni_msgs/bin'
[0.863s] INFO:colcon.colcon_core.shell:Creating package script '/home/dilhan/ros2_ws/install/omni_msgs/share/omni_msgs/package.ps1'
[0.863s] INFO:colcon.colcon_core.shell:Creating package descriptor '/home/dilhan/ros2_ws/install/omni_msgs/share/omni_msgs/package.dsv'
[0.863s] INFO:colcon.colcon_core.shell:Creating package script '/home/dilhan/ros2_ws/install/omni_msgs/share/omni_msgs/package.sh'
[0.864s] INFO:colcon.colcon_core.shell:Creating package script '/home/dilhan/ros2_ws/install/omni_msgs/share/omni_msgs/package.bash'
[0.864s] INFO:colcon.colcon_core.shell:Creating package script '/home/dilhan/ros2_ws/install/omni_msgs/share/omni_msgs/package.zsh'
[0.865s] Level 1:colcon.colcon_core.environment:create_file_with_runtime_dependencies(/home/dilhan/ros2_ws/install/omni_msgs/share/colcon-core/packages/omni_msgs)
[0.865s] Level 1:colcon.colcon_core.environment:create_environment_scripts_only(omni_msgs)
[0.865s] Level 1:colcon.colcon_core.environment:checking '/home/dilhan/ros2_ws/install/omni_msgs' for CMake module files
[0.866s] Level 1:colcon.colcon_core.environment:checking '/home/dilhan/ros2_ws/install/omni_msgs' for CMake config files
[0.866s] Level 1:colcon.colcon_core.shell:create_environment_hook('omni_msgs', 'cmake_prefix_path')
[0.866s] INFO:colcon.colcon_core.shell:Creating environment hook '/home/dilhan/ros2_ws/install/omni_msgs/share/omni_msgs/hook/cmake_prefix_path.ps1'
[0.867s] INFO:colcon.colcon_core.shell:Creating environment descriptor '/home/dilhan/ros2_ws/install/omni_msgs/share/omni_msgs/hook/cmake_prefix_path.dsv'
[0.867s] INFO:colcon.colcon_core.shell:Creating environment hook '/home/dilhan/ros2_ws/install/omni_msgs/share/omni_msgs/hook/cmake_prefix_path.sh'
[0.868s] Level 1:colcon.colcon_core.environment:checking '/home/dilhan/ros2_ws/install/omni_msgs/lib'
[0.868s] Level 1:colcon.colcon_core.shell:create_environment_hook('omni_msgs', 'ld_library_path_lib')
[0.868s] INFO:colcon.colcon_core.shell:Creating environment hook '/home/dilhan/ros2_ws/install/omni_msgs/share/omni_msgs/hook/ld_library_path_lib.ps1'
[0.868s] INFO:colcon.colcon_core.shell:Creating environment descriptor '/home/dilhan/ros2_ws/install/omni_msgs/share/omni_msgs/hook/ld_library_path_lib.dsv'
[0.869s] INFO:colcon.colcon_core.shell:Creating environment hook '/home/dilhan/ros2_ws/install/omni_msgs/share/omni_msgs/hook/ld_library_path_lib.sh'
[0.869s] Level 1:colcon.colcon_core.environment:checking '/home/dilhan/ros2_ws/install/omni_msgs/bin'
[0.869s] Level 1:colcon.colcon_core.environment:checking '/home/dilhan/ros2_ws/install/omni_msgs/lib/pkgconfig/omni_msgs.pc'
[0.869s] Level 1:colcon.colcon_core.environment:checking '/home/dilhan/ros2_ws/install/omni_msgs/lib/python3.10/site-packages'
[0.870s] Level 1:colcon.colcon_core.environment:checking '/home/dilhan/ros2_ws/install/omni_msgs/bin'
[0.870s] INFO:colcon.colcon_core.shell:Creating package script '/home/dilhan/ros2_ws/install/omni_msgs/share/omni_msgs/package.ps1'
[0.870s] INFO:colcon.colcon_core.shell:Creating package descriptor '/home/dilhan/ros2_ws/install/omni_msgs/share/omni_msgs/package.dsv'
[0.871s] INFO:colcon.colcon_core.shell:Creating package script '/home/dilhan/ros2_ws/install/omni_msgs/share/omni_msgs/package.sh'
[0.871s] INFO:colcon.colcon_core.shell:Creating package script '/home/dilhan/ros2_ws/install/omni_msgs/share/omni_msgs/package.bash'
[0.872s] INFO:colcon.colcon_core.shell:Creating package script '/home/dilhan/ros2_ws/install/omni_msgs/share/omni_msgs/package.zsh'
[0.872s] Level 1:colcon.colcon_core.environment:create_file_with_runtime_dependencies(/home/dilhan/ros2_ws/install/omni_msgs/share/colcon-core/packages/omni_msgs)
[0.872s] INFO:colcon.colcon_ros.task.ament_cmake.build:Building ROS package in '/home/dilhan/ros2_ws/src/Geomagic_Touch_ROS2/omni_common' with build type 'ament_cmake'
[0.873s] INFO:colcon.colcon_cmake.task.cmake.build:Building CMake package in '/home/dilhan/ros2_ws/src/Geomagic_Touch_ROS2/omni_common'
[0.873s] INFO:colcon.colcon_core.shell:Skip shell extension 'powershell' for command environment: Not usable outside of PowerShell
[0.873s] DEBUG:colcon.colcon_core.shell:Skip shell extension 'dsv' for command environment
[0.885s] DEBUG:colcon.colcon_core.event_handler.log_command:Invoking command in '/home/dilhan/ros2_ws/build/omni_common': CMAKE_PREFIX_PATH=/home/dilhan/ros2_ws/install/omni_msgs:/home/dilhan/ros2_ws/install/ur_to_touch_haptic_teleoperation:/home/dilhan/ros2_ws/install/omni_common:/home/dilhan/ros2_ws/install/omni_description:/home/dilhan/ur_ws/install/ur:/home/dilhan/ur_ws/install/ur_calibration:/home/dilhan/ur_ws/install/ur_robot_driver:/home/dilhan/ur_ws/install/ur_bringup:/home/dilhan/ur_ws/install/ur_controllers:/home/dilhan/ur_ws/install/ur_msgs:/home/dilhan/ur_ws/install/ur_moveit_config:/home/dilhan/ur_ws/install/ur_description:/home/dilhan/ur_ws/install/ur_dashboard_msgs:/home/dilhan/ur_ws/install/ur_client_library:/opt/ros/humble /usr/bin/cmake --build /home/dilhan/ros2_ws/build/omni_common -- -j12 -l12
[0.959s] DEBUG:colcon.colcon_core.event_handler.log_command:Invoked command in '/home/dilhan/ros2_ws/build/omni_common' returned '0': CMAKE_PREFIX_PATH=/home/dilhan/ros2_ws/install/omni_msgs:/home/dilhan/ros2_ws/install/ur_to_touch_haptic_teleoperation:/home/dilhan/ros2_ws/install/omni_common:/home/dilhan/ros2_ws/install/omni_description:/home/dilhan/ur_ws/install/ur:/home/dilhan/ur_ws/install/ur_calibration:/home/dilhan/ur_ws/install/ur_robot_driver:/home/dilhan/ur_ws/install/ur_bringup:/home/dilhan/ur_ws/install/ur_controllers:/home/dilhan/ur_ws/install/ur_msgs:/home/dilhan/ur_ws/install/ur_moveit_config:/home/dilhan/ur_ws/install/ur_description:/home/dilhan/ur_ws/install/ur_dashboard_msgs:/home/dilhan/ur_ws/install/ur_client_library:/opt/ros/humble /usr/bin/cmake --build /home/dilhan/ros2_ws/build/omni_common -- -j12 -l12
[0.960s] DEBUG:colcon.colcon_core.event_handler.log_command:Invoking command in '/home/dilhan/ros2_ws/build/omni_common': CMAKE_PREFIX_PATH=/home/dilhan/ros2_ws/install/omni_msgs:/home/dilhan/ros2_ws/install/ur_to_touch_haptic_teleoperation:/home/dilhan/ros2_ws/install/omni_common:/home/dilhan/ros2_ws/install/omni_description:/home/dilhan/ur_ws/install/ur:/home/dilhan/ur_ws/install/ur_calibration:/home/dilhan/ur_ws/install/ur_robot_driver:/home/dilhan/ur_ws/install/ur_bringup:/home/dilhan/ur_ws/install/ur_controllers:/home/dilhan/ur_ws/install/ur_msgs:/home/dilhan/ur_ws/install/ur_moveit_config:/home/dilhan/ur_ws/install/ur_description:/home/dilhan/ur_ws/install/ur_dashboard_msgs:/home/dilhan/ur_ws/install/ur_client_library:/opt/ros/humble /usr/bin/cmake --install /home/dilhan/ros2_ws/build/omni_common
[0.973s] Level 1:colcon.colcon_core.environment:create_environment_scripts_only(omni_common)
[0.973s] Level 1:colcon.colcon_core.environment:checking '/home/dilhan/ros2_ws/install/omni_common' for CMake module files
[0.974s] DEBUG:colcon.colcon_core.event_handler.log_command:Invoked command in '/home/dilhan/ros2_ws/build/omni_common' returned '0': CMAKE_PREFIX_PATH=/home/dilhan/ros2_ws/install/omni_msgs:/home/dilhan/ros2_ws/install/ur_to_touch_haptic_teleoperation:/home/dilhan/ros2_ws/install/omni_common:/home/dilhan/ros2_ws/install/omni_description:/home/dilhan/ur_ws/install/ur:/home/dilhan/ur_ws/install/ur_calibration:/home/dilhan/ur_ws/install/ur_robot_driver:/home/dilhan/ur_ws/install/ur_bringup:/home/dilhan/ur_ws/install/ur_controllers:/home/dilhan/ur_ws/install/ur_msgs:/home/dilhan/ur_ws/install/ur_moveit_config:/home/dilhan/ur_ws/install/ur_description:/home/dilhan/ur_ws/install/ur_dashboard_msgs:/home/dilhan/ur_ws/install/ur_client_library:/opt/ros/humble /usr/bin/cmake --install /home/dilhan/ros2_ws/build/omni_common
[0.974s] Level 1:colcon.colcon_core.environment:checking '/home/dilhan/ros2_ws/install/omni_common' for CMake config files
[0.974s] Level 1:colcon.colcon_core.shell:create_environment_hook('omni_common', 'cmake_prefix_path')
[0.975s] INFO:colcon.colcon_core.shell:Creating environment hook '/home/dilhan/ros2_ws/install/omni_common/share/omni_common/hook/cmake_prefix_path.ps1'
[0.975s] INFO:colcon.colcon_core.shell:Creating environment descriptor '/home/dilhan/ros2_ws/install/omni_common/share/omni_common/hook/cmake_prefix_path.dsv'
[0.975s] INFO:colcon.colcon_core.shell:Creating environment hook '/home/dilhan/ros2_ws/install/omni_common/share/omni_common/hook/cmake_prefix_path.sh'
[0.976s] Level 1:colcon.colcon_core.environment:checking '/home/dilhan/ros2_ws/install/omni_common/lib'
[0.976s] Level 1:colcon.colcon_core.environment:checking '/home/dilhan/ros2_ws/install/omni_common/bin'
[0.976s] Level 1:colcon.colcon_core.environment:checking '/home/dilhan/ros2_ws/install/omni_common/lib/pkgconfig/omni_common.pc'
[0.976s] Level 1:colcon.colcon_core.environment:checking '/home/dilhan/ros2_ws/install/omni_common/lib/python3.10/site-packages'
[0.977s] Level 1:colcon.colcon_core.environment:checking '/home/dilhan/ros2_ws/install/omni_common/bin'
[0.977s] INFO:colcon.colcon_core.shell:Creating package script '/home/dilhan/ros2_ws/install/omni_common/share/omni_common/package.ps1'
[0.977s] INFO:colcon.colcon_core.shell:Creating package descriptor '/home/dilhan/ros2_ws/install/omni_common/share/omni_common/package.dsv'
[0.978s] INFO:colcon.colcon_core.shell:Creating package script '/home/dilhan/ros2_ws/install/omni_common/share/omni_common/package.sh'
[0.978s] INFO:colcon.colcon_core.shell:Creating package script '/home/dilhan/ros2_ws/install/omni_common/share/omni_common/package.bash'
[0.978s] INFO:colcon.colcon_core.shell:Creating package script '/home/dilhan/ros2_ws/install/omni_common/share/omni_common/package.zsh'
[0.979s] Level 1:colcon.colcon_core.environment:create_file_with_runtime_dependencies(/home/dilhan/ros2_ws/install/omni_common/share/colcon-core/packages/omni_common)
[0.979s] Level 1:colcon.colcon_core.environment:create_environment_scripts_only(omni_common)
[0.979s] Level 1:colcon.colcon_core.environment:checking '/home/dilhan/ros2_ws/install/omni_common' for CMake module files
[0.980s] Level 1:colcon.colcon_core.environment:checking '/home/dilhan/ros2_ws/install/omni_common' for CMake config files
[0.980s] Level 1:colcon.colcon_core.shell:create_environment_hook('omni_common', 'cmake_prefix_path')
[0.980s] INFO:colcon.colcon_core.shell:Creating environment hook '/home/dilhan/ros2_ws/install/omni_common/share/omni_common/hook/cmake_prefix_path.ps1'
[0.981s] INFO:colcon.colcon_core.shell:Creating environment descriptor '/home/dilhan/ros2_ws/install/omni_common/share/omni_common/hook/cmake_prefix_path.dsv'
[0.981s] INFO:colcon.colcon_core.shell:Creating environment hook '/home/dilhan/ros2_ws/install/omni_common/share/omni_common/hook/cmake_prefix_path.sh'
[0.982s] Level 1:colcon.colcon_core.environment:checking '/home/dilhan/ros2_ws/install/omni_common/lib'
[0.982s] Level 1:colcon.colcon_core.environment:checking '/home/dilhan/ros2_ws/install/omni_common/bin'
[0.982s] Level 1:colcon.colcon_core.environment:checking '/home/dilhan/ros2_ws/install/omni_common/lib/pkgconfig/omni_common.pc'
[0.982s] Level 1:colcon.colcon_core.environment:checking '/home/dilhan/ros2_ws/install/omni_common/lib/python3.10/site-packages'
[0.982s] Level 1:colcon.colcon_core.environment:checking '/home/dilhan/ros2_ws/install/omni_common/bin'
[0.982s] INFO:colcon.colcon_core.shell:Creating package script '/home/dilhan/ros2_ws/install/omni_common/share/omni_common/package.ps1'
[0.983s] INFO:colcon.colcon_core.shell:Creating package descriptor '/home/dilhan/ros2_ws/install/omni_common/share/omni_common/package.dsv'
[0.983s] INFO:colcon.colcon_core.shell:Creating package script '/home/dilhan/ros2_ws/install/omni_common/share/omni_common/package.sh'
[0.984s] INFO:colcon.colcon_core.shell:Creating package script '/home/dilhan/ros2_ws/install/omni_common/share/omni_common/package.bash'
[0.984s] INFO:colcon.colcon_core.shell:Creating package script '/home/dilhan/ros2_ws/install/omni_common/share/omni_common/package.zsh'
[0.984s] Level 1:colcon.colcon_core.environment:create_file_with_runtime_dependencies(/home/dilhan/ros2_ws/install/omni_common/share/colcon-core/packages/omni_common)
[0.985s] INFO:colcon.colcon_ros.task.ament_cmake.build:Building ROS package in '/home/dilhan/ros2_ws/src/ur_to_touch_haptic_teleoperation' with build type 'ament_cmake'
[0.985s] INFO:colcon.colcon_cmake.task.cmake.build:Building CMake package in '/home/dilhan/ros2_ws/src/ur_to_touch_haptic_teleoperation'
[0.985s] INFO:colcon.colcon_core.shell:Skip shell extension 'powershell' for command environment: Not usable outside of PowerShell
[0.985s] DEBUG:colcon.colcon_core.shell:Skip shell extension 'dsv' for command environment
[0.998s] DEBUG:colcon.colcon_core.event_handler.log_command:Invoking command in '/home/dilhan/ros2_ws/build/ur_to_touch_haptic_teleoperation': CMAKE_PREFIX_PATH=/home/dilhan/ros2_ws/install/omni_common:/home/dilhan/ros2_ws/install/omni_msgs:/home/dilhan/ros2_ws/install/ur_to_touch_haptic_teleoperation:/home/dilhan/ros2_ws/install/omni_description:/home/dilhan/ur_ws/install/ur:/home/dilhan/ur_ws/install/ur_calibration:/home/dilhan/ur_ws/install/ur_robot_driver:/home/dilhan/ur_ws/install/ur_bringup:/home/dilhan/ur_ws/install/ur_controllers:/home/dilhan/ur_ws/install/ur_msgs:/home/dilhan/ur_ws/install/ur_moveit_config:/home/dilhan/ur_ws/install/ur_description:/home/dilhan/ur_ws/install/ur_dashboard_msgs:/home/dilhan/ur_ws/install/ur_client_library:/opt/ros/humble /usr/bin/cmake --build /home/dilhan/ros2_ws/build/ur_to_touch_haptic_teleoperation -- -j12 -l12
[1.072s] DEBUG:colcon.colcon_core.event_handler.log_command:Invoked command in '/home/dilhan/ros2_ws/build/ur_to_touch_haptic_teleoperation' returned '0': CMAKE_PREFIX_PATH=/home/dilhan/ros2_ws/install/omni_common:/home/dilhan/ros2_ws/install/omni_msgs:/home/dilhan/ros2_ws/install/ur_to_touch_haptic_teleoperation:/home/dilhan/ros2_ws/install/omni_description:/home/dilhan/ur_ws/install/ur:/home/dilhan/ur_ws/install/ur_calibration:/home/dilhan/ur_ws/install/ur_robot_driver:/home/dilhan/ur_ws/install/ur_bringup:/home/dilhan/ur_ws/install/ur_controllers:/home/dilhan/ur_ws/install/ur_msgs:/home/dilhan/ur_ws/install/ur_moveit_config:/home/dilhan/ur_ws/install/ur_description:/home/dilhan/ur_ws/install/ur_dashboard_msgs:/home/dilhan/ur_ws/install/ur_client_library:/opt/ros/humble /usr/bin/cmake --build /home/dilhan/ros2_ws/build/ur_to_touch_haptic_teleoperation -- -j12 -l12
[1.074s] DEBUG:colcon.colcon_core.event_handler.log_command:Invoking command in '/home/dilhan/ros2_ws/build/ur_to_touch_haptic_teleoperation': CMAKE_PREFIX_PATH=/home/dilhan/ros2_ws/install/omni_common:/home/dilhan/ros2_ws/install/omni_msgs:/home/dilhan/ros2_ws/install/ur_to_touch_haptic_teleoperation:/home/dilhan/ros2_ws/install/omni_description:/home/dilhan/ur_ws/install/ur:/home/dilhan/ur_ws/install/ur_calibration:/home/dilhan/ur_ws/install/ur_robot_driver:/home/dilhan/ur_ws/install/ur_bringup:/home/dilhan/ur_ws/install/ur_controllers:/home/dilhan/ur_ws/install/ur_msgs:/home/dilhan/ur_ws/install/ur_moveit_config:/home/dilhan/ur_ws/install/ur_description:/home/dilhan/ur_ws/install/ur_dashboard_msgs:/home/dilhan/ur_ws/install/ur_client_library:/opt/ros/humble /usr/bin/cmake --install /home/dilhan/ros2_ws/build/ur_to_touch_haptic_teleoperation
[1.086s] Level 1:colcon.colcon_core.environment:create_environment_scripts_only(ur_to_touch_haptic_teleoperation)
[1.086s] Level 1:colcon.colcon_core.environment:checking '/home/dilhan/ros2_ws/install/ur_to_touch_haptic_teleoperation' for CMake module files
[1.086s] DEBUG:colcon.colcon_core.event_handler.log_command:Invoked command in '/home/dilhan/ros2_ws/build/ur_to_touch_haptic_teleoperation' returned '0': CMAKE_PREFIX_PATH=/home/dilhan/ros2_ws/install/omni_common:/home/dilhan/ros2_ws/install/omni_msgs:/home/dilhan/ros2_ws/install/ur_to_touch_haptic_teleoperation:/home/dilhan/ros2_ws/install/omni_description:/home/dilhan/ur_ws/install/ur:/home/dilhan/ur_ws/install/ur_calibration:/home/dilhan/ur_ws/install/ur_robot_driver:/home/dilhan/ur_ws/install/ur_bringup:/home/dilhan/ur_ws/install/ur_controllers:/home/dilhan/ur_ws/install/ur_msgs:/home/dilhan/ur_ws/install/ur_moveit_config:/home/dilhan/ur_ws/install/ur_description:/home/dilhan/ur_ws/install/ur_dashboard_msgs:/home/dilhan/ur_ws/install/ur_client_library:/opt/ros/humble /usr/bin/cmake --install /home/dilhan/ros2_ws/build/ur_to_touch_haptic_teleoperation
[1.087s] Level 1:colcon.colcon_core.environment:checking '/home/dilhan/ros2_ws/install/ur_to_touch_haptic_teleoperation' for CMake config files
[1.087s] Level 1:colcon.colcon_core.shell:create_environment_hook('ur_to_touch_haptic_teleoperation', 'cmake_prefix_path')
[1.087s] INFO:colcon.colcon_core.shell:Creating environment hook '/home/dilhan/ros2_ws/install/ur_to_touch_haptic_teleoperation/share/ur_to_touch_haptic_teleoperation/hook/cmake_prefix_path.ps1'
[1.088s] INFO:colcon.colcon_core.shell:Creating environment descriptor '/home/dilhan/ros2_ws/install/ur_to_touch_haptic_teleoperation/share/ur_to_touch_haptic_teleoperation/hook/cmake_prefix_path.dsv'
[1.088s] INFO:colcon.colcon_core.shell:Creating environment hook '/home/dilhan/ros2_ws/install/ur_to_touch_haptic_teleoperation/share/ur_to_touch_haptic_teleoperation/hook/cmake_prefix_path.sh'
[1.089s] Level 1:colcon.colcon_core.environment:checking '/home/dilhan/ros2_ws/install/ur_to_touch_haptic_teleoperation/lib'
[1.089s] Level 1:colcon.colcon_core.environment:checking '/home/dilhan/ros2_ws/install/ur_to_touch_haptic_teleoperation/bin'
[1.089s] Level 1:colcon.colcon_core.environment:checking '/home/dilhan/ros2_ws/install/ur_to_touch_haptic_teleoperation/lib/pkgconfig/ur_to_touch_haptic_teleoperation.pc'
[1.089s] Level 1:colcon.colcon_core.environment:checking '/home/dilhan/ros2_ws/install/ur_to_touch_haptic_teleoperation/lib/python3.10/site-packages'
[1.089s] Level 1:colcon.colcon_core.environment:checking '/home/dilhan/ros2_ws/install/ur_to_touch_haptic_teleoperation/bin'
[1.089s] INFO:colcon.colcon_core.shell:Creating package script '/home/dilhan/ros2_ws/install/ur_to_touch_haptic_teleoperation/share/ur_to_touch_haptic_teleoperation/package.ps1'
[1.090s] INFO:colcon.colcon_core.shell:Creating package descriptor '/home/dilhan/ros2_ws/install/ur_to_touch_haptic_teleoperation/share/ur_to_touch_haptic_teleoperation/package.dsv'
[1.090s] INFO:colcon.colcon_core.shell:Creating package script '/home/dilhan/ros2_ws/install/ur_to_touch_haptic_teleoperation/share/ur_to_touch_haptic_teleoperation/package.sh'
[1.091s] INFO:colcon.colcon_core.shell:Creating package script '/home/dilhan/ros2_ws/install/ur_to_touch_haptic_teleoperation/share/ur_to_touch_haptic_teleoperation/package.bash'
[1.091s] INFO:colcon.colcon_core.shell:Creating package script '/home/dilhan/ros2_ws/install/ur_to_touch_haptic_teleoperation/share/ur_to_touch_haptic_teleoperation/package.zsh'
[1.091s] Level 1:colcon.colcon_core.environment:create_file_with_runtime_dependencies(/home/dilhan/ros2_ws/install/ur_to_touch_haptic_teleoperation/share/colcon-core/packages/ur_to_touch_haptic_teleoperation)
[1.092s] Level 1:colcon.colcon_core.environment:create_environment_scripts_only(ur_to_touch_haptic_teleoperation)
[1.092s] Level 1:colcon.colcon_core.environment:checking '/home/dilhan/ros2_ws/install/ur_to_touch_haptic_teleoperation' for CMake module files
[1.093s] Level 1:colcon.colcon_core.environment:checking '/home/dilhan/ros2_ws/install/ur_to_touch_haptic_teleoperation' for CMake config files
[1.093s] Level 1:colcon.colcon_core.shell:create_environment_hook('ur_to_touch_haptic_teleoperation', 'cmake_prefix_path')
[1.093s] INFO:colcon.colcon_core.shell:Creating environment hook '/home/dilhan/ros2_ws/install/ur_to_touch_haptic_teleoperation/share/ur_to_touch_haptic_teleoperation/hook/cmake_prefix_path.ps1'
[1.094s] INFO:colcon.colcon_core.shell:Creating environment descriptor '/home/dilhan/ros2_ws/install/ur_to_touch_haptic_teleoperation/share/ur_to_touch_haptic_teleoperation/hook/cmake_prefix_path.dsv'
[1.094s] INFO:colcon.colcon_core.shell:Creating environment hook '/home/dilhan/ros2_ws/install/ur_to_touch_haptic_teleoperation/share/ur_to_touch_haptic_teleoperation/hook/cmake_prefix_path.sh'
[1.094s] Level 1:colcon.colcon_core.environment:checking '/home/dilhan/ros2_ws/install/ur_to_touch_haptic_teleoperation/lib'
[1.095s] Level 1:colcon.colcon_core.environment:checking '/home/dilhan/ros2_ws/install/ur_to_touch_haptic_teleoperation/bin'
[1.095s] Level 1:colcon.colcon_core.environment:checking '/home/dilhan/ros2_ws/install/ur_to_touch_haptic_teleoperation/lib/pkgconfig/ur_to_touch_haptic_teleoperation.pc'
[1.095s] Level 1:colcon.colcon_core.environment:checking '/home/dilhan/ros2_ws/install/ur_to_touch_haptic_teleoperation/lib/python3.10/site-packages'
[1.095s] Level 1:colcon.colcon_core.environment:checking '/home/dilhan/ros2_ws/install/ur_to_touch_haptic_teleoperation/bin'
[1.095s] INFO:colcon.colcon_core.shell:Creating package script '/home/dilhan/ros2_ws/install/ur_to_touch_haptic_teleoperation/share/ur_to_touch_haptic_teleoperation/package.ps1'
[1.096s] INFO:colcon.colcon_core.shell:Creating package descriptor '/home/dilhan/ros2_ws/install/ur_to_touch_haptic_teleoperation/share/ur_to_touch_haptic_teleoperation/package.dsv'
[1.096s] INFO:colcon.colcon_core.shell:Creating package script '/home/dilhan/ros2_ws/install/ur_to_touch_haptic_teleoperation/share/ur_to_touch_haptic_teleoperation/package.sh'
[1.096s] INFO:colcon.colcon_core.shell:Creating package script '/home/dilhan/ros2_ws/install/ur_to_touch_haptic_teleoperation/share/ur_to_touch_haptic_teleoperation/package.bash'
[1.097s] INFO:colcon.colcon_core.shell:Creating package script '/home/dilhan/ros2_ws/install/ur_to_touch_haptic_teleoperation/share/ur_to_touch_haptic_teleoperation/package.zsh'
[1.097s] Level 1:colcon.colcon_core.environment:create_file_with_runtime_dependencies(/home/dilhan/ros2_ws/install/ur_to_touch_haptic_teleoperation/share/colcon-core/packages/ur_to_touch_haptic_teleoperation)
[1.097s] DEBUG:colcon.colcon_parallel_executor.executor.parallel:closing loop
[1.098s] DEBUG:colcon.colcon_parallel_executor.executor.parallel:loop closed
[1.098s] DEBUG:colcon.colcon_parallel_executor.executor.parallel:run_until_complete finished with '0'
[1.098s] DEBUG:colcon.colcon_core.event_reactor:joining thread
[1.102s] INFO:colcon.colcon_core.plugin_system:Skipping extension 'colcon_notification.desktop_notification.terminal_notifier': Not used on non-Darwin systems
[1.102s] INFO:colcon.colcon_core.plugin_system:Skipping extension 'colcon_notification.desktop_notification.win32': Not used on non-Windows systems
[1.102s] INFO:colcon.colcon_notification.desktop_notification:Sending desktop notification using 'notify2'
[1.112s] DEBUG:colcon.colcon_core.event_reactor:joined thread
[1.112s] INFO:colcon.colcon_core.shell:Creating prefix script '/home/dilhan/ros2_ws/install/local_setup.ps1'
[1.113s] INFO:colcon.colcon_core.shell:Creating prefix util module '/home/dilhan/ros2_ws/install/_local_setup_util_ps1.py'
[1.115s] INFO:colcon.colcon_core.shell:Creating prefix chain script '/home/dilhan/ros2_ws/install/setup.ps1'
[1.116s] INFO:colcon.colcon_core.shell:Creating prefix script '/home/dilhan/ros2_ws/install/local_setup.sh'
[1.117s] INFO:colcon.colcon_core.shell:Creating prefix util module '/home/dilhan/ros2_ws/install/_local_setup_util_sh.py'
[1.118s] INFO:colcon.colcon_core.shell:Creating prefix chain script '/home/dilhan/ros2_ws/install/setup.sh'
[1.120s] INFO:colcon.colcon_core.shell:Creating prefix script '/home/dilhan/ros2_ws/install/local_setup.bash'
[1.120s] INFO:colcon.colcon_core.shell:Creating prefix chain script '/home/dilhan/ros2_ws/install/setup.bash'
[1.122s] INFO:colcon.colcon_core.shell:Creating prefix script '/home/dilhan/ros2_ws/install/local_setup.zsh'
[1.122s] INFO:colcon.colcon_core.shell:Creating prefix chain script '/home/dilhan/ros2_ws/install/setup.zsh'
