[0.011s] Invoking command in '/home/dilhan/ros2_ws/build/ur_to_touch_haptic_teleoperation': CMAKE_PREFIX_PATH=/home/dilhan/ros2_ws/install/omni_common:/home/dilhan/ros2_ws/install/omni_msgs:/home/dilhan/ur_ws/install/ur:/home/dilhan/ur_ws/install/ur_calibration:/home/dilhan/ur_ws/install/ur_robot_driver:/home/dilhan/ur_ws/install/ur_bringup:/home/dilhan/ur_ws/install/ur_controllers:/home/dilhan/ur_ws/install/ur_msgs:/home/dilhan/ur_ws/install/ur_moveit_config:/home/dilhan/ur_ws/install/ur_description:/home/dilhan/ur_ws/install/ur_dashboard_msgs:/home/dilhan/ur_ws/install/ur_client_library:/home/dilhan/ros2_ws/install/ur_to_touch_haptic_teleoperation:/home/dilhan/ros2_ws/install/omni_description:/opt/ros/humble LD_LIBRARY_PATH=/home/dilhan/ros2_ws/install/omni_msgs/lib:/usr/local/cuda-11.8/lib64:/usr/local/cuda-11.8/lib64:/home/dilhan/ur_ws/install/ur_robot_driver/lib:/home/dilhan/ur_ws/install/ur_controllers/lib:/home/dilhan/ur_ws/install/ur_msgs/lib:/home/dilhan/ur_ws/install/ur_dashboard_msgs/lib:/home/dilhan/ur_ws/install/ur_client_library/lib:/usr/local/cuda-11.8/lib64:/usr/local/cuda-11.8/lib64:/opt/ros/humble/opt/rviz_ogre_vendor/lib:/opt/ros/humble/lib/x86_64-linux-gnu:/opt/ros/humble/lib /usr/bin/cmake --build /home/dilhan/ros2_ws/build/ur_to_touch_haptic_teleoperation -- -j12 -l12
[0.066s] [ 50%] [32mBuilding CXX object CMakeFiles/ur_to_touch_haptic_teleoperation_teleop_node.dir/src/teleoperate.cpp.o[0m
[0.067s] [ 50%] [32mBuilding CXX object CMakeFiles/ur_to_touch_haptic_teleoperation_haptic_node.dir/src/haptic_feedback.cpp.o[0m
[8.404s] [ 75%] [32m[1mLinking CXX executable ur_to_touch_haptic_teleoperation_teleop_node[0m
[8.448s] [100%] [32m[1mLinking CXX executable ur_to_touch_haptic_teleoperation_haptic_node[0m
[9.114s] [100%] Built target ur_to_touch_haptic_teleoperation_teleop_node
[9.173s] [100%] Built target ur_to_touch_haptic_teleoperation_haptic_node
[9.183s] Invoked command in '/home/dilhan/ros2_ws/build/ur_to_touch_haptic_teleoperation' returned '0': CMAKE_PREFIX_PATH=/home/dilhan/ros2_ws/install/omni_common:/home/dilhan/ros2_ws/install/omni_msgs:/home/dilhan/ur_ws/install/ur:/home/dilhan/ur_ws/install/ur_calibration:/home/dilhan/ur_ws/install/ur_robot_driver:/home/dilhan/ur_ws/install/ur_bringup:/home/dilhan/ur_ws/install/ur_controllers:/home/dilhan/ur_ws/install/ur_msgs:/home/dilhan/ur_ws/install/ur_moveit_config:/home/dilhan/ur_ws/install/ur_description:/home/dilhan/ur_ws/install/ur_dashboard_msgs:/home/dilhan/ur_ws/install/ur_client_library:/home/dilhan/ros2_ws/install/ur_to_touch_haptic_teleoperation:/home/dilhan/ros2_ws/install/omni_description:/opt/ros/humble LD_LIBRARY_PATH=/home/dilhan/ros2_ws/install/omni_msgs/lib:/usr/local/cuda-11.8/lib64:/usr/local/cuda-11.8/lib64:/home/dilhan/ur_ws/install/ur_robot_driver/lib:/home/dilhan/ur_ws/install/ur_controllers/lib:/home/dilhan/ur_ws/install/ur_msgs/lib:/home/dilhan/ur_ws/install/ur_dashboard_msgs/lib:/home/dilhan/ur_ws/install/ur_client_library/lib:/usr/local/cuda-11.8/lib64:/usr/local/cuda-11.8/lib64:/opt/ros/humble/opt/rviz_ogre_vendor/lib:/opt/ros/humble/lib/x86_64-linux-gnu:/opt/ros/humble/lib /usr/bin/cmake --build /home/dilhan/ros2_ws/build/ur_to_touch_haptic_teleoperation -- -j12 -l12
[9.185s] Invoking command in '/home/dilhan/ros2_ws/build/ur_to_touch_haptic_teleoperation': CMAKE_PREFIX_PATH=/home/dilhan/ros2_ws/install/omni_common:/home/dilhan/ros2_ws/install/omni_msgs:/home/dilhan/ur_ws/install/ur:/home/dilhan/ur_ws/install/ur_calibration:/home/dilhan/ur_ws/install/ur_robot_driver:/home/dilhan/ur_ws/install/ur_bringup:/home/dilhan/ur_ws/install/ur_controllers:/home/dilhan/ur_ws/install/ur_msgs:/home/dilhan/ur_ws/install/ur_moveit_config:/home/dilhan/ur_ws/install/ur_description:/home/dilhan/ur_ws/install/ur_dashboard_msgs:/home/dilhan/ur_ws/install/ur_client_library:/home/dilhan/ros2_ws/install/ur_to_touch_haptic_teleoperation:/home/dilhan/ros2_ws/install/omni_description:/opt/ros/humble LD_LIBRARY_PATH=/home/dilhan/ros2_ws/install/omni_msgs/lib:/usr/local/cuda-11.8/lib64:/usr/local/cuda-11.8/lib64:/home/dilhan/ur_ws/install/ur_robot_driver/lib:/home/dilhan/ur_ws/install/ur_controllers/lib:/home/dilhan/ur_ws/install/ur_msgs/lib:/home/dilhan/ur_ws/install/ur_dashboard_msgs/lib:/home/dilhan/ur_ws/install/ur_client_library/lib:/usr/local/cuda-11.8/lib64:/usr/local/cuda-11.8/lib64:/opt/ros/humble/opt/rviz_ogre_vendor/lib:/opt/ros/humble/lib/x86_64-linux-gnu:/opt/ros/humble/lib /usr/bin/cmake --install /home/dilhan/ros2_ws/build/ur_to_touch_haptic_teleoperation
[9.191s] -- Install configuration: ""
[9.192s] -- Installing: /home/dilhan/ros2_ws/install/ur_to_touch_haptic_teleoperation/lib/ur_to_touch_haptic_teleoperation/ur_to_touch_haptic_teleoperation_teleop_node
[9.199s] -- Set runtime path of "/home/dilhan/ros2_ws/install/ur_to_touch_haptic_teleoperation/lib/ur_to_touch_haptic_teleoperation/ur_to_touch_haptic_teleoperation_teleop_node" to ""
[9.199s] -- Installing: /home/dilhan/ros2_ws/install/ur_to_touch_haptic_teleoperation/lib/ur_to_touch_haptic_teleoperation/ur_to_touch_haptic_teleoperation_haptic_node
[9.207s] -- Set runtime path of "/home/dilhan/ros2_ws/install/ur_to_touch_haptic_teleoperation/lib/ur_to_touch_haptic_teleoperation/ur_to_touch_haptic_teleoperation_haptic_node" to ""
[9.207s] -- Up-to-date: /home/dilhan/ros2_ws/install/ur_to_touch_haptic_teleoperation/share/ur_to_touch_haptic_teleoperation/launch
[9.207s] -- Up-to-date: /home/dilhan/ros2_ws/install/ur_to_touch_haptic_teleoperation/share/ur_to_touch_haptic_teleoperation/launch/servo_simple_launch.py
[9.207s] -- Up-to-date: /home/dilhan/ros2_ws/install/ur_to_touch_haptic_teleoperation/share/ur_to_touch_haptic_teleoperation/launch/ur_norobot_test.py
[9.207s] -- Up-to-date: /home/dilhan/ros2_ws/install/ur_to_touch_haptic_teleoperation/share/ur_to_touch_haptic_teleoperation/launch/ur_to_touch_haptic_teleoperation_launch.py
[9.207s] -- Up-to-date: /home/dilhan/ros2_ws/install/ur_to_touch_haptic_teleoperation/share/ur_to_touch_haptic_teleoperation/launch/script_joint.launch.py
[9.208s] -- Up-to-date: /home/dilhan/ros2_ws/install/ur_to_touch_haptic_teleoperation/share/ur_to_touch_haptic_teleoperation/config
[9.208s] -- Up-to-date: /home/dilhan/ros2_ws/install/ur_to_touch_haptic_teleoperation/share/ur_to_touch_haptic_teleoperation/config/teleop_config.yaml
[9.208s] -- Up-to-date: /home/dilhan/ros2_ws/install/ur_to_touch_haptic_teleoperation/share/ur_to_touch_haptic_teleoperation/config/my_robot_calibration.yaml
[9.208s] -- Up-to-date: /home/dilhan/ros2_ws/install/ur_to_touch_haptic_teleoperation/share/ur_to_touch_haptic_teleoperation/config/servo_config.yaml
[9.208s] -- Up-to-date: /home/dilhan/ros2_ws/install/ur_to_touch_haptic_teleoperation/share/ament_index/resource_index/package_run_dependencies/ur_to_touch_haptic_teleoperation
[9.208s] -- Up-to-date: /home/dilhan/ros2_ws/install/ur_to_touch_haptic_teleoperation/share/ament_index/resource_index/parent_prefix_path/ur_to_touch_haptic_teleoperation
[9.208s] -- Up-to-date: /home/dilhan/ros2_ws/install/ur_to_touch_haptic_teleoperation/share/ur_to_touch_haptic_teleoperation/environment/ament_prefix_path.sh
[9.208s] -- Up-to-date: /home/dilhan/ros2_ws/install/ur_to_touch_haptic_teleoperation/share/ur_to_touch_haptic_teleoperation/environment/ament_prefix_path.dsv
[9.208s] -- Up-to-date: /home/dilhan/ros2_ws/install/ur_to_touch_haptic_teleoperation/share/ur_to_touch_haptic_teleoperation/environment/path.sh
[9.208s] -- Up-to-date: /home/dilhan/ros2_ws/install/ur_to_touch_haptic_teleoperation/share/ur_to_touch_haptic_teleoperation/environment/path.dsv
[9.208s] -- Up-to-date: /home/dilhan/ros2_ws/install/ur_to_touch_haptic_teleoperation/share/ur_to_touch_haptic_teleoperation/local_setup.bash
[9.208s] -- Up-to-date: /home/dilhan/ros2_ws/install/ur_to_touch_haptic_teleoperation/share/ur_to_touch_haptic_teleoperation/local_setup.sh
[9.208s] -- Up-to-date: /home/dilhan/ros2_ws/install/ur_to_touch_haptic_teleoperation/share/ur_to_touch_haptic_teleoperation/local_setup.zsh
[9.208s] -- Up-to-date: /home/dilhan/ros2_ws/install/ur_to_touch_haptic_teleoperation/share/ur_to_touch_haptic_teleoperation/local_setup.dsv
[9.208s] -- Installing: /home/dilhan/ros2_ws/install/ur_to_touch_haptic_teleoperation/share/ur_to_touch_haptic_teleoperation/package.dsv
[9.208s] -- Up-to-date: /home/dilhan/ros2_ws/install/ur_to_touch_haptic_teleoperation/share/ament_index/resource_index/packages/ur_to_touch_haptic_teleoperation
[9.208s] -- Up-to-date: /home/dilhan/ros2_ws/install/ur_to_touch_haptic_teleoperation/share/ur_to_touch_haptic_teleoperation/cmake/ur_to_touch_haptic_teleoperationConfig.cmake
[9.209s] -- Up-to-date: /home/dilhan/ros2_ws/install/ur_to_touch_haptic_teleoperation/share/ur_to_touch_haptic_teleoperation/cmake/ur_to_touch_haptic_teleoperationConfig-version.cmake
[9.209s] -- Up-to-date: /home/dilhan/ros2_ws/install/ur_to_touch_haptic_teleoperation/share/ur_to_touch_haptic_teleoperation/package.xml
[9.210s] Invoked command in '/home/dilhan/ros2_ws/build/ur_to_touch_haptic_teleoperation' returned '0': CMAKE_PREFIX_PATH=/home/dilhan/ros2_ws/install/omni_common:/home/dilhan/ros2_ws/install/omni_msgs:/home/dilhan/ur_ws/install/ur:/home/dilhan/ur_ws/install/ur_calibration:/home/dilhan/ur_ws/install/ur_robot_driver:/home/dilhan/ur_ws/install/ur_bringup:/home/dilhan/ur_ws/install/ur_controllers:/home/dilhan/ur_ws/install/ur_msgs:/home/dilhan/ur_ws/install/ur_moveit_config:/home/dilhan/ur_ws/install/ur_description:/home/dilhan/ur_ws/install/ur_dashboard_msgs:/home/dilhan/ur_ws/install/ur_client_library:/home/dilhan/ros2_ws/install/ur_to_touch_haptic_teleoperation:/home/dilhan/ros2_ws/install/omni_description:/opt/ros/humble LD_LIBRARY_PATH=/home/dilhan/ros2_ws/install/omni_msgs/lib:/usr/local/cuda-11.8/lib64:/usr/local/cuda-11.8/lib64:/home/dilhan/ur_ws/install/ur_robot_driver/lib:/home/dilhan/ur_ws/install/ur_controllers/lib:/home/dilhan/ur_ws/install/ur_msgs/lib:/home/dilhan/ur_ws/install/ur_dashboard_msgs/lib:/home/dilhan/ur_ws/install/ur_client_library/lib:/usr/local/cuda-11.8/lib64:/usr/local/cuda-11.8/lib64:/opt/ros/humble/opt/rviz_ogre_vendor/lib:/opt/ros/humble/lib/x86_64-linux-gnu:/opt/ros/humble/lib /usr/bin/cmake --install /home/dilhan/ros2_ws/build/ur_to_touch_haptic_teleoperation
